 *******************************************************************************
 ** Cite this program as: MOPAC2016, Version: 22.097 , James J. P. Stewart,   **
 **                           web-site: HTTP://OpenMOPAC.net.                 **
 *******************************************************************************
 **                                                                           **
 **                                MOPAC2016                                  **
 **                                                                           **
 *******************************************************************************

                              RM1 CALCULATION RESULTS

 *******************************************************************************
 *  CALCULATION DONE:                                Tue Dec 10 11:35:15 2024  *
 *  RM1        - The RM1 Hamiltonian to be used
 *  MMOK       - APPLY MM CORRECTION TO CONH BARRIER
 *  PDBOUT     - PRINT GEOMETRY IN PDB FORMAT
 *  START_RES  - STARTING RESIDUE NUMBERS DEFINED
 *  Keyword:     START_RES=(1) 
 *  PRECISE    - TIGHTER CRITERIA TO BE USED
 *  EF         - USE EF ROUTINE FOR MINIMUM SEARCH
 *  T=         - A TIME OF 172800.0 SECONDS REQUESTED
 *  DUMP=N     - RESTART FILE WRITTEN EVERY 7200.0 SECONDS REQUESTED
 *  CYCLES=    - DO A MAXIMUM OF 20000 STEPS
 *  GNORM      - EXIT WHEN GRADIENT NORM DROPS BELOW 0.001
 *  NOINTER    - THIS KEYWORD HAS BEEN REPLACED BY PRTINT
 *******************************************************************************
 START_RES=(1) RM1 EF PRECISE GNORM=0.001 CYCLES=20000 NOINTER MMOK PDBOUT

 REMARK   4
   ATOM                 CHEMICAL                   X               Y               Z
  NUMBER                 SYMBOL               (ANGSTROMS)     (ANGSTROMS)     (ANGSTROMS)
 
     1       O(ATOM      1  O   UNK A   1)   -2.92300000  *  -1.89100000  *   1.30300000  *
     2       C(ATOM      2  C   UNK A   1)   -3.01300000  *   0.51500000  *   1.60500000  *
     3       C(ATOM      3  C   UNK A   1)   -2.72700000  *   1.88600000  *   0.98100000  *
     4       C(ATOM      4  C   UNK A   1)   -2.62700000  *  -0.63200000  *   0.67300000  *
     5       C(ATOM      5  C   UNK A   1)   -3.11200000  *   3.03200000  *   1.91300000  *
     6       H(ATOM      6  H   UNK A   1)   -2.43800000  *   0.41300000  *   2.55500000  *
     7       H(ATOM      7  H   UNK A   1)   -4.10000000  *   0.43300000  *   1.84000000  *
     8       H(ATOM      8  H   UNK A   1)   -3.30300000  *   1.99100000  *   0.03200000  *
     9       H(ATOM      9  H   UNK A   1)   -1.64100000  *   1.97000000  *   0.74400000  *
    10       H(ATOM     10  H   UNK A   1)   -3.20300000  *  -0.56300000  *  -0.27800000  *
    11       H(ATOM     11  H   UNK A   1)   -1.53800000  *  -0.59000000  *   0.43800000  *
    12       H(ATOM     12  H   UNK A   1)   -4.20000000  *   2.99200000  *   2.14800000  *
    13       H(ATOM     13  H   UNK A   1)   -2.53100000  *   2.97200000  *   2.86200000  *
    14       H(ATOM     14  H   UNK A   1)   -2.88900000  *   4.00500000  *   1.42000000  *
    15       H(ATOM     15  H   UNK A   1)   -2.36300000  *  -1.89600000  *   2.17300000  *
 

  H: (RM1): G.B. ROCHA, R.O. FREIRE, A.M.SIMAS, J.J.P. STEWART, J. COMP. CHEM. 27, 1101 (2006)
  C: (RM1): G.B. ROCHA, R.O. FREIRE, A.M.SIMAS, J.J.P. STEWART, J. COMP. CHEM. 27, 1101 (2006)
  O: (RM1): G.B. ROCHA, R.O. FREIRE, A.M.SIMAS, J.J.P. STEWART, J. COMP. CHEM. 27, 1101 (2006)

           Empirical Formula: C4 H10 O  =    15 atoms



      MOLECULAR POINT GROUP   :   C1  


      RHF CALCULATION, NO. OF DOUBLY OCCUPIED LEVELS = 16


          Geometry optimization using EF

  GNORM HAS BEEN SET TOO LOW, RESET TO 0.01

  SPECIFY LET AS KEYWORD TO ALLOW GNORM LESS THAN 0.01

          DIAGONAL MATRIX USED AS START HESSIAN

 CYCLE:     1 TIME:   0.008 TIME LEFT:  2.00D  GRAD.:    92.281 HEAT: -62.57130
 CYCLE:     2 TIME:   0.004 TIME LEFT:  2.00D  GRAD.:    71.923 HEAT: -65.15080
 CYCLE:     3 TIME:   0.004 TIME LEFT:  2.00D  GRAD.:    51.470 HEAT: -66.13724
 CYCLE:     4 TIME:   0.004 TIME LEFT:  2.00D  GRAD.:    54.883 HEAT: -66.25420
 CYCLE:     5 TIME:   0.004 TIME LEFT:  2.00D  GRAD.:    48.520 HEAT: -66.67101
 CYCLE:     6 TIME:   0.004 TIME LEFT:  2.00D  GRAD.:    17.224 HEAT: -67.37728
 CYCLE:     7 TIME:   0.004 TIME LEFT:  2.00D  GRAD.:    17.411 HEAT: -67.44515
 CYCLE:     8 TIME:   0.004 TIME LEFT:  2.00D  GRAD.:    15.880 HEAT: -67.52020
 CYCLE:     9 TIME:   0.004 TIME LEFT:  2.00D  GRAD.:    12.595 HEAT: -67.58295
 CYCLE:    10 TIME:   0.004 TIME LEFT:  2.00D  GRAD.:    12.743 HEAT: -67.59964
 CYCLE:    11 TIME:   0.000 TIME LEFT:  2.00D  GRAD.:    12.780 HEAT: -67.60786
 CYCLE:    12 TIME:   0.004 TIME LEFT:  2.00D  GRAD.:     9.287 HEAT: -67.63696
 CYCLE:    13 TIME:   0.000 TIME LEFT:  2.00D  GRAD.:     7.250 HEAT: -67.65140
 CYCLE:    14 TIME:   0.004 TIME LEFT:  2.00D  GRAD.:     6.590 HEAT: -67.66043
 CYCLE:    15 TIME:   0.004 TIME LEFT:  2.00D  GRAD.:     3.857 HEAT: -67.67162
 CYCLE:    16 TIME:   0.004 TIME LEFT:  2.00D  GRAD.:     2.996 HEAT: -67.67691
 CYCLE:    17 TIME:   0.004 TIME LEFT:  2.00D  GRAD.:     1.588 HEAT: -67.68167
 CYCLE:    18 TIME:   0.000 TIME LEFT:  2.00D  GRAD.:     2.389 HEAT: -67.68530
 CYCLE:    19 TIME:   0.004 TIME LEFT:  2.00D  GRAD.:     1.371 HEAT: -67.68915
 CYCLE:    20 TIME:   0.004 TIME LEFT:  2.00D  GRAD.:     1.056 HEAT: -67.69089
 CYCLE:    21 TIME:   0.000 TIME LEFT:  2.00D  GRAD.:     1.217 HEAT: -67.69234
 CYCLE:    22 TIME:   0.004 TIME LEFT:  2.00D  GRAD.:     1.062 HEAT: -67.69452
 CYCLE:    23 TIME:   0.004 TIME LEFT:  2.00D  GRAD.:     0.902 HEAT: -67.69671
 CYCLE:    24 TIME:   0.004 TIME LEFT:  2.00D  GRAD.:     0.578 HEAT: -67.69764
 CYCLE:    25 TIME:   0.004 TIME LEFT:  2.00D  GRAD.:     0.408 HEAT: -67.69815
 CYCLE:    26 TIME:   0.000 TIME LEFT:  2.00D  GRAD.:     0.516 HEAT: -67.69909
 CYCLE:    27 TIME:   0.004 TIME LEFT:  2.00D  GRAD.:     0.438 HEAT: -67.69948
 CYCLE:    28 TIME:   0.004 TIME LEFT:  2.00D  GRAD.:     0.393 HEAT: -67.70021
 CYCLE:    29 TIME:   0.004 TIME LEFT:  2.00D  GRAD.:     0.432 HEAT: -67.70068
 CYCLE:    30 TIME:   0.004 TIME LEFT:  2.00D  GRAD.:     0.476 HEAT: -67.70149
 CYCLE:    31 TIME:   0.000 TIME LEFT:  2.00D  GRAD.:     0.500 HEAT: -67.70218
 CYCLE:    32 TIME:   0.004 TIME LEFT:  2.00D  GRAD.:     0.506 HEAT: -67.70286
 CYCLE:    33 TIME:   0.004 TIME LEFT:  2.00D  GRAD.:     0.539 HEAT: -67.70371
 CYCLE:    34 TIME:   0.004 TIME LEFT:  2.00D  GRAD.:     0.555 HEAT: -67.70467
 CYCLE:    35 TIME:   0.004 TIME LEFT:  2.00D  GRAD.:     0.502 HEAT: -67.70552
 CYCLE:    36 TIME:   0.000 TIME LEFT:  2.00D  GRAD.:     0.412 HEAT: -67.70602
 CYCLE:    37 TIME:   0.004 TIME LEFT:  2.00D  GRAD.:     0.403 HEAT: -67.70637
 CYCLE:    38 TIME:   0.004 TIME LEFT:  2.00D  GRAD.:     0.473 HEAT: -67.70679
 CYCLE:    39 TIME:   0.004 TIME LEFT:  2.00D  GRAD.:     0.583 HEAT: -67.70745
 CYCLE:    40 TIME:   0.000 TIME LEFT:  2.00D  GRAD.:     0.756 HEAT: -67.70865
 CYCLE:    41 TIME:   0.004 TIME LEFT:  2.00D  GRAD.:     0.620 HEAT: -67.70946
 CYCLE:    42 TIME:   0.004 TIME LEFT:  2.00D  GRAD.:     0.448 HEAT: -67.71052
 CYCLE:    43 TIME:   0.000 TIME LEFT:  2.00D  GRAD.:     0.282 HEAT: -67.71079
 CYCLE:    44 TIME:   0.004 TIME LEFT:  2.00D  GRAD.:     0.146 HEAT: -67.71099
 CYCLE:    45 TIME:   0.004 TIME LEFT:  2.00D  GRAD.:     0.119 HEAT: -67.71105
 CYCLE:    46 TIME:   0.000 TIME LEFT:  2.00D  GRAD.:     0.093 HEAT: -67.71106
 CYCLE:    47 TIME:   0.004 TIME LEFT:  2.00D  GRAD.:     0.068 HEAT: -67.71110
 CYCLE:    48 TIME:   0.000 TIME LEFT:  2.00D  GRAD.:     0.110 HEAT: -67.71093
 CYCLE:    49 TIME:   0.004 TIME LEFT:  2.00D  GRAD.:     0.062 HEAT: -67.71112
 CYCLE:    50 TIME:   0.004 TIME LEFT:  2.00D  GRAD.:     0.071 HEAT: -67.71108
 CYCLE:    51 TIME:   0.004 TIME LEFT:  2.00D  GRAD.:     0.056 HEAT: -67.71112
 CYCLE:    52 TIME:   0.000 TIME LEFT:  2.00D  GRAD.:     0.329 HEAT: -67.70704
 CYCLE:    53 TIME:   0.004 TIME LEFT:  2.00D  GRAD.:     0.056 HEAT: -67.71114
 CYCLE:    54 TIME:   0.004 TIME LEFT:  2.00D  GRAD.:     0.051 HEAT: -67.71114
 CYCLE:    55 TIME:   0.004 TIME LEFT:  2.00D  GRAD.:     0.224 HEAT: -67.71104
 CYCLE:    56 TIME:   0.004 TIME LEFT:  2.00D  GRAD.:     0.079 HEAT: -67.71116
 CYCLE:    57 TIME:   0.000 TIME LEFT:  2.00D  GRAD.:     0.048 HEAT: -67.71113
 CYCLE:    58 TIME:   0.004 TIME LEFT:  2.00D  GRAD.:     0.059 HEAT: -67.71117
 CYCLE:    59 TIME:   0.004 TIME LEFT:  2.00D  GRAD.:     0.060 HEAT: -67.71119
 CYCLE:    60 TIME:   0.004 TIME LEFT:  2.00D  GRAD.:     0.117 HEAT: -67.71122
 CYCLE:    61 TIME:   0.004 TIME LEFT:  2.00D  GRAD.:     0.112 HEAT: -67.71125
 CYCLE:    62 TIME:   0.004 TIME LEFT:  2.00D  GRAD.:     0.181 HEAT: -67.71149
 CYCLE:    63 TIME:   0.004 TIME LEFT:  2.00D  GRAD.:     0.243 HEAT: -67.71156
 CYCLE:    64 TIME:   0.004 TIME LEFT:  2.00D  GRAD.:     0.211 HEAT: -67.71167
 CYCLE:    65 TIME:   0.008 TIME LEFT:  2.00D  GRAD.:     0.463 HEAT: -67.70982
 CYCLE:    66 TIME:   0.004 TIME LEFT:  2.00D  GRAD.:     0.095 HEAT: -67.71178
 CYCLE:    67 TIME:   0.004 TIME LEFT:  2.00D  GRAD.:     0.076 HEAT: -67.71179
 CYCLE:    68 TIME:   0.008 TIME LEFT:  2.00D  GRAD.:     0.153 HEAT: -67.71168
 CYCLE:    69 TIME:   0.004 TIME LEFT:  2.00D  GRAD.:     0.034 HEAT: -67.71183
 CYCLE:    70 TIME:   0.008 TIME LEFT:  2.00D  GRAD.:     0.026 HEAT: -67.71182
 CYCLE:    71 TIME:   0.004 TIME LEFT:  2.00D  GRAD.:     0.025 HEAT: -67.71182
 CYCLE:    72 TIME:   0.008 TIME LEFT:  2.00D  GRAD.:     0.022 HEAT: -67.71183
 CYCLE:    73 TIME:   0.004 TIME LEFT:  2.00D  GRAD.:     0.032 HEAT: -67.71181
 CYCLE:    74 TIME:   0.008 TIME LEFT:  2.00D  GRAD.:     0.023 HEAT: -67.71183
 CYCLE:    75 TIME:   0.004 TIME LEFT:  2.00D  GRAD.:     0.020 HEAT: -67.71183
 CYCLE:    76 TIME:   0.008 TIME LEFT:  2.00D  GRAD.:     0.019 HEAT: -67.71183
 CYCLE:    77 TIME:   0.004 TIME LEFT:  2.00D  GRAD.:     0.017 HEAT: -67.71183
 CYCLE:    78 TIME:   0.008 TIME LEFT:  2.00D  GRAD.:     0.125 HEAT: -67.71178
 CYCLE:    79 TIME:   0.008 TIME LEFT:  2.00D  GRAD.:     0.041 HEAT: -67.71184
 CYCLE:    80 TIME:   0.004 TIME LEFT:  2.00D  GRAD.:     0.039 HEAT: -67.71184
 CYCLE:    81 TIME:   0.004 TIME LEFT:  2.00D  GRAD.:     0.039 HEAT: -67.71185
 CYCLE:    82 TIME:   0.008 TIME LEFT:  2.00D  GRAD.:     0.051 HEAT: -67.71186
 CYCLE:    83 TIME:   0.004 TIME LEFT:  2.00D  GRAD.:     0.018 HEAT: -67.71186
 CYCLE:    84 TIME:   0.004 TIME LEFT:  2.00D  GRAD.:     0.070 HEAT: -67.71186
 CYCLE:    85 TIME:   0.008 TIME LEFT:  2.00D  GRAD.:     0.011 HEAT: -67.71187
 CYCLE:    86 TIME:   0.008 TIME LEFT:  2.00D  GRAD.:     0.014 HEAT: -67.71187
 CYCLE:    87 TIME:   0.004 TIME LEFT:  2.00D  GRAD.:     0.008 HEAT: -67.71187

     GRADIENT =  0.00845 IS LESS THAN CUTOFF =  0.01000



 -------------------------------------------------------------------------------
 START_RES=(1) RM1 EF PRECISE GNORM=0.001 CYCLES=20000 NOINTER MMOK PDBOUT

 REMARK   4


     GEOMETRY OPTIMISED USING EIGENVECTOR FOLLOWING (EF).     
     SCF FIELD WAS ACHIEVED                                   


                              RM1 CALCULATION
                                                       MOPAC2016 (Version: 22.097 )
                                                       Tue Dec 10 11:35:16 2024




          FINAL HEAT OF FORMATION =        -67.71187 KCAL/MOL =    -283.30645 KJ/MOL


          COSMO AREA              =        126.54 SQUARE ANGSTROMS
          COSMO VOLUME            =        112.39 CUBIC ANGSTROMS

          GRADIENT NORM           =          0.00845          =       0.00218 PER ATOM
          IONIZATION POTENTIAL    =         10.850347 EV
          HOMO LUMO ENERGIES (EV) =        -10.850  3.709
          NO. OF FILLED LEVELS    =         16
          MOLECULAR WEIGHT        =         74.1224         POINT GROUP:  C1  

          MOLECULAR DIMENSIONS (Angstroms)

            Atom       Atom       Distance
            H    15    H    14     6.02509
            H    10    H    13     3.55915
            H    12    H    11     2.82670


          SCF CALCULATIONS        =         93
 
          WALL-CLOCK TIME         =          0.359 SECONDS
          COMPUTATION TIME        =          0.734 SECONDS




   ATOM                 CHEMICAL                   X               Y               Z
  NUMBER                 SYMBOL               (ANGSTROMS)     (ANGSTROMS)     (ANGSTROMS)
 
     1       O(ATOM      1  O   UNK A   1)   -2.94676013  *  -1.86003491  *   1.25554901  *
     2       C(ATOM      2  C   UNK A   1)   -2.99415044  *   0.52694383  *   1.64740034  *
     3       C(ATOM      3  C   UNK A   1)   -2.73063376  *   1.86881682  *   0.97365234  *
     4       C(ATOM      4  C   UNK A   1)   -2.59795434  *  -0.62363363  *   0.71328360  *
     5       C(ATOM      5  C   UNK A   1)   -3.11712334  *   3.01657442  *   1.89200621  *
     6       H(ATOM      6  H   UNK A   1)   -2.43909112  *   0.45749704  *   2.60662141  *
     7       H(ATOM      7  H   UNK A   1)   -4.06269618  *   0.43457137  *   1.93431878  *
     8       H(ATOM      8  H   UNK A   1)   -3.29025075  *   1.93932845  *   0.01674389  *
     9       H(ATOM      9  H   UNK A   1)   -1.66240923  *   1.95512866  *   0.68154340  *
    10       H(ATOM     10  H   UNK A   1)   -3.15568022  *  -0.58652880  *  -0.24783268  *
    11       H(ATOM     11  H   UNK A   1)   -1.51579953  *  -0.57175117  *   0.44880451  *
    12       H(ATOM     12  H   UNK A   1)   -4.18163561  *   2.99046272  *   2.16629224  *
    13       H(ATOM     13  H   UNK A   1)   -2.54711189  *   3.00892446  *   2.83225663  *
    14       H(ATOM     14  H   UNK A   1)   -2.93671621  *   3.99437236  *   1.42229201  *
    15       H(ATOM     15  H   UNK A   1)   -2.45505164  *  -1.97592114  *   2.07442028  *

                             CARTESIAN COORDINATES

   1    O       -2.946760128    -1.860034910     1.255549007
   2    C       -2.994150440     0.526943826     1.647400342
   3    C       -2.730633765     1.868816818     0.973652341
   4    C       -2.597954337    -0.623633627     0.713283603
   5    C       -3.117123337     3.016574416     1.892006207
   6    H       -2.439091121     0.457497038     2.606621410
   7    H       -4.062696182     0.434571371     1.934318779
   8    H       -3.290250747     1.939328452     0.016743892
   9    H       -1.662409234     1.955128661     0.681543398
  10    H       -3.155680216    -0.586528798    -0.247832677
  11    H       -1.515799528    -0.571751172     0.448804514
  12    H       -4.181635615     2.990462723     2.166292241
  13    H       -2.547111890     3.008924458     2.832256627
  14    H       -2.936716214     3.994372365     1.422292005
  15    H       -2.455051645    -1.975921139     2.074420283


           Empirical Formula: C4 H10 O  =    15 atoms



      MOLECULAR POINT GROUP   :   C1  


                  EIGENVALUES  
 -37.10010 -33.75621 -28.26664 -23.32046 -21.42606 -17.75671 -15.91743 -15.37709
 -14.86501 -13.61822 -13.37399 -12.79854 -12.07409 -11.68572 -11.27833 -10.85035
   3.70877   3.77804   3.99945   4.21782   4.28024   4.58862   4.69654   4.80207
   5.00425   5.06430   5.10789   5.34795   5.52837   6.22852


              NET ATOMIC CHARGES AND DIPOLE CONTRIBUTIONS

  ATOM NO.                 TYPE                        CHARGE      No. of ELECS.   s-Pop       p-Pop       
    1          O(ATOM      1  O   UNK A   1)          -0.329397        6.3294     1.85260     4.47680
    2          C(ATOM      2  C   UNK A   1)          -0.174135        4.1741     1.17996     2.99417
    3          C(ATOM      3  C   UNK A   1)          -0.104508        4.1045     1.16466     2.93985
    4          C(ATOM      4  C   UNK A   1)           0.027411        3.9726     1.17288     2.79971
    5          C(ATOM      5  C   UNK A   1)          -0.177990        4.1780     1.15568     3.02231
    6          H(ATOM      6  H   UNK A   1)           0.064462        0.9355     0.93554
    7          H(ATOM      7  H   UNK A   1)           0.080907        0.9191     0.91909
    8          H(ATOM      8  H   UNK A   1)           0.062281        0.9377     0.93772
    9          H(ATOM      9  H   UNK A   1)           0.059393        0.9406     0.94061
   10          H(ATOM     10  H   UNK A   1)           0.083008        0.9170     0.91699
   11          H(ATOM     11  H   UNK A   1)           0.042917        0.9571     0.95708
   12          H(ATOM     12  H   UNK A   1)           0.060131        0.9399     0.93987
   13          H(ATOM     13  H   UNK A   1)           0.058181        0.9418     0.94182
   14          H(ATOM     14  H   UNK A   1)           0.057804        0.9422     0.94220
   15          H(ATOM     15  H   UNK A   1)           0.189536        0.8105     0.81046

          NET CHARGE ON RESIDUES

      Residue         Charge  Anion or
                              Cation?
      UNK A   1       +0.000
 


 DIPOLE           X         Y         Z       TOTAL
 POINT-CHG.     0.527     1.014     0.076     1.146
 HYBRID         0.414     0.256     0.499     0.697
 SUM            0.941     1.270     0.575     1.682


          ATOMIC ORBITAL ELECTRON POPULATIONS

                   Atom                  s        px        py        pz   
   O(ATOM      1  O   UNK A   1)   1.85260   1.69617   1.36567   1.41496
   C(ATOM      2  C   UNK A   1)   1.17996   1.04124   0.95972   0.99321
   C(ATOM      3  C   UNK A   1)   1.16466   1.01845   0.93696   0.98444
   C(ATOM      4  C   UNK A   1)   1.17288   0.99239   0.83853   0.96879
   C(ATOM      5  C   UNK A   1)   1.15568   1.02706   0.98891   1.00634
   H(ATOM      6  H   UNK A   1)   0.93554
   H(ATOM      7  H   UNK A   1)   0.91909
   H(ATOM      8  H   UNK A   1)   0.93772
   H(ATOM      9  H   UNK A   1)   0.94061
   H(ATOM     10  H   UNK A   1)   0.91699
   H(ATOM     11  H   UNK A   1)   0.95708
   H(ATOM     12  H   UNK A   1)   0.93987
   H(ATOM     13  H   UNK A   1)   0.94182
   H(ATOM     14  H   UNK A   1)   0.94220
   H(ATOM     15  H   UNK A   1)   0.81046

 **********************
 *                    *
 * JOB ENDED NORMALLY *
 *                    *
 **********************



 TOTAL JOB TIME:             0.36 SECONDS

 == MOPAC DONE ==
