 *******************************************************************************
 ** Cite this program as: MOPAC2016, Version: 22.097 , James J. P. Stewart,   **
 **                           web-site: HTTP://OpenMOPAC.net.                 **
 *******************************************************************************
 **                                                                           **
 **                                MOPAC2016                                  **
 **                                                                           **
 *******************************************************************************

                              AM1 CALCULATION RESULTS

 *******************************************************************************
 *  CALCULATION DONE:                                Tue Dec 10 11:35:13 2024  *
 *  AM1        - The AM1 Hamiltonian to be used
 *  MMOK       - APPLY MM CORRECTION TO CONH BARRIER
 *  PDBOUT     - PRINT GEOMETRY IN PDB FORMAT
 *  START_RES  - STARTING RESIDUE NUMBERS DEFINED
 *  Keyword:     START_RES=(1) 
 *  PRECISE    - TIGHTER CRITERIA TO BE USED
 *  EF         - USE EF ROUTINE FOR MINIMUM SEARCH
 *  T=         - A TIME OF 172800.0 SECONDS REQUESTED
 *  DUMP=N     - RESTART FILE WRITTEN EVERY 7200.0 SECONDS REQUESTED
 *  CYCLES=    - DO A MAXIMUM OF 20000 STEPS
 *  GNORM      - EXIT WHEN GRADIENT NORM DROPS BELOW 0.001
 *  NOINTER    - THIS KEYWORD HAS BEEN REPLACED BY PRTINT
 *******************************************************************************
 START_RES=(1) AM1 EF PRECISE GNORM=0.001 CYCLES=20000 NOINTER MMOK PDBOUT

 REMARK   4
   ATOM                 CHEMICAL                   X               Y               Z
  NUMBER                 SYMBOL               (ANGSTROMS)     (ANGSTROMS)     (ANGSTROMS)
 
     1       O(ATOM      1  O   UNK A   1)   -2.92300000  *  -1.89100000  *   1.30300000  *
     2       C(ATOM      2  C   UNK A   1)   -3.01300000  *   0.51500000  *   1.60500000  *
     3       C(ATOM      3  C   UNK A   1)   -2.72700000  *   1.88600000  *   0.98100000  *
     4       C(ATOM      4  C   UNK A   1)   -2.62700000  *  -0.63200000  *   0.67300000  *
     5       C(ATOM      5  C   UNK A   1)   -3.11200000  *   3.03200000  *   1.91300000  *
     6       H(ATOM      6  H   UNK A   1)   -2.43800000  *   0.41300000  *   2.55500000  *
     7       H(ATOM      7  H   UNK A   1)   -4.10000000  *   0.43300000  *   1.84000000  *
     8       H(ATOM      8  H   UNK A   1)   -3.30300000  *   1.99100000  *   0.03200000  *
     9       H(ATOM      9  H   UNK A   1)   -1.64100000  *   1.97000000  *   0.74400000  *
    10       H(ATOM     10  H   UNK A   1)   -3.20300000  *  -0.56300000  *  -0.27800000  *
    11       H(ATOM     11  H   UNK A   1)   -1.53800000  *  -0.59000000  *   0.43800000  *
    12       H(ATOM     12  H   UNK A   1)   -4.20000000  *   2.99200000  *   2.14800000  *
    13       H(ATOM     13  H   UNK A   1)   -2.53100000  *   2.97200000  *   2.86200000  *
    14       H(ATOM     14  H   UNK A   1)   -2.88900000  *   4.00500000  *   1.42000000  *
    15       H(ATOM     15  H   UNK A   1)   -2.36300000  *  -1.89600000  *   2.17300000  *
 

  H: (AM1): M.J.S. DEWAR ET AL, J. AM. CHEM. SOC. 107 3902-3909 (1985)
  C: (AM1): M.J.S. DEWAR ET AL, J. AM. CHEM. SOC. 107 3902-3909 (1985)
  O: (AM1): M.J.S. DEWAR ET AL, J. AM. CHEM. SOC. 107 3902-3909 (1985)

           Empirical Formula: C4 H10 O  =    15 atoms



      MOLECULAR POINT GROUP   :   C1  


      RHF CALCULATION, NO. OF DOUBLY OCCUPIED LEVELS = 16


          Geometry optimization using EF

  GNORM HAS BEEN SET TOO LOW, RESET TO 0.01

  SPECIFY LET AS KEYWORD TO ALLOW GNORM LESS THAN 0.01

          DIAGONAL MATRIX USED AS START HESSIAN

 CYCLE:     1 TIME:   0.008 TIME LEFT:  2.00D  GRAD.:    90.399 HEAT: -74.30592
 CYCLE:     2 TIME:   0.004 TIME LEFT:  2.00D  GRAD.:    75.753 HEAT: -75.82318
 CYCLE:     3 TIME:   0.004 TIME LEFT:  2.00D  GRAD.:    36.266 HEAT: -77.18711
 CYCLE:     4 TIME:   0.008 TIME LEFT:  2.00D  GRAD.:    26.084 HEAT: -77.46829
 CYCLE:     5 TIME:   0.004 TIME LEFT:  2.00D  GRAD.:    22.554 HEAT: -77.62530
 CYCLE:     6 TIME:   0.004 TIME LEFT:  2.00D  GRAD.:    27.946 HEAT: -77.64656
 CYCLE:     7 TIME:   0.004 TIME LEFT:  2.00D  GRAD.:    30.409 HEAT: -77.66476
 CYCLE:     8 TIME:   0.000 TIME LEFT:  2.00D  GRAD.:    28.722 HEAT: -77.68656
 CYCLE:     9 TIME:   0.008 TIME LEFT:  2.00D  GRAD.:    22.409 HEAT: -77.78197
 CYCLE:    10 TIME:   0.004 TIME LEFT:  2.00D  GRAD.:    12.745 HEAT: -77.88667
 CYCLE:    11 TIME:   0.000 TIME LEFT:  2.00D  GRAD.:     5.747 HEAT: -77.93552
 CYCLE:    12 TIME:   0.008 TIME LEFT:  2.00D  GRAD.:     4.415 HEAT: -77.94719
 CYCLE:    13 TIME:   0.000 TIME LEFT:  2.00D  GRAD.:     3.282 HEAT: -77.95974
 CYCLE:    14 TIME:   0.004 TIME LEFT:  2.00D  GRAD.:     3.190 HEAT: -77.97232
 CYCLE:    15 TIME:   0.004 TIME LEFT:  2.00D  GRAD.:     3.288 HEAT: -77.98549
 CYCLE:    16 TIME:   0.000 TIME LEFT:  2.00D  GRAD.:     4.345 HEAT: -77.98978
 CYCLE:    17 TIME:   0.004 TIME LEFT:  2.00D  GRAD.:     3.522 HEAT: -77.99454
 CYCLE:    18 TIME:   0.004 TIME LEFT:  2.00D  GRAD.:     2.454 HEAT: -77.99712
 CYCLE:    19 TIME:   0.004 TIME LEFT:  2.00D  GRAD.:     1.031 HEAT: -78.00033
 CYCLE:    20 TIME:   0.004 TIME LEFT:  2.00D  GRAD.:     1.016 HEAT: -78.00143
 CYCLE:    21 TIME:   0.004 TIME LEFT:  2.00D  GRAD.:     0.963 HEAT: -78.00339
 CYCLE:    22 TIME:   0.004 TIME LEFT:  2.00D  GRAD.:     0.741 HEAT: -78.00603
 CYCLE:    23 TIME:   0.000 TIME LEFT:  2.00D  GRAD.:     0.638 HEAT: -78.00684
 CYCLE:    24 TIME:   0.004 TIME LEFT:  2.00D  GRAD.:     0.588 HEAT: -78.00794
 CYCLE:    25 TIME:   0.004 TIME LEFT:  2.00D  GRAD.:     0.499 HEAT: -78.00875
 CYCLE:    26 TIME:   0.000 TIME LEFT:  2.00D  GRAD.:     0.378 HEAT: -78.00919
 CYCLE:    27 TIME:   0.004 TIME LEFT:  2.00D  GRAD.:     0.328 HEAT: -78.00955
 CYCLE:    28 TIME:   0.004 TIME LEFT:  2.00D  GRAD.:     0.292 HEAT: -78.00978
 CYCLE:    29 TIME:   0.000 TIME LEFT:  2.00D  GRAD.:     0.268 HEAT: -78.00996
 CYCLE:    30 TIME:   0.004 TIME LEFT:  2.00D  GRAD.:     0.263 HEAT: -78.01012
 CYCLE:    31 TIME:   0.004 TIME LEFT:  2.00D  GRAD.:     0.306 HEAT: -78.01031
 CYCLE:    32 TIME:   0.004 TIME LEFT:  2.00D  GRAD.:     0.351 HEAT: -78.01056
 CYCLE:    33 TIME:   0.004 TIME LEFT:  2.00D  GRAD.:     0.403 HEAT: -78.01094
 CYCLE:    34 TIME:   0.004 TIME LEFT:  2.00D  GRAD.:     0.416 HEAT: -78.01143
 CYCLE:    35 TIME:   0.004 TIME LEFT:  2.00D  GRAD.:     0.325 HEAT: -78.01186
 CYCLE:    36 TIME:   0.000 TIME LEFT:  2.00D  GRAD.:     0.240 HEAT: -78.01210
 CYCLE:    37 TIME:   0.004 TIME LEFT:  2.00D  GRAD.:     0.191 HEAT: -78.01217
 CYCLE:    38 TIME:   0.004 TIME LEFT:  2.00D  GRAD.:     0.225 HEAT: -78.01234
 CYCLE:    39 TIME:   0.004 TIME LEFT:  2.00D  GRAD.:     0.302 HEAT: -78.01251
 CYCLE:    40 TIME:   0.004 TIME LEFT:  2.00D  GRAD.:     0.438 HEAT: -78.01302
 CYCLE:    41 TIME:   0.000 TIME LEFT:  2.00D  GRAD.:     0.516 HEAT: -78.01337
 CYCLE:    42 TIME:   0.004 TIME LEFT:  2.00D  GRAD.:     0.463 HEAT: -78.01373
 CYCLE:    43 TIME:   0.004 TIME LEFT:  2.00D  GRAD.:     0.617 HEAT: -78.01504
 CYCLE:    44 TIME:   0.000 TIME LEFT:  2.00D  GRAD.:     0.526 HEAT: -78.01562
 CYCLE:    45 TIME:   0.004 TIME LEFT:  2.00D  GRAD.:     0.604 HEAT: -78.01576
 CYCLE:    46 TIME:   0.004 TIME LEFT:  2.00D  GRAD.:     0.228 HEAT: -78.01658
 CYCLE:    47 TIME:   0.004 TIME LEFT:  2.00D  GRAD.:     0.136 HEAT: -78.01664
 CYCLE:    48 TIME:   0.004 TIME LEFT:  2.00D  GRAD.:     0.092 HEAT: -78.01670
 CYCLE:    49 TIME:   0.004 TIME LEFT:  2.00D  GRAD.:     0.079 HEAT: -78.01672
 CYCLE:    50 TIME:   0.000 TIME LEFT:  2.00D  GRAD.:     0.075 HEAT: -78.01673
 CYCLE:    51 TIME:   0.004 TIME LEFT:  2.00D  GRAD.:     0.060 HEAT: -78.01673
 CYCLE:    52 TIME:   0.004 TIME LEFT:  2.00D  GRAD.:     0.270 HEAT: -78.01664
 CYCLE:    53 TIME:   0.000 TIME LEFT:  2.00D  GRAD.:     0.063 HEAT: -78.01675
 CYCLE:    54 TIME:   0.004 TIME LEFT:  2.00D  GRAD.:     0.048 HEAT: -78.01676
 CYCLE:    55 TIME:   0.000 TIME LEFT:  2.00D  GRAD.:     0.058 HEAT: -78.01677
 CYCLE:    56 TIME:   0.004 TIME LEFT:  2.00D  GRAD.:     0.103 HEAT: -78.01679
 CYCLE:    57 TIME:   0.004 TIME LEFT:  2.00D  GRAD.:     0.116 HEAT: -78.01682
 CYCLE:    58 TIME:   0.004 TIME LEFT:  2.00D  GRAD.:     0.137 HEAT: -78.01687
 CYCLE:    59 TIME:   0.000 TIME LEFT:  2.00D  GRAD.:     0.125 HEAT: -78.01690
 CYCLE:    60 TIME:   0.004 TIME LEFT:  2.00D  GRAD.:     0.072 HEAT: -78.01699
 CYCLE:    61 TIME:   0.004 TIME LEFT:  2.00D  GRAD.:     0.076 HEAT: -78.01704
 CYCLE:    62 TIME:   0.000 TIME LEFT:  2.00D  GRAD.:     0.109 HEAT: -78.01710
 CYCLE:    63 TIME:   0.008 TIME LEFT:  2.00D  GRAD.:     0.148 HEAT: -78.01711
 CYCLE:    64 TIME:   0.004 TIME LEFT:  2.00D  GRAD.:     0.103 HEAT: -78.01713
 CYCLE:    65 TIME:   0.004 TIME LEFT:  2.00D  GRAD.:     0.150 HEAT: -78.01713
 CYCLE:    66 TIME:   0.008 TIME LEFT:  2.00D  GRAD.:     0.040 HEAT: -78.01716
 CYCLE:    67 TIME:   0.004 TIME LEFT:  2.00D  GRAD.:     0.023 HEAT: -78.01717
 CYCLE:    68 TIME:   0.004 TIME LEFT:  2.00D  GRAD.:     0.024 HEAT: -78.01717
 CYCLE:    69 TIME:   0.008 TIME LEFT:  2.00D  GRAD.:     0.027 HEAT: -78.01717
 CYCLE:    70 TIME:   0.004 TIME LEFT:  2.00D  GRAD.:     0.035 HEAT: -78.01717
 CYCLE:    71 TIME:   0.004 TIME LEFT:  2.00D  GRAD.:     0.054 HEAT: -78.01717
 CYCLE:    72 TIME:   0.008 TIME LEFT:  2.00D  GRAD.:     0.037 HEAT: -78.01718
 CYCLE:    73 TIME:   0.004 TIME LEFT:  2.00D  GRAD.:     0.032 HEAT: -78.01718
 CYCLE:    74 TIME:   0.004 TIME LEFT:  2.00D  GRAD.:     0.024 HEAT: -78.01718
 CYCLE:    75 TIME:   0.008 TIME LEFT:  2.00D  GRAD.:     0.065 HEAT: -78.01719
 CYCLE:    76 TIME:   0.004 TIME LEFT:  2.00D  GRAD.:     0.079 HEAT: -78.01720
 CYCLE:    77 TIME:   0.004 TIME LEFT:  2.00D  GRAD.:     0.040 HEAT: -78.01721
 CYCLE:    78 TIME:   0.008 TIME LEFT:  2.00D  GRAD.:     0.036 HEAT: -78.01723
 CYCLE:    79 TIME:   0.008 TIME LEFT:  2.00D  GRAD.:     0.067 HEAT: -78.01724
 CYCLE:    80 TIME:   0.004 TIME LEFT:  2.00D  GRAD.:     0.091 HEAT: -78.01727
 CYCLE:    81 TIME:   0.004 TIME LEFT:  2.00D  GRAD.:     0.024 HEAT: -78.01727
 CYCLE:    82 TIME:   0.008 TIME LEFT:  2.00D  GRAD.:     0.013 HEAT: -78.01728
 CYCLE:    83 TIME:   0.004 TIME LEFT:  2.00D  GRAD.:     0.043 HEAT: -78.01720
 CYCLE:    84 TIME:   0.004 TIME LEFT:  2.00D  GRAD.:     0.008 HEAT: -78.01728

     GRADIENT =  0.00835 IS LESS THAN CUTOFF =  0.01000



 -------------------------------------------------------------------------------
 START_RES=(1) AM1 EF PRECISE GNORM=0.001 CYCLES=20000 NOINTER MMOK PDBOUT

 REMARK   4


     GEOMETRY OPTIMISED USING EIGENVECTOR FOLLOWING (EF).     
     SCF FIELD WAS ACHIEVED                                   


                              AM1 CALCULATION
                                                       MOPAC2016 (Version: 22.097 )
                                                       Tue Dec 10 11:35:13 2024




          FINAL HEAT OF FORMATION =        -78.01728 KCAL/MOL =    -326.42431 KJ/MOL


          COSMO AREA              =        126.63 SQUARE ANGSTROMS
          COSMO VOLUME            =        112.61 CUBIC ANGSTROMS

          GRADIENT NORM           =          0.00835          =       0.00216 PER ATOM
          IONIZATION POTENTIAL    =         10.955793 EV
          HOMO LUMO ENERGIES (EV) =        -10.956  3.549
          NO. OF FILLED LEVELS    =         16
          MOLECULAR WEIGHT        =         74.1224         POINT GROUP:  C1  

          MOLECULAR DIMENSIONS (Angstroms)

            Atom       Atom       Distance
            H    15    H    14     5.97675
            H    13    H    10     3.60974
            H    11    H    12     2.88812


          SCF CALCULATIONS        =         91
 
          WALL-CLOCK TIME         =          0.340 SECONDS
          COMPUTATION TIME        =          0.578 SECONDS




   ATOM                 CHEMICAL                   X               Y               Z
  NUMBER                 SYMBOL               (ANGSTROMS)     (ANGSTROMS)     (ANGSTROMS)
 
     1       O(ATOM      1  O   UNK A   1)   -2.92658080  *  -1.87086057  *   1.26149949  *
     2       C(ATOM      2  C   UNK A   1)   -2.99767760  *   0.53062568  *   1.63202306  *
     3       C(ATOM      3  C   UNK A   1)   -2.73544483  *   1.87071844  *   0.98208715  *
     4       C(ATOM      4  C   UNK A   1)   -2.60695455  *  -0.60894411  *   0.70732431  *
     5       C(ATOM      5  C   UNK A   1)   -3.11160280  *   3.00974047  *   1.89403830  *
     6       H(ATOM      6  H   UNK A   1)   -2.41800912  *   0.45207440  *   2.58915854  *
     7       H(ATOM      7  H   UNK A   1)   -4.08391296  *   0.43738654  *   1.89487270  *
     8       H(ATOM      8  H   UNK A   1)   -3.32120196  *   1.94317898  *   0.02746046  *
     9       H(ATOM      9  H   UNK A   1)   -1.64941072  *   1.94865294  *   0.70980159  *
    10       H(ATOM     10  H   UNK A   1)   -3.19214871  *  -0.56828487  *  -0.25072798  *
    11       H(ATOM     11  H   UNK A   1)   -1.50975791  *  -0.56150073  *   0.47053573  *
    12       H(ATOM     12  H   UNK A   1)   -4.19586447  *   2.96201442  *   2.15787741  *
    13       H(ATOM     13  H   UNK A   1)   -2.51932953  *   2.97015164  *   2.84013708  *
    14       H(ATOM     14  H   UNK A   1)   -2.91275852  *   3.98829674  *   1.39407542  *
    15       H(ATOM     15  H   UNK A   1)   -2.48365100  *  -1.92914698  *   2.11608448  *

                             CARTESIAN COORDINATES

   1    O       -2.926580804    -1.870860569     1.261499490
   2    C       -2.997677599     0.530625680     1.632023063
   3    C       -2.735444825     1.870718443     0.982087149
   4    C       -2.606954553    -0.608944112     0.707324311
   5    C       -3.111602796     3.009740470     1.894038301
   6    H       -2.418009121     0.452074397     2.589158537
   7    H       -4.083912961     0.437386540     1.894872699
   8    H       -3.321201957     1.943178977     0.027460456
   9    H       -1.649410718     1.948652942     0.709801592
  10    H       -3.192148714    -0.568284866    -0.250727978
  11    H       -1.509757910    -0.561500727     0.470535730
  12    H       -4.195864472     2.962014418     2.157877413
  13    H       -2.519329532     2.970151640     2.840137077
  14    H       -2.912758523     3.988296741     1.394075416
  15    H       -2.483650997    -1.929146979     2.116084479


           Empirical Formula: C4 H10 O  =    15 atoms



      MOLECULAR POINT GROUP   :   C1  


                  EIGENVALUES  
 -38.52250 -35.38395 -29.65468 -24.17938 -21.95906 -18.10651 -16.36170 -15.65536
 -15.18049 -13.86789 -13.56897 -12.95685 -12.08391 -11.88231 -11.44483 -10.95579
   3.54904   3.55809   3.86202   4.06749   4.10131   4.31257   4.50385   4.60418
   4.74934   4.88020   4.93898   5.02086   5.11345   6.31807


              NET ATOMIC CHARGES AND DIPOLE CONTRIBUTIONS

  ATOM NO.                 TYPE                        CHARGE      No. of ELECS.   s-Pop       p-Pop       
    1          O(ATOM      1  O   UNK A   1)          -0.325890        6.3259     1.87171     4.45418
    2          C(ATOM      2  C   UNK A   1)          -0.198921        4.1989     1.22610     2.97282
    3          C(ATOM      3  C   UNK A   1)          -0.155467        4.1555     1.21402     2.94144
    4          C(ATOM      4  C   UNK A   1)          -0.023579        4.0236     1.22954     2.79403
    5          C(ATOM      5  C   UNK A   1)          -0.210775        4.2108     1.22391     2.98686
    6          H(ATOM      6  H   UNK A   1)           0.077903        0.9221     0.92210
    7          H(ATOM      7  H   UNK A   1)           0.094511        0.9055     0.90549
    8          H(ATOM      8  H   UNK A   1)           0.081101        0.9189     0.91890
    9          H(ATOM      9  H   UNK A   1)           0.078364        0.9216     0.92164
   10          H(ATOM     10  H   UNK A   1)           0.105277        0.8947     0.89472
   11          H(ATOM     11  H   UNK A   1)           0.061607        0.9384     0.93839
   12          H(ATOM     12  H   UNK A   1)           0.074312        0.9257     0.92569
   13          H(ATOM     13  H   UNK A   1)           0.072351        0.9276     0.92765
   14          H(ATOM     14  H   UNK A   1)           0.074255        0.9257     0.92575
   15          H(ATOM     15  H   UNK A   1)           0.194952        0.8050     0.80505

          NET CHARGE ON RESIDUES

      Residue         Charge  Anion or
                              Cation?
      UNK A   1       +0.000
 


 DIPOLE           X         Y         Z       TOTAL
 POINT-CHG.     0.461     1.157     0.090     1.248
 HYBRID         0.353     0.217     0.500     0.650
 SUM            0.814     1.374     0.590     1.703


          ATOMIC ORBITAL ELECTRON POPULATIONS

                   Atom                  s        px        py        pz   
   O(ATOM      1  O   UNK A   1)   1.87171   1.74495   1.34252   1.36671
   C(ATOM      2  C   UNK A   1)   1.22610   1.03071   0.95204   0.99007
   C(ATOM      3  C   UNK A   1)   1.21402   1.01604   0.93679   0.98862
   C(ATOM      4  C   UNK A   1)   1.22954   0.99208   0.83384   0.96811
   C(ATOM      5  C   UNK A   1)   1.22391   1.01520   0.97767   0.99400
   H(ATOM      6  H   UNK A   1)   0.92210
   H(ATOM      7  H   UNK A   1)   0.90549
   H(ATOM      8  H   UNK A   1)   0.91890
   H(ATOM      9  H   UNK A   1)   0.92164
   H(ATOM     10  H   UNK A   1)   0.89472
   H(ATOM     11  H   UNK A   1)   0.93839
   H(ATOM     12  H   UNK A   1)   0.92569
   H(ATOM     13  H   UNK A   1)   0.92765
   H(ATOM     14  H   UNK A   1)   0.92575
   H(ATOM     15  H   UNK A   1)   0.80505

 **********************
 *                    *
 * JOB ENDED NORMALLY *
 *                    *
 **********************



 TOTAL JOB TIME:             0.34 SECONDS

 == MOPAC DONE ==
