 *******************************************************************************
 ** Cite this program as: MOPAC2016, Version: 22.097 , James J. P. Stewart,   **
 **                           web-site: HTTP://OpenMOPAC.net.                 **
 *******************************************************************************
 **                                                                           **
 **                                MOPAC2016                                  **
 **                                                                           **
 *******************************************************************************

                              PM7 CALCULATION RESULTS

 *******************************************************************************
 *  CALCULATION DONE:                                Tue Dec 10 12:18:30 2024  *
 *  PM7        - The PM7 Hamiltonian to be used
 *  MMOK       - APPLY MM CORRECTION TO CONH BARRIER
 *  START_RES  - STARTING RESIDUE NUMBERS DEFINED
 *  Keyword:     START_RES=(1A) 
 *  CHAINS     - PDB CHAIN LETTERS EXPLICITLY DEFINED
 *  Keyword:     CHAINS=(A) 
 *  PRECISE    - TIGHTER CRITERIA TO BE USED
 *  EF         - USE EF ROUTINE FOR MINIMUM SEARCH
 *  T=         - A TIME OF 172800.0 SECONDS REQUESTED
 *  DUMP=N     - RESTART FILE WRITTEN EVERY 7200.0 SECONDS REQUESTED
 *  CYCLES=    - DO A MAXIMUM OF 20000 STEPS
 *  GNORM      - EXIT WHEN GRADIENT NORM DROPS BELOW 0.001
 *  NOINTER    - THIS KEYWORD HAS BEEN REPLACED BY PRTINT
 *  THERMO     - THERMODYNAMIC QUANTITIES TO BE CALCULATED
 *******************************************************************************
 START_RES=(1A)  CHAINS=(A) PM7 EF PRECISE GNORM=0.001 CYCLES=20000 NOINTER MMOK THERMO(298,298)

 HEADER  data-set: C:/Users/ildsf/Downloads/TCC/thermo/programs/mopac/butanol_PM7
   ATOM                 CHEMICAL                   X               Y               Z
  NUMBER                 SYMBOL               (ANGSTROMS)     (ANGSTROMS)     (ANGSTROMS)
 
     1       O(ATOM      1  O   UNK A   1)   -2.92900000  *  -1.86800000  *   1.26400000  *
     2       C(ATOM      2  C   UNK A   1)   -2.99200000  *   0.52500000  *   1.63400000  *
     3       C(ATOM      3  C   UNK A   1)   -2.72900000  *   1.88100000  *   0.97000000  *
     4       C(ATOM      4  C   UNK A   1)   -2.59800000  *  -0.61800000  *   0.69400000  *
     5       C(ATOM      5  C   UNK A   1)   -3.11800000  *   3.02700000  *   1.90300000  *
     6       H(ATOM      7  H   UNK A   1)   -2.43600000  *   0.44900000  *   2.58600000  *
     7       H(ATOM      8  H   UNK A   1)   -4.06200000  *   0.42900000  *   1.90500000  *
     8       H(ATOM      9  H   UNK A   1)   -3.29900000  *   1.95700000  *   0.02400000  *
     9       H(ATOM     10  H   UNK A   1)   -1.66200000  *   1.96900000  *   0.69100000  *
    10       H(ATOM     11  H   UNK A   1)   -3.18900000  *  -0.61500000  *  -0.24100000  *
    11       H(ATOM     12  H   UNK A   1)   -1.52200000  *  -0.60800000  *   0.45000000  *
    12       H(ATOM     13  H   UNK A   1)   -4.18100000  *   2.98600000  *   2.16900000  *
    13       H(ATOM     14  H   UNK A   1)   -2.54400000  *   3.00000000  *   2.83600000  *
    14       H(ATOM     15  H   UNK A   1)   -2.93500000  *   4.00100000  *   1.43400000  *
    15       H(ATOM     16  H   UNK A   1)   -2.49700000  *  -1.98000000  *   2.13200000  *
 

 General Reference for PM7:
 "Optimization of Parameters for Semiempirical Methods VI: More Modifications to the 
 NDDO Approximations and Re-optimization of Parameters", J. J. P. Stewart, J. Mol. Mod., 1:32, 19 (2013)
 https://link.springer.com/article/10.1007/s00894-012-1667-x

           Empirical Formula: C4 H10 O  =    15 atoms



      MOLECULAR POINT GROUP   :   C1  


      RHF CALCULATION, NO. OF DOUBLY OCCUPIED LEVELS = 16



          HEAT OF FORMATION =     -67.674229 KCALS/MOLE


          CARTESIAN COORDINATE DERIVATIVES

   NUMBER  ATOM         X            Y            Z

     1       O      0.313743     0.356158     0.200169
     2       C      0.069555    -0.362081    -0.092695
     3       C      0.384722     0.513145    -0.128005
     4       C     -0.730710     0.205844    -0.187357
     5       C     -0.657831     0.124445    -0.196886
     6       H     -0.025429    -0.052114    -0.044332
     7       H     -0.013299    -0.115335     0.173327
     8       H      0.020076    -0.132592    -0.039211
     9       H      0.079422    -0.191530     0.176828
    10       H      0.021084    -0.081172    -0.074799
    11       H      0.058253    -0.102738     0.194960
    12       H      0.077848    -0.168848     0.236279
    13       H      0.084945    -0.020683    -0.027781
    14       H      0.257080     0.156801    -0.032020
    15       H      0.060543    -0.129303    -0.158480
 


          GRADIENT NORM =   1.54248


                              **** WARNING ****

           GRADIENT IS VERY LARGE FOR A THERMO CALCULATION
           RESULTS ARE LIKELY TO BE INACCURATE IF THERE ARE
           ANY LOW-LYING VIBRATIONS (LESS THAN ABOUT 400CM-1)
           GRADIENT NORM SHOULD BE LESS THAN ABOUT 1.0 FOR THERMO
           TO GIVE ACCURATE RESULTS

          MOLECULAR WEIGHT =   74.12



          ROTATIONAL CONSTANTS IN CM(-1)

          A =    0.60027814   B =    0.06670783   C =    0.06312806



           PRINCIPAL MOMENTS OF INERTIA IN UNITS OF 10**(-40)*GRAM-CM**2

          A =       46.6330   B =      419.6325   C =      443.4284


          ORIENTATION OF MOLECULE IN FORCE CALCULATION

    NO.       ATOM         X         Y         Z

     1          O      -2.3784   -0.3472    0.0084
     2          C       0.0438   -0.3472    0.0084
     3          C       1.2752    0.5653    0.0084
     4          C      -1.2392    0.4833   -0.0890
     5          C       2.5600   -0.2566    0.1034
     6          H       0.0997   -1.0681   -0.8274
     7          H       0.0182   -0.9609    0.9305
     8          H       1.2206    1.2760    0.8554
     9          H       1.2917    1.1843   -0.9085
    10          H      -1.3637    1.1658    0.7725
    11          H      -1.2946    1.0606   -1.0277
    12          H       2.5877   -0.8549    1.0218
    13          H       2.6609   -0.9464   -0.7420
    14          H       3.4458    0.3895    0.1064
    15          H      -2.3677   -1.0352   -0.6838


    FIRST DERIVATIVES WILL BE USED IN THE CALCULATION OF SECOND DERIVATIVES

          ESTIMATED TIME TO COMPLETE CALCULATION =        0.70 SECONDS

    FOR POINT-GROUP C1   THERE ARE   1 UNIQUE SYMMETRY FUNCTIONS.

 STEP:   1 TIME =     0.01 SECS, INTEGRAL =      0.01 TIME LEFT: 172799.99
 STEP:   2 TIME =     0.01 SECS, INTEGRAL =      0.02 TIME LEFT: 172799.98
 STEP:   3 TIME =     0.01 SECS, INTEGRAL =      0.03 TIME LEFT: 172799.96
 STEP:   4 TIME =     0.01 SECS, INTEGRAL =      0.04 TIME LEFT: 172799.95
 STEP:   5 TIME =     0.01 SECS, INTEGRAL =      0.05 TIME LEFT: 172799.94
 STEP:   6 TIME =     0.01 SECS, INTEGRAL =      0.07 TIME LEFT: 172799.93
 STEP:   7 TIME =     0.02 SECS, INTEGRAL =      0.08 TIME LEFT: 172799.91
 STEP:   8 TIME =     0.01 SECS, INTEGRAL =      0.09 TIME LEFT: 172799.90
 STEP:   9 TIME =     0.01 SECS, INTEGRAL =      0.11 TIME LEFT: 172799.89
 STEP:  10 TIME =     0.01 SECS, INTEGRAL =      0.12 TIME LEFT: 172799.88
 STEP:  11 TIME =     0.01 SECS, INTEGRAL =      0.13 TIME LEFT: 172799.87
 STEP:  12 TIME =     0.01 SECS, INTEGRAL =      0.14 TIME LEFT: 172799.86
 STEP:  13 TIME =     0.01 SECS, INTEGRAL =      0.15 TIME LEFT: 172799.84
 STEP:  14 TIME =     0.01 SECS, INTEGRAL =      0.16 TIME LEFT: 172799.84
 STEP:  15 TIME =     0.01 SECS, INTEGRAL =      0.17 TIME LEFT: 172799.82
 STEP:  16 TIME =     0.01 SECS, INTEGRAL =      0.18 TIME LEFT: 172799.81
 STEP:  17 TIME =     0.01 SECS, INTEGRAL =      0.20 TIME LEFT: 172799.80
 STEP:  18 TIME =     0.01 SECS, INTEGRAL =      0.21 TIME LEFT: 172799.79
 STEP:  19 TIME =     0.01 SECS, INTEGRAL =      0.22 TIME LEFT: 172799.78
 STEP:  20 TIME =     0.01 SECS, INTEGRAL =      0.23 TIME LEFT: 172799.77
 STEP:  21 TIME =     0.01 SECS, INTEGRAL =      0.24 TIME LEFT: 172799.75
 STEP:  22 TIME =     0.01 SECS, INTEGRAL =      0.25 TIME LEFT: 172799.75
 STEP:  23 TIME =     0.01 SECS, INTEGRAL =      0.26 TIME LEFT: 172799.74
 STEP:  24 TIME =     0.01 SECS, INTEGRAL =      0.27 TIME LEFT: 172799.73
 STEP:  25 TIME =     0.01 SECS, INTEGRAL =      0.28 TIME LEFT: 172799.71
 STEP:  26 TIME =     0.01 SECS, INTEGRAL =      0.29 TIME LEFT: 172799.70
 STEP:  27 TIME =     0.01 SECS, INTEGRAL =      0.30 TIME LEFT: 172799.70
 STEP:  28 TIME =     0.02 SECS, INTEGRAL =      0.32 TIME LEFT: 172799.68
 STEP:  29 TIME =     0.01 SECS, INTEGRAL =      0.33 TIME LEFT: 172799.67
 STEP:  30 TIME =     0.01 SECS, INTEGRAL =      0.34 TIME LEFT: 172799.66
 STEP:  31 TIME =     0.01 SECS, INTEGRAL =      0.35 TIME LEFT: 172799.65
 STEP:  32 TIME =     0.01 SECS, INTEGRAL =      0.36 TIME LEFT: 172799.64
 STEP:  33 TIME =     0.01 SECS, INTEGRAL =      0.37 TIME LEFT: 172799.62
 STEP:  34 TIME =     0.01 SECS, INTEGRAL =      0.38 TIME LEFT: 172799.61
 STEP:  35 TIME =     0.02 SECS, INTEGRAL =      0.40 TIME LEFT: 172799.60
 STEP:  36 TIME =     0.01 SECS, INTEGRAL =      0.41 TIME LEFT: 172799.59
 STEP:  37 TIME =     0.01 SECS, INTEGRAL =      0.41 TIME LEFT: 172799.58
 STEP:  38 TIME =     0.01 SECS, INTEGRAL =      0.43 TIME LEFT: 172799.57
 STEP:  39 TIME =     0.01 SECS, INTEGRAL =      0.43 TIME LEFT: 172799.56
 STEP:  40 TIME =     0.01 SECS, INTEGRAL =      0.45 TIME LEFT: 172799.55
 STEP:  41 TIME =     0.01 SECS, INTEGRAL =      0.46 TIME LEFT: 172799.54
 STEP:  42 TIME =     0.01 SECS, INTEGRAL =      0.47 TIME LEFT: 172799.53
 STEP:  43 TIME =     0.01 SECS, INTEGRAL =      0.48 TIME LEFT: 172799.52
 STEP:  44 TIME =     0.01 SECS, INTEGRAL =      0.49 TIME LEFT: 172799.50
 STEP:  45 TIME =     0.01 SECS, INTEGRAL =      0.50 TIME LEFT: 172799.49

(To convert to Hartree/Bohr^2, multiply by (10^(-21) x N x a0^2)/(4.184 x 627.51) =  0.0642)


           FORCE MATRIX IN MILLIDYNES/ANGSTROM


                  O  1       C  2       C  3       C  4       C  5       H  6
 ------------------------------------------------------------------------------
     O    1   8.304163
     C    2   0.907729  11.993134
     C    3   0.065082   2.972523  11.982578
     C    4   4.396501   2.945198   0.608509  12.192719
     C    5   0.030986   0.665992   3.124203   0.030932  11.407009
     H    6   0.021268   3.338360   0.682764   0.695351   0.013133   4.259519
     H    7   0.026325   3.328495   0.677651   0.705161   0.012102   0.454946
     H    8   0.009685   0.684433   3.324536   0.032721   0.688467   0.048145
     H    9   0.010035   0.683038   3.326973   0.032742   0.689378   0.016255
     H   10   0.764012   0.648669   0.014246   3.313848   0.005660   0.048369
     H   11   0.730045   0.664234   0.013291   3.277249   0.004327   0.015770
     H   12   0.006199   0.011591   0.680292   0.003771   3.434455   0.005594
     H   13   0.006274   0.011446   0.680349   0.003667   3.439093   0.015416
     H   14   0.002311   0.045892   0.671708   0.008384   3.433065   0.002035
     H   15   4.043418   0.041863   0.015533   1.010404   0.009138   0.024246


                  H  7       H  8       H  9       H 10       H 11       H 12
 ------------------------------------------------------------------------------
     H    7   4.251297
     H    8   0.017350   4.255682
     H    9   0.047860   0.459106   4.259022
     H   10   0.018080   0.012271   0.003381   4.209719
     H   11   0.049429   0.002880   0.011016   0.444538   4.174636
     H   12   0.015623   0.017266   0.048657   0.001428   0.000858   4.219828
     H   13   0.005666   0.048660   0.016987   0.000882   0.001171   0.467661
     H   14   0.002093   0.019086   0.018905   0.000876   0.000594   0.466563
     H   15   0.015744   0.003470   0.004102   0.117910   0.064484   0.002420


                  H 13       H 14       H 15
 ------------------------------------------
     H   13   4.225351
     H   14   0.467496   4.219664
     H   15   0.002849   0.000751   4.584565


          HEAT OF FORMATION =     -67.674229 KCALS/MOLE

          ZERO POINT ENERGY      78.699 KCAL/MOL


           NORMAL COORDINATE ANALYSIS (Total motion = 1 Angstrom)


   Root No.       1         2         3         4         5         6         7         8

                 1 A       2 A       3 A       4 A       5 A       6 A       7 A       8 A   

                  72.0      77.9     171.4     206.1     277.0     398.8     446.2     788.6
  
           1    0.0016   -0.0022   -0.0008    0.0314    0.0300   -0.0526    0.0545    0.0006
           2    0.0064    0.0025    0.0003   -0.0527   -0.0251   -0.0140   -0.0168    0.0012
           3    0.0436   -0.0213    0.0001    0.0067    0.0343    0.0014    0.0024    0.0034
           4    0.0011   -0.0019   -0.0005   -0.0004   -0.0046   -0.0147   -0.0476    0.0006
           5   -0.0029    0.0023   -0.0000    0.0657   -0.0051    0.0389   -0.0047   -0.0006
           6   -0.0387    0.0604    0.0126   -0.0016    0.0126   -0.0032   -0.0015   -0.0228
           7   -0.0020   -0.0014    0.0011    0.0202   -0.0072    0.0485   -0.0271    0.0008
           8    0.0014    0.0016   -0.0022    0.0332   -0.0039   -0.0281   -0.0549   -0.0009
           9    0.0305    0.0363   -0.0317   -0.0008    0.0040    0.0034    0.0017   -0.0180
          10    0.0013    0.0013   -0.0001   -0.0229    0.0021   -0.0552   -0.0060    0.0002
          11   -0.0039   -0.0025    0.0003    0.0254    0.0030    0.0045    0.0611   -0.0014
          12   -0.0500   -0.0225    0.0096   -0.0059   -0.0290   -0.0040   -0.0034   -0.0102
          13   -0.0005    0.0026    0.0001   -0.0310   -0.0011    0.0799    0.0144    0.0000
          14    0.0009   -0.0018    0.0010   -0.0514    0.0062   -0.0021    0.0134    0.0000
          15    0.0061   -0.0465    0.0080    0.0012   -0.0005    0.0033   -0.0001    0.0010
          16    0.0297    0.0170   -0.0136    0.0008   -0.0016   -0.0251   -0.0893   -0.0066
          17    0.0238   -0.0465   -0.0245    0.0581   -0.0390    0.0380   -0.0084   -0.1310
          18   -0.0594    0.1033    0.0330    0.0021    0.0444   -0.0036   -0.0015    0.1048
          19   -0.0255   -0.0238    0.0111   -0.0030   -0.0296   -0.0255   -0.0921   -0.0009
          20   -0.0304    0.0558    0.0263    0.0670    0.0246    0.0395   -0.0053    0.1405
          21   -0.0573    0.0950    0.0305    0.0023    0.0322   -0.0026   -0.0020    0.0858
          22   -0.0182    0.0337    0.0005    0.0520   -0.0062    0.0631   -0.0331   -0.0176
          23   -0.0458   -0.0250    0.0364    0.0332   -0.0018   -0.0282   -0.0507   -0.1066
          24    0.0693    0.0607   -0.0638   -0.0007    0.0026    0.0050    0.0026    0.0826
          25    0.0103   -0.0390    0.0035    0.0509   -0.0137    0.0636   -0.0332    0.0123
          26    0.0522    0.0305   -0.0437    0.0317   -0.0062   -0.0275   -0.0508    0.1151
          27    0.0652    0.0549   -0.0595    0.0006    0.0024    0.0037   -0.0000    0.0725
          28    0.0324   -0.0275   -0.0041   -0.0564    0.0070   -0.0705   -0.0162    0.0336
          29    0.0524    0.0402   -0.0035    0.0236    0.0273    0.0026    0.0563   -0.0732
          30   -0.0899   -0.0607    0.0121   -0.0109   -0.0466   -0.0065   -0.0045    0.0605
          31   -0.0277    0.0330    0.0047   -0.0558    0.0140   -0.0727   -0.0162   -0.0386
          32   -0.0646   -0.0490    0.0046    0.0142   -0.0198   -0.0036    0.0574    0.0780
          33   -0.0853   -0.0532    0.0120   -0.0093   -0.0403   -0.0062   -0.0022    0.0482
          34   -0.0177    0.0308   -0.1164   -0.0776    0.0062    0.1057    0.0605   -0.0340
          35   -0.0573   -0.0518   -0.1543   -0.0593    0.0070    0.0031    0.0200    0.0252
          36   -0.0314   -0.0800   -0.0896   -0.0022   -0.0001    0.0040    0.0016    0.0215
          37    0.0208   -0.0215    0.1266   -0.0743   -0.0008    0.1054    0.0605    0.0323
          38    0.0553    0.0446    0.1466   -0.0535    0.0055    0.0028    0.0193   -0.0228
          39   -0.0358   -0.0873   -0.0955   -0.0025    0.0001    0.0045    0.0018    0.0268
          40   -0.0034    0.0018   -0.0101    0.0131   -0.0061    0.0539   -0.0308   -0.0009
          41    0.0046   -0.0007    0.0140   -0.1133    0.0129    0.0355    0.0786    0.0012
          42    0.0662   -0.0380    0.2413    0.0101   -0.0053   -0.0001   -0.0057    0.0217
          43   -0.0254    0.0225    0.0015    0.0577   -0.3161   -0.0588    0.1153   -0.0089
          44   -0.0375   -0.0322    0.0048   -0.0337    0.3848    0.0029   -0.0273   -0.0112
          45    0.0868    0.0136   -0.0044   -0.0119   -0.3792   -0.0154    0.0126    0.0166


   Root No.       9        10        11        12        13        14        15        16

                 9 A      10 A      11 A      12 A      13 A      14 A      15 A      16 A   

                 862.1     975.0     982.5    1058.1    1115.4    1130.8    1158.9    1175.1
  
           1   -0.0034    0.0077   -0.0083   -0.0289   -0.0154    0.0128   -0.0305   -0.0067
           2   -0.0021    0.0076   -0.0024   -0.0158   -0.0119    0.0080   -0.0247   -0.0084
           3   -0.0044    0.0002   -0.0034    0.0021    0.0104    0.0020    0.0073    0.0055
           4    0.0008    0.0164    0.0139    0.0239    0.0752    0.0123   -0.0419   -0.0273
           5   -0.0008    0.0448    0.0141   -0.0127   -0.0393   -0.0412   -0.0048   -0.0236
           6    0.0119    0.0142   -0.0237   -0.0064    0.0248    0.0043    0.0288   -0.0239
           7    0.0013   -0.0150   -0.0056    0.0053    0.0303   -0.0560    0.0140    0.0324
           8   -0.0014   -0.0235   -0.0105   -0.0026   -0.0263    0.0715    0.0270    0.0242
           9   -0.0276   -0.0001   -0.0004    0.0144   -0.0154   -0.0076   -0.0311    0.0277
          10   -0.0001    0.0112    0.0067    0.0044   -0.0398   -0.0446    0.0502    0.0109
          11    0.0033   -0.0239   -0.0009    0.0289    0.0609    0.0190    0.0112    0.0085
          12    0.0247   -0.0138    0.0260    0.0046   -0.0332   -0.0057   -0.0251    0.0076
          13   -0.0001   -0.0304   -0.0166   -0.0128   -0.0385    0.0507   -0.0024   -0.0161
          14   -0.0002   -0.0211   -0.0081   -0.0017    0.0178   -0.0686   -0.0112   -0.0058
          15   -0.0074   -0.0103    0.0172   -0.0140    0.0099    0.0066    0.0222   -0.0240
          16   -0.0513    0.0569   -0.0374    0.1071   -0.0160    0.0762   -0.0610   -0.0236
          17    0.0382    0.0724   -0.0483   -0.0253    0.0147   -0.0250    0.0488   -0.0596
          18   -0.0308   -0.0244    0.0320    0.0171   -0.0228    0.0067   -0.0284    0.0216
          19    0.0569    0.0057    0.0761   -0.0680    0.1004    0.0804   -0.0149   -0.0330
          20   -0.0431   -0.0102    0.0715    0.0085   -0.0644   -0.0310   -0.0671    0.0282
          21   -0.0206   -0.0185    0.0284    0.0059   -0.0118   -0.0000   -0.0222    0.0112
          22    0.0191    0.0770   -0.0638    0.0573   -0.0355   -0.0469    0.0426   -0.0070
          23   -0.0997   -0.0121   -0.0041    0.0319   -0.0462    0.0463   -0.0337    0.0662
          24    0.0703    0.0063   -0.0057   -0.0143    0.0126   -0.0064    0.0250   -0.0244
          25   -0.0254   -0.0146    0.0913   -0.0479    0.0265   -0.0407    0.0312    0.1036
          26    0.1065   -0.0056   -0.0031   -0.0316    0.0270    0.0530    0.0778   -0.0312
          27    0.0578    0.0044    0.0018   -0.0130    0.0182    0.0002    0.0193   -0.0122
          28   -0.0362   -0.0250    0.0132    0.1484   -0.1401   -0.0300    0.1203   -0.1137
          29    0.0987   -0.0707    0.0737    0.0566   -0.0379    0.0084   -0.0175    0.0128
          30   -0.0700    0.0315   -0.0442   -0.0099    0.0231    0.0018    0.0113   -0.0178
          31    0.0456    0.0051    0.0024   -0.0921    0.0738   -0.0017    0.0506    0.1701
          32   -0.1018    0.0299   -0.0820   -0.0067    0.1138    0.0259    0.0804    0.0184
          33   -0.0534    0.0208   -0.0333   -0.0051    0.0165    0.0005    0.0276    0.0025
          34   -0.0749    0.0481    0.1286   -0.0392    0.0267    0.1170    0.1052   -0.0260
          35    0.0503    0.0391   -0.0523    0.0374   -0.0172   -0.0316   -0.0402    0.0535
          36    0.0353    0.0251   -0.0291    0.0188   -0.0143    0.0076   -0.0136    0.0212
          37    0.0703    0.1480   -0.0370    0.0647   -0.0561    0.1110   -0.0202    0.1014
          38   -0.0463   -0.0255    0.0547   -0.0295    0.0366   -0.0277    0.0443   -0.0337
          39    0.0465    0.0288   -0.0438    0.0254   -0.0205    0.0022   -0.0294    0.0245
          40   -0.0016   -0.1461   -0.0661   -0.0326   -0.0352   -0.0518   -0.0327   -0.0466
          41    0.0017    0.1623    0.0719    0.0320    0.0234    0.0723    0.0417    0.0528
          42    0.0433    0.0109   -0.0487    0.0203   -0.0206   -0.0076   -0.0314    0.0219
          43    0.0294   -0.0659    0.0435    0.1140   -0.0229    0.0312    0.0252   -0.0163
          44    0.0174   -0.0176    0.0207    0.0351   -0.0166    0.0119   -0.0059   -0.0126
          45   -0.0264    0.0315   -0.0311   -0.0620    0.0199   -0.0069   -0.0138    0.0136


   Root No.      17        18        19        20        21        22        23        24

                17 A      18 A      19 A      20 A      21 A      22 A      23 A      24 A   

                1187.6    1208.8    1221.4    1296.7    1299.3    1301.2    1316.8    1321.5
  
           1    0.0396   -0.0027    0.0044    0.0028   -0.0001   -0.0002    0.0016   -0.0016
           2    0.0267   -0.0034    0.0042    0.0058    0.0012   -0.0000    0.0008   -0.0028
           3   -0.0110   -0.0024   -0.0019    0.0113    0.0020   -0.0006    0.0026   -0.0035
           4   -0.0327    0.0005   -0.0018   -0.0175   -0.0034    0.0012    0.0099   -0.0010
           5   -0.0424    0.0002    0.0015    0.0032    0.0079    0.0006   -0.0038   -0.0181
           6    0.0079    0.0019    0.0319   -0.0004   -0.0003    0.0006    0.0000    0.0005
           7    0.0701   -0.0036    0.0017   -0.0016   -0.0068   -0.0002   -0.0071    0.0171
           8    0.0189    0.0023   -0.0015   -0.0088   -0.0063   -0.0001   -0.0091    0.0037
           9   -0.0087    0.0315   -0.0025    0.0010    0.0004   -0.0044    0.0007    0.0004
          10   -0.0547    0.0045   -0.0067   -0.0325   -0.0027    0.0023   -0.0206    0.0172
          11   -0.0234    0.0037   -0.0057   -0.0274   -0.0035    0.0016    0.0066    0.0003
          12    0.0072   -0.0195   -0.0067   -0.0117   -0.0023    0.0015   -0.0034    0.0045
          13   -0.0406    0.0022   -0.0003   -0.0011   -0.0136    0.0004    0.0014   -0.0082
          14    0.0064   -0.0018    0.0001    0.0101   -0.0215   -0.0040   -0.0042   -0.0094
          15    0.0106   -0.0164   -0.0215   -0.0022    0.0021   -0.0339    0.0002   -0.0000
          16   -0.0180   -0.2369    0.0391    0.0930    0.0351    0.0111   -0.0766    0.0086
          17   -0.0089   -0.0060    0.0519    0.0654   -0.0378   -0.0083    0.0687    0.1342
          18   -0.0070   -0.0082   -0.0142   -0.0472    0.0384    0.0081   -0.0648   -0.1244
          19   -0.0041    0.2401   -0.0321    0.1136    0.0437   -0.0242   -0.0742   -0.0086
          20   -0.0309    0.0032   -0.0476    0.0686   -0.0445   -0.0122    0.0788    0.1537
          21    0.0018    0.0099   -0.0067    0.0445   -0.0317   -0.0087    0.0501    0.1110
          22    0.1381    0.0097   -0.2469    0.0220    0.0209   -0.0037    0.0207   -0.1172
          23    0.0000    0.0501   -0.0144   -0.0475   -0.0086   -0.0009    0.0738   -0.0129
          24    0.0104   -0.0141   -0.0060    0.0344    0.0040   -0.0061   -0.0649    0.0034
          25    0.0194   -0.0153    0.2508    0.0179    0.0206    0.0047    0.0131   -0.1154
          26    0.0351   -0.0499    0.0121   -0.0528   -0.0096    0.0105    0.0788   -0.0133
          27    0.0089   -0.0095    0.0122   -0.0282   -0.0010    0.0008    0.0580   -0.0113
          28    0.0765    0.0949    0.0764    0.0818   -0.0061   -0.0105    0.1018   -0.0385
          29    0.0048   -0.0155   -0.0111    0.0426    0.0149   -0.0034   -0.1168    0.0345
          30    0.0078    0.0097    0.0142   -0.0448   -0.0155    0.0033    0.1079   -0.0318
          31   -0.1752   -0.0820   -0.0855    0.1564    0.0062   -0.0111    0.1293   -0.0629
          32   -0.0586    0.0240    0.0004    0.1010    0.0269   -0.0084   -0.1191    0.0223
          33   -0.0140    0.0020    0.0048    0.0519    0.0146   -0.0037   -0.0847    0.0228
          34    0.0745   -0.0387   -0.0483   -0.0076    0.0330    0.2249    0.0043    0.0469
          35   -0.0018    0.0337    0.0311   -0.0116    0.2203    0.1120    0.0286    0.0242
          36   -0.0012    0.0156    0.0042   -0.0124    0.1495    0.0510    0.0205    0.0196
          37    0.0119    0.0384    0.0453   -0.0289    0.0688   -0.2162    0.0072    0.0463
          38    0.0411   -0.0339   -0.0294   -0.0191    0.2119   -0.0761    0.0261    0.0213
          39   -0.0166    0.0229    0.0116    0.0163   -0.1705    0.0184   -0.0226   -0.0178
          40   -0.0638   -0.0005    0.0003    0.0062    0.0741   -0.0108    0.0100    0.0124
          41    0.0672    0.0010   -0.0006   -0.0041   -0.1205    0.0112   -0.0149   -0.0278
          42   -0.0180    0.0368    0.0059    0.0184   -0.0093    0.3737    0.0009    0.0036
          43    0.0029   -0.0109    0.0159    0.1295    0.0223   -0.0061    0.0325   -0.0459
          44    0.0118   -0.0057    0.0075    0.0381    0.0076   -0.0014    0.0079   -0.0117
          45    0.0003    0.0013   -0.0088   -0.0534   -0.0092    0.0026   -0.0121    0.0147


   Root No.      25        26        27        28        29        30        31        32

                25 A      26 A      27 A      28 A      29 A      30 A      31 A      32 A   

                1328.6    1347.4    1365.9    1386.4    1406.0    2646.1    2658.4    2675.7
  
           1    0.0009    0.0025   -0.0034   -0.0068   -0.0013    0.0000    0.0000   -0.0000
           2    0.0022   -0.0033   -0.0011    0.0159    0.0031    0.0007   -0.0004   -0.0005
           3    0.0017   -0.0061    0.0004    0.0181    0.0031   -0.0002    0.0000   -0.0000
           4    0.0005    0.0228   -0.0262    0.0106    0.0127   -0.0009   -0.0002   -0.0009
           5    0.0030   -0.0143   -0.0206   -0.0032   -0.0051    0.0007    0.0004    0.0009
           6    0.0002    0.0008    0.0004    0.0024    0.0010    0.0154    0.0066    0.0202
           7    0.0037   -0.0218   -0.0207    0.0037   -0.0247    0.0003    0.0008    0.0001
           8   -0.0261    0.0049   -0.0160    0.0063    0.0086   -0.0004   -0.0012   -0.0001
           9    0.0015   -0.0011   -0.0001    0.0004   -0.0013   -0.0078   -0.0206    0.0016
          10   -0.0025   -0.0048    0.0225    0.0140    0.0028    0.0008   -0.0004   -0.0002
          11   -0.0208   -0.0076    0.0196   -0.0263   -0.0058   -0.0000   -0.0001   -0.0004
          12   -0.0007    0.0072   -0.0013   -0.0180   -0.0030   -0.0256    0.0136    0.0116
          13   -0.0020    0.0120    0.0061    0.0097   -0.0260   -0.0001   -0.0006    0.0042
          14    0.0018   -0.0031    0.0085   -0.0082    0.0199    0.0001    0.0004    0.0044
          15   -0.0000    0.0005   -0.0002    0.0009   -0.0020    0.0023    0.0119   -0.0197
          16   -0.0110   -0.0829    0.1409   -0.1066   -0.0538    0.0062    0.0046    0.0088
          17   -0.0218    0.0352    0.0463    0.0111    0.0065   -0.0978   -0.0423   -0.1167
          18    0.0157   -0.0475   -0.0476   -0.0231   -0.0153   -0.1018   -0.0441   -0.1200
          19   -0.0062   -0.0955    0.1352   -0.0714   -0.0479    0.0035   -0.0008    0.0019
          20   -0.0256    0.0451    0.0524    0.0057    0.0073    0.0907    0.0356    0.1034
          21   -0.0149    0.0381    0.0538    0.0077    0.0090   -0.1222   -0.0474   -0.1368
          22   -0.0246    0.1128    0.1284    0.0013    0.0799   -0.0041   -0.0090   -0.0015
          23    0.1774   -0.0091    0.0426   -0.0034   -0.0173    0.0511    0.1281   -0.0056
          24   -0.1641    0.0175   -0.0414    0.0069    0.0302    0.0546    0.1364   -0.0052
          25   -0.0370    0.1146    0.1252   -0.0024    0.0810   -0.0005   -0.0023    0.0026
          26    0.1931   -0.0104    0.0474   -0.0059   -0.0204   -0.0451   -0.1110    0.0119
          27    0.1423   -0.0075    0.0470   -0.0065   -0.0219    0.0598    0.1458   -0.0162
          28   -0.0133    0.0326   -0.0966   -0.1711   -0.0383   -0.0219    0.0114    0.0096
          29    0.0944    0.0892   -0.0421   -0.0702   -0.0067    0.1343   -0.0669   -0.0512
          30   -0.0899   -0.0678    0.0306   -0.0026   -0.0083    0.1479   -0.0731   -0.0550
          31   -0.0118   -0.0079   -0.0912   -0.0818   -0.0239    0.0138   -0.0075   -0.0071
          32    0.1126    0.0706   -0.0435    0.0050    0.0070   -0.1346    0.0688    0.0574
          33    0.0775    0.0553   -0.0310    0.0083    0.0078    0.1980   -0.1009   -0.0840
          34    0.0268   -0.0587   -0.0366   -0.0515    0.1540   -0.0008   -0.0044    0.0111
          35   -0.0229    0.0306    0.0030    0.0207   -0.0520    0.0130    0.0633   -0.1118
          36   -0.0135    0.0211   -0.0015    0.0193   -0.0528   -0.0184   -0.0891    0.1614
          37    0.0268   -0.0575   -0.0366   -0.0479    0.1494    0.0023    0.0110   -0.0129
          38   -0.0205    0.0272    0.0029    0.0185   -0.0451   -0.0149   -0.0705    0.0905
          39    0.0176   -0.0285   -0.0018   -0.0252    0.0701   -0.0169   -0.0792    0.0957
          40    0.0175   -0.0256    0.0058   -0.0378    0.1008   -0.0003    0.0011   -0.0499
          41   -0.0250    0.0421    0.0012    0.0562   -0.1523   -0.0001    0.0012   -0.0341
          42    0.0008   -0.0022    0.0003   -0.0052    0.0114    0.0014    0.0068   -0.0107
          43    0.0219   -0.0693   -0.0027    0.2251    0.0395    0.0003   -0.0002   -0.0003
          44    0.0054   -0.0277    0.0074    0.0850    0.0153   -0.0120    0.0074    0.0071
          45   -0.0097    0.0290   -0.0009   -0.0956   -0.0166   -0.0127    0.0076    0.0072


   Root No.      33        34        35        36        37        38        39

                33 A      34 A      35 A      36 A      37 A      38 A      39 A   

                2677.5    2691.8    2718.5    2738.8    2755.5    2782.2    2822.8
  
           1   -0.0000    0.0000   -0.0021   -0.0005    0.0003    0.0000   -0.0022
           2   -0.0001    0.0003   -0.0018    0.0002   -0.0002   -0.0004   -0.0326
           3    0.0000    0.0001    0.0007    0.0007   -0.0007   -0.0004   -0.0304
           4    0.0005    0.0006    0.0028    0.0027    0.0004    0.0006    0.0004
           5    0.0010   -0.0008    0.0056   -0.0116    0.0192    0.0022   -0.0018
           6    0.0058   -0.0144   -0.0013    0.0004   -0.0007   -0.0001   -0.0007
           7   -0.0013    0.0007    0.0011   -0.0015    0.0020   -0.0042    0.0002
           8    0.0013   -0.0011   -0.0005    0.0166    0.0148    0.0068   -0.0003
           9    0.0010   -0.0191   -0.0006   -0.0013   -0.0008   -0.0005   -0.0002
          10   -0.0000    0.0000    0.0035    0.0026   -0.0028   -0.0002   -0.0031
          11   -0.0001    0.0006   -0.0264   -0.0058    0.0058    0.0002   -0.0088
          12    0.0031   -0.0053   -0.0027    0.0002   -0.0002   -0.0001   -0.0078
          13   -0.0204    0.0004    0.0002    0.0006    0.0017   -0.0170    0.0006
          14   -0.0319   -0.0015   -0.0003    0.0033    0.0019    0.0116   -0.0004
          15   -0.0040   -0.0193   -0.0003   -0.0002   -0.0001   -0.0011   -0.0001
          16    0.0029   -0.0048    0.0027   -0.0100    0.0105    0.0003   -0.0043
          17   -0.0350    0.0799   -0.0607    0.1065   -0.1386   -0.0132    0.0221
          18   -0.0363    0.0818   -0.0736    0.1254   -0.1620   -0.0153    0.0235
          19    0.0008   -0.0025   -0.0036    0.0016   -0.0044   -0.0011   -0.0005
          20    0.0283   -0.0700   -0.0613    0.0858   -0.1124   -0.0114    0.0111
          21   -0.0370    0.0919    0.0934   -0.1319    0.1711    0.0170   -0.0165
          22    0.0002   -0.0077   -0.0009    0.0117    0.0063    0.0034   -0.0003
          23   -0.0288    0.1057    0.0144   -0.1392   -0.1012   -0.0324   -0.0005
          24   -0.0345    0.1108    0.0174   -0.1692   -0.1217   -0.0383   -0.0010
          25   -0.0014   -0.0017    0.0003   -0.0025   -0.0039    0.0002   -0.0006
          26   -0.0133   -0.0925    0.0067   -0.1245   -0.0893   -0.0286   -0.0017
          27    0.0220    0.1197   -0.0112    0.1878    0.1333    0.0420    0.0028
          28    0.0026   -0.0041   -0.0388   -0.0068    0.0072    0.0002   -0.0047
          29   -0.0132    0.0194    0.2375    0.0366   -0.0342   -0.0002    0.0330
          30   -0.0142    0.0201    0.2980    0.0456   -0.0424   -0.0003    0.0378
          31   -0.0019    0.0038   -0.0141   -0.0037    0.0042    0.0004    0.0076
          32    0.0158   -0.0279    0.1592    0.0284   -0.0262   -0.0008   -0.0045
          33   -0.0231    0.0412   -0.2687   -0.0468    0.0428    0.0013    0.0120
          34   -0.0171    0.0082    0.0003    0.0017    0.0015    0.0059   -0.0005
          35    0.0661   -0.0898   -0.0003    0.0049    0.0120   -0.1477    0.0044
          36   -0.1270    0.1236    0.0003   -0.0070   -0.0181    0.2283   -0.0068
          37   -0.0362   -0.0189   -0.0003    0.0010   -0.0000    0.0245   -0.0013
          38    0.1325    0.1047    0.0032    0.0060    0.0146   -0.1733    0.0066
          39    0.1775    0.1165    0.0036    0.0070    0.0177   -0.2137    0.0080
          40    0.3036    0.0065   -0.0012   -0.0382   -0.0439    0.2141   -0.0059
          41    0.2026    0.0036   -0.0007   -0.0263   -0.0305    0.1585   -0.0043
          42   -0.0005   -0.0094   -0.0001   -0.0002   -0.0003    0.0008   -0.0000
          43   -0.0002    0.0001   -0.0003   -0.0004    0.0003    0.0008    0.0683
          44    0.0012   -0.0043   -0.0118   -0.0116    0.0111    0.0072    0.5860
          45    0.0013   -0.0040   -0.0122   -0.0107    0.0106    0.0065    0.5283


           MASS-WEIGHTED COORDINATE ANALYSIS (NORMAL COORDINATES)


   Root No.       1         2         3         4         5         6         7         8

                 1 A       2 A       3 A       4 A       5 A       6 A       7 A       8 A   

                  72.0      77.9     171.4     206.1     277.0     398.8     446.2     788.6
  
           1    0.0159   -0.0208   -0.0072    0.2526    0.1759   -0.4013    0.4490    0.0067
           2    0.0632    0.0238    0.0023   -0.4236   -0.1472   -0.1065   -0.1384    0.0130
           3    0.4315   -0.2048    0.0010    0.0537    0.2011    0.0108    0.0195    0.0379
           4    0.0097   -0.0157   -0.0037   -0.0027   -0.0234   -0.0973   -0.3397    0.0061
           5   -0.0250    0.0188   -0.0003    0.4577   -0.0260    0.2572   -0.0335   -0.0061
           6   -0.3322    0.5040    0.1018   -0.0108    0.0640   -0.0209   -0.0105   -0.2187
           7   -0.0172   -0.0114    0.0090    0.1408   -0.0367    0.3207   -0.1936    0.0078
           8    0.0119    0.0133   -0.0175    0.2313   -0.0199   -0.1859   -0.3920   -0.0083
           9    0.2619    0.3028   -0.2572   -0.0054    0.0206    0.0227    0.0119   -0.1726
          10    0.0112    0.0110   -0.0006   -0.1593    0.0106   -0.3650   -0.0429    0.0020
          11   -0.0336   -0.0207    0.0025    0.1772    0.0155    0.0297    0.4365   -0.0133
          12   -0.4285   -0.1881    0.0781   -0.0413   -0.1475   -0.0265   -0.0243   -0.0976
          13   -0.0043    0.0213    0.0012   -0.2162   -0.0055    0.5277    0.1026    0.0000
          14    0.0077   -0.0151    0.0080   -0.3585    0.0316   -0.0141    0.0954    0.0004
          15    0.0521   -0.3881    0.0651    0.0086   -0.0027    0.0218   -0.0010    0.0098
          16    0.0738    0.0411   -0.0319    0.0017   -0.0023   -0.0480   -0.1846   -0.0184
          17    0.0590   -0.1125   -0.0575    0.1174   -0.0574    0.0728   -0.0174   -0.3640
          18   -0.1475    0.2499    0.0774    0.0041    0.0655   -0.0069   -0.0032    0.2911
          19   -0.0632   -0.0575    0.0261   -0.0060   -0.0435   -0.0488   -0.1905   -0.0025
          20   -0.0755    0.1348    0.0618    0.1353    0.0363    0.0755   -0.0109    0.3904
          21   -0.1422    0.2298    0.0717    0.0047    0.0474   -0.0049   -0.0042    0.2385
          22   -0.0452    0.0814    0.0013    0.1049   -0.0092    0.1207   -0.0685   -0.0490
          23   -0.1139   -0.0605    0.0854    0.0669   -0.0027   -0.0540   -0.1049   -0.2962
          24    0.1721    0.1467   -0.1499   -0.0013    0.0039    0.0095    0.0053    0.2296
          25    0.0257   -0.0943    0.0082    0.1027   -0.0202    0.1218   -0.0686    0.0341
          26    0.1297    0.0738   -0.1026    0.0641   -0.0091   -0.0526   -0.1051    0.3199
          27    0.1620    0.1328   -0.1398    0.0013    0.0035    0.0070   -0.0001    0.2014
          28    0.0805   -0.0664   -0.0096   -0.1139    0.0103   -0.1349   -0.0335    0.0932
          29    0.1301    0.0972   -0.0083    0.0476    0.0403    0.0049    0.1163   -0.2033
          30   -0.2233   -0.1469    0.0285   -0.0219   -0.0686   -0.0125   -0.0094    0.1680
          31   -0.0688    0.0797    0.0111   -0.1126    0.0206   -0.1392   -0.0336   -0.1074
          32   -0.1604   -0.1184    0.0108    0.0287   -0.0291   -0.0068    0.1187    0.2166
          33   -0.2120   -0.1287    0.0281   -0.0188   -0.0594   -0.0118   -0.0046    0.1339
          34   -0.0440    0.0744   -0.2735   -0.1566    0.0091    0.2024    0.1251   -0.0943
          35   -0.1424   -0.1251   -0.3624   -0.1198    0.0104    0.0060    0.0413    0.0700
          36   -0.0779   -0.1934   -0.2103   -0.0045   -0.0002    0.0076    0.0034    0.0597
          37    0.0517   -0.0521    0.2973   -0.1500   -0.0011    0.2017    0.1250    0.0897
          38    0.1374    0.1079    0.3444   -0.1080    0.0080    0.0053    0.0399   -0.0633
          39   -0.0888   -0.2111   -0.2244   -0.0050    0.0002    0.0085    0.0036    0.0746
          40   -0.0085    0.0043   -0.0237    0.0264   -0.0090    0.1032   -0.0636   -0.0025
          41    0.0115   -0.0018    0.0329   -0.2287    0.0190    0.0679    0.1626    0.0034
          42    0.1644   -0.0918    0.5667    0.0205   -0.0078   -0.0002   -0.0118    0.0604
          43   -0.0632    0.0544    0.0034    0.1164   -0.4658   -0.1126    0.2386   -0.0246
          44   -0.0931   -0.0779    0.0113   -0.0680    0.5670    0.0055   -0.0566   -0.0311
          45    0.2157    0.0328   -0.0104   -0.0240   -0.5587   -0.0294    0.0261    0.0460


   Root No.       9        10        11        12        13        14        15        16

                 9 A      10 A      11 A      12 A      13 A      14 A      15 A      16 A   

                 862.1     975.0     982.5    1058.1    1115.4    1130.8    1158.9    1175.1
  
           1   -0.0402    0.0740   -0.0967   -0.3160   -0.1135    0.0926   -0.2758   -0.0683
           2   -0.0245    0.0723   -0.0275   -0.1727   -0.0878    0.0583   -0.2237   -0.0850
           3   -0.0523    0.0018   -0.0400    0.0234    0.0767    0.0143    0.0663    0.0556
           4    0.0078    0.1360    0.1408    0.2268    0.4802    0.0774   -0.3283   -0.2393
           5   -0.0081    0.3707    0.1421   -0.1200   -0.2510   -0.2588   -0.0377   -0.2073
           6    0.1214    0.1175   -0.2394   -0.0609    0.1585    0.0268    0.2261   -0.2097
           7    0.0130   -0.1238   -0.0562    0.0498    0.1933   -0.3518    0.1100    0.2841
           8   -0.0140   -0.1947   -0.1066   -0.0249   -0.1681    0.4492    0.2115    0.2123
           9   -0.2820   -0.0008   -0.0041    0.1362   -0.0981   -0.0476   -0.2435    0.2433
          10   -0.0008    0.0923    0.0673    0.0412   -0.2543   -0.2800    0.3937    0.0955
          11    0.0336   -0.1975   -0.0092    0.2739    0.3889    0.1195    0.0879    0.0744
          12    0.2525   -0.1143    0.2634    0.0439   -0.2122   -0.0360   -0.1964    0.0668
          13   -0.0007   -0.2517   -0.1681   -0.1215   -0.2461    0.3184   -0.0190   -0.1417
          14   -0.0019   -0.1743   -0.0816   -0.0160    0.1136   -0.4313   -0.0880   -0.0511
          15   -0.0760   -0.0854    0.1735   -0.1327    0.0630    0.0415    0.1737   -0.2104
          16   -0.1518    0.1364   -0.1096    0.2941   -0.0296    0.1387   -0.1386   -0.0600
          17    0.1131    0.1736   -0.1415   -0.0694    0.0272   -0.0454    0.1107   -0.1516
          18   -0.0911   -0.0586    0.0937    0.0470   -0.0422    0.0121   -0.0644    0.0549
          19    0.1683    0.0136    0.2229   -0.1868    0.1857    0.1464   -0.0338   -0.0840
          20   -0.1275   -0.0246    0.2096    0.0235   -0.1191   -0.0565   -0.1523    0.0717
          21   -0.0610   -0.0444    0.0832    0.0161   -0.0219   -0.0001   -0.0503    0.0285
          22    0.0566    0.1847   -0.1870    0.1573   -0.0657   -0.0854    0.0966   -0.0178
          23   -0.2949   -0.0290   -0.0121    0.0876   -0.0855    0.0843   -0.0766    0.1683
          24    0.2079    0.0151   -0.0168   -0.0393    0.0233   -0.0117    0.0569   -0.0620
          25   -0.0753   -0.0350    0.2674   -0.1315    0.0490   -0.0741    0.0708    0.2632
          26    0.3152   -0.0133   -0.0092   -0.0867    0.0500    0.0965    0.1767   -0.0793
          27    0.1711    0.0106    0.0052   -0.0356    0.0338    0.0003    0.0437   -0.0311
          28   -0.1071   -0.0600    0.0386    0.4074   -0.2592   -0.0546    0.2731   -0.2889
          29    0.2921   -0.1696    0.2160    0.1553   -0.0701    0.0153   -0.0398    0.0326
          30   -0.2072    0.0756   -0.1294   -0.0272    0.0428    0.0032    0.0256   -0.0453
          31    0.1348    0.0122    0.0071   -0.2528    0.1366   -0.0030    0.1149    0.4323
          32   -0.3013    0.0716   -0.2402   -0.0183    0.2106    0.0472    0.1826    0.0468
          33   -0.1580    0.0498   -0.0975   -0.0140    0.0305    0.0008    0.0628    0.0065
          34   -0.2217    0.1152    0.3768   -0.1075    0.0493    0.2129    0.2390   -0.0661
          35    0.1489    0.0937   -0.1531    0.1027   -0.0318   -0.0575   -0.0913    0.1360
          36    0.1044    0.0603   -0.0851    0.0516   -0.0264    0.0138   -0.0309    0.0539
          37    0.2079    0.3547   -0.1085    0.1777   -0.1038    0.2019   -0.0458    0.2577
          38   -0.1369   -0.0611    0.1601   -0.0810    0.0678   -0.0504    0.1005   -0.0856
          39    0.1377    0.0689   -0.1283    0.0697   -0.0379    0.0041   -0.0667    0.0622
          40   -0.0049   -0.3503   -0.1936   -0.0896   -0.0652   -0.0942   -0.0742   -0.1183
          41    0.0050    0.3891    0.2106    0.0879    0.0432    0.1316    0.0947    0.1342
          42    0.1280    0.0262   -0.1426    0.0556   -0.0381   -0.0139   -0.0712    0.0557
          43    0.0871   -0.1580    0.1274    0.3129   -0.0424    0.0568    0.0572   -0.0414
          44    0.0514   -0.0421    0.0606    0.0963   -0.0307    0.0216   -0.0135   -0.0319
          45   -0.0782    0.0754   -0.0910   -0.1703    0.0368   -0.0125   -0.0313    0.0345


   Root No.      17        18        19        20        21        22        23        24

                17 A      18 A      19 A      20 A      21 A      22 A      23 A      24 A   

                1187.6    1208.8    1221.4    1296.7    1299.3    1301.2    1316.8    1321.5
  
           1    0.2981   -0.0264    0.0420    0.0289   -0.0009   -0.0011    0.0178   -0.0177
           2    0.2006   -0.0336    0.0399    0.0608    0.0108   -0.0003    0.0090   -0.0314
           3   -0.0830   -0.0231   -0.0185    0.1180    0.0184   -0.0042    0.0276   -0.0384
           4   -0.2133    0.0045   -0.0151   -0.1583   -0.0270    0.0078    0.0932   -0.0092
           5   -0.2766    0.0021    0.0128    0.0289    0.0619    0.0040   -0.0352   -0.1743
           6    0.0518    0.0159    0.2649   -0.0035   -0.0021    0.0042    0.0003    0.0047
           7    0.4568   -0.0307    0.0144   -0.0144   -0.0532   -0.0010   -0.0666    0.1646
           8    0.1235    0.0200   -0.0121   -0.0798   -0.0497   -0.0006   -0.0856    0.0356
           9   -0.0570    0.2683   -0.0212    0.0088    0.0029   -0.0289    0.0062    0.0042
          10   -0.3568    0.0387   -0.0557   -0.2942   -0.0216    0.0149   -0.1929    0.1652
          11   -0.1527    0.0314   -0.0476   -0.2476   -0.0277    0.0108    0.0617    0.0032
          12    0.0470   -0.1656   -0.0557   -0.1061   -0.0184    0.0099   -0.0315    0.0438
          13   -0.2648    0.0190   -0.0025   -0.0098   -0.1071    0.0028    0.0134   -0.0787
          14    0.0415   -0.0153    0.0009    0.0910   -0.1687   -0.0266   -0.0393   -0.0900
          15    0.0692   -0.1393   -0.1785   -0.0198    0.0168   -0.2233    0.0022   -0.0002
          16   -0.0339   -0.5842    0.0941    0.2437    0.0799    0.0212   -0.2080    0.0238
          17   -0.0169   -0.0149    0.1250    0.1715   -0.0861   -0.0159    0.1864    0.3740
          18   -0.0133   -0.0201   -0.0343   -0.1237    0.0873    0.0154   -0.1759   -0.3466
          19   -0.0077    0.5920   -0.0773    0.2978    0.0995   -0.0462   -0.2013   -0.0240
          20   -0.0583    0.0078   -0.1148    0.1799   -0.1014   -0.0234    0.2140    0.4283
          21    0.0034    0.0245   -0.0163    0.1166   -0.0722   -0.0166    0.1361    0.3093
          22    0.2608    0.0238   -0.5948    0.0577    0.0475   -0.0071    0.0562   -0.3265
          23    0.0000    0.1236   -0.0347   -0.1245   -0.0197   -0.0017    0.2003   -0.0360
          24    0.0197   -0.0347   -0.0144    0.0901    0.0090   -0.0116   -0.1761    0.0096
          25    0.0366   -0.0378    0.6041    0.0469    0.0468    0.0090    0.0356   -0.3217
          26    0.0664   -0.1231    0.0291   -0.1383   -0.0218    0.0201    0.2139   -0.0370
          27    0.0168   -0.0235    0.0293   -0.0739   -0.0023    0.0014    0.1574   -0.0314
          28    0.1444    0.2340    0.1840    0.2144   -0.0140   -0.0200    0.2765   -0.1073
          29    0.0092   -0.0381   -0.0266    0.1117    0.0338   -0.0064   -0.3170    0.0961
          30    0.0147    0.0239    0.0341   -0.1173   -0.0353    0.0064    0.2929   -0.0885
          31   -0.3308   -0.2021   -0.2059    0.4100    0.0141   -0.0212    0.3509   -0.1753
          32   -0.1106    0.0591    0.0009    0.2648    0.0612   -0.0160   -0.3232    0.0621
          33   -0.0265    0.0050    0.0115    0.1360    0.0331   -0.0071   -0.2300    0.0636
          34    0.1406   -0.0954   -0.1163   -0.0198    0.0751    0.4293    0.0117    0.1306
          35   -0.0034    0.0832    0.0750   -0.0303    0.5015    0.2139    0.0778    0.0674
          36   -0.0022    0.0384    0.0101   -0.0325    0.3402    0.0974    0.0557    0.0546
          37    0.0224    0.0946    0.1090   -0.0757    0.1566   -0.4127    0.0196    0.1290
          38    0.0775   -0.0837   -0.0709   -0.0500    0.4823   -0.1454    0.0710    0.0593
          39   -0.0314    0.0565    0.0278    0.0427   -0.3882    0.0350   -0.0614   -0.0496
          40   -0.1206   -0.0011    0.0007    0.0162    0.1687   -0.0205    0.0273    0.0345
          41    0.1269    0.0024   -0.0014   -0.0106   -0.2743    0.0213   -0.0406   -0.0775
          42   -0.0341    0.0907    0.0143    0.0482   -0.0212    0.7134    0.0026    0.0100
          43    0.0055   -0.0269    0.0384    0.3393    0.0507   -0.0116    0.0884   -0.1278
          44    0.0224   -0.0140    0.0180    0.0998    0.0173   -0.0027    0.0215   -0.0327
          45    0.0006    0.0032   -0.0213   -0.1399   -0.0209    0.0051   -0.0327    0.0410


   Root No.      25        26        27        28        29        30        31        32

                25 A      26 A      27 A      28 A      29 A      30 A      31 A      32 A   

                1328.6    1347.4    1365.9    1386.4    1406.0    2646.1    2658.4    2675.7
  
           1    0.0086    0.0307   -0.0350   -0.0670   -0.0143    0.0003    0.0000   -0.0001
           2    0.0208   -0.0399   -0.0110    0.1555    0.0329    0.0066   -0.0048   -0.0049
           3    0.0164   -0.0737    0.0043    0.1773    0.0329   -0.0019    0.0003   -0.0003
           4    0.0042    0.2386   -0.2349    0.0901    0.1164   -0.0078   -0.0021   -0.0084
           5    0.0248   -0.1500   -0.1848   -0.0273   -0.0473    0.0061    0.0036    0.0085
           6    0.0013    0.0089    0.0033    0.0207    0.0095    0.1310    0.0621    0.1830
           7    0.0310   -0.2287   -0.1863    0.0311   -0.2266    0.0022    0.0080    0.0009
           8   -0.2162    0.0509   -0.1433    0.0536    0.0791   -0.0038   -0.0116   -0.0012
           9    0.0128   -0.0114   -0.0005    0.0032   -0.0121   -0.0662   -0.1946    0.0146
          10   -0.0210   -0.0501    0.2023    0.1192    0.0259    0.0070   -0.0036   -0.0020
          11   -0.1718   -0.0795    0.1759   -0.2233   -0.0537   -0.0000   -0.0012   -0.0040
          12   -0.0061    0.0759   -0.0115   -0.1533   -0.0276   -0.2173    0.1287    0.1045
          13   -0.0166    0.1257    0.0546    0.0821   -0.2391   -0.0006   -0.0053    0.0382
          14    0.0148   -0.0329    0.0764   -0.0698    0.1826    0.0011    0.0039    0.0396
          15   -0.0004    0.0051   -0.0019    0.0074   -0.0184    0.0194    0.1121   -0.1777
          16   -0.0264   -0.2516    0.3663   -0.2623   -0.1433    0.0153    0.0126    0.0231
          17   -0.0523    0.1067    0.1204    0.0273    0.0174   -0.2408   -0.1155   -0.3057
          18    0.0376   -0.1440   -0.1237   -0.0567   -0.0406   -0.2505   -0.1204   -0.3144
          19   -0.0148   -0.2900    0.3516   -0.1755   -0.1275    0.0086   -0.0023    0.0049
          20   -0.0615    0.1368    0.1364    0.0140    0.0195    0.2232    0.0972    0.2709
          21   -0.0357    0.1157    0.1399    0.0190    0.0241   -0.3009   -0.1295   -0.3584
          22   -0.0590    0.3424    0.3339    0.0032    0.2128   -0.0102   -0.0246   -0.0038
          23    0.4254   -0.0275    0.1107   -0.0085   -0.0460    0.1257    0.3501   -0.0147
          24   -0.3934    0.0530   -0.1076    0.0170    0.0805    0.1343    0.3727   -0.0135
          25   -0.0888    0.3478    0.3256   -0.0059    0.2157   -0.0013   -0.0063    0.0069
          26    0.4630   -0.0315    0.1234   -0.0146   -0.0544   -0.1111   -0.3033    0.0312
          27    0.3412   -0.0226    0.1223   -0.0159   -0.0582    0.1473    0.3984   -0.0423
          28   -0.0319    0.0988   -0.2512   -0.4208   -0.1020   -0.0538    0.0312    0.0251
          29    0.2264    0.2708   -0.1095   -0.1727   -0.0178    0.3307   -0.1830   -0.1340
          30   -0.2156   -0.2059    0.0796   -0.0064   -0.0220    0.3640   -0.1999   -0.1439
          31   -0.0282   -0.0240   -0.2373   -0.2012   -0.0636    0.0339   -0.0206   -0.0187
          32    0.2701    0.2144   -0.1131    0.0123    0.0186   -0.3313    0.1881    0.1504
          33    0.1857    0.1679   -0.0806    0.0203    0.0209    0.4874   -0.2759   -0.2200
          34    0.0642   -0.1783   -0.0951   -0.1268    0.4099   -0.0019   -0.0120    0.0290
          35   -0.0548    0.0930    0.0077    0.0508   -0.1384    0.0320    0.1730   -0.2927
          36   -0.0324    0.0639   -0.0038    0.0476   -0.1406   -0.0452   -0.2435    0.4228
          37    0.0643   -0.1746   -0.0953   -0.1178    0.3978    0.0056    0.0300   -0.0337
          38   -0.0491    0.0827    0.0075    0.0456   -0.1199   -0.0367   -0.1927    0.2370
          39    0.0423   -0.0866   -0.0048   -0.0621    0.1866   -0.0416   -0.2164    0.2506
          40    0.0419   -0.0776    0.0152   -0.0930    0.2684   -0.0007    0.0030   -0.1308
          41   -0.0600    0.1279    0.0032    0.1382   -0.4054   -0.0002    0.0034   -0.0894
          42    0.0018   -0.0066    0.0007   -0.0128    0.0303    0.0035    0.0185   -0.0279
          43    0.0526   -0.2104   -0.0069    0.5538    0.1052    0.0007   -0.0007   -0.0007
          44    0.0129   -0.0842    0.0192    0.2092    0.0407   -0.0296    0.0201    0.0187
          45   -0.0233    0.0881   -0.0023   -0.2352   -0.0442   -0.0312    0.0207    0.0187


   Root No.      33        34        35        36        37        38        39

                33 A      34 A      35 A      36 A      37 A      38 A      39 A   

                2677.5    2691.8    2718.5    2738.8    2755.5    2782.2    2822.8
  
           1   -0.0002    0.0004   -0.0159   -0.0045    0.0033    0.0001   -0.0107
           2   -0.0008    0.0034   -0.0137    0.0019   -0.0021   -0.0031   -0.1591
           3    0.0003    0.0006    0.0055    0.0065   -0.0067   -0.0031   -0.1487
           4    0.0035    0.0052    0.0183    0.0227    0.0035    0.0043    0.0017
           5    0.0068   -0.0073    0.0366   -0.0983    0.1680    0.0156   -0.0077
           6    0.0417   -0.1344   -0.0088    0.0033   -0.0058   -0.0009   -0.0031
           7   -0.0091    0.0069    0.0070   -0.0128    0.0178   -0.0300    0.0007
           8    0.0092   -0.0103   -0.0030    0.1409    0.1299    0.0489   -0.0013
           9    0.0075   -0.1789   -0.0036   -0.0109   -0.0069   -0.0039   -0.0007
          10   -0.0003    0.0003    0.0228    0.0222   -0.0241   -0.0016   -0.0131
          11   -0.0009    0.0055   -0.1733   -0.0494    0.0510    0.0011   -0.0371
          12    0.0224   -0.0495   -0.0176    0.0019   -0.0015   -0.0010   -0.0331
          13   -0.1465    0.0037    0.0011    0.0055    0.0153   -0.1219    0.0024
          14   -0.2290   -0.0145   -0.0022    0.0284    0.0167    0.0831   -0.0019
          15   -0.0286   -0.1809   -0.0021   -0.0017   -0.0009   -0.0076   -0.0004
          16    0.0059   -0.0131    0.0052   -0.0246    0.0266    0.0006   -0.0053
          17   -0.0728    0.2164   -0.1155    0.2618   -0.3514   -0.0273    0.0271
          18   -0.0756    0.2215   -0.1401    0.3082   -0.4106   -0.0317    0.0288
          19    0.0016   -0.0067   -0.0069    0.0038   -0.0111   -0.0023   -0.0006
          20    0.0589   -0.1896   -0.1167    0.2108   -0.2849   -0.0236    0.0136
          21   -0.0770    0.2488    0.1776   -0.3243    0.4336    0.0352   -0.0203
          22    0.0003   -0.0208   -0.0017    0.0287    0.0160    0.0070   -0.0004
          23   -0.0599    0.2864    0.0275   -0.3421   -0.2564   -0.0672   -0.0006
          24   -0.0718    0.3000    0.0331   -0.4160   -0.3084   -0.0793   -0.0012
          25   -0.0028   -0.0045    0.0006   -0.0061   -0.0099    0.0004   -0.0007
          26   -0.0276   -0.2507    0.0127   -0.3059   -0.2264   -0.0593   -0.0021
          27    0.0458    0.3243   -0.0213    0.4615    0.3379    0.0871    0.0035
          28    0.0054   -0.0110   -0.0738   -0.0167    0.0183    0.0004   -0.0058
          29   -0.0276    0.0525    0.4519    0.0898   -0.0867   -0.0004    0.0404
          30   -0.0296    0.0545    0.5670    0.1121   -0.1074   -0.0005    0.0463
          31   -0.0040    0.0102   -0.0267   -0.0090    0.0107    0.0008    0.0094
          32    0.0329   -0.0757    0.3030    0.0699   -0.0665   -0.0017   -0.0055
          33   -0.0480    0.1116   -0.5113   -0.1149    0.1086    0.0026    0.0147
          34   -0.0356    0.0223    0.0006    0.0041    0.0038    0.0122   -0.0006
          35    0.1377   -0.2432   -0.0005    0.0120    0.0303   -0.3057    0.0055
          36   -0.2644    0.3348    0.0006   -0.0171   -0.0458    0.4728   -0.0084
          37   -0.0753   -0.0513   -0.0006    0.0025   -0.0001    0.0506   -0.0015
          38    0.2758    0.2836    0.0060    0.0148    0.0369   -0.3590    0.0081
          39    0.3695    0.3155    0.0069    0.0171    0.0449   -0.4426    0.0098
          40    0.6319    0.0177   -0.0023   -0.0938   -0.1113    0.4433   -0.0072
          41    0.4218    0.0099   -0.0014   -0.0647   -0.0772    0.3282   -0.0053
          42   -0.0011   -0.0256   -0.0003   -0.0006   -0.0007    0.0016   -0.0000
          43   -0.0005    0.0001   -0.0005   -0.0009    0.0007    0.0016    0.0838
          44    0.0025   -0.0116   -0.0225   -0.0286    0.0282    0.0150    0.7186
          45    0.0026   -0.0109   -0.0232   -0.0262    0.0268    0.0135    0.6478


          DESCRIPTION OF VIBRATIONS


 VIBRATION          1    1A           ATOM PAIR      ENERGY CONTRIBUTION    RADIAL
 FREQUENCY            72.00         O  1 -- C  4         +19.0% (740.8%)      0.0%
 TRANSITION DIPOLE   0.1783         C  2 -- C  4         +15.9% (677.4%)      0.0%
 TRAVEL (Ang.)       0.8765         C  2 -- C  3         +12.6% (604.2%)      0.0%
 REDUCED MASS        1.2192         C  4 -- H 11         +10.4% (548.7%)     87.6%
 EFFECTIVE MASS    554.3505
 FORCE CONSTANT      0.0037

 VIBRATION          2    2A           ATOM PAIR      ENERGY CONTRIBUTION    RADIAL
 FREQUENCY            77.90         C  2 -- C  4         +15.8% (696.6%)      0.0%
 TRANSITION DIPOLE   0.1492         C  2 -- C  3         +14.9% (677.3%)      0.0%
 TRAVEL (Ang.)       0.8411         C  3 -- C  5         +13.5% (645.7%)      0.0%
 REDUCED MASS        1.2235         C  2 -- H  6         +10.3% (563.7%)     92.6%
 EFFECTIVE MASS    509.5182         C  2 -- H  7         +10.2% (559.4%)     94.0%
 FORCE CONSTANT      0.0044

 VIBRATION          3    3A           ATOM PAIR      ENERGY CONTRIBUTION    RADIAL
 FREQUENCY           171.38         C  5 -- H 14         +25.9% (314.6%)      0.0%
 TRANSITION DIPOLE   0.0170         C  5 -- H 13         +23.0% (296.6%)      0.5%
 TRAVEL (Ang.)       0.0000         C  5 -- H 12         +22.8% (295.2%)      0.4%
 REDUCED MASS        0.2921         C  2 -- C  3          +7.0% (163.0%)      0.0%
 EFFECTIVE MASS     19.9581
 FORCE CONSTANT      0.0051

 VIBRATION          4    4A           ATOM PAIR      ENERGY CONTRIBUTION    RADIAL
 FREQUENCY           206.14         C  3 -- C  5         +14.1% (248.3%)      0.1%
 TRANSITION DIPOLE   0.1362         C  2 -- C  3         +11.7% (226.0%)      0.5%
 TRAVEL (Ang.)       0.4065         C  2 -- C  4         +11.3% (222.0%)      0.3%
 REDUCED MASS        1.9792         C  2 -- H  7          +9.7% (206.0%)     35.2%
 EFFECTIVE MASS     74.2568
 FORCE CONSTANT      0.0496

 VIBRATION          5    5A           ATOM PAIR      ENERGY CONTRIBUTION    RADIAL
 FREQUENCY           277.02         O  1 -- H 15         +36.8% ( 97.2%)      0.1%
 TRANSITION DIPOLE   0.9487         O  1 -- C  4         +15.5% ( 63.2%)      0.1%
 TRAVEL (Ang.)       0.5276         C  2 -- C  4         +14.5% ( 61.1%)      0.1%
 REDUCED MASS        0.8743         C  4 -- H 10          +8.5% ( 46.8%)     86.2%
 EFFECTIVE MASS      5.3308
 FORCE CONSTANT      0.0395

 VIBRATION          6    6A           ATOM PAIR      ENERGY CONTRIBUTION    RADIAL
 FREQUENCY           398.79         C  3 -- C  5         +12.0% (131.4%)      9.2%
 TRANSITION DIPOLE   0.1316         C  5 -- H 12         +11.2% (127.1%)      0.9%
 TRAVEL (Ang.)       0.2957         C  5 -- H 13         +11.2% (127.0%)      1.0%
 REDUCED MASS        1.9335         C  2 -- C  3         +10.1% (120.3%)      1.4%
 EFFECTIVE MASS     24.0454
 FORCE CONSTANT      0.1812

 VIBRATION          7    7A           ATOM PAIR      ENERGY CONTRIBUTION    RADIAL
 FREQUENCY           446.15         C  2 -- C  4         +13.3% (117.9%)      0.0%
 TRANSITION DIPOLE   0.2304         O  1 -- C  4         +11.1% (107.8%)      0.5%
 TRAVEL (Ang.)       0.2861         C  2 -- C  3         +11.1% (107.7%)      6.1%
 REDUCED MASS        1.8462         C  3 -- C  5         +10.6% (105.3%)      0.1%
 EFFECTIVE MASS     20.9091
 FORCE CONSTANT      0.2165

 VIBRATION          8    8A           ATOM PAIR      ENERGY CONTRIBUTION    RADIAL
 FREQUENCY           788.63         C  2 -- H  6         +21.8% ( 71.7%)      6.1%
 TRANSITION DIPOLE   0.5979         C  2 -- H  7         +21.3% ( 70.8%)      7.1%
 TRAVEL (Ang.)       0.6789         C  3 -- H  9         +14.4% ( 58.3%)      6.4%
 REDUCED MASS        0.1855         C  3 -- H  8         +14.4% ( 58.2%)      6.4%
 EFFECTIVE MASS      2.1095
 FORCE CONSTANT      0.0680

 VIBRATION          9    9A           ATOM PAIR      ENERGY CONTRIBUTION    RADIAL
 FREQUENCY           862.09         C  3 -- H  9         +14.6% ( 58.2%)     11.5%
 TRANSITION DIPOLE   0.1759         C  3 -- H  8         +14.5% ( 58.1%)     11.5%
 TRAVEL (Ang.)       0.5926         C  4 -- H 10         +14.2% ( 57.3%)     12.0%
 REDUCED MASS        0.2227         C  4 -- H 11         +14.1% ( 57.2%)      9.3%
 EFFECTIVE MASS      3.1127
 FORCE CONSTANT      0.0975

 VIBRATION         10   10A           ATOM PAIR      ENERGY CONTRIBUTION    RADIAL
 FREQUENCY           975.01         C  5 -- H 14         +18.0% ( 66.6%)     18.8%
 TRANSITION DIPOLE   0.2432         C  5 -- H 13         +13.2% ( 57.2%)      4.5%
 TRAVEL (Ang.)       0.3261         C  2 -- C  3         +12.0% ( 54.4%)     74.1%
 REDUCED MASS        0.6503         C  2 -- C  4         +11.1% ( 52.3%)     17.4%
 EFFECTIVE MASS      5.9464
 FORCE CONSTANT      0.3642

 VIBRATION         11   11A           ATOM PAIR      ENERGY CONTRIBUTION    RADIAL
 FREQUENCY           982.51         C  5 -- H 12         +15.9% ( 57.4%)      7.3%
 TRANSITION DIPOLE   0.4078         C  5 -- H 14          +9.3% ( 44.0%)     12.2%
 TRAVEL (Ang.)       0.4732         C  2 -- H  7          +9.3% ( 43.7%)     45.5%
 REDUCED MASS        0.3064         C  2 -- C  4          +8.9% ( 42.9%)      1.0%
 EFFECTIVE MASS      4.1027
 FORCE CONSTANT      0.1743

 VIBRATION         12   12A           ATOM PAIR      ENERGY CONTRIBUTION    RADIAL
 FREQUENCY          1058.10         C  4 -- H 10         +16.0% ( 53.7%)     18.8%
 TRANSITION DIPOLE   0.5373         O  1 -- H 15         +15.6% ( 53.0%)      0.4%
 TRAVEL (Ang.)       0.3583         O  1 -- C  4         +11.8% ( 46.0%)     92.0%
 REDUCED MASS        0.4965         C  4 -- H 11          +8.9% ( 39.9%)      4.5%
 EFFECTIVE MASS      5.3325
 FORCE CONSTANT      0.3275

 VIBRATION         13   13A           ATOM PAIR      ENERGY CONTRIBUTION    RADIAL
 FREQUENCY          1115.45         C  2 -- C  4         +23.1% ( 77.8%)     89.5%
 TRANSITION DIPOLE   0.3755         C  2 -- C  3         +11.0% ( 53.8%)     21.2%
 TRAVEL (Ang.)       0.1657         C  2 -- H  6         +10.3% ( 52.0%)      0.8%
 REDUCED MASS        2.2017         C  4 -- H 10         +10.1% ( 51.5%)      2.6%
 EFFECTIVE MASS      9.6447
 FORCE CONSTANT      1.6140

 VIBRATION         14   14A           ATOM PAIR      ENERGY CONTRIBUTION    RADIAL
 FREQUENCY          1130.79         C  3 -- C  5         +24.3% ( 81.2%)     88.2%
 TRANSITION DIPOLE   0.3545         C  2 -- C  3         +12.8% ( 58.8%)      0.9%
 TRAVEL (Ang.)       0.1552         C  5 -- H 14         +10.5% ( 53.5%)      0.0%
 REDUCED MASS        2.4746         C  3 -- H  8          +8.5% ( 48.1%)     23.5%
 EFFECTIVE MASS     10.2134
 FORCE CONSTANT      1.8643

 VIBRATION         15   15A           ATOM PAIR      ENERGY CONTRIBUTION    RADIAL
 FREQUENCY          1158.85         O  1 -- C  4         +15.8% ( 57.6%)     89.4%
 TRANSITION DIPOLE   0.8859         C  2 -- C  4         +15.3% ( 56.8%)     36.3%
 TRAVEL (Ang.)       0.2145         C  2 -- C  3         +11.6% ( 49.3%)     52.8%
 REDUCED MASS        1.2650         C  4 -- H 10          +8.8% ( 43.1%)     14.5%
 EFFECTIVE MASS      8.5838
 FORCE CONSTANT      1.0009

 VIBRATION         16   16A           ATOM PAIR      ENERGY CONTRIBUTION    RADIAL
 FREQUENCY          1175.11         C  2 -- C  3         +17.1% ( 55.1%)     68.6%
 TRANSITION DIPOLE   0.3956         C  3 -- C  5         +11.2% ( 44.6%)     13.1%
 TRAVEL (Ang.)       0.2708         C  4 -- H 11         +10.7% ( 43.8%)      0.3%
 REDUCED MASS        0.7823         C  3 -- H  9         +10.6% ( 43.5%)      2.5%
 EFFECTIVE MASS      5.6137
 FORCE CONSTANT      0.6364

 VIBRATION         17   17A           ATOM PAIR      ENERGY CONTRIBUTION    RADIAL
 FREQUENCY          1187.64         C  2 -- C  3         +15.1% ( 57.2%)     97.1%
 TRANSITION DIPOLE   0.1096         O  1 -- C  4         +13.0% ( 53.1%)     97.1%
 TRAVEL (Ang.)       0.1962         C  3 -- C  5         +12.1% ( 51.3%)     56.6%
 REDUCED MASS        1.4755         C  4 -- H 11          +8.6% ( 43.3%)     88.3%
 EFFECTIVE MASS      9.3652
 FORCE CONSTANT      1.2262

 VIBRATION         18   18A           ATOM PAIR      ENERGY CONTRIBUTION    RADIAL
 FREQUENCY          1208.79         C  2 -- H  7         +29.6% ( 58.7%)      0.0%
 TRANSITION DIPOLE   0.0959         C  2 -- H  6         +29.4% ( 58.4%)      0.0%
 TRAVEL (Ang.)       0.4119         C  4 -- H 10          +5.9% ( 26.1%)      8.7%
 REDUCED MASS        0.3288         C  3 -- C  5          +5.7% ( 25.7%)      0.7%
 EFFECTIVE MASS      2.1694
 FORCE CONSTANT      0.2831

 VIBRATION         19   19A           ATOM PAIR      ENERGY CONTRIBUTION    RADIAL
 FREQUENCY          1221.41         C  3 -- H  9         +31.8% ( 60.0%)      0.0%
 TRANSITION DIPOLE   0.0336         C  3 -- H  8         +31.3% ( 59.5%)      0.1%
 TRAVEL (Ang.)       0.4026         C  2 -- H  6          +5.5% ( 24.9%)     22.1%
 REDUCED MASS        0.3406         C  2 -- H  7          +4.8% ( 23.3%)     26.4%
 EFFECTIVE MASS      2.0498
 FORCE CONSTANT      0.2994

 VIBRATION         20   20A           ATOM PAIR      ENERGY CONTRIBUTION    RADIAL
 FREQUENCY          1296.72         C  4 -- H 11         +29.6% ( 61.0%)      0.1%
 TRANSITION DIPOLE   0.1240         C  4 -- H 10         +13.5% ( 41.2%)      6.3%
 TRAVEL (Ang.)       0.3428         O  1 -- H 15         +12.0% ( 38.8%)     15.3%
 REDUCED MASS        0.4426         C  2 -- H  7         +11.0% ( 37.1%)      0.0%
 EFFECTIVE MASS      2.9691
 FORCE CONSTANT      0.4385

 VIBRATION         21   21A           ATOM PAIR      ENERGY CONTRIBUTION    RADIAL
 FREQUENCY          1299.29         C  5 -- H 13         +39.3% ( 54.1%)      0.8%
 TRANSITION DIPOLE   0.4676         C  5 -- H 12         +36.2% ( 51.9%)      1.4%
 TRAVEL (Ang.)       0.3908         C  5 -- H 14         +11.0% ( 28.6%)     29.1%
 REDUCED MASS        0.3399         C  2 -- H  7          +3.2% ( 15.4%)      1.8%
 EFFECTIVE MASS      1.4272
 FORCE CONSTANT      0.3380

 VIBRATION         22   22A           ATOM PAIR      ENERGY CONTRIBUTION    RADIAL
 FREQUENCY          1301.24         C  5 -- H 14         +50.5% ( 60.8%)      0.0%
 TRANSITION DIPOLE   0.5008         C  5 -- H 12         +24.8% ( 42.6%)      6.4%
 TRAVEL (Ang.)       0.3655         C  5 -- H 13         +20.1% ( 38.4%)     10.5%
 REDUCED MASS        0.3880         C  3 -- C  5          +3.6% ( 16.2%)      0.1%
 EFFECTIVE MASS      1.4262
 FORCE CONSTANT      0.3871

 VIBRATION         23   23A           ATOM PAIR      ENERGY CONTRIBUTION    RADIAL
 FREQUENCY          1316.83         C  4 -- H 11         +27.7% ( 49.4%)      0.7%
 TRANSITION DIPOLE   0.1959         C  4 -- H 10         +25.9% ( 47.8%)      0.2%
 TRAVEL (Ang.)       0.4973         C  2 -- H  6         +10.4% ( 30.4%)      0.4%
 REDUCED MASS        0.2071         C  2 -- H  7         +10.1% ( 29.8%)      0.2%
 EFFECTIVE MASS      1.6245
 FORCE CONSTANT      0.2116

 VIBRATION         24   24A           ATOM PAIR      ENERGY CONTRIBUTION    RADIAL
 FREQUENCY          1321.47         C  2 -- H  7         +22.6% ( 46.5%)      1.4%
 TRANSITION DIPOLE   0.4619         C  2 -- H  6         +20.7% ( 44.5%)      1.9%
 TRAVEL (Ang.)       0.4954         C  3 -- H  8         +13.0% ( 35.3%)      0.1%
 REDUCED MASS        0.2079         C  3 -- H  9         +12.8% ( 35.0%)      0.1%
 EFFECTIVE MASS      1.9296
 FORCE CONSTANT      0.2139

 VIBRATION         25   25A           ATOM PAIR      ENERGY CONTRIBUTION    RADIAL
 FREQUENCY          1328.57         C  3 -- H  8         +31.5% ( 51.6%)      1.9%
 TRANSITION DIPOLE   0.3230         C  3 -- H  9         +31.4% ( 51.6%)      1.9%
 TRAVEL (Ang.)       0.4171         C  4 -- H 11         +11.7% ( 31.5%)      2.0%
 REDUCED MASS        0.2917         C  4 -- H 10         +10.3% ( 29.6%)      3.5%
 EFFECTIVE MASS      1.7201
 FORCE CONSTANT      0.3034

 VIBRATION         26   26A           ATOM PAIR      ENERGY CONTRIBUTION    RADIAL
 FREQUENCY          1347.37         C  2 -- H  7         +13.6% ( 39.4%)      0.9%
 TRANSITION DIPOLE   0.4922         C  3 -- H  9         +13.5% ( 39.2%)      0.2%
 TRAVEL (Ang.)       0.4984         C  3 -- H  8         +13.4% ( 39.0%)      0.3%
 REDUCED MASS        0.2015         C  2 -- H  6         +11.9% ( 36.8%)      1.8%
 EFFECTIVE MASS      2.5664
 FORCE CONSTANT      0.2155

 VIBRATION         27   27A           ATOM PAIR      ENERGY CONTRIBUTION    RADIAL
 FREQUENCY          1365.85         C  2 -- H  6         +16.7% ( 44.7%)      1.1%
 TRANSITION DIPOLE   0.6179         C  2 -- H  7         +16.5% ( 44.4%)      1.3%
 TRAVEL (Ang.)       0.4063         C  3 -- H  9         +12.8% ( 39.2%)      0.9%
 REDUCED MASS        0.2990         C  3 -- H  8         +12.8% ( 39.1%)      0.9%
 EFFECTIVE MASS      2.8525
 FORCE CONSTANT      0.3286

 VIBRATION         28   28A           ATOM PAIR      ENERGY CONTRIBUTION    RADIAL
 FREQUENCY          1386.41         O  1 -- H 15         +39.3% ( 62.0%)     12.2%
 TRANSITION DIPOLE   0.3076         C  4 -- H 10         +20.5% ( 44.8%)     13.5%
 TRAVEL (Ang.)       0.3618         C  4 -- H 11          +8.6% ( 28.9%)      0.0%
 REDUCED MASS        0.3716         O  1 -- C  4          +7.2% ( 26.6%)      0.9%
 EFFECTIVE MASS      2.4433
 FORCE CONSTANT      0.4208

 VIBRATION         29   29A           ATOM PAIR      ENERGY CONTRIBUTION    RADIAL
 FREQUENCY          1406.04         C  5 -- H 14         +23.4% ( 48.5%)      0.7%
 TRANSITION DIPOLE   0.6613         C  5 -- H 12         +20.8% ( 45.7%)      1.5%
 TRAVEL (Ang.)       0.4048         C  5 -- H 13         +20.8% ( 45.7%)      1.5%
 REDUCED MASS        0.2927         C  3 -- H  8          +8.2% ( 28.7%)      0.4%
 EFFECTIVE MASS      2.2474
 FORCE CONSTANT      0.3409

 VIBRATION         30   30A           ATOM PAIR      ENERGY CONTRIBUTION    RADIAL
 FREQUENCY          2646.14         C  4 -- H 11         +36.4% ( 62.6%)     98.7%
 TRANSITION DIPOLE   0.1320         C  4 -- H 10         +26.2% ( 53.2%)     97.7%
 TRAVEL (Ang.)       0.3190         C  2 -- H  7         +14.7% ( 39.9%)     98.5%
 REDUCED MASS        0.2504         C  2 -- H  6         +12.8% ( 37.2%)     98.1%
 EFFECTIVE MASS      1.4159
 FORCE CONSTANT      1.0329

 VIBRATION         31   31A           ATOM PAIR      ENERGY CONTRIBUTION    RADIAL
 FREQUENCY          2658.38         C  3 -- H  8         +27.7% ( 54.5%)     98.3%
 TRANSITION DIPOLE   0.1961         C  3 -- H  9         +26.5% ( 53.4%)     98.1%
 TRAVEL (Ang.)       0.3650         C  4 -- H 11         +11.7% ( 35.5%)     98.7%
 REDUCED MASS        0.1904         C  5 -- H 12          +9.5% ( 31.9%)     98.2%
 EFFECTIVE MASS      1.4219
 FORCE CONSTANT      0.7929

 VIBRATION         32   32A           ATOM PAIR      ENERGY CONTRIBUTION    RADIAL
 FREQUENCY          2675.69         C  5 -- H 12         +28.3% ( 54.8%)     99.3%
 TRANSITION DIPOLE   0.1853         C  2 -- H  7         +21.5% ( 47.8%)     98.2%
 TRAVEL (Ang.)       0.3542         C  2 -- H  6         +20.6% ( 46.8%)     97.8%
 REDUCED MASS        0.2008         C  5 -- H 13         +13.0% ( 37.2%)     93.5%
 EFFECTIVE MASS      1.4570
 FORCE CONSTANT      0.8471

 VIBRATION         33   33A           ATOM PAIR      ENERGY CONTRIBUTION    RADIAL
 FREQUENCY          2677.54         C  5 -- H 14         +61.5% ( 80.9%)     99.5%
 TRANSITION DIPOLE   0.5281         C  5 -- H 13         +23.6% ( 50.1%)     91.4%
 TRAVEL (Ang.)       0.2341         C  5 -- H 12         +10.1% ( 32.8%)     77.0%
 REDUCED MASS        0.4594         C  2 -- H  6          +1.2% ( 11.2%)     98.6%
 EFFECTIVE MASS      1.4492
 FORCE CONSTANT      1.9407

 VIBRATION         34   34A           ATOM PAIR      ENERGY CONTRIBUTION    RADIAL
 FREQUENCY          2691.81         C  5 -- H 13         +19.7% ( 45.5%)     98.0%
 TRANSITION DIPOLE   0.9721         C  5 -- H 12         +18.5% ( 44.1%)     97.5%
 TRAVEL (Ang.)       0.3832         C  3 -- H  8         +18.5% ( 44.1%)     98.0%
 REDUCED MASS        0.1706         C  3 -- H  9         +18.1% ( 43.6%)     97.8%
 EFFECTIVE MASS      1.4834         C  2 -- H  7         +10.5% ( 33.2%)     98.0%
 FORCE CONSTANT      0.7283         C  2 -- H  6         +10.3% ( 32.9%)     97.7%

 VIBRATION         35   35A           ATOM PAIR      ENERGY CONTRIBUTION    RADIAL
 FREQUENCY          2718.46         C  4 -- H 10         +55.0% ( 73.1%)     97.8%
 TRANSITION DIPOLE   0.2406         C  4 -- H 11         +35.8% ( 59.0%)     95.4%
 TRAVEL (Ang.)       0.2415         C  2 -- H  7          +4.6% ( 21.2%)     98.3%
 REDUCED MASS        0.4252         C  2 -- H  6          +3.3% ( 18.0%)     96.6%
 EFFECTIVE MASS      1.2001
 FORCE CONSTANT      1.8514

 VIBRATION         36   36A           ATOM PAIR      ENERGY CONTRIBUTION    RADIAL
 FREQUENCY          2738.76         C  3 -- H  9         +31.5% ( 55.3%)     97.3%
 TRANSITION DIPOLE   0.1299         C  3 -- H  8         +29.8% ( 53.8%)     97.0%
 TRAVEL (Ang.)       0.3224         C  2 -- H  6         +16.8% ( 40.5%)     97.3%
 REDUCED MASS        0.2369         C  2 -- H  7         +15.3% ( 38.5%)     96.7%
 EFFECTIVE MASS      1.2044
 FORCE CONSTANT      1.0471

 VIBRATION         37   37A           ATOM PAIR      ENERGY CONTRIBUTION    RADIAL
 FREQUENCY          2755.50         C  2 -- H  6         +30.5% ( 54.3%)     96.2%
 TRANSITION DIPOLE   0.5667         C  2 -- H  7         +28.0% ( 51.9%)     95.5%
 TRAVEL (Ang.)       0.3279         C  3 -- H  9         +17.2% ( 40.8%)     95.6%
 REDUCED MASS        0.2276         C  3 -- H  8         +16.8% ( 40.2%)     95.4%
 EFFECTIVE MASS      1.2779
 FORCE CONSTANT      1.0181

 VIBRATION         38   38A           ATOM PAIR      ENERGY CONTRIBUTION    RADIAL
 FREQUENCY          2782.23         C  5 -- H 13         +33.5% ( 55.6%)     95.7%
 TRANSITION DIPOLE   0.3899         C  5 -- H 12         +32.3% ( 54.7%)     95.5%
 TRAVEL (Ang.)       0.2802         C  5 -- H 14         +30.9% ( 53.5%)     95.2%
 REDUCED MASS        0.3087         C  3 -- H  9          +1.3% ( 10.8%)     87.8%
 EFFECTIVE MASS      1.1482
 FORCE CONSTANT      1.4080

 VIBRATION         39   39A           ATOM PAIR      ENERGY CONTRIBUTION    RADIAL
 FREQUENCY          2822.82         O  1 -- H 15         +98.8% ( 99.4%)     98.9%
 TRANSITION DIPOLE   1.0433         C  4 -- H 10          +0.5% (  6.9%)     95.8%
 TRAVEL (Ang.)       0.1600         O  1 -- C  4          +0.3% (  5.8%)     13.5%
 REDUCED MASS        0.9326         C  2 -- H  6          +0.2% (  3.9%)     97.7%
 EFFECTIVE MASS      1.3380
 FORCE CONSTANT      4.3783

      SYMMETRY NUMBER FOR POINT-GROUP C1  =  1


          SYSTEM IS A GROUND STATE


 HEADER  data-set: C:/Users/ildsf/Downloads/TCC/thermo/programs/mopac/butanol_PM7



          MOLECULE IS NOT LINEAR

          THERE ARE 39 GENUINE VIBRATIONS IN THIS SYSTEM
          THIS THERMODYNAMICS CALCULATION IS LIMITED TO
          MOLECULES WHICH HAVE NO INTERNAL ROTATIONS




                    CALCULATED THERMODYNAMIC PROPERTIES
                                          *
   TEMP. (K)   PARTITION FUNCTION   H.O.F.    ENTHALPY  HEAT CAPACITY ENTROPY
                                   KCAL/MOL   CAL/MOLE    CAL/K/MOL  CAL/K/MOL


 298.00  VIB.     0.6095D+02                  2655.9959    17.4364    17.0803
         ROT.     0.1051D+06                   888.2813     2.9808    25.9579
         INT.     0.6405D+07                  3544.2772    20.4172    43.0382
         TRA.     0.6169D+27                  1480.4688     4.9680    38.8232
         TOT.                      -67.674    5024.7461    25.3852    81.8613

   *: NOTE: HEATS OF FORMATION ARE RELATIVE TO THE
            ELEMENTS IN THEIR STANDARD STATE AT 298K
              (=  Standard Enthalpy of Formation).

            Hvib:  Zero-point energy is not included.
                   frequencies of less than zero cm-1 are not included.
            Hrot = (3/2)RT
            Htra = (3/2)RT + pV = (5/2)RT

            Heat capacity is Cp, not Cv

          For more information, see: HTTP://OpenMOPAC.net/Manual/thermochemistry.html


           FORCE CONSTANT IN CARTESIAN COORDINATES (Millidynes/A)

    ATOM   CHEMICAL       X               Y               Z
   NUMBER   SYMBOL  FORCE CONSTANT  FORCE CONSTANT  FORCE CONSTANT

      1       O        4.538536        4.442817        2.980091
      2       C        7.197113        7.039488        6.506874
      3       C        7.156176        7.045129        6.541552
      4       C        7.132387        7.282970        6.669197
      5       C        6.780423        6.597860        6.367130
      6       H        0.870491        2.228763        2.534053
      7       H        0.853326        1.822349        2.954771
      8       H        0.883770        2.187285        2.575813
      9       H        0.875740        1.840049        2.935173
     10       H        0.877737        2.089167        2.614209
     11       H        0.854361        1.672908        3.018833
     12       H        0.736962        1.688182        3.020570
     13       H        0.766569        2.033322        2.646373
     14       H        3.042494        1.823813        0.568264
     15       H        0.709618        2.562038        2.149399

 **********************
 *                    *
 * JOB ENDED NORMALLY *
 *                    *
 **********************



 TOTAL JOB TIME:             0.57 SECONDS

 == MOPAC DONE ==
