 *******************************************************************************
 ** Cite this program as: MOPAC2016, Version: 22.097 , James J. P. Stewart,   **
 **                           web-site: HTTP://OpenMOPAC.net.                 **
 *******************************************************************************
 **                                                                           **
 **                                MOPAC2016                                  **
 **                                                                           **
 *******************************************************************************

                              RM1 CALCULATION RESULTS

 *******************************************************************************
 *  CALCULATION DONE:                                Tue Dec 10 11:35:16 2024  *
 *  RM1        - The RM1 Hamiltonian to be used
 *  MMOK       - APPLY MM CORRECTION TO CONH BARRIER
 *  START_RES  - STARTING RESIDUE NUMBERS DEFINED
 *  Keyword:     START_RES=(1A) 
 *  CHAINS     - PDB CHAIN LETTERS EXPLICITLY DEFINED
 *  Keyword:     CHAINS=(A) 
 *  PRECISE    - TIGHTER CRITERIA TO BE USED
 *  EF         - USE EF ROUTINE FOR MINIMUM SEARCH
 *  T=         - A TIME OF 172800.0 SECONDS REQUESTED
 *  DUMP=N     - RESTART FILE WRITTEN EVERY 7200.0 SECONDS REQUESTED
 *  CYCLES=    - DO A MAXIMUM OF 20000 STEPS
 *  GNORM      - EXIT WHEN GRADIENT NORM DROPS BELOW 0.001
 *  NOINTER    - THIS KEYWORD HAS BEEN REPLACED BY PRTINT
 *  THERMO     - THERMODYNAMIC QUANTITIES TO BE CALCULATED
 *******************************************************************************
 START_RES=(1A)  CHAINS=(A) RM1 EF PRECISE GNORM=0.001 CYCLES=20000 NOINTER MMOK THERMO(298,298)

 HEADER  data-set: C:/Users/ildsf/Downloads/TCC/thermo/programs/mopac/butanol_RM1
   ATOM                 CHEMICAL                   X               Y               Z
  NUMBER                 SYMBOL               (ANGSTROMS)     (ANGSTROMS)     (ANGSTROMS)
 
     1       O(ATOM      1  O   UNK A   1)   -2.94700000  *  -1.86000000  *   1.25600000  *
     2       C(ATOM      2  C   UNK A   1)   -2.99400000  *   0.52700000  *   1.64700000  *
     3       C(ATOM      3  C   UNK A   1)   -2.73100000  *   1.86900000  *   0.97400000  *
     4       C(ATOM      4  C   UNK A   1)   -2.59800000  *  -0.62400000  *   0.71300000  *
     5       C(ATOM      5  C   UNK A   1)   -3.11700000  *   3.01700000  *   1.89200000  *
     6       H(ATOM      7  H   UNK A   1)   -2.43900000  *   0.45700000  *   2.60700000  *
     7       H(ATOM      8  H   UNK A   1)   -4.06300000  *   0.43500000  *   1.93400000  *
     8       H(ATOM      9  H   UNK A   1)   -3.29000000  *   1.93900000  *   0.01700000  *
     9       H(ATOM     10  H   UNK A   1)   -1.66200000  *   1.95500000  *   0.68200000  *
    10       H(ATOM     11  H   UNK A   1)   -3.15600000  *  -0.58700000  *  -0.24800000  *
    11       H(ATOM     12  H   UNK A   1)   -1.51600000  *  -0.57200000  *   0.44900000  *
    12       H(ATOM     13  H   UNK A   1)   -4.18200000  *   2.99000000  *   2.16600000  *
    13       H(ATOM     14  H   UNK A   1)   -2.54700000  *   3.00900000  *   2.83200000  *
    14       H(ATOM     15  H   UNK A   1)   -2.93700000  *   3.99400000  *   1.42200000  *
    15       H(ATOM     16  H   UNK A   1)   -2.45500000  *  -1.97600000  *   2.07400000  *
 

  H: (RM1): G.B. ROCHA, R.O. FREIRE, A.M.SIMAS, J.J.P. STEWART, J. COMP. CHEM. 27, 1101 (2006)
  C: (RM1): G.B. ROCHA, R.O. FREIRE, A.M.SIMAS, J.J.P. STEWART, J. COMP. CHEM. 27, 1101 (2006)
  O: (RM1): G.B. ROCHA, R.O. FREIRE, A.M.SIMAS, J.J.P. STEWART, J. COMP. CHEM. 27, 1101 (2006)

           Empirical Formula: C4 H10 O  =    15 atoms



      MOLECULAR POINT GROUP   :   C1  


      RHF CALCULATION, NO. OF DOUBLY OCCUPIED LEVELS = 16



          HEAT OF FORMATION =     -67.710722 KCALS/MOLE


          CARTESIAN COORDINATE DERIVATIVES

   NUMBER  ATOM         X            Y            Z

     1       O      0.066378    -0.353312    -0.410257
     2       C      0.108021     0.662259    -0.019374
     3       C      0.141958    -0.465210     0.698982
     4       C     -0.260780     0.176123    -0.126357
     5       C      0.485890     0.361505    -0.447959
     6       H      0.006773    -0.337636    -0.342045
     7       H      0.065164    -0.132583     0.250512
     8       H     -0.055933    -0.117702    -0.144165
     9       H     -0.030434     0.203116    -0.371520
    10       H      0.012386     0.013853     0.047775
    11       H      0.041484    -0.127799     0.112428
    12       H     -0.098281    -0.096878     0.263192
    13       H     -0.072962     0.107538     0.088729
    14       H     -0.388278    -0.227058     0.009246
    15       H     -0.021387     0.333786     0.390811
 


          GRADIENT NORM =   1.81735


                              **** WARNING ****

           GRADIENT IS VERY LARGE FOR A THERMO CALCULATION
           RESULTS ARE LIKELY TO BE INACCURATE IF THERE ARE
           ANY LOW-LYING VIBRATIONS (LESS THAN ABOUT 400CM-1)
           GRADIENT NORM SHOULD BE LESS THAN ABOUT 1.0 FOR THERMO
           TO GIVE ACCURATE RESULTS

          MOLECULAR WEIGHT =   74.12



          ROTATIONAL CONSTANTS IN CM(-1)

          A =    0.60470025   B =    0.06716648   C =    0.06359218



           PRINCIPAL MOMENTS OF INERTIA IN UNITS OF 10**(-40)*GRAM-CM**2

          A =       46.2920   B =      416.7670   C =      440.1921


          ORIENTATION OF MOLECULE IN FORCE CALCULATION

    NO.       ATOM         X         Y         Z

     1          O      -2.3678   -0.3564    0.0093
     2          C       0.0514   -0.3564    0.0093
     3          C       1.2616    0.5701    0.0093
     4          C      -1.2429    0.4579   -0.1159
     5          C       2.5502   -0.2266    0.1298
     6          H       0.1267   -1.0959   -0.8165
     7          H       0.0278   -0.9707    0.9343
     8          H       1.1869    1.3056    0.8379
     9          H       1.2785    1.1882   -0.9144
    10          H      -1.3508    1.1922    0.7120
    11          H      -1.2553    1.0483   -1.0617
    12          H       2.5885   -0.8171    1.0571
    13          H       2.6831   -0.9328   -0.7021
    14          H       3.4347    0.4257    0.1346
    15          H      -2.3597   -0.9896   -0.7143


    FIRST DERIVATIVES WILL BE USED IN THE CALCULATION OF SECOND DERIVATIVES

          ESTIMATED TIME TO COMPLETE CALCULATION =        0.70 SECONDS

    FOR POINT-GROUP C1   THERE ARE   1 UNIQUE SYMMETRY FUNCTIONS.

 STEP:   1 TIME =     0.01 SECS, INTEGRAL =      0.01 TIME LEFT: 172799.99
 STEP:   2 TIME =     0.01 SECS, INTEGRAL =      0.02 TIME LEFT: 172799.98
 STEP:   3 TIME =     0.02 SECS, INTEGRAL =      0.04 TIME LEFT: 172799.96
 STEP:   4 TIME =     0.01 SECS, INTEGRAL =      0.04 TIME LEFT: 172799.95
 STEP:   5 TIME =     0.01 SECS, INTEGRAL =      0.05 TIME LEFT: 172799.94
 STEP:   6 TIME =     0.01 SECS, INTEGRAL =      0.07 TIME LEFT: 172799.93
 STEP:   7 TIME =     0.01 SECS, INTEGRAL =      0.08 TIME LEFT: 172799.92
 STEP:   8 TIME =     0.01 SECS, INTEGRAL =      0.09 TIME LEFT: 172799.91
 STEP:   9 TIME =     0.01 SECS, INTEGRAL =      0.10 TIME LEFT: 172799.90
 STEP:  10 TIME =     0.01 SECS, INTEGRAL =      0.11 TIME LEFT: 172799.89
 STEP:  11 TIME =     0.01 SECS, INTEGRAL =      0.12 TIME LEFT: 172799.88
 STEP:  12 TIME =     0.01 SECS, INTEGRAL =      0.13 TIME LEFT: 172799.87
 STEP:  13 TIME =     0.01 SECS, INTEGRAL =      0.14 TIME LEFT: 172799.86
 STEP:  14 TIME =     0.01 SECS, INTEGRAL =      0.15 TIME LEFT: 172799.85
 STEP:  15 TIME =     0.02 SECS, INTEGRAL =      0.16 TIME LEFT: 172799.83
 STEP:  16 TIME =     0.01 SECS, INTEGRAL =      0.17 TIME LEFT: 172799.82
 STEP:  17 TIME =     0.02 SECS, INTEGRAL =      0.19 TIME LEFT: 172799.81
 STEP:  18 TIME =     0.01 SECS, INTEGRAL =      0.20 TIME LEFT: 172799.80
 STEP:  19 TIME =     0.01 SECS, INTEGRAL =      0.21 TIME LEFT: 172799.79
 STEP:  20 TIME =     0.01 SECS, INTEGRAL =      0.21 TIME LEFT: 172799.78
 STEP:  21 TIME =     0.01 SECS, INTEGRAL =      0.23 TIME LEFT: 172799.77
 STEP:  22 TIME =     0.01 SECS, INTEGRAL =      0.24 TIME LEFT: 172799.76
 STEP:  23 TIME =     0.01 SECS, INTEGRAL =      0.25 TIME LEFT: 172799.75
 STEP:  24 TIME =     0.01 SECS, INTEGRAL =      0.26 TIME LEFT: 172799.73
 STEP:  25 TIME =     0.02 SECS, INTEGRAL =      0.28 TIME LEFT: 172799.72
 STEP:  26 TIME =     0.01 SECS, INTEGRAL =      0.29 TIME LEFT: 172799.71
 STEP:  27 TIME =     0.02 SECS, INTEGRAL =      0.30 TIME LEFT: 172799.69
 STEP:  28 TIME =     0.01 SECS, INTEGRAL =      0.32 TIME LEFT: 172799.68
 STEP:  29 TIME =     0.01 SECS, INTEGRAL =      0.32 TIME LEFT: 172799.67
 STEP:  30 TIME =     0.01 SECS, INTEGRAL =      0.34 TIME LEFT: 172799.66
 STEP:  31 TIME =     0.01 SECS, INTEGRAL =      0.35 TIME LEFT: 172799.65
 STEP:  32 TIME =     0.01 SECS, INTEGRAL =      0.36 TIME LEFT: 172799.64
 STEP:  33 TIME =     0.01 SECS, INTEGRAL =      0.37 TIME LEFT: 172799.63
 STEP:  34 TIME =     0.01 SECS, INTEGRAL =      0.38 TIME LEFT: 172799.62
 STEP:  35 TIME =     0.01 SECS, INTEGRAL =      0.39 TIME LEFT: 172799.61
 STEP:  36 TIME =     0.01 SECS, INTEGRAL =      0.40 TIME LEFT: 172799.60
 STEP:  37 TIME =     0.01 SECS, INTEGRAL =      0.41 TIME LEFT: 172799.59
 STEP:  38 TIME =     0.01 SECS, INTEGRAL =      0.42 TIME LEFT: 172799.58
 STEP:  39 TIME =     0.01 SECS, INTEGRAL =      0.43 TIME LEFT: 172799.57
 STEP:  40 TIME =     0.01 SECS, INTEGRAL =      0.43 TIME LEFT: 172799.56
 STEP:  41 TIME =     0.01 SECS, INTEGRAL =      0.44 TIME LEFT: 172799.55
 STEP:  42 TIME =     0.01 SECS, INTEGRAL =      0.45 TIME LEFT: 172799.55
 STEP:  43 TIME =     0.01 SECS, INTEGRAL =      0.46 TIME LEFT: 172799.54
 STEP:  44 TIME =     0.01 SECS, INTEGRAL =      0.47 TIME LEFT: 172799.52
 STEP:  45 TIME =     0.01 SECS, INTEGRAL =      0.48 TIME LEFT: 172799.52

(To convert to Hartree/Bohr^2, multiply by (10^(-21) x N x a0^2)/(4.184 x 627.51) =  0.0642)


           FORCE MATRIX IN MILLIDYNES/ANGSTROM


                  O  1       C  2       C  3       C  4       C  5       H  6
 ------------------------------------------------------------------------------
     O    1  11.876571
     C    2   0.929492  13.692880
     C    3   0.086559   3.845213  13.744429
     C    4   7.204698   3.528792   0.582986  15.189416
     C    5   0.022910   0.620400   3.997519   0.045621  13.594576
     H    6   0.030194   4.265094   0.515326   0.517367   0.037875   5.002876
     H    7   0.046048   4.293222   0.513472   0.523105   0.036796   0.462945
     H    8   0.004161   0.515109   4.279776   0.043001   0.510911   0.048347
     H    9   0.004939   0.515688   4.255565   0.044671   0.511751   0.028057
     H   10   0.599773   0.500025   0.035020   4.237542   0.001906   0.045373
     H   11   0.645455   0.509396   0.033287   4.100830   0.001551   0.026733
     H   12   0.001910   0.030637   0.527454   0.002214   4.515908   0.002038
     H   13   0.001741   0.030598   0.527704   0.001755   4.527602   0.029393
     H   14   0.005196   0.053769   0.514623   0.008018   4.538586   0.001868
     H   15   6.129478   0.083097   0.008802   0.784983   0.003090   0.040128


                  H  7       H  8       H  9       H 10       H 11       H 12
 ------------------------------------------------------------------------------
     H    7   5.025031
     H    8   0.028964   5.010592
     H    9   0.047614   0.464946   4.989113
     H   10   0.026238   0.031684   0.001675   4.924199
     H   11   0.048127   0.001560   0.031527   0.416894   4.813587
     H   12   0.028806   0.029564   0.050319   0.000395   0.000623   5.225428
     H   13   0.002049   0.050233   0.029488   0.000475   0.000457   0.467293
     H   14   0.001980   0.038226   0.037914   0.000549   0.000413   0.468719
     H   15   0.008197   0.001316   0.001653   0.112574   0.059830   0.000648


                  H 13       H 14       H 15
 ------------------------------------------
     H   13   5.238777
     H   14   0.469734   5.249592
     H   15   0.000658   0.000730   6.309317


          HEAT OF FORMATION =     -67.710722 KCALS/MOLE

          ZERO POINT ENERGY      83.459 KCAL/MOL


           NORMAL COORDINATE ANALYSIS (Total motion = 1 Angstrom)


   Root No.       1         2         3         4         5         6         7         8

                 1 A       2 A       3 A       4 A       5 A       6 A       7 A       8 A   

                  96.8     111.5     206.8     235.3     326.8     428.9     493.4     792.0
  
           1    0.0011   -0.0034    0.0000    0.0309    0.0364   -0.0490    0.0539    0.0003
           2   -0.0078   -0.0056   -0.0015   -0.0517   -0.0247   -0.0157   -0.0170    0.0014
           3   -0.0133   -0.0545   -0.0005    0.0077    0.0334    0.0029    0.0010    0.0038
           4    0.0005   -0.0032   -0.0006    0.0004   -0.0087   -0.0159   -0.0465    0.0010
           5    0.0005    0.0057    0.0012    0.0654   -0.0077    0.0387   -0.0027   -0.0013
           6   -0.0154    0.0818    0.0117   -0.0021    0.0090   -0.0042   -0.0011   -0.0229
           7    0.0028    0.0010    0.0019    0.0197   -0.0116    0.0482   -0.0260    0.0011
           8   -0.0024    0.0004   -0.0021    0.0358   -0.0064   -0.0278   -0.0543   -0.0010
           9   -0.0420    0.0042   -0.0334   -0.0002    0.0084    0.0047    0.0018   -0.0182
          10   -0.0021   -0.0000   -0.0006   -0.0218    0.0051   -0.0566   -0.0058    0.0003
          11    0.0056    0.0019    0.0012    0.0228    0.0070    0.0049    0.0620   -0.0012
          12    0.0455    0.0244    0.0118   -0.0076   -0.0319   -0.0063   -0.0034   -0.0092
          13   -0.0017    0.0035   -0.0005   -0.0315   -0.0044    0.0793    0.0118    0.0001
          14    0.0007   -0.0029    0.0003   -0.0522    0.0070   -0.0017    0.0117    0.0000
          15    0.0262   -0.0434    0.0092    0.0015   -0.0011    0.0043   -0.0003    0.0005
          16   -0.0269   -0.0097   -0.0109    0.0037   -0.0118   -0.0248   -0.0761   -0.0042
          17    0.0148   -0.0569   -0.0233    0.0592   -0.0361    0.0381   -0.0061   -0.1299
          18   -0.0306    0.1369    0.0330    0.0016    0.0362   -0.0042   -0.0019    0.1015
          19    0.0283   -0.0018    0.0076   -0.0015   -0.0303   -0.0251   -0.0831   -0.0052
          20   -0.0160    0.0746    0.0282    0.0682    0.0206    0.0407   -0.0046    0.1424
          21   -0.0257    0.1272    0.0301    0.0018    0.0276   -0.0032   -0.0023    0.0808
          22   -0.0088    0.0407   -0.0002    0.0495   -0.0125    0.0596   -0.0322   -0.0145
          23    0.0432    0.0189    0.0371    0.0360   -0.0106   -0.0287   -0.0516   -0.1101
          24   -0.0835   -0.0089   -0.0682    0.0008    0.0126    0.0067    0.0015    0.0853
          25    0.0199   -0.0370    0.0078    0.0478   -0.0176    0.0603   -0.0332    0.0069
          26   -0.0527   -0.0197   -0.0453    0.0360   -0.0009   -0.0268   -0.0549    0.1202
          27   -0.0753   -0.0102   -0.0620    0.0018    0.0116    0.0056   -0.0012    0.0704
          28   -0.0029   -0.0453   -0.0045   -0.0530    0.0168   -0.0681   -0.0208    0.0292
          29   -0.0569   -0.0130   -0.0066    0.0251    0.0357    0.0068    0.0586   -0.0684
          30    0.1011    0.0315    0.0183   -0.0147   -0.0552   -0.0109   -0.0040    0.0591
          31   -0.0052    0.0469    0.0031   -0.0529    0.0115   -0.0709   -0.0221   -0.0372
          32    0.0769    0.0185    0.0101    0.0129   -0.0194   -0.0038    0.0648    0.0728
          33    0.0902    0.0340    0.0174   -0.0124   -0.0474   -0.0102    0.0001    0.0420
          34   -0.0048    0.0423   -0.1079   -0.0761    0.0077    0.1041    0.0556   -0.0372
          35    0.0804    0.0081   -0.1489   -0.0588    0.0073    0.0029    0.0197    0.0281
          36    0.0771   -0.0382   -0.0812   -0.0005   -0.0015    0.0050    0.0020    0.0224
          37   -0.0061   -0.0360    0.1168   -0.0781   -0.0041    0.1035    0.0560    0.0346
          38   -0.0722   -0.0134    0.1379   -0.0594    0.0082    0.0030    0.0190   -0.0249
          39    0.0875   -0.0409   -0.0887   -0.0003   -0.0021    0.0055    0.0016    0.0300
          40    0.0021    0.0062   -0.0123    0.0158   -0.0110    0.0536   -0.0349   -0.0011
          41   -0.0040   -0.0062    0.0148   -0.1174    0.0162    0.0348    0.0773    0.0015
          42   -0.0299   -0.0915    0.2310    0.0069   -0.0081    0.0003   -0.0073    0.0246
          43   -0.0075    0.0327   -0.0024    0.0499   -0.2943   -0.0696    0.1260   -0.0068
          44    0.0577    0.0170    0.0132   -0.0357    0.3726    0.0145   -0.0503   -0.0124
          45   -0.0708   -0.0739   -0.0135   -0.0063   -0.3172   -0.0235    0.0301    0.0161


   Root No.       9        10        11        12        13        14        15        16

                 9 A      10 A      11 A      12 A      13 A      14 A      15 A      16 A   

                 869.1     976.4     977.2    1055.9    1119.2    1132.4    1151.1    1173.4
  
           1   -0.0022    0.0034   -0.0031   -0.0140   -0.0055   -0.0023    0.0120   -0.0089
           2   -0.0023    0.0043    0.0015   -0.0079   -0.0015   -0.0027    0.0053   -0.0123
           3   -0.0055    0.0032   -0.0032   -0.0048    0.0061   -0.0021   -0.0008    0.0048
           4    0.0000    0.0055    0.0162    0.0107    0.0630   -0.0049   -0.0505   -0.0276
           5    0.0004    0.0212    0.0299   -0.0094   -0.0479    0.0001   -0.0093   -0.0367
           6    0.0144    0.0202   -0.0170   -0.0167    0.0147    0.0307   -0.0033    0.0167
           7    0.0012   -0.0049   -0.0081    0.0009   -0.0025    0.0037   -0.0591    0.0358
           8   -0.0022   -0.0080   -0.0149    0.0035    0.0122    0.0002    0.0768    0.0294
           9   -0.0276    0.0038   -0.0027    0.0157   -0.0062   -0.0348   -0.0067   -0.0053
          10   -0.0009    0.0073    0.0088   -0.0081   -0.0475   -0.0002    0.0074   -0.0067
          11    0.0032   -0.0123   -0.0114    0.0109    0.0525   -0.0006   -0.0146    0.0124
          12    0.0250   -0.0238    0.0198    0.0200   -0.0192   -0.0188    0.0035   -0.0095
          13   -0.0000   -0.0152   -0.0303   -0.0046   -0.0032   -0.0028    0.0635   -0.0197
          14   -0.0005   -0.0139   -0.0218   -0.0042   -0.0194    0.0016   -0.0638   -0.0026
          15   -0.0085   -0.0170    0.0136   -0.0079    0.0027    0.0308    0.0066   -0.0101
          16   -0.0424    0.0754   -0.0114    0.0988    0.1070   -0.0505    0.0114   -0.0128
          17    0.0458    0.0769   -0.0080   -0.0438   -0.0351    0.0562   -0.0118   -0.0209
          18   -0.0339   -0.0288    0.0145    0.0270    0.0118   -0.0281    0.0062    0.0063
          19    0.0495   -0.0399    0.0937   -0.0548    0.1278    0.0483    0.0176   -0.0995
          20   -0.0512   -0.0370    0.0766    0.0325   -0.0691   -0.0622   -0.0069   -0.0794
          21   -0.0220   -0.0213    0.0209    0.0117   -0.0047   -0.0137   -0.0010   -0.0175
          22    0.0220    0.0947   -0.0382    0.0662   -0.0811    0.0774   -0.0830    0.0075
          23   -0.0979    0.0041   -0.0179    0.0413    0.0028   -0.0615    0.0971    0.0299
          24    0.0669    0.0041    0.0014   -0.0143   -0.0054    0.0314   -0.0348   -0.0093
          25   -0.0289   -0.0631    0.0907   -0.0528   -0.0471   -0.0563   -0.0843    0.2653
          26    0.1042   -0.0142   -0.0003   -0.0353    0.0265    0.0713    0.0949    0.0616
          27    0.0500   -0.0035    0.0056   -0.0136    0.0043    0.0164    0.0117    0.0223
          28   -0.0343    0.0051   -0.0122    0.1975   -0.1420    0.1506    0.0377    0.0778
          29    0.0989   -0.0880    0.0381    0.1002    0.0199   -0.0144   -0.0063    0.0193
          30   -0.0714    0.0493   -0.0295   -0.0354   -0.0076    0.0166    0.0032   -0.0038
          31    0.0487   -0.0178    0.0305   -0.1236   -0.0595   -0.0992    0.0344    0.0966
          32   -0.0999    0.0606   -0.0680   -0.0438    0.0884    0.0372   -0.0152    0.0623
          33   -0.0465    0.0263   -0.0206   -0.0139    0.0102    0.0094   -0.0007    0.0221
          34   -0.0781   -0.0284    0.1665   -0.0217    0.0484    0.0931    0.1501    0.0170
          35    0.0521    0.0557   -0.0365    0.0207   -0.0145   -0.0589   -0.0535    0.0315
          36    0.0331    0.0306   -0.0119    0.0100    0.0018   -0.0169    0.0024    0.0082
          37    0.0742    0.1373    0.0339    0.0473    0.0346   -0.0833    0.1542    0.0490
          38   -0.0469   -0.0457    0.0441   -0.0181   -0.0071    0.0584   -0.0561    0.0052
          39    0.0481    0.0424   -0.0320    0.0149   -0.0005   -0.0356    0.0230   -0.0032
          40   -0.0036   -0.0871   -0.1501   -0.0213   -0.0382   -0.0025    0.0180   -0.0606
          41    0.0040    0.0905    0.1540    0.0203    0.0302    0.0027   -0.0012    0.0638
          42    0.0472    0.0278   -0.0490    0.0077   -0.0063   -0.0351    0.0027   -0.0049
          43    0.0251   -0.0440    0.0062    0.0992    0.0204    0.0091    0.0149    0.0172
          44    0.0173   -0.0156    0.0111    0.0430    0.0123   -0.0005    0.0048   -0.0071
          45   -0.0232    0.0213   -0.0118   -0.0513   -0.0048   -0.0048   -0.0011    0.0002


   Root No.      17        18        19        20        21        22        23        24

                17 A      18 A      19 A      20 A      21 A      22 A      23 A      24 A   

                1184.0    1186.5    1246.8    1274.4    1294.3    1299.0    1306.2    1311.3
  
           1   -0.0007    0.0013   -0.0222    0.0123   -0.0088   -0.0029   -0.0000    0.0029
           2    0.0024   -0.0015   -0.0208    0.0100   -0.0093   -0.0030    0.0005    0.0021
           3    0.0026    0.0023    0.0102    0.0006    0.0022    0.0009    0.0006    0.0005
           4    0.0056   -0.0100    0.0015   -0.0217    0.0169    0.0056    0.0001   -0.0006
           5    0.0101   -0.0217    0.0148    0.0001    0.0120    0.0014   -0.0011   -0.0251
           6    0.0058   -0.0262   -0.0038   -0.0004   -0.0004    0.0001   -0.0006    0.0017
           7   -0.0064    0.0176   -0.0269   -0.0198    0.0129    0.0042   -0.0003    0.0009
           8   -0.0078    0.0148   -0.0164   -0.0058    0.0041   -0.0144   -0.0015   -0.0196
           9   -0.0326   -0.0018    0.0002   -0.0011    0.0007    0.0014   -0.0043    0.0014
          10    0.0028   -0.0033   -0.0066   -0.0204   -0.0103   -0.0036   -0.0001   -0.0072
          11   -0.0044    0.0070    0.0073    0.0086    0.0278    0.0086   -0.0007    0.0042
          12    0.0139    0.0089   -0.0132   -0.0018   -0.0051   -0.0018    0.0012   -0.0011
          13    0.0040   -0.0103    0.0063   -0.0037    0.0060   -0.0062    0.0011    0.0043
          14    0.0008   -0.0004    0.0067    0.0104   -0.0015   -0.0257   -0.0023    0.0088
          15    0.0171    0.0186    0.0013   -0.0008    0.0001    0.0018   -0.0322    0.0002
          16    0.2391   -0.0142    0.1002    0.1284   -0.0675   -0.0145    0.0307    0.0101
          17    0.0369   -0.0704    0.0414   -0.0218   -0.0375    0.0200    0.0072    0.1213
          18    0.0017    0.0198   -0.0184    0.0309    0.0343   -0.0170   -0.0054   -0.1184
          19   -0.2337   -0.0479    0.1144    0.1227   -0.0543   -0.0114   -0.0311    0.0028
          20   -0.0086    0.0135    0.0499   -0.0286   -0.0413    0.0226    0.0063    0.1382
          21   -0.0121   -0.0043    0.0209   -0.0143   -0.0364    0.0124    0.0027    0.1018
          22   -0.0651    0.2561    0.0228    0.1057   -0.0808   -0.0386    0.0138    0.0196
          23   -0.0646    0.0308   -0.0252   -0.0201   -0.0051    0.0602    0.0014    0.1057
          24    0.0147    0.0039    0.0127    0.0210    0.0011   -0.0635   -0.0060   -0.1001
          25    0.0021   -0.1325   -0.0228    0.1142   -0.0869   -0.0454   -0.0085    0.0109
          26    0.0470    0.0162   -0.0309   -0.0202   -0.0075    0.0678    0.0091    0.1190
          27    0.0056   -0.0035   -0.0102   -0.0065   -0.0095    0.0510    0.0015    0.0872
          28   -0.0620   -0.1113    0.1231    0.0028    0.0936    0.0328   -0.0090    0.0009
          29    0.0042    0.0097    0.0691   -0.0985   -0.1057   -0.0357    0.0001   -0.0320
          30   -0.0020   -0.0115   -0.0473    0.0920    0.1188    0.0397   -0.0007    0.0299
          31    0.0351    0.1099    0.2784    0.0011    0.1248    0.0441    0.0037    0.0038
          32   -0.0270   -0.0070    0.1449   -0.1156   -0.1160   -0.0383   -0.0021   -0.0364
          33   -0.0013   -0.0036    0.0635   -0.0752   -0.0896   -0.0296    0.0002   -0.0246
          34    0.0329    0.0496   -0.0066    0.0136   -0.0227    0.0067    0.2202   -0.0304
          35   -0.0429   -0.0217   -0.0125    0.0075   -0.0501    0.1972    0.1010   -0.0613
          36   -0.0167   -0.0004   -0.0086   -0.0020   -0.0286    0.1345    0.0416   -0.0407
          37   -0.0422   -0.0160   -0.0119    0.0147   -0.0321    0.0308   -0.2187   -0.0271
          38    0.0317    0.0388   -0.0075    0.0084   -0.0485    0.1797   -0.0876   -0.0522
          39   -0.0226   -0.0165    0.0085    0.0019    0.0332   -0.1575    0.0244    0.0438
          40    0.0145   -0.0274    0.0388    0.0432   -0.0430    0.0375   -0.0167   -0.0191
          41   -0.0154    0.0285   -0.0419   -0.0511    0.0579   -0.0678    0.0195    0.0332
          42   -0.0497   -0.0251    0.0044    0.0041   -0.0006    0.0002    0.3632   -0.0096
          43    0.0181   -0.0153    0.0227    0.0411    0.0054    0.0033    0.0067    0.0141
          44    0.0162   -0.0098   -0.0054    0.0244   -0.0055   -0.0006    0.0039    0.0077
          45   -0.0093    0.0104   -0.0031   -0.0130   -0.0008   -0.0012   -0.0025   -0.0047


   Root No.      25        26        27        28        29        30        31        32

                25 A      26 A      27 A      28 A      29 A      30 A      31 A      32 A   

                1329.9    1349.6    1372.5    1401.9    1480.7    2897.9    2930.6    2948.4
  
           1   -0.0003    0.0089    0.0073    0.0012   -0.0838   -0.0001   -0.0000    0.0003
           2    0.0006    0.0085    0.0079    0.0205   -0.0428    0.0006   -0.0001    0.0003
           3   -0.0002    0.0026    0.0037    0.0226    0.0263    0.0001    0.0000   -0.0001
           4   -0.0042   -0.0330   -0.0386    0.0287   -0.0321   -0.0011   -0.0010    0.0008
           5    0.0265   -0.0060    0.0024    0.0103   -0.0017    0.0009    0.0025   -0.0035
           6   -0.0018   -0.0010   -0.0018    0.0026    0.0014    0.0097    0.0205   -0.0210
           7   -0.0049    0.0259    0.0617   -0.0169    0.0005    0.0000    0.0015    0.0007
           8   -0.0302    0.0099   -0.0057   -0.0009    0.0022   -0.0001   -0.0008   -0.0001
           9    0.0014    0.0006    0.0035    0.0002   -0.0000   -0.0022   -0.0284   -0.0182
          10    0.0041   -0.0100   -0.0088   -0.0320    0.1385    0.0013    0.0001   -0.0013
          11   -0.0071   -0.0145   -0.0174   -0.0468    0.0558    0.0098   -0.0037    0.0126
          12    0.0009   -0.0022   -0.0032   -0.0239   -0.0279   -0.0464    0.0048    0.0019
          13    0.0102    0.0270   -0.0402    0.0032    0.0019   -0.0000   -0.0002   -0.0002
          14    0.0040   -0.0178    0.0161   -0.0003   -0.0006   -0.0000    0.0001    0.0000
          15    0.0003    0.0025   -0.0030    0.0005    0.0003    0.0001    0.0027    0.0021
          16    0.0341    0.0823    0.0662   -0.1450    0.0368    0.0040    0.0140   -0.0124
          17   -0.1124    0.0154   -0.0017   -0.0064    0.0109   -0.0551   -0.1230    0.1341
          18    0.1151   -0.0080    0.0118   -0.0034   -0.0081   -0.0605   -0.1318    0.1427
          19    0.0390    0.0833    0.0719   -0.0838    0.0791    0.0038    0.0010   -0.0029
          20   -0.1297    0.0153   -0.0049   -0.0130    0.0006    0.0502    0.0898   -0.0826
          21   -0.0951    0.0141   -0.0049   -0.0145    0.0066   -0.0732   -0.1270    0.1126
          22    0.0133   -0.0426   -0.1302    0.0390    0.0006   -0.0013   -0.0155   -0.0079
          23    0.1219   -0.0352    0.0111    0.0047    0.0010    0.0122    0.1498    0.0904
          24   -0.1212    0.0300   -0.0266    0.0011    0.0005    0.0132    0.1587    0.0936
          25    0.0027   -0.0414   -0.1351    0.0278   -0.0053   -0.0009   -0.0024   -0.0034
          26    0.1389   -0.0392    0.0140    0.0018    0.0007   -0.0110   -0.1400   -0.0914
          27    0.1050   -0.0294    0.0111    0.0020   -0.0005    0.0160    0.1990    0.1282
          28   -0.0085   -0.0106   -0.0012   -0.0573   -0.1876   -0.0227   -0.0005    0.0156
          29    0.0297   -0.0030   -0.0072   -0.0577   -0.0878    0.1461    0.0068   -0.1068
          30   -0.0306   -0.0097   -0.0080   -0.0155    0.0457    0.1434    0.0119   -0.1260
          31   -0.0124    0.0037    0.0186    0.0491   -0.0987    0.0120   -0.0023    0.0030
          32    0.0348    0.0109    0.0109    0.0412   -0.0053   -0.2745    0.0416   -0.0573
          33    0.0248    0.0105    0.0105    0.0244   -0.0558    0.4323   -0.0664    0.0991
          34   -0.0496   -0.1445    0.1029    0.0022   -0.0044   -0.0000    0.0002    0.0003
          35   -0.0230    0.0370   -0.0286    0.0005   -0.0010    0.0007    0.0134    0.0108
          36   -0.0138    0.0380   -0.0306    0.0005    0.0002   -0.0012   -0.0215   -0.0172
          37   -0.0529   -0.1415    0.0992    0.0082   -0.0024    0.0002    0.0018    0.0011
          38   -0.0217    0.0295   -0.0225    0.0018   -0.0004   -0.0008   -0.0149   -0.0117
          39    0.0113   -0.0572    0.0445    0.0000   -0.0004   -0.0010   -0.0181   -0.0140
          40   -0.0174   -0.1006    0.0356    0.0089   -0.0006    0.0000    0.0008    0.0007
          41    0.0337    0.1450   -0.0749   -0.0082    0.0025    0.0000    0.0007    0.0007
          42   -0.0021   -0.0131    0.0058   -0.0018   -0.0011    0.0000    0.0006    0.0006
          43   -0.0048    0.0535    0.0651    0.3336    0.2157    0.0048   -0.0011    0.0005
          44   -0.0017    0.0281    0.0328    0.1587    0.0944   -0.0036    0.0002    0.0007
          45    0.0017   -0.0161   -0.0201   -0.1063   -0.0931   -0.0088    0.0008    0.0007


   Root No.      33        34        35        36        37        38        39

                33 A      34 A      35 A      36 A      37 A      38 A      39 A   

                2955.7    2989.4    2998.7    3025.9    3030.0    3085.3    3335.0
  
           1   -0.0007   -0.0000   -0.0001   -0.0000    0.0000    0.0000    0.0003
           2   -0.0005    0.0001    0.0001    0.0000   -0.0000   -0.0000   -0.0375
           3    0.0001   -0.0000   -0.0000   -0.0000    0.0000   -0.0000   -0.0428
           4    0.0019   -0.0013   -0.0004   -0.0000    0.0002    0.0001   -0.0003
           5   -0.0011    0.0119    0.0250    0.0006   -0.0013   -0.0000    0.0001
           6   -0.0182   -0.0029   -0.0040   -0.0008   -0.0001    0.0000   -0.0000
           7    0.0007    0.0017    0.0002    0.0003   -0.0001   -0.0017    0.0001
           8    0.0001   -0.0240    0.0136    0.0020   -0.0065    0.0011   -0.0000
           9   -0.0097   -0.0008   -0.0003   -0.0058   -0.0018   -0.0001   -0.0000
          10    0.0030   -0.0008   -0.0011   -0.0000    0.0000    0.0000   -0.0008
          11   -0.0225    0.0016    0.0030    0.0000   -0.0001    0.0000   -0.0013
          12   -0.0146   -0.0000    0.0001   -0.0001   -0.0000   -0.0000   -0.0016
          13   -0.0002    0.0034   -0.0025    0.0098   -0.0203   -0.0238    0.0000
          14    0.0000    0.0038   -0.0034    0.0115   -0.0377    0.0115    0.0000
          15    0.0013    0.0004    0.0001   -0.0450   -0.0144   -0.0008   -0.0000
          16   -0.0102    0.0096    0.0177    0.0006    0.0001   -0.0004   -0.0013
          17    0.0926   -0.0818   -0.1623   -0.0000    0.0092    0.0007    0.0001
          18    0.0955   -0.0987   -0.1953   -0.0010    0.0108    0.0008   -0.0002
          19   -0.0027   -0.0029   -0.0060   -0.0013    0.0007   -0.0002   -0.0001
          20   -0.0900   -0.0851   -0.1523   -0.0067    0.0058    0.0006    0.0002
          21    0.1260    0.1353    0.2453    0.0097   -0.0098   -0.0009   -0.0006
          22   -0.0030   -0.0193    0.0090   -0.0024   -0.0077   -0.0009    0.0000
          23    0.0474    0.1864   -0.0926    0.0146    0.0501   -0.0009   -0.0002
          24    0.0486    0.2226   -0.1117    0.0111    0.0582   -0.0017   -0.0002
          25   -0.0018    0.0044   -0.0034    0.0017   -0.0003   -0.0012   -0.0000
          26   -0.0485    0.1317   -0.0710   -0.0361    0.0224    0.0002   -0.0000
          27    0.0676   -0.2138    0.1149    0.0508   -0.0392    0.0006    0.0002
          28   -0.0383    0.0012    0.0035   -0.0001   -0.0003    0.0000    0.0011
          29    0.2389   -0.0091   -0.0169    0.0001    0.0007    0.0000    0.0077
          30    0.2726   -0.0110   -0.0204    0.0000    0.0008    0.0000    0.0068
          31    0.0002    0.0002    0.0013    0.0002   -0.0001    0.0000   -0.0002
          32    0.0499   -0.0060   -0.0097   -0.0004    0.0003   -0.0000   -0.0068
          33   -0.0994    0.0105    0.0174    0.0006   -0.0005    0.0000    0.0088
          34    0.0002    0.0018   -0.0011    0.0192   -0.0116    0.0019   -0.0000
          35    0.0064   -0.0113    0.0107   -0.2435    0.0295   -0.1582    0.0001
          36   -0.0101    0.0205   -0.0190    0.3722   -0.0780    0.2547   -0.0001
          37    0.0006    0.0046   -0.0030   -0.0287   -0.0499    0.0304    0.0000
          38   -0.0067   -0.0190    0.0129    0.1844    0.2065   -0.2040    0.0001
          39   -0.0080   -0.0244    0.0171    0.1931    0.2570   -0.2453    0.0001
          40    0.0007   -0.0347    0.0306   -0.1095    0.3091    0.2726   -0.0000
          41    0.0006   -0.0274    0.0233   -0.0796    0.2196    0.2118   -0.0001
          42    0.0004    0.0001    0.0001   -0.0201   -0.0046    0.0013    0.0000
          43    0.0019   -0.0005   -0.0012   -0.0000    0.0001   -0.0000    0.0077
          44   -0.0017    0.0002    0.0002    0.0000    0.0000    0.0001    0.6091
          45   -0.0033    0.0001    0.0001   -0.0000    0.0000    0.0001    0.6842


           MASS-WEIGHTED COORDINATE ANALYSIS (NORMAL COORDINATES)


   Root No.       1         2         3         4         5         6         7         8

                 1 A       2 A       3 A       4 A       5 A       6 A       7 A       8 A   

                  96.8     111.5     206.8     235.3     326.8     428.9     493.4     792.0
  
           1    0.0116   -0.0281    0.0001    0.2484    0.2274   -0.3764    0.4458    0.0038
           2   -0.0819   -0.0461   -0.0148   -0.4162   -0.1543   -0.1206   -0.1405    0.0154
           3   -0.1398   -0.4481   -0.0052    0.0618    0.2084    0.0223    0.0086    0.0419
           4    0.0046   -0.0225   -0.0050    0.0025   -0.0469   -0.1060   -0.3328    0.0096
           5    0.0047    0.0409    0.0102    0.4556   -0.0419    0.2575   -0.0197   -0.0124
           6   -0.1393    0.5832    0.0981   -0.0147    0.0486   -0.0278   -0.0081   -0.2202
           7    0.0253    0.0072    0.0163    0.1376   -0.0627    0.3207   -0.1860    0.0108
           8   -0.0218    0.0028   -0.0178    0.2492   -0.0345   -0.1849   -0.3892   -0.0096
           9   -0.3809    0.0301   -0.2800   -0.0015    0.0453    0.0314    0.0131   -0.1751
          10   -0.0189   -0.0003   -0.0048   -0.1517    0.0276   -0.3767   -0.0417    0.0029
          11    0.0510    0.0132    0.0101    0.1590    0.0380    0.0327    0.4443   -0.0116
          12    0.4134    0.1738    0.0990   -0.0531   -0.1726   -0.0419   -0.0241   -0.0883
          13   -0.0153    0.0248   -0.0046   -0.2196   -0.0237    0.5280    0.0849    0.0009
          14    0.0065   -0.0204    0.0025   -0.3636    0.0379   -0.0116    0.0836    0.0002
          15    0.2378   -0.3094    0.0774    0.0104   -0.0060    0.0288   -0.0020    0.0052
          16   -0.0707   -0.0199   -0.0266    0.0075   -0.0185   -0.0477   -0.1579   -0.0119
          17    0.0388   -0.1175   -0.0566    0.1195   -0.0566    0.0735   -0.0127   -0.3624
          18   -0.0805    0.2828    0.0803    0.0032    0.0567   -0.0081   -0.0039    0.2830
          19    0.0745   -0.0037    0.0186   -0.0030   -0.0475   -0.0485   -0.1724   -0.0144
          20   -0.0422    0.1541    0.0686    0.1377    0.0322    0.0786   -0.0096    0.3972
          21   -0.0676    0.2626    0.0732    0.0036    0.0432   -0.0062   -0.0049    0.2254
          22   -0.0231    0.0841   -0.0004    0.0999   -0.0196    0.1149   -0.0668   -0.0405
          23    0.1136    0.0391    0.0901    0.0726   -0.0166   -0.0554   -0.1072   -0.3071
          24   -0.2195   -0.0184   -0.1658    0.0016    0.0198    0.0129    0.0031    0.2379
          25    0.0523   -0.0763    0.0190    0.0965   -0.0276    0.1163   -0.0688    0.0193
          26   -0.1386   -0.0407   -0.1101    0.0726   -0.0014   -0.0516   -0.1139    0.3352
          27   -0.1981   -0.0211   -0.1508    0.0036    0.0182    0.0107   -0.0024    0.1964
          28   -0.0077   -0.0935   -0.0109   -0.1071    0.0263   -0.1313   -0.0431    0.0814
          29   -0.1497   -0.0269   -0.0161    0.0506    0.0560    0.0131    0.1217   -0.1907
          30    0.2657    0.0651    0.0446   -0.0297   -0.0865   -0.0211   -0.0083    0.1650
          31   -0.0137    0.0968    0.0074   -0.1068    0.0181   -0.1368   -0.0458   -0.1038
          32    0.2021    0.0383    0.0247    0.0260   -0.0304   -0.0074    0.1346    0.2032
          33    0.2371    0.0702    0.0424   -0.0251   -0.0743   -0.0197    0.0002    0.1172
          34   -0.0126    0.0874   -0.2624   -0.1535    0.0121    0.2007    0.1154   -0.1037
          35    0.2113    0.0168   -0.3621   -0.1187    0.0114    0.0056    0.0408    0.0784
          36    0.2027   -0.0788   -0.1974   -0.0010   -0.0024    0.0096    0.0043    0.0625
          37   -0.0161   -0.0744    0.2841   -0.1578   -0.0064    0.1995    0.1161    0.0964
          38   -0.1898   -0.0277    0.3354   -0.1198    0.0129    0.0059    0.0394   -0.0696
          39    0.2299   -0.0844   -0.2157   -0.0006   -0.0033    0.0106    0.0033    0.0836
          40    0.0054    0.0128   -0.0300    0.0319   -0.0172    0.1034   -0.0724   -0.0031
          41   -0.0105   -0.0128    0.0359   -0.2371    0.0253    0.0672    0.1605    0.0041
          42   -0.0785   -0.1889    0.5618    0.0140   -0.0126    0.0006   -0.0152    0.0686
          43   -0.0197    0.0676   -0.0058    0.1008   -0.4610   -0.1341    0.2615   -0.0189
          44    0.1517    0.0350    0.0321   -0.0721    0.5836    0.0279   -0.1044   -0.0345
          45   -0.1861   -0.1526   -0.0327   -0.0128   -0.4967   -0.0453    0.0624    0.0450


   Root No.       9        10        11        12        13        14        15        16

                 9 A      10 A      11 A      12 A      13 A      14 A      15 A      16 A   

                 869.1     976.4     977.2    1055.9    1119.2    1132.4    1151.1    1173.4
  
           1   -0.0264    0.0390   -0.0310   -0.1512   -0.0452   -0.0251    0.0820   -0.0805
           2   -0.0274    0.0488    0.0150   -0.0860   -0.0121   -0.0295    0.0364   -0.1118
           3   -0.0646    0.0367   -0.0319   -0.0516    0.0508   -0.0228   -0.0052    0.0437
           4    0.0000    0.0547    0.1385    0.1004    0.4517   -0.0458   -0.2999   -0.2171
           5    0.0042    0.2104    0.2556   -0.0881   -0.3432    0.0005   -0.0552   -0.2888
           6    0.1466    0.2009   -0.1449   -0.1564    0.1052    0.2893   -0.0196    0.1312
           7    0.0123   -0.0485   -0.0694    0.0082   -0.0177    0.0345   -0.3511    0.2816
           8   -0.0220   -0.0798   -0.1276    0.0327    0.0872    0.0023    0.4559    0.2311
           9   -0.2815    0.0379   -0.0228    0.1475   -0.0446   -0.3283   -0.0401   -0.0415
          10   -0.0089    0.0730    0.0755   -0.0760   -0.3409   -0.0023    0.0441   -0.0523
          11    0.0323   -0.1218   -0.0976    0.1019    0.3763   -0.0061   -0.0866    0.0978
          12    0.2549   -0.2362    0.1693    0.1876   -0.1379   -0.1775    0.0207   -0.0745
          13   -0.0005   -0.1511   -0.2591   -0.0430   -0.0231   -0.0260    0.3773   -0.1553
          14   -0.0054   -0.1380   -0.1862   -0.0394   -0.1391    0.0151   -0.3789   -0.0206
          15   -0.0866   -0.1685    0.1158   -0.0742    0.0195    0.2906    0.0392   -0.0791
          16   -0.1254    0.2171   -0.0282    0.2687    0.2223   -0.1379    0.0196   -0.0291
          17    0.1355    0.2211   -0.0198   -0.1191   -0.0729    0.1535   -0.0203   -0.0476
          18   -0.1004   -0.0829    0.0358    0.0735    0.0244   -0.0769    0.0107    0.0144
          19    0.1464   -0.1147    0.2318   -0.1490    0.2654    0.1320    0.0302   -0.2267
          20   -0.1516   -0.1065    0.1896    0.0885   -0.1436   -0.1700   -0.0119   -0.1810
          21   -0.0652   -0.0612    0.0516    0.0319   -0.0098   -0.0374   -0.0017   -0.0400
          22    0.0651    0.2726   -0.0944    0.1800   -0.1684    0.2115   -0.1428    0.0171
          23   -0.2897    0.0118   -0.0444    0.1123    0.0059   -0.1679    0.1670    0.0681
          24    0.1979    0.0119    0.0034   -0.0388   -0.0112    0.0858   -0.0598   -0.0212
          25   -0.0856   -0.1814    0.2244   -0.1434   -0.0978   -0.1537   -0.1450    0.6044
          26    0.3084   -0.0409   -0.0007   -0.0960    0.0551    0.1947    0.1632    0.1403
          27    0.1479   -0.0100    0.0139   -0.0370    0.0088    0.0447    0.0202    0.0509
          28   -0.1016    0.0147   -0.0302    0.5371   -0.2948    0.4113    0.0649    0.1772
          29    0.2926   -0.2531    0.0942    0.2725    0.0414   -0.0393   -0.0108    0.0440
          30   -0.2114    0.1417   -0.0730   -0.0963   -0.0158    0.0452    0.0054   -0.0087
          31    0.1442   -0.0512    0.0755   -0.3360   -0.1236   -0.2708    0.0591    0.2201
          32   -0.2957    0.1745   -0.1682   -0.1191    0.1835    0.1015   -0.0262    0.1420
          33   -0.1376    0.0755   -0.0509   -0.0379    0.0212    0.0257   -0.0012    0.0503
          34   -0.2312   -0.0817    0.4119   -0.0591    0.1005    0.2542    0.2581    0.0387
          35    0.1542    0.1604   -0.0902    0.0562   -0.0302   -0.1609   -0.0920    0.0718
          36    0.0978    0.0879   -0.0294    0.0273    0.0037   -0.0462    0.0041    0.0188
          37    0.2196    0.3950    0.0839    0.1285    0.0719   -0.2275    0.2653    0.1116
          38   -0.1388   -0.1314    0.1091   -0.0493   -0.0148    0.1594   -0.0965    0.0118
          39    0.1422    0.1221   -0.0792    0.0406   -0.0011   -0.0972    0.0395   -0.0073
          40   -0.0107   -0.2506   -0.3714   -0.0578   -0.0793   -0.0069    0.0310   -0.1380
          41    0.0117    0.2605    0.3811    0.0552    0.0628    0.0073   -0.0021    0.1453
          42    0.1395    0.0801   -0.1212    0.0209   -0.0131   -0.0959    0.0046   -0.0111
          43    0.0742   -0.1267    0.0154    0.2697    0.0424    0.0247    0.0257    0.0393
          44    0.0512   -0.0449    0.0275    0.1169    0.0255   -0.0014    0.0083   -0.0162
          45   -0.0686    0.0612   -0.0293   -0.1395   -0.0099   -0.0130   -0.0019    0.0004


   Root No.      17        18        19        20        21        22        23        24

                17 A      18 A      19 A      20 A      21 A      22 A      23 A      24 A   

                1184.0    1186.5    1246.8    1274.4    1294.3    1299.0    1306.2    1311.3
  
           1   -0.0069    0.0128   -0.2004    0.1377   -0.0965   -0.0284   -0.0002    0.0313
           2    0.0238   -0.0156   -0.1872    0.1121   -0.1009   -0.0292    0.0037    0.0229
           3    0.0260    0.0237    0.0922    0.0071    0.0239    0.0086    0.0046    0.0053
           4    0.0481   -0.0878    0.0115   -0.2111    0.1597    0.0479    0.0009   -0.0056
           5    0.0865   -0.1914    0.1158    0.0007    0.1134    0.0123   -0.0074   -0.2368
           6    0.0501   -0.2306   -0.0297   -0.0036   -0.0041    0.0005   -0.0043    0.0165
           7   -0.0544    0.1552   -0.2099   -0.1925    0.1220    0.0363   -0.0018    0.0082
           8   -0.0665    0.1302   -0.1282   -0.0568    0.0392   -0.1238   -0.0098   -0.1849
           9   -0.2792   -0.0162    0.0015   -0.0110    0.0069    0.0122   -0.0292    0.0133
          10    0.0243   -0.0291   -0.0515   -0.1985   -0.0976   -0.0308   -0.0009   -0.0679
          11   -0.0381    0.0615    0.0572    0.0833    0.2632    0.0741   -0.0049    0.0400
          12    0.1189    0.0787   -0.1033   -0.0173   -0.0482   -0.0158    0.0084   -0.0100
          13    0.0339   -0.0909    0.0492   -0.0357    0.0570   -0.0533    0.0072    0.0405
          14    0.0067   -0.0036    0.0520    0.1007   -0.0142   -0.2201   -0.0153    0.0832
          15    0.1463    0.1637    0.0104   -0.0081    0.0005    0.0154   -0.2163    0.0023
          16    0.5931   -0.0364    0.2266    0.3613   -0.1848   -0.0360    0.0598    0.0277
          17    0.0914   -0.1799    0.0936   -0.0615   -0.1027    0.0496    0.0140    0.3320
          18    0.0043    0.0505   -0.0416    0.0869    0.0939   -0.0423   -0.0105   -0.3241
          19   -0.5796   -0.1223    0.2588    0.3453   -0.1486   -0.0282   -0.0604    0.0075
          20   -0.0213    0.0344    0.1129   -0.0805   -0.1132    0.0561    0.0123    0.3783
          21   -0.0300   -0.0110    0.0472   -0.0403   -0.0997    0.0309    0.0053    0.2785
          22   -0.1614    0.6542    0.0517    0.2976   -0.2214   -0.0958    0.0268    0.0537
          23   -0.1603    0.0787   -0.0571   -0.0567   -0.0139    0.1494    0.0028    0.2893
          24    0.0364    0.0099    0.0288    0.0591    0.0029   -0.1578   -0.0117   -0.2739
          25    0.0052   -0.3385   -0.0516    0.3215   -0.2381   -0.1127   -0.0166    0.0298
          26    0.1165    0.0415   -0.0699   -0.0567   -0.0205    0.1683    0.0176    0.3257
          27    0.0138   -0.0089   -0.0230   -0.0182   -0.0260    0.1265    0.0030    0.2387
          28   -0.1539   -0.2844    0.2786    0.0080    0.2564    0.0815   -0.0176    0.0024
          29    0.0104    0.0247    0.1564   -0.2773   -0.2894   -0.0887    0.0002   -0.0876
          30   -0.0050   -0.0294   -0.1070    0.2590    0.3254    0.0985   -0.0013    0.0818
          31    0.0870    0.2809    0.6300    0.0030    0.3418    0.1095    0.0071    0.0104
          32   -0.0670   -0.0179    0.3278   -0.3252   -0.3178   -0.0951   -0.0040   -0.0997
          33   -0.0033   -0.0092    0.1436   -0.2118   -0.2453   -0.0734    0.0005   -0.0673
          34    0.0815    0.1267   -0.0150    0.0384   -0.0622    0.0166    0.4282   -0.0831
          35   -0.1063   -0.0555   -0.0283    0.0211   -0.1372    0.4896    0.1964   -0.1677
          36   -0.0415   -0.0011   -0.0194   -0.0055   -0.0783    0.3339    0.0808   -0.1113
          37   -0.1046   -0.0410   -0.0268    0.0414   -0.0879    0.0763   -0.4253   -0.0742
          38    0.0787    0.0991   -0.0170    0.0237   -0.1327    0.4462   -0.1705   -0.1429
          39   -0.0561   -0.0422    0.0192    0.0054    0.0910   -0.3911    0.0475    0.1199
          40    0.0360   -0.0700    0.0877    0.1215   -0.1177    0.0931   -0.0325   -0.0523
          41   -0.0382    0.0728   -0.0947   -0.1438    0.1584   -0.1682    0.0379    0.0908
          42   -0.1233   -0.0642    0.0100    0.0116   -0.0018    0.0004    0.7063   -0.0263
          43    0.0450   -0.0391    0.0513    0.1156    0.0149    0.0081    0.0131    0.0385
          44    0.0403   -0.0250   -0.0122    0.0687   -0.0150   -0.0014    0.0076    0.0211
          45   -0.0232    0.0265   -0.0071   -0.0364   -0.0022   -0.0029   -0.0048   -0.0129


   Root No.      25        26        27        28        29        30        31        32

                25 A      26 A      27 A      28 A      29 A      30 A      31 A      32 A   

                1329.9    1349.6    1372.5    1401.9    1480.7    2897.9    2930.6    2948.4
  
           1   -0.0032    0.0922    0.0693    0.0091   -0.4425   -0.0009   -0.0002    0.0030
           2    0.0063    0.0879    0.0753    0.1584   -0.2261    0.0039   -0.0013    0.0036
           3   -0.0024    0.0274    0.0353    0.1746    0.1388    0.0007    0.0002   -0.0006
           4   -0.0372   -0.2970   -0.3171    0.1925   -0.1471   -0.0065   -0.0080    0.0073
           5    0.2377   -0.0544    0.0195    0.0692   -0.0077    0.0054    0.0200   -0.0313
           6   -0.0159   -0.0090   -0.0146    0.0177    0.0065    0.0567    0.1635   -0.1852
           7   -0.0443    0.2331    0.5061   -0.1131    0.0021    0.0000    0.0119    0.0065
           8   -0.2703    0.0888   -0.0465   -0.0059    0.0099   -0.0005   -0.0061   -0.0009
           9    0.0122    0.0057    0.0287    0.0010   -0.0000   -0.0129   -0.2271   -0.1613
          10    0.0366   -0.0901   -0.0721   -0.2144    0.6341    0.0076    0.0010   -0.0114
          11   -0.0637   -0.1300   -0.1429   -0.3139    0.2554    0.0573   -0.0293    0.1117
          12    0.0077   -0.0197   -0.0262   -0.1600   -0.1275   -0.2714    0.0380    0.0166
          13    0.0911    0.2425   -0.3298    0.0217    0.0089   -0.0000   -0.0019   -0.0019
          14    0.0359   -0.1597    0.1319   -0.0018   -0.0028   -0.0000    0.0007    0.0004
          15    0.0024    0.0222   -0.0242    0.0034    0.0016    0.0009    0.0212    0.0189
          16    0.0885    0.2144    0.1575   -0.2817    0.0488    0.0067    0.0324   -0.0318
          17   -0.2918    0.0400   -0.0039   -0.0124    0.0145   -0.0934   -0.2846    0.3432
          18    0.2988   -0.0208    0.0279   -0.0066   -0.0107   -0.1025   -0.3050    0.3652
          19    0.1012    0.2169    0.1708   -0.1629    0.1048    0.0064    0.0023   -0.0073
          20   -0.3366    0.0399   -0.0117   -0.0253    0.0008    0.0851    0.2079   -0.2115
          21   -0.2467    0.0368   -0.0116   -0.0282    0.0087   -0.1241   -0.2939    0.2883
          22    0.0345   -0.1110   -0.3094    0.0758    0.0008   -0.0022   -0.0359   -0.0202
          23    0.3164   -0.0917    0.0265    0.0090    0.0013    0.0206    0.3465    0.2315
          24   -0.3146    0.0782   -0.0632    0.0022    0.0007    0.0224    0.3673    0.2396
          25    0.0069   -0.1078   -0.3211    0.0540   -0.0071   -0.0016   -0.0056   -0.0088
          26    0.3606   -0.1020    0.0332    0.0036    0.0010   -0.0187   -0.3240   -0.2341
          27    0.2725   -0.0766    0.0263    0.0039   -0.0007    0.0271    0.4605    0.3283
          28   -0.0221   -0.0276   -0.0029   -0.1113   -0.2487   -0.0385   -0.0011    0.0400
          29    0.0771   -0.0077   -0.0171   -0.1122   -0.1164    0.2476    0.0157   -0.2734
          30   -0.0794   -0.0252   -0.0190   -0.0302    0.0606    0.2430    0.0274   -0.3226
          31   -0.0322    0.0096    0.0442    0.0955   -0.1308    0.0203   -0.0053    0.0077
          32    0.0902    0.0283    0.0259    0.0800   -0.0070   -0.4652    0.0963   -0.1467
          33    0.0644    0.0273    0.0249    0.0475   -0.0740    0.7325   -0.1536    0.2537
          34   -0.1287   -0.3763    0.2445    0.0043   -0.0058   -0.0000    0.0005    0.0009
          35   -0.0596    0.0963   -0.0680    0.0009   -0.0014    0.0012    0.0309    0.0276
          36   -0.0358    0.0991   -0.0727    0.0011    0.0003   -0.0021   -0.0498   -0.0440
          37   -0.1372   -0.3684    0.2358    0.0160   -0.0031    0.0003    0.0041    0.0028
          38   -0.0562    0.0769   -0.0535    0.0036   -0.0005   -0.0013   -0.0345   -0.0300
          39    0.0294   -0.1491    0.1057    0.0001   -0.0005   -0.0017   -0.0418   -0.0357
          40   -0.0453   -0.2620    0.0846    0.0173   -0.0008    0.0000    0.0017    0.0017
          41    0.0875    0.3777   -0.1781   -0.0160    0.0034    0.0000    0.0016    0.0017
          42   -0.0054   -0.0341    0.0139   -0.0034   -0.0015    0.0000    0.0014    0.0016
          43   -0.0126    0.1392    0.1548    0.6482    0.2860    0.0081   -0.0026    0.0013
          44   -0.0044    0.0732    0.0781    0.3085    0.1252   -0.0061    0.0004    0.0017
          45    0.0045   -0.0420   -0.0477   -0.2065   -0.1234   -0.0149    0.0019    0.0018


   Root No.      33        34        35        36        37        38        39

                33 A      34 A      35 A      36 A      37 A      38 A      39 A   

                2955.7    2989.4    2998.7    3025.9    3030.0    3085.3    3335.0
  
           1   -0.0060   -0.0001   -0.0007   -0.0000    0.0000    0.0001    0.0014
           2   -0.0047    0.0006    0.0008    0.0000   -0.0000   -0.0000   -0.1583
           3    0.0007   -0.0003   -0.0004   -0.0000    0.0000   -0.0000   -0.1806
           4    0.0140   -0.0097   -0.0034   -0.0003    0.0014    0.0006   -0.0011
           5   -0.0079    0.0915    0.1921    0.0035   -0.0084   -0.0002    0.0005
           6   -0.1364   -0.0225   -0.0307   -0.0051   -0.0007    0.0001   -0.0001
           7    0.0049    0.0127    0.0014    0.0020   -0.0005   -0.0105    0.0002
           8    0.0004   -0.1843    0.1049    0.0119   -0.0411    0.0065   -0.0001
           9   -0.0725   -0.0064   -0.0021   -0.0354   -0.0115   -0.0003   -0.0000
          10    0.0222   -0.0064   -0.0085   -0.0000    0.0001    0.0001   -0.0030
          11   -0.1685    0.0124    0.0234    0.0003   -0.0007    0.0000   -0.0049
          12   -0.1090   -0.0003    0.0011   -0.0004   -0.0002   -0.0000   -0.0060
          13   -0.0012    0.0264   -0.0193    0.0599   -0.1291   -0.1450    0.0001
          14    0.0000    0.0292   -0.0258    0.0699   -0.2398    0.0704    0.0001
          15    0.0094    0.0030    0.0008   -0.2743   -0.0913   -0.0046   -0.0000
          16   -0.0222    0.0212    0.0394    0.0010    0.0002   -0.0006   -0.0014
          17    0.2007   -0.1817   -0.3617   -0.0000    0.0170    0.0012    0.0001
          18    0.2071   -0.2191   -0.4353   -0.0017    0.0199    0.0013   -0.0002
          19   -0.0059   -0.0064   -0.0134   -0.0024    0.0014   -0.0004   -0.0001
          20   -0.1951   -0.1889   -0.3395   -0.0119    0.0107    0.0010    0.0002
          21    0.2732    0.3005    0.5468    0.0170   -0.0181   -0.0016   -0.0006
          22   -0.0065   -0.0429    0.0200   -0.0042   -0.0141   -0.0016    0.0000
          23    0.1027    0.4141   -0.2063    0.0257    0.0921   -0.0016   -0.0002
          24    0.1054    0.4943   -0.2489    0.0195    0.1070   -0.0031   -0.0003
          25   -0.0039    0.0098   -0.0076    0.0030   -0.0005   -0.0021   -0.0000
          26   -0.1053    0.2925   -0.1583   -0.0638    0.0411    0.0004   -0.0000
          27    0.1467   -0.4748    0.2561    0.0897   -0.0722    0.0011    0.0002
          28   -0.0831    0.0027    0.0077   -0.0001   -0.0005    0.0000    0.0011
          29    0.5180   -0.0202   -0.0377    0.0002    0.0013    0.0000    0.0082
          30    0.5912   -0.0244   -0.0454    0.0001    0.0014    0.0001    0.0072
          31    0.0005    0.0006    0.0029    0.0003   -0.0002    0.0001   -0.0002
          32    0.1083   -0.0134   -0.0217   -0.0007    0.0005   -0.0000   -0.0072
          33   -0.2156    0.0232    0.0387    0.0011   -0.0009    0.0000    0.0094
          34    0.0004    0.0041   -0.0023    0.0339   -0.0213    0.0034   -0.0000
          35    0.0139   -0.0252    0.0239   -0.4300    0.0543   -0.2796    0.0001
          36   -0.0220    0.0456   -0.0423    0.6572   -0.1436    0.4502   -0.0001
          37    0.0013    0.0102   -0.0066   -0.0507   -0.0919    0.0538    0.0000
          38   -0.0146   -0.0422    0.0288    0.3256    0.3800   -0.3605    0.0001
          39   -0.0174   -0.0543    0.0380    0.3409    0.4729   -0.4335    0.0001
          40    0.0014   -0.0771    0.0682   -0.1934    0.5688    0.4817   -0.0000
          41    0.0014   -0.0609    0.0520   -0.1406    0.4041    0.3743   -0.0001
          42    0.0009    0.0002    0.0003   -0.0354   -0.0085    0.0023    0.0000
          43    0.0041   -0.0012   -0.0026   -0.0000    0.0002   -0.0000    0.0082
          44   -0.0036    0.0005    0.0005    0.0000    0.0000    0.0001    0.6453
          45   -0.0071    0.0003    0.0002   -0.0000    0.0000    0.0001    0.7249


          DESCRIPTION OF VIBRATIONS


 VIBRATION          1    1A           ATOM PAIR      ENERGY CONTRIBUTION    RADIAL
 FREQUENCY            96.80         C  3 -- C  5         +13.5% (516.7%)      0.0%
 TRANSITION DIPOLE   0.1720         C  2 -- C  4         +12.7% (501.5%)      0.0%
 TRAVEL (Ang.)       0.9841         O  1 -- C  4         +12.7% (501.2%)      0.0%
 REDUCED MASS        0.7192         C  4 -- H 11          +9.6% (435.2%)     97.6%
 EFFECTIVE MASS    339.2561
 FORCE CONSTANT      0.0040

 VIBRATION          2    2A           ATOM PAIR      ENERGY CONTRIBUTION    RADIAL
 FREQUENCY           111.49         C  2 -- C  4         +19.3% (552.2%)      0.0%
 TRANSITION DIPOLE   0.1358         C  2 -- C  3         +18.9% (546.1%)      0.0%
 TRAVEL (Ang.)       0.5225         C  2 -- H  6         +14.4% (476.1%)     93.8%
 REDUCED MASS        2.2153         C  2 -- H  7         +14.3% (475.2%)     93.9%
 EFFECTIVE MASS    330.8631
 FORCE CONSTANT      0.0162

 VIBRATION          3    3A           ATOM PAIR      ENERGY CONTRIBUTION    RADIAL
 FREQUENCY           206.80         C  5 -- H 14         +23.6% (259.0%)      0.0%
 TRANSITION DIPOLE   0.0306         C  5 -- H 13         +20.4% (240.7%)      0.7%
 TRAVEL (Ang.)       0.0000         C  5 -- H 12         +20.4% (240.3%)      0.7%
 REDUCED MASS        0.2978         C  2 -- C  3          +8.7% (157.2%)      0.0%
 EFFECTIVE MASS     19.5517
 FORCE CONSTANT      0.0075

 VIBRATION          4    4A           ATOM PAIR      ENERGY CONTRIBUTION    RADIAL
 FREQUENCY           235.34         C  3 -- C  5         +15.5% (243.3%)      0.1%
 TRANSITION DIPOLE   0.1681         C  2 -- C  3         +11.3% (207.9%)      0.5%
 TRAVEL (Ang.)       0.3842         C  2 -- C  4         +10.9% (204.4%)      0.5%
 REDUCED MASS        1.9408         C  2 -- H  7          +9.3% (188.5%)     36.0%
 EFFECTIVE MASS     65.7401
 FORCE CONSTANT      0.0633

 VIBRATION          5    5A           ATOM PAIR      ENERGY CONTRIBUTION    RADIAL
 FREQUENCY           326.79         O  1 -- H 15         +31.6% ( 96.8%)      0.1%
 TRANSITION DIPOLE   0.8875         O  1 -- C  4         +16.2% ( 69.3%)      0.1%
 TRAVEL (Ang.)       0.4829         C  2 -- C  4         +15.1% ( 66.9%)      0.0%
 REDUCED MASS        0.8848         C  4 -- H 10         +10.1% ( 54.8%)     74.9%
 EFFECTIVE MASS      6.3364
 FORCE CONSTANT      0.0557

 VIBRATION          6    6A           ATOM PAIR      ENERGY CONTRIBUTION    RADIAL
 FREQUENCY           428.95         C  5 -- H 12         +11.4% (128.4%)      1.3%
 TRANSITION DIPOLE   0.1658         C  5 -- H 13         +11.4% (128.3%)      1.3%
 TRAVEL (Ang.)       0.2882         C  3 -- C  5         +11.1% (126.5%)      9.8%
 REDUCED MASS        1.8924         C  2 -- C  3          +9.8% (119.1%)      1.3%
 EFFECTIVE MASS     22.4836
 FORCE CONSTANT      0.2052

 VIBRATION          7    7A           ATOM PAIR      ENERGY CONTRIBUTION    RADIAL
 FREQUENCY           493.43         C  2 -- C  4         +13.8% (113.9%)      0.0%
 TRANSITION DIPOLE   0.1170         O  1 -- C  4         +11.9% (105.9%)      0.4%
 TRAVEL (Ang.)       0.2738         C  3 -- C  5         +10.4% ( 99.0%)      0.1%
 REDUCED MASS        1.8224         C  2 -- C  3         +10.4% ( 98.9%)      7.4%
 EFFECTIVE MASS     18.8302
 FORCE CONSTANT      0.2614

 VIBRATION          8    8A           ATOM PAIR      ENERGY CONTRIBUTION    RADIAL
 FREQUENCY           792.01         C  2 -- H  6         +21.1% ( 70.3%)      5.4%
 TRANSITION DIPOLE   0.1722         C  2 -- H  7         +20.9% ( 69.9%)      5.7%
 TRAVEL (Ang.)       0.6754         C  3 -- H  8         +14.9% ( 59.1%)      5.0%
 REDUCED MASS        0.1866         C  3 -- H  9         +14.9% ( 59.0%)      5.3%
 EFFECTIVE MASS      2.2528
 FORCE CONSTANT      0.0690

 VIBRATION          9    9A           ATOM PAIR      ENERGY CONTRIBUTION    RADIAL
 FREQUENCY           869.06         C  4 -- H 10         +13.5% ( 56.6%)      9.4%
 TRANSITION DIPOLE   0.0918         C  3 -- H  8         +13.4% ( 56.4%)     10.3%
 TRAVEL (Ang.)       0.5881         C  3 -- H  9         +13.4% ( 56.3%)     10.1%
 REDUCED MASS        0.2243         C  4 -- H 11         +13.1% ( 55.6%)      8.7%
 EFFECTIVE MASS      3.4901
 FORCE CONSTANT      0.0998

 VIBRATION         10   10A           ATOM PAIR      ENERGY CONTRIBUTION    RADIAL
 FREQUENCY           976.38         C  5 -- H 13         +16.1% ( 59.0%)      6.5%
 TRANSITION DIPOLE   0.0342         C  5 -- H 14         +11.3% ( 49.5%)     10.8%
 TRAVEL (Ang.)       0.4749         C  2 -- C  4         +10.2% ( 47.1%)      8.1%
 REDUCED MASS        0.3062         C  2 -- H  6          +8.4% ( 42.5%)     43.1%
 EFFECTIVE MASS      4.2854
 FORCE CONSTANT      0.1720

 VIBRATION         11   11A           ATOM PAIR      ENERGY CONTRIBUTION    RADIAL
 FREQUENCY           977.24         C  5 -- H 14         +20.8% ( 68.5%)     15.4%
 TRANSITION DIPOLE   0.1421         C  5 -- H 12         +18.1% ( 63.8%)      4.7%
 TRAVEL (Ang.)       0.3885         C  2 -- C  4          +8.6% ( 44.0%)     11.3%
 REDUCED MASS        0.4571         C  2 -- C  3          +8.5% ( 43.8%)     77.3%
 EFFECTIVE MASS      4.7958
 FORCE CONSTANT      0.2572

 VIBRATION         12   12A           ATOM PAIR      ENERGY CONTRIBUTION    RADIAL
 FREQUENCY          1055.93         C  4 -- H 10         +30.5% ( 69.7%)      5.2%
 TRANSITION DIPOLE   0.2482         C  4 -- H 11         +13.3% ( 45.9%)      3.6%
 TRAVEL (Ang.)       0.4972         O  1 -- H 15         +11.8% ( 43.4%)      1.8%
 REDUCED MASS        0.2583         C  2 -- H  6          +8.0% ( 35.7%)     23.5%
 EFFECTIVE MASS      3.0037
 FORCE CONSTANT      0.1697

 VIBRATION         13   13A           ATOM PAIR      ENERGY CONTRIBUTION    RADIAL
 FREQUENCY          1119.19         C  2 -- C  4         +29.8% ( 86.2%)     95.1%
 TRANSITION DIPOLE   0.2744         C  2 -- C  3         +12.4% ( 55.5%)      2.9%
 TRAVEL (Ang.)       0.1625         C  2 -- H  7         +11.7% ( 53.9%)     46.6%
 REDUCED MASS        2.2810         C  2 -- H  6         +11.5% ( 53.4%)     13.9%
 EFFECTIVE MASS      8.9835         C  4 -- H 10         +10.4% ( 50.9%)     14.0%
 FORCE CONSTANT      1.6834

 VIBRATION         14   14A           ATOM PAIR      ENERGY CONTRIBUTION    RADIAL
 FREQUENCY          1132.37         C  4 -- H 10         +11.1% ( 44.0%)      4.8%
 TRANSITION DIPOLE   0.1418         C  2 -- C  3         +10.9% ( 43.5%)      1.1%
 TRAVEL (Ang.)       0.3862         C  3 -- C  5         +10.9% ( 43.5%)      0.0%
 REDUCED MASS        0.3993         C  3 -- H  8          +9.4% ( 40.3%)     14.7%
 EFFECTIVE MASS      4.5480
 FORCE CONSTANT      0.3016

 VIBRATION         15   15A           ATOM PAIR      ENERGY CONTRIBUTION    RADIAL
 FREQUENCY          1151.13         C  3 -- C  5         +28.7% ( 87.2%)     91.3%
 TRANSITION DIPOLE   0.0427         C  2 -- C  3         +13.4% ( 59.6%)     27.6%
 TRAVEL (Ang.)       0.1547         C  3 -- H  9          +9.8% ( 50.8%)     33.4%
 REDUCED MASS        2.4465         C  3 -- H  8          +9.7% ( 50.7%)     38.1%
 EFFECTIVE MASS      9.9206
 FORCE CONSTANT      1.9100

 VIBRATION         16   16A           ATOM PAIR      ENERGY CONTRIBUTION    RADIAL
 FREQUENCY          1173.40         C  3 -- H  9         +23.8% ( 63.3%)     12.4%
 TRANSITION DIPOLE   0.1635         C  2 -- C  3         +19.5% ( 57.2%)     92.4%
 TRAVEL (Ang.)       0.2932         C  3 -- C  5          +9.0% ( 38.8%)     22.8%
 REDUCED MASS        0.6684         C  2 -- C  4          +8.6% ( 37.9%)      3.1%
 EFFECTIVE MASS      5.2501
 FORCE CONSTANT      0.5422

 VIBRATION         17   17A           ATOM PAIR      ENERGY CONTRIBUTION    RADIAL
 FREQUENCY          1183.98         C  2 -- H  6         +28.2% ( 59.3%)      1.5%
 TRANSITION DIPOLE   0.0448         C  2 -- H  7         +28.2% ( 59.3%)      0.0%
 TRAVEL (Ang.)       0.4040         C  3 -- C  5          +7.6% ( 30.7%)      2.5%
 REDUCED MASS        0.3489         C  3 -- H  8          +7.5% ( 30.5%)     27.2%
 EFFECTIVE MASS      2.4511
 FORCE CONSTANT      0.2882

 VIBRATION         18   18A           ATOM PAIR      ENERGY CONTRIBUTION    RADIAL
 FREQUENCY          1186.46         C  3 -- H  8         +30.8% ( 63.7%)      0.9%
 TRANSITION DIPOLE   0.0578         C  3 -- H  9         +12.3% ( 40.2%)      1.6%
 TRAVEL (Ang.)       0.3919         C  2 -- C  3         +10.4% ( 37.0%)     72.4%
 REDUCED MASS        0.3701         C  2 -- C  4          +7.0% ( 30.4%)      2.2%
 EFFECTIVE MASS      3.0450
 FORCE CONSTANT      0.3070

 VIBRATION         19   19A           ATOM PAIR      ENERGY CONTRIBUTION    RADIAL
 FREQUENCY          1246.83         C  4 -- H 11         +44.7% ( 69.5%)      0.9%
 TRANSITION DIPOLE   0.1127         C  4 -- H 10          +8.9% ( 31.0%)      0.8%
 TRAVEL (Ang.)       0.3414         C  2 -- H  7          +6.8% ( 27.2%)      5.4%
 REDUCED MASS        0.4640         C  2 -- C  3          +6.1% ( 25.8%)     95.9%
 EFFECTIVE MASS      2.9526
 FORCE CONSTANT      0.4249

 VIBRATION         20   20A           ATOM PAIR      ENERGY CONTRIBUTION    RADIAL
 FREQUENCY          1274.40         C  2 -- H  6         +15.5% ( 42.1%)      0.0%
 TRANSITION DIPOLE   0.0637         C  2 -- H  7         +14.1% ( 40.1%)      0.0%
 TRAVEL (Ang.)       0.5279         C  4 -- H 11         +12.2% ( 37.3%)      1.2%
 REDUCED MASS        0.1899         C  3 -- H  9         +11.9% ( 36.9%)      0.1%
 EFFECTIVE MASS      2.5650         C  4 -- H 10         +11.6% ( 36.5%)      1.1%
 FORCE CONSTANT      0.1817         C  3 -- H  8         +10.9% ( 35.3%)      0.2%

 VIBRATION         21   21A           ATOM PAIR      ENERGY CONTRIBUTION    RADIAL
 FREQUENCY          1294.31         C  4 -- H 11         +25.0% ( 51.9%)      3.7%
 TRANSITION DIPOLE   0.0702         C  4 -- H 10         +23.5% ( 50.3%)      2.6%
 TRAVEL (Ang.)       0.4439         C  2 -- C  4          +7.7% ( 28.8%)     99.5%
 REDUCED MASS        0.2644         C  2 -- H  6          +7.4% ( 28.2%)      1.3%
 EFFECTIVE MASS      2.5011
 FORCE CONSTANT      0.2610

 VIBRATION         22   22A           ATOM PAIR      ENERGY CONTRIBUTION    RADIAL
 FREQUENCY          1299.00         C  5 -- H 13         +33.3% ( 52.2%)      1.8%
 TRANSITION DIPOLE   0.1365         C  5 -- H 12         +33.0% ( 52.0%)      2.0%
 TRAVEL (Ang.)       0.4169         C  3 -- H  9          +6.8% ( 23.5%)      3.5%
 REDUCED MASS        0.2987         C  3 -- H  8          +6.7% ( 23.4%)      3.3%
 EFFECTIVE MASS      1.6951
 FORCE CONSTANT      0.2970

 VIBRATION         23   23A           ATOM PAIR      ENERGY CONTRIBUTION    RADIAL
 FREQUENCY          1306.16         C  5 -- H 14         +49.2% ( 60.1%)      0.0%
 TRANSITION DIPOLE   0.1239         C  5 -- H 12         +23.5% ( 41.5%)      7.4%
 TRAVEL (Ang.)       0.3696         C  5 -- H 13         +21.9% ( 40.1%)      8.3%
 REDUCED MASS        0.3780         C  3 -- C  5          +4.1% ( 17.3%)      0.1%
 EFFECTIVE MASS      1.4272
 FORCE CONSTANT      0.3799

 VIBRATION         24   24A           ATOM PAIR      ENERGY CONTRIBUTION    RADIAL
 FREQUENCY          1311.26         C  2 -- H  7         +21.7% ( 44.4%)      3.3%
 TRANSITION DIPOLE   0.1233         C  2 -- H  6         +21.1% ( 43.8%)      3.4%
 TRAVEL (Ang.)       0.4974         C  3 -- H  9         +15.5% ( 37.5%)      3.0%
 REDUCED MASS        0.2079         C  3 -- H  8         +15.2% ( 37.2%)      3.0%
 EFFECTIVE MASS      1.9419
 FORCE CONSTANT      0.2106

 VIBRATION         25   25A           ATOM PAIR      ENERGY CONTRIBUTION    RADIAL
 FREQUENCY          1329.86         C  3 -- H  9         +19.2% ( 44.2%)      3.9%
 TRANSITION DIPOLE   0.0799         C  3 -- H  8         +18.7% ( 43.6%)      4.2%
 TRAVEL (Ang.)       0.4402         C  2 -- H  7         +16.7% ( 41.2%)      3.7%
 REDUCED MASS        0.2617         C  2 -- H  6         +16.4% ( 40.8%)      4.1%
 EFFECTIVE MASS      2.4917         C  2 -- C  3         +10.5% ( 32.6%)     38.2%
 FORCE CONSTANT      0.2727

 VIBRATION         26   26A           ATOM PAIR      ENERGY CONTRIBUTION    RADIAL
 FREQUENCY          1349.59         C  5 -- H 14         +16.8% ( 47.4%)      1.4%
 TRANSITION DIPOLE   0.0628         C  5 -- H 13         +14.0% ( 43.4%)      2.0%
 TRAVEL (Ang.)       0.3773         C  5 -- H 12         +13.9% ( 43.2%)      2.0%
 REDUCED MASS        0.3509         C  2 -- C  3          +9.7% ( 36.1%)     85.5%
 EFFECTIVE MASS      3.7460
 FORCE CONSTANT      0.3766

 VIBRATION         27   27A           ATOM PAIR      ENERGY CONTRIBUTION    RADIAL
 FREQUENCY          1372.55         C  3 -- C  5         +16.7% ( 56.5%)     88.7%
 TRANSITION DIPOLE   0.1157         C  3 -- H  9         +14.5% ( 52.6%)      0.2%
 TRAVEL (Ang.)       0.2051         C  3 -- H  8         +14.3% ( 52.2%)      0.2%
 REDUCED MASS        1.1679         C  2 -- C  3         +14.1% ( 51.9%)     55.0%
 EFFECTIVE MASS      6.5145
 FORCE CONSTANT      1.2963

 VIBRATION         28   28A           ATOM PAIR      ENERGY CONTRIBUTION    RADIAL
 FREQUENCY          1401.90         O  1 -- H 15         +40.1% ( 73.0%)      6.5%
 TRANSITION DIPOLE   0.1293         O  1 -- C  4         +13.1% ( 41.8%)     47.2%
 TRAVEL (Ang.)       0.2545         C  2 -- C  4         +11.4% ( 38.9%)      6.9%
 REDUCED MASS        0.7424         C  4 -- H 11         +10.9% ( 38.1%)      0.3%
 EFFECTIVE MASS      3.9195
 FORCE CONSTANT      0.8597

 VIBRATION         29   29A           ATOM PAIR      ENERGY CONTRIBUTION    RADIAL
 FREQUENCY          1480.73         O  1 -- C  4         +33.5% ( 83.8%)     94.2%
 TRANSITION DIPOLE   1.2760         C  4 -- H 10         +19.6% ( 64.2%)      0.0%
 TRAVEL (Ang.)       0.1071         C  2 -- C  4         +16.7% ( 59.2%)     37.1%
 REDUCED MASS        3.9678         C  4 -- H 11         +16.1% ( 58.1%)      4.7%
 EFFECTIVE MASS     10.2106         O  1 -- H 15         +11.8% ( 49.8%)      0.1%
 FORCE CONSTANT      5.1256

 VIBRATION         30   30A           ATOM PAIR      ENERGY CONTRIBUTION    RADIAL
 FREQUENCY          2897.89         C  4 -- H 11         +78.3% ( 90.9%)     99.4%
 TRANSITION DIPOLE   0.1635         C  4 -- H 10         +14.8% ( 39.5%)     86.9%
 TRAVEL (Ang.)       0.1879         C  2 -- H  7          +2.5% ( 16.1%)     96.9%
 REDUCED MASS        0.6593         C  2 -- H  6          +2.1% ( 15.0%)     97.0%
 EFFECTIVE MASS      1.4749
 FORCE CONSTANT      3.2619

 VIBRATION         31   31A           ATOM PAIR      ENERGY CONTRIBUTION    RADIAL
 FREQUENCY          2930.59         C  3 -- H  9         +33.7% ( 60.0%)     97.6%
 TRANSITION DIPOLE   0.0300         C  3 -- H  8         +27.6% ( 54.3%)     96.4%
 TRAVEL (Ang.)       0.2989         C  2 -- H  6         +18.6% ( 44.5%)     97.7%
 REDUCED MASS        0.2576         C  2 -- H  7         +14.0% ( 38.7%)     96.2%
 EFFECTIVE MASS      1.4827
 FORCE CONSTANT      1.3033

 VIBRATION         32   32A           ATOM PAIR      ENERGY CONTRIBUTION    RADIAL
 FREQUENCY          2948.43         C  2 -- H  6         +27.1% ( 53.0%)     98.2%
 TRANSITION DIPOLE   0.0512         C  4 -- H 10         +18.1% ( 43.3%)     98.5%
 TRAVEL (Ang.)       0.3515         C  3 -- H  9         +17.6% ( 42.7%)     97.9%
 REDUCED MASS        0.1851         C  2 -- H  7         +14.4% ( 38.6%)     95.1%
 EFFECTIVE MASS      1.4307         C  3 -- H  8         +12.3% ( 35.8%)     96.0%
 FORCE CONSTANT      0.9482

 VIBRATION         33   33A           ATOM PAIR      ENERGY CONTRIBUTION    RADIAL
 FREQUENCY          2955.71         C  4 -- H 10         +64.8% ( 81.1%)     99.7%
 TRANSITION DIPOLE   0.1159         C  2 -- H  7         +12.5% ( 35.6%)     97.5%
 TRAVEL (Ang.)       0.2270         C  2 -- H  6          +9.4% ( 30.9%)     96.6%
 REDUCED MASS        0.4428         C  4 -- H 11          +5.6% ( 23.8%)     63.6%
 EFFECTIVE MASS      1.3756
 FORCE CONSTANT      2.2790

 VIBRATION         34   34A           ATOM PAIR      ENERGY CONTRIBUTION    RADIAL
 FREQUENCY          2989.41         C  3 -- H  8         +43.3% ( 65.4%)     97.8%
 TRANSITION DIPOLE   0.0444         C  3 -- H  9         +31.9% ( 56.1%)     95.8%
 TRAVEL (Ang.)       0.2693         C  2 -- H  7         +13.1% ( 35.9%)     98.3%
 REDUCED MASS        0.3111         C  2 -- H  6          +8.3% ( 28.6%)     95.4%
 EFFECTIVE MASS      1.2708
 FORCE CONSTANT      1.6382

 VIBRATION         35   35A           ATOM PAIR      ENERGY CONTRIBUTION    RADIAL
 FREQUENCY          2998.68         C  2 -- H  7         +43.3% ( 65.1%)     97.5%
 TRANSITION DIPOLE   0.0750         C  2 -- H  6         +33.2% ( 57.1%)     95.7%
 TRAVEL (Ang.)       0.2669         C  3 -- H  8         +11.0% ( 32.8%)     97.0%
 REDUCED MASS        0.3156         C  3 -- H  9          +9.4% ( 30.4%)     95.8%
 EFFECTIVE MASS      1.2870
 FORCE CONSTANT      1.6723

 VIBRATION         36   36A           ATOM PAIR      ENERGY CONTRIBUTION    RADIAL
 FREQUENCY          3025.88         C  5 -- H 12         +65.9% ( 83.3%)     99.1%
 TRANSITION DIPOLE   0.0305         C  5 -- H 13         +24.7% ( 51.0%)     90.7%
 TRAVEL (Ang.)       0.2063         C  5 -- H 14          +7.0% ( 27.2%)     64.9%
 REDUCED MASS        0.5237         C  3 -- H  9          +1.2% ( 11.3%)     99.7%
 EFFECTIVE MASS      1.4888
 FORCE CONSTANT      2.8250

 VIBRATION         37   37A           ATOM PAIR      ENERGY CONTRIBUTION    RADIAL
 FREQUENCY          3030.03         C  5 -- H 14         +52.6% ( 74.4%)     98.1%
 TRANSITION DIPOLE   0.0266         C  5 -- H 13         +40.5% ( 65.2%)     95.7%
 TRAVEL (Ang.)       0.2188         C  5 -- H 12          +3.3% ( 18.5%)     39.0%
 REDUCED MASS        0.4647         C  3 -- H  8          +2.0% ( 14.3%)     98.6%
 EFFECTIVE MASS      1.4848
 FORCE CONSTANT      2.5135

 VIBRATION         38   38A           ATOM PAIR      ENERGY CONTRIBUTION    RADIAL
 FREQUENCY          3085.32         C  5 -- H 14         +38.4% ( 60.3%)     96.7%
 TRANSITION DIPOLE   0.0272         C  5 -- H 13         +32.8% ( 55.7%)     95.6%
 TRAVEL (Ang.)       0.2570         C  5 -- H 12         +28.5% ( 51.9%)     94.6%
 REDUCED MASS        0.3309         C  3 -- C  5          +0.3% (  5.3%)     98.5%
 EFFECTIVE MASS      1.1545
 FORCE CONSTANT      1.8561

 VIBRATION         39   39A           ATOM PAIR      ENERGY CONTRIBUTION    RADIAL
 FREQUENCY          3335.03         O  1 -- H 15         +99.6% (100.0%)    100.0%
 TRANSITION DIPOLE   0.3983         O  1 -- C  4          +0.4% (  6.5%)      9.1%
 TRAVEL (Ang.)       0.1461
 REDUCED MASS        0.9476
 EFFECTIVE MASS      1.3933
 FORCE CONSTANT      6.2096

      SYMMETRY NUMBER FOR POINT-GROUP C1  =  1


          SYSTEM IS A GROUND STATE


 HEADER  data-set: C:/Users/ildsf/Downloads/TCC/thermo/programs/mopac/butanol_RM1



          MOLECULE IS NOT LINEAR

          THERE ARE 39 GENUINE VIBRATIONS IN THIS SYSTEM
          THIS THERMODYNAMICS CALCULATION IS LIMITED TO
          MOLECULES WHICH HAVE NO INTERNAL ROTATIONS




                    CALCULATED THERMODYNAMIC PROPERTIES
                                          *
   TEMP. (K)   PARTITION FUNCTION   H.O.F.    ENTHALPY  HEAT CAPACITY ENTROPY
                                   KCAL/MOL   CAL/MOLE    CAL/K/MOL  CAL/K/MOL


 298.00  VIB.     0.2641D+02                  2439.7828    17.0218    14.6925
         ROT.     0.1040D+06                   888.2813     2.9808    25.9365
         INT.     0.2745D+07                  3328.0641    20.0027    40.6291
         TRA.     0.6169D+27                  1480.4688     4.9680    38.8232
         TOT.                      -67.711    4808.5330    24.9707    79.4522

   *: NOTE: HEATS OF FORMATION ARE RELATIVE TO THE
            ELEMENTS IN THEIR STANDARD STATE AT 298K
              (=  Standard Enthalpy of Formation).

            Hvib:  Zero-point energy is not included.
                   frequencies of less than zero cm-1 are not included.
            Hrot = (3/2)RT
            Htra = (3/2)RT + pV = (5/2)RT

            Heat capacity is Cp, not Cv

          For more information, see: HTTP://OpenMOPAC.net/Manual/thermochemistry.html


           FORCE CONSTANT IN CARTESIAN COORDINATES (Millidynes/A)

    ATOM   CHEMICAL       X               Y               Z
   NUMBER   SYMBOL  FORCE CONSTANT  FORCE CONSTANT  FORCE CONSTANT

      1       O        6.597012        5.776047        4.802455
      2       C        7.884617        8.072764        7.752611
      3       C        7.918203        8.102487        7.775416
      4       C        9.188476        8.839629        7.988318
      5       C        7.944621        7.838514        7.766488
      6       H        0.850648        2.532323        2.979667
      7       H        0.812463        1.961420        3.602043
      8       H        0.824306        2.520422        3.008050
      9       H        0.808399        1.966082        3.562964
     10       H        0.803527        2.479434        2.928422
     11       H        0.811028        1.794843        3.552043
     12       H        0.713506        1.908545        3.823449
     13       H        0.767974        2.477643        3.208594
     14       H        3.612404        2.268220        0.569627
     15       H        0.755174        2.938477        3.584280

 **********************
 *                    *
 * JOB ENDED NORMALLY *
 *                    *
 **********************



 TOTAL JOB TIME:             0.52 SECONDS

 == MOPAC DONE ==
