 *******************************************************************************
 ** Cite this program as: MOPAC2016, Version: 22.097 , James J. P. Stewart,   **
 **                           web-site: HTTP://OpenMOPAC.net.                 **
 *******************************************************************************
 **                                                                           **
 **                                MOPAC2016                                  **
 **                                                                           **
 *******************************************************************************

                              AM1 CALCULATION RESULTS

 *******************************************************************************
 *  CALCULATION DONE:                                Tue Dec 10 12:19:11 2024  *
 *  AM1        - The AM1 Hamiltonian to be used
 *  MMOK       - APPLY MM CORRECTION TO CONH BARRIER
 *  PDBOUT     - PRINT GEOMETRY IN PDB FORMAT
 *  START_RES  - STARTING RESIDUE NUMBERS DEFINED
 *  Keyword:     START_RES=(1) 
 *  PRECISE    - TIGHTER CRITERIA TO BE USED
 *  EF         - USE EF ROUTINE FOR MINIMUM SEARCH
 *  T=         - A TIME OF 172800.0 SECONDS REQUESTED
 *  DUMP=N     - RESTART FILE WRITTEN EVERY 7200.0 SECONDS REQUESTED
 *  CYCLES=    - DO A MAXIMUM OF 20000 STEPS
 *  GNORM      - EXIT WHEN GRADIENT NORM DROPS BELOW 0.001
 *  NOINTER    - THIS KEYWORD HAS BEEN REPLACED BY PRTINT
 *******************************************************************************
 START_RES=(1) AM1 EF PRECISE GNORM=0.001 CYCLES=20000 NOINTER MMOK PDBOUT

 REMARK   4
   ATOM                 CHEMICAL                   X               Y               Z
  NUMBER                 SYMBOL               (ANGSTROMS)     (ANGSTROMS)     (ANGSTROMS)
 
     1       O(ATOM      1  O   UNK A   1)   14.78300000  *   1.76400000  * -40.18900000  *
     2       O(ATOM      2  O   UNK A   1)   14.35700000  *   3.81400000  * -39.34500000  *
     3       C(ATOM      3  C   UNK A   1)   16.09300000  *   2.19800000  * -37.09300000  *
     4       C(ATOM      4  C   UNK A   1)   16.32000000  *   2.77900000  * -38.49300000  *
     5       C(ATOM      5  C   UNK A   1)   17.39500000  *   2.07000000  * -36.30500000  *
     6       C(ATOM      6  C   UNK A   1)   15.04400000  *   2.80400000  * -39.27900000  *
     7       H(ATOM      7  H   UNK A   1)   15.62900000  *   1.18700000  * -37.17800000  *
     8       H(ATOM      8  H   UNK A   1)   15.39400000  *   2.86000000  * -36.52800000  *
     9       H(ATOM      9  H   UNK A   1)   16.72300000  *   3.81600000  * -38.40900000  *
    10       H(ATOM     10  H   UNK A   1)   17.06400000  *   2.16100000  * -39.04500000  *
    11       H(ATOM     11  H   UNK A   1)   17.87600000  *   3.06700000  * -36.18300000  *
    12       H(ATOM     12  H   UNK A   1)   18.09800000  *   1.38400000  * -36.83200000  *
    13       H(ATOM     13  H   UNK A   1)   17.17800000  *   1.65100000  * -35.29600000  *
    14       H(ATOM     14  H   UNK A   1)   14.26600000  *   2.23500000  * -40.95000000  *
 

  H: (AM1): M.J.S. DEWAR ET AL, J. AM. CHEM. SOC. 107 3902-3909 (1985)
  C: (AM1): M.J.S. DEWAR ET AL, J. AM. CHEM. SOC. 107 3902-3909 (1985)
  O: (AM1): M.J.S. DEWAR ET AL, J. AM. CHEM. SOC. 107 3902-3909 (1985)

           Empirical Formula: C4 H8 O2  =    14 atoms



      MOLECULAR POINT GROUP   :   C1  


      RHF CALCULATION, NO. OF DOUBLY OCCUPIED LEVELS = 18


          Geometry optimization using EF

  GNORM HAS BEEN SET TOO LOW, RESET TO 0.01

  SPECIFY LET AS KEYWORD TO ALLOW GNORM LESS THAN 0.01

          DIAGONAL MATRIX USED AS START HESSIAN

 CYCLE:     1 TIME:   0.012 TIME LEFT:  2.00D  GRAD.:   117.647 HEAT: -106.6009
 CYCLE:     2 TIME:   0.008 TIME LEFT:  2.00D  GRAD.:   134.240 HEAT: -108.7658
 CYCLE:     3 TIME:   0.008 TIME LEFT:  2.00D  GRAD.:    81.128 HEAT: -110.9607
 CYCLE:     4 TIME:   0.000 TIME LEFT:  2.00D  GRAD.:    86.351 HEAT: -110.9990
 CYCLE:     5 TIME:   0.004 TIME LEFT:  2.00D  GRAD.:    82.315 HEAT: -111.3502
 CYCLE:     6 TIME:   0.008 TIME LEFT:  2.00D  GRAD.:    61.256 HEAT: -112.5425
 CYCLE:     7 TIME:   0.004 TIME LEFT:  2.00D  GRAD.:    53.562 HEAT: -112.7611
 CYCLE:     8 TIME:   0.008 TIME LEFT:  2.00D  GRAD.:    26.892 HEAT: -113.5683
 CYCLE:     9 TIME:   0.004 TIME LEFT:  2.00D  GRAD.:    18.570 HEAT: -113.8286
 CYCLE:    10 TIME:   0.008 TIME LEFT:  2.00D  GRAD.:    25.159 HEAT: -114.0613
 CYCLE:    11 TIME:   0.004 TIME LEFT:  2.00D  GRAD.:    23.620 HEAT: -114.4623
 CYCLE:    12 TIME:   0.004 TIME LEFT:  2.00D  GRAD.:    35.635 HEAT: -114.5375
 CYCLE:    13 TIME:   0.004 TIME LEFT:  2.00D  GRAD.:    19.545 HEAT: -115.0154
 CYCLE:    14 TIME:   0.008 TIME LEFT:  2.00D  GRAD.:    23.491 HEAT: -115.2115
 CYCLE:    15 TIME:   0.004 TIME LEFT:  2.00D  GRAD.:    14.008 HEAT: -115.4183
 CYCLE:    16 TIME:   0.004 TIME LEFT:  2.00D  GRAD.:    20.654 HEAT: -115.4255
 CYCLE:    17 TIME:   0.008 TIME LEFT:  2.00D  GRAD.:     7.068 HEAT: -115.5424
 CYCLE:    18 TIME:   0.004 TIME LEFT:  2.00D  GRAD.:     6.369 HEAT: -115.5694
 CYCLE:    19 TIME:   0.004 TIME LEFT:  2.00D  GRAD.:     4.511 HEAT: -115.6111
 CYCLE:    20 TIME:   0.004 TIME LEFT:  2.00D  GRAD.:     5.785 HEAT: -115.6813
 CYCLE:    21 TIME:   0.004 TIME LEFT:  2.00D  GRAD.:     5.665 HEAT: -115.7117
 CYCLE:    22 TIME:   0.004 TIME LEFT:  2.00D  GRAD.:     5.083 HEAT: -115.7363
 CYCLE:    23 TIME:   0.004 TIME LEFT:  2.00D  GRAD.:     5.455 HEAT: -115.7597
 CYCLE:    24 TIME:   0.004 TIME LEFT:  2.00D  GRAD.:     4.885 HEAT: -115.7704
 CYCLE:    25 TIME:   0.008 TIME LEFT:  2.00D  GRAD.:     2.902 HEAT: -115.7851
 CYCLE:    26 TIME:   0.004 TIME LEFT:  2.00D  GRAD.:     2.695 HEAT: -115.7987
 CYCLE:    27 TIME:   0.004 TIME LEFT:  2.00D  GRAD.:     4.257 HEAT: -115.8061
 CYCLE:    28 TIME:   0.004 TIME LEFT:  2.00D  GRAD.:     1.505 HEAT: -115.8121
 CYCLE:    29 TIME:   0.008 TIME LEFT:  2.00D  GRAD.:     1.196 HEAT: -115.8151
 CYCLE:    30 TIME:   0.004 TIME LEFT:  2.00D  GRAD.:     1.257 HEAT: -115.8179
 CYCLE:    31 TIME:   0.004 TIME LEFT:  2.00D  GRAD.:     0.915 HEAT: -115.8189
 CYCLE:    32 TIME:   0.004 TIME LEFT:  2.00D  GRAD.:     0.567 HEAT: -115.8196
 CYCLE:    33 TIME:   0.004 TIME LEFT:  2.00D  GRAD.:     0.508 HEAT: -115.8203
 CYCLE:    34 TIME:   0.004 TIME LEFT:  2.00D  GRAD.:     0.466 HEAT: -115.8207
 CYCLE:    35 TIME:   0.004 TIME LEFT:  2.00D  GRAD.:     0.417 HEAT: -115.8212
 CYCLE:    36 TIME:   0.004 TIME LEFT:  2.00D  GRAD.:     0.486 HEAT: -115.8217
 CYCLE:    37 TIME:   0.008 TIME LEFT:  2.00D  GRAD.:     0.608 HEAT: -115.8223
 CYCLE:    38 TIME:   0.004 TIME LEFT:  2.00D  GRAD.:     0.655 HEAT: -115.8230
 CYCLE:    39 TIME:   0.004 TIME LEFT:  2.00D  GRAD.:     0.723 HEAT: -115.8240
 CYCLE:    40 TIME:   0.004 TIME LEFT:  2.00D  GRAD.:     0.909 HEAT: -115.8254
 CYCLE:    41 TIME:   0.008 TIME LEFT:  2.00D  GRAD.:     1.492 HEAT: -115.8284
 CYCLE:    42 TIME:   0.004 TIME LEFT:  2.00D  GRAD.:     2.187 HEAT: -115.8330
 CYCLE:    43 TIME:   0.008 TIME LEFT:  2.00D  GRAD.:     4.930 HEAT: -115.8429
 CYCLE:    44 TIME:   0.004 TIME LEFT:  2.00D  GRAD.:     2.897 HEAT: -115.8546
 CYCLE:    45 TIME:   0.004 TIME LEFT:  2.00D  GRAD.:     4.549 HEAT: -115.8781
 CYCLE:    46 TIME:   0.008 TIME LEFT:  2.00D  GRAD.:     2.910 HEAT: -115.8976
 CYCLE:    47 TIME:   0.004 TIME LEFT:  2.00D  GRAD.:     2.939 HEAT: -115.9043
 CYCLE:    48 TIME:   0.016 TIME LEFT:  2.00D  GRAD.:     3.113 HEAT: -115.9066
 CYCLE:    49 TIME:   0.008 TIME LEFT:  2.00D  GRAD.:     5.492 HEAT: -115.9129
 CYCLE:    50 TIME:   0.008 TIME LEFT:  2.00D  GRAD.:     1.919 HEAT: -115.9172
 CYCLE:    51 TIME:   0.004 TIME LEFT:  2.00D  GRAD.:     1.295 HEAT: -115.9214
 CYCLE:    52 TIME:   0.008 TIME LEFT:  2.00D  GRAD.:     1.676 HEAT: -115.9283
 CYCLE:    53 TIME:   0.004 TIME LEFT:  2.00D  GRAD.:     2.926 HEAT: -115.9334
 CYCLE:    54 TIME:   0.008 TIME LEFT:  2.00D  GRAD.:     1.412 HEAT: -115.9352
 CYCLE:    55 TIME:   0.004 TIME LEFT:  2.00D  GRAD.:     1.462 HEAT: -115.9375
 CYCLE:    56 TIME:   0.004 TIME LEFT:  2.00D  GRAD.:     1.264 HEAT: -115.9392
 CYCLE:    57 TIME:   0.008 TIME LEFT:  2.00D  GRAD.:     0.729 HEAT: -115.9411
 CYCLE:    58 TIME:   0.004 TIME LEFT:  2.00D  GRAD.:     0.747 HEAT: -115.9419
 CYCLE:    59 TIME:   0.000 TIME LEFT:  2.00D  GRAD.:     0.811 HEAT: -115.9432
 CYCLE:    60 TIME:   0.008 TIME LEFT:  2.00D  GRAD.:     0.842 HEAT: -115.9447
 CYCLE:    61 TIME:   0.004 TIME LEFT:  2.00D  GRAD.:     0.925 HEAT: -115.9467
 CYCLE:    62 TIME:   0.008 TIME LEFT:  2.00D  GRAD.:     1.165 HEAT: -115.9487
 CYCLE:    63 TIME:   0.008 TIME LEFT:  2.00D  GRAD.:     2.860 HEAT: -115.9486
 CYCLE:    64 TIME:   0.008 TIME LEFT:  2.00D  GRAD.:     1.485 HEAT: -115.9526
 CYCLE:    65 TIME:   0.008 TIME LEFT:  2.00D  GRAD.:     1.219 HEAT: -115.9542
 CYCLE:    66 TIME:   0.008 TIME LEFT:  2.00D  GRAD.:     1.372 HEAT: -115.9603
 CYCLE:    67 TIME:   0.008 TIME LEFT:  2.00D  GRAD.:     1.616 HEAT: -115.9636
 CYCLE:    68 TIME:   0.008 TIME LEFT:  2.00D  GRAD.:     7.343 HEAT: -115.9714
 CYCLE:    69 TIME:   0.016 TIME LEFT:  2.00D  GRAD.:     5.124 HEAT: -115.9846
 CYCLE:    70 TIME:   0.008 TIME LEFT:  2.00D  GRAD.:     2.108 HEAT: -115.9941
 CYCLE:    71 TIME:   0.012 TIME LEFT:  2.00D  GRAD.:     3.413 HEAT: -116.0055
 CYCLE:    72 TIME:   0.008 TIME LEFT:  2.00D  GRAD.:     3.877 HEAT: -116.0154
 CYCLE:    73 TIME:   0.012 TIME LEFT:  2.00D  GRAD.:     4.538 HEAT: -116.0231
 CYCLE:    74 TIME:   0.008 TIME LEFT:  2.00D  GRAD.:     3.335 HEAT: -116.0283
 CYCLE:    75 TIME:   0.008 TIME LEFT:  2.00D  GRAD.:     1.490 HEAT: -116.0300
 CYCLE:    76 TIME:   0.012 TIME LEFT:  2.00D  GRAD.:     0.974 HEAT: -116.0338
 CYCLE:    77 TIME:   0.008 TIME LEFT:  2.00D  GRAD.:     1.516 HEAT: -116.0366
 CYCLE:    78 TIME:   0.008 TIME LEFT:  2.00D  GRAD.:     1.218 HEAT: -116.0386
 CYCLE:    79 TIME:   0.012 TIME LEFT:  2.00D  GRAD.:     0.718 HEAT: -116.0401
 CYCLE:    80 TIME:   0.008 TIME LEFT:  2.00D  GRAD.:     0.370 HEAT: -116.0404
 CYCLE:    81 TIME:   0.012 TIME LEFT:  2.00D  GRAD.:     0.355 HEAT: -116.0406
 CYCLE:    82 TIME:   0.008 TIME LEFT:  2.00D  GRAD.:     0.312 HEAT: -116.0408
 CYCLE:    83 TIME:   0.012 TIME LEFT:  2.00D  GRAD.:     0.416 HEAT: -116.0412
 CYCLE:    84 TIME:   0.008 TIME LEFT:  2.00D  GRAD.:     0.638 HEAT: -116.0419
 CYCLE:    85 TIME:   0.016 TIME LEFT:  2.00D  GRAD.:     1.182 HEAT: -116.0431
 CYCLE:    86 TIME:   0.008 TIME LEFT:  2.00D  GRAD.:     1.158 HEAT: -116.0446
 CYCLE:    87 TIME:   0.012 TIME LEFT:  2.00D  GRAD.:     1.568 HEAT: -116.0466
 CYCLE:    88 TIME:   0.008 TIME LEFT:  2.00D  GRAD.:     0.599 HEAT: -116.0473
 CYCLE:    89 TIME:   0.004 TIME LEFT:  2.00D  GRAD.:     0.364 HEAT: -116.0478
 CYCLE:    90 TIME:   0.008 TIME LEFT:  2.00D  GRAD.:     0.284 HEAT: -116.0480
 CYCLE:    91 TIME:   0.012 TIME LEFT:  2.00D  GRAD.:     0.321 HEAT: -116.0481
 CYCLE:    92 TIME:   0.008 TIME LEFT:  2.00D  GRAD.:     0.158 HEAT: -116.0481
 CYCLE:    93 TIME:   0.008 TIME LEFT:  2.00D  GRAD.:     0.112 HEAT: -116.0482
 CYCLE:    94 TIME:   0.008 TIME LEFT:  2.00D  GRAD.:     1.735 HEAT: -116.0423
 CYCLE:    95 TIME:   0.008 TIME LEFT:  2.00D  GRAD.:     0.100 HEAT: -116.0482
 CYCLE:    96 TIME:   0.008 TIME LEFT:  2.00D  GRAD.:     0.094 HEAT: -116.0482
 CYCLE:    97 TIME:   0.008 TIME LEFT:  2.00D  GRAD.:     0.739 HEAT: -116.0480
 CYCLE:    98 TIME:   0.008 TIME LEFT:  2.00D  GRAD.:     0.135 HEAT: -116.0482
 CYCLE:    99 TIME:   0.008 TIME LEFT:  2.00D  GRAD.:     0.121 HEAT: -116.0482
 CYCLE:   100 TIME:   0.008 TIME LEFT:  2.00D  GRAD.:     0.714 HEAT: -116.0473
 CYCLE:   101 TIME:   0.008 TIME LEFT:  2.00D  GRAD.:     0.103 HEAT: -116.0482
 CYCLE:   102 TIME:   0.008 TIME LEFT:  2.00D  GRAD.:     0.112 HEAT: -116.0482
 CYCLE:   103 TIME:   0.008 TIME LEFT:  2.00D  GRAD.:     0.573 HEAT: -116.0482
 CYCLE:   104 TIME:   0.008 TIME LEFT:  2.00D  GRAD.:     0.198 HEAT: -116.0483
 CYCLE:   105 TIME:   0.008 TIME LEFT:  2.00D  GRAD.:     0.203 HEAT: -116.0483
 CYCLE:   106 TIME:   0.012 TIME LEFT:  2.00D  GRAD.:     1.893 HEAT: -116.0472
 CYCLE:   107 TIME:   0.008 TIME LEFT:  2.00D  GRAD.:     0.084 HEAT: -116.0484
 CYCLE:   108 TIME:   0.008 TIME LEFT:  2.00D  GRAD.:     0.069 HEAT: -116.0484
 CYCLE:   109 TIME:   0.008 TIME LEFT:  2.00D  GRAD.:     0.042 HEAT: -116.0484
 CYCLE:   110 TIME:   0.008 TIME LEFT:  2.00D  GRAD.:     0.132 HEAT: -116.0484
 CYCLE:   111 TIME:   0.008 TIME LEFT:  2.00D  GRAD.:     0.152 HEAT: -116.0484
 CYCLE:   112 TIME:   0.008 TIME LEFT:  2.00D  GRAD.:     0.201 HEAT: -116.0483
 CYCLE:   113 TIME:   0.008 TIME LEFT:  2.00D  GRAD.:     0.050 HEAT: -116.0484
 CYCLE:   114 TIME:   0.004 TIME LEFT:  2.00D  GRAD.:     0.016 HEAT: -116.0484
 CYCLE:   115 TIME:   0.008 TIME LEFT:  2.00D  GRAD.:     0.010 HEAT: -116.0484
 CYCLE:   116 TIME:   0.012 TIME LEFT:  2.00D  GRAD.:     0.008 HEAT: -116.0484

     GRADIENT =  0.00816 IS LESS THAN CUTOFF =  0.01000



 -------------------------------------------------------------------------------
 START_RES=(1) AM1 EF PRECISE GNORM=0.001 CYCLES=20000 NOINTER MMOK PDBOUT

 REMARK   4


     GEOMETRY OPTIMISED USING EIGENVECTOR FOLLOWING (EF).     
     SCF FIELD WAS ACHIEVED                                   


                              AM1 CALCULATION
                                                       MOPAC2016 (Version: 22.097 )
                                                       Tue Dec 10 12:19:12 2024




          FINAL HEAT OF FORMATION =       -116.04841 KCAL/MOL =    -485.54653 KJ/MOL


          COSMO AREA              =        130.33 SQUARE ANGSTROMS
          COSMO VOLUME            =        121.45 CUBIC ANGSTROMS

          GRADIENT NORM           =          0.00816          =       0.00218 PER ATOM
          IONIZATION POTENTIAL    =         11.488668 EV
          HOMO LUMO ENERGIES (EV) =        -11.489  1.029
          NO. OF FILLED LEVELS    =         18
          MOLECULAR WEIGHT        =         88.1060         POINT GROUP:  C1  

          MOLECULAR DIMENSIONS (Angstroms)

            Atom       Atom       Distance
            H    14    H    13     6.50385
            H    12    O     2     3.03576
            H     9    H     7     2.83283


          SCF CALCULATIONS        =        125
 
          WALL-CLOCK TIME         =          0.832 SECONDS
          COMPUTATION TIME        =          1.234 SECONDS




   ATOM                 CHEMICAL                   X               Y               Z
  NUMBER                 SYMBOL               (ANGSTROMS)     (ANGSTROMS)     (ANGSTROMS)
 
     1       O(ATOM      1  O   UNK A   1)   15.06340611  *   2.25564069  * -40.55775717  *
     2       O(ATOM      2  O   UNK A   1)   14.07456804  *   3.38262989  * -38.93398949  *
     3       C(ATOM      3  C   UNK A   1)   16.08269500  *   2.34017406  * -37.05651444  *
     4       C(ATOM      4  C   UNK A   1)   16.34003723  *   2.46979582  * -38.54333914  *
     5       C(ATOM      5  C   UNK A   1)   17.37407815  *   2.18298106  * -36.29684644  *
     6       C(ATOM      6  C   UNK A   1)   15.07763116  *   2.75724324  * -39.28866187  *
     7       H(ATOM      7  H   UNK A   1)   15.41994660  *   1.45462146  * -36.86833055  *
     8       H(ATOM      8  H   UNK A   1)   15.52956838  *   3.24809154  * -36.69518997  *
     9       H(ATOM      9  H   UNK A   1)   17.04937439  *   3.31806590  * -38.74348697  *
    10       H(ATOM     10  H   UNK A   1)   16.80702936  *   1.53260850  * -38.94681503  *
    11       H(ATOM     11  H   UNK A   1)   18.03109252  *   3.07434751  * -36.44324147  *
    12       H(ATOM     12  H   UNK A   1)   17.92927767  *   1.27718858  * -36.64163661  *
    13       H(ATOM     13  H   UNK A   1)   17.16522523  *   2.07471039  * -35.20503973  *
    14       H(ATOM     14  H   UNK A   1)   14.22708728  *   2.48922474  * -40.99257568  *

                             CARTESIAN COORDINATES

   1    O       15.063406108     2.255640695   -40.557757173
   2    O       14.074568044     3.382629886   -38.933989494
   3    C       16.082695000     2.340174062   -37.056514444
   4    C       16.340037233     2.469795819   -38.543339137
   5    C       17.374078148     2.182981062   -36.296846444
   6    C       15.077631158     2.757243236   -39.288661872
   7    H       15.419946605     1.454621458   -36.868330553
   8    H       15.529568377     3.248091542   -36.695189966
   9    H       17.049374387     3.318065896   -38.743486970
  10    H       16.807029360     1.532608505   -38.946815026
  11    H       18.031092522     3.074347508   -36.443241473
  12    H       17.929277665     1.277188575   -36.641636608
  13    H       17.165225233     2.074710391   -35.205039726
  14    H       14.227087283     2.489224743   -40.992575684


           Empirical Formula: C4 H8 O2  =    14 atoms



      MOLECULAR POINT GROUP   :   C1  


                  EIGENVALUES  
 -40.73994 -36.61833 -35.67325 -29.53737 -23.68195 -21.38743 -18.90484 -17.42028
 -16.87947 -15.56993 -14.94751 -14.13759 -13.34235 -13.16630 -12.40109 -12.29920
 -11.73677 -11.48867   1.02921   2.27221   3.41941   3.57667   3.88174   4.04165
   4.16502   4.40400   4.46292   4.72895   4.76125   4.91752   5.27962   6.65765


              NET ATOMIC CHARGES AND DIPOLE CONTRIBUTIONS

  ATOM NO.                 TYPE                        CHARGE      No. of ELECS.   s-Pop       p-Pop       
    1          O(ATOM      1  O   UNK A   1)          -0.321143        6.3211     1.86145     4.45969
    2          O(ATOM      2  O   UNK A   1)          -0.361926        6.3619     1.91472     4.44721
    3          C(ATOM      3  C   UNK A   1)          -0.158935        4.1589     1.21497     2.94397
    4          C(ATOM      4  C   UNK A   1)          -0.155595        4.1556     1.21600     2.93960
    5          C(ATOM      5  C   UNK A   1)          -0.212448        4.2124     1.22388     2.98857
    6          C(ATOM      6  C   UNK A   1)           0.305494        3.6945     1.24439     2.45012
    7          H(ATOM      7  H   UNK A   1)           0.089916        0.9101     0.91008
    8          H(ATOM      8  H   UNK A   1)           0.103683        0.8963     0.89632
    9          H(ATOM      9  H   UNK A   1)           0.119449        0.8806     0.88055
   10          H(ATOM     10  H   UNK A   1)           0.118853        0.8811     0.88115
   11          H(ATOM     11  H   UNK A   1)           0.074815        0.9252     0.92518
   12          H(ATOM     12  H   UNK A   1)           0.074040        0.9260     0.92596
   13          H(ATOM     13  H   UNK A   1)           0.081422        0.9186     0.91858
   14          H(ATOM     14  H   UNK A   1)           0.242374        0.7576     0.75763

          NET CHARGE ON RESIDUES

      Residue         Charge  Anion or
                              Cation?
      UNK A   1       +0.000
 


 DIPOLE           X         Y         Z       TOTAL
 POINT-CHG.     2.105    -0.881     0.449     2.325
 HYBRID        -0.418     0.117    -0.349     0.557
 SUM            1.687    -0.764     0.100     1.855


          ATOMIC ORBITAL ELECTRON POPULATIONS

                   Atom                  s        px        py        pz   
   O(ATOM      1  O   UNK A   1)   1.86145   1.44257   1.73123   1.28590
   O(ATOM      2  O   UNK A   1)   1.91472   1.29628   1.37633   1.77460
   C(ATOM      3  C   UNK A   1)   1.21497   0.98596   1.04295   0.91506
   C(ATOM      4  C   UNK A   1)   1.21600   0.93033   1.05037   0.95889
   C(ATOM      5  C   UNK A   1)   1.22388   0.96575   1.01846   1.00437
   C(ATOM      6  C   UNK A   1)   1.24439   0.88709   0.75305   0.80998
   H(ATOM      7  H   UNK A   1)   0.91008
   H(ATOM      8  H   UNK A   1)   0.89632
   H(ATOM      9  H   UNK A   1)   0.88055
   H(ATOM     10  H   UNK A   1)   0.88115
   H(ATOM     11  H   UNK A   1)   0.92518
   H(ATOM     12  H   UNK A   1)   0.92596
   H(ATOM     13  H   UNK A   1)   0.91858
   H(ATOM     14  H   UNK A   1)   0.75763

 **********************
 *                    *
 * JOB ENDED NORMALLY *
 *                    *
 **********************



 TOTAL JOB TIME:             0.84 SECONDS

 == MOPAC DONE ==
