 *******************************************************************************
 ** Cite this program as: MOPAC2016, Version: 22.097 , James J. P. Stewart,   **
 **                           web-site: HTTP://OpenMOPAC.net.                 **
 *******************************************************************************
 **                                                                           **
 **                                MOPAC2016                                  **
 **                                                                           **
 *******************************************************************************

                              RM1 CALCULATION RESULTS

 *******************************************************************************
 *  CALCULATION DONE:                                Tue Dec 10 12:19:16 2024  *
 *  RM1        - The RM1 Hamiltonian to be used
 *  MMOK       - APPLY MM CORRECTION TO CONH BARRIER
 *  PDBOUT     - PRINT GEOMETRY IN PDB FORMAT
 *  START_RES  - STARTING RESIDUE NUMBERS DEFINED
 *  Keyword:     START_RES=(1) 
 *  PRECISE    - TIGHTER CRITERIA TO BE USED
 *  EF         - USE EF ROUTINE FOR MINIMUM SEARCH
 *  T=         - A TIME OF 172800.0 SECONDS REQUESTED
 *  DUMP=N     - RESTART FILE WRITTEN EVERY 7200.0 SECONDS REQUESTED
 *  CYCLES=    - DO A MAXIMUM OF 20000 STEPS
 *  GNORM      - EXIT WHEN GRADIENT NORM DROPS BELOW 0.001
 *  NOINTER    - THIS KEYWORD HAS BEEN REPLACED BY PRTINT
 *******************************************************************************
 START_RES=(1) RM1 EF PRECISE GNORM=0.001 CYCLES=20000 NOINTER MMOK PDBOUT

 REMARK   4
   ATOM                 CHEMICAL                   X               Y               Z
  NUMBER                 SYMBOL               (ANGSTROMS)     (ANGSTROMS)     (ANGSTROMS)
 
     1       O(ATOM      1  O   UNK A   1)   14.78300000  *   1.76400000  * -40.18900000  *
     2       O(ATOM      2  O   UNK A   1)   14.35700000  *   3.81400000  * -39.34500000  *
     3       C(ATOM      3  C   UNK A   1)   16.09300000  *   2.19800000  * -37.09300000  *
     4       C(ATOM      4  C   UNK A   1)   16.32000000  *   2.77900000  * -38.49300000  *
     5       C(ATOM      5  C   UNK A   1)   17.39500000  *   2.07000000  * -36.30500000  *
     6       C(ATOM      6  C   UNK A   1)   15.04400000  *   2.80400000  * -39.27900000  *
     7       H(ATOM      7  H   UNK A   1)   15.62900000  *   1.18700000  * -37.17800000  *
     8       H(ATOM      8  H   UNK A   1)   15.39400000  *   2.86000000  * -36.52800000  *
     9       H(ATOM      9  H   UNK A   1)   16.72300000  *   3.81600000  * -38.40900000  *
    10       H(ATOM     10  H   UNK A   1)   17.06400000  *   2.16100000  * -39.04500000  *
    11       H(ATOM     11  H   UNK A   1)   17.87600000  *   3.06700000  * -36.18300000  *
    12       H(ATOM     12  H   UNK A   1)   18.09800000  *   1.38400000  * -36.83200000  *
    13       H(ATOM     13  H   UNK A   1)   17.17800000  *   1.65100000  * -35.29600000  *
    14       H(ATOM     14  H   UNK A   1)   14.26600000  *   2.23500000  * -40.95000000  *
 

  H: (RM1): G.B. ROCHA, R.O. FREIRE, A.M.SIMAS, J.J.P. STEWART, J. COMP. CHEM. 27, 1101 (2006)
  C: (RM1): G.B. ROCHA, R.O. FREIRE, A.M.SIMAS, J.J.P. STEWART, J. COMP. CHEM. 27, 1101 (2006)
  O: (RM1): G.B. ROCHA, R.O. FREIRE, A.M.SIMAS, J.J.P. STEWART, J. COMP. CHEM. 27, 1101 (2006)

           Empirical Formula: C4 H8 O2  =    14 atoms



      MOLECULAR POINT GROUP   :   C1  


      RHF CALCULATION, NO. OF DOUBLY OCCUPIED LEVELS = 18


          Geometry optimization using EF

  GNORM HAS BEEN SET TOO LOW, RESET TO 0.01

  SPECIFY LET AS KEYWORD TO ALLOW GNORM LESS THAN 0.01

          DIAGONAL MATRIX USED AS START HESSIAN

 CYCLE:     1 TIME:   0.008 TIME LEFT:  2.00D  GRAD.:   112.825 HEAT: -100.7416
 CYCLE:     2 TIME:   0.012 TIME LEFT:  2.00D  GRAD.:   104.523 HEAT: -103.9558
 CYCLE:     3 TIME:   0.012 TIME LEFT:  2.00D  GRAD.:    50.250 HEAT: -105.9874
 CYCLE:     4 TIME:   0.004 TIME LEFT:  2.00D  GRAD.:    76.625 HEAT: -106.1396
 CYCLE:     5 TIME:   0.008 TIME LEFT:  2.00D  GRAD.:    93.103 HEAT: -106.8707
 CYCLE:     6 TIME:   0.004 TIME LEFT:  2.00D  GRAD.:    65.908 HEAT: -107.5879
 CYCLE:     7 TIME:   0.004 TIME LEFT:  2.00D  GRAD.:    24.181 HEAT: -108.6670
 CYCLE:     8 TIME:   0.008 TIME LEFT:  2.00D  GRAD.:    28.926 HEAT: -108.8010
 CYCLE:     9 TIME:   0.008 TIME LEFT:  2.00D  GRAD.:    27.270 HEAT: -109.1144
 CYCLE:    10 TIME:   0.004 TIME LEFT:  2.00D  GRAD.:    31.645 HEAT: -109.3110
 CYCLE:    11 TIME:   0.004 TIME LEFT:  2.00D  GRAD.:    27.193 HEAT: -109.6714
 CYCLE:    12 TIME:   0.012 TIME LEFT:  2.00D  GRAD.:    26.200 HEAT: -109.8237
 CYCLE:    13 TIME:   0.008 TIME LEFT:  2.00D  GRAD.:    15.248 HEAT: -110.1130
 CYCLE:    14 TIME:   0.004 TIME LEFT:  2.00D  GRAD.:    16.385 HEAT: -110.3221
 CYCLE:    15 TIME:   0.008 TIME LEFT:  2.00D  GRAD.:    18.872 HEAT: -110.4711
 CYCLE:    16 TIME:   0.004 TIME LEFT:  2.00D  GRAD.:    11.630 HEAT: -110.6269
 CYCLE:    17 TIME:   0.008 TIME LEFT:  2.00D  GRAD.:     9.095 HEAT: -110.6848
 CYCLE:    18 TIME:   0.004 TIME LEFT:  2.00D  GRAD.:     5.822 HEAT: -110.7415
 CYCLE:    19 TIME:   0.004 TIME LEFT:  2.00D  GRAD.:     9.801 HEAT: -110.8176
 CYCLE:    20 TIME:   0.008 TIME LEFT:  2.00D  GRAD.:    10.122 HEAT: -110.8689
 CYCLE:    21 TIME:   0.004 TIME LEFT:  2.00D  GRAD.:     4.535 HEAT: -110.9210
 CYCLE:    22 TIME:   0.004 TIME LEFT:  2.00D  GRAD.:     4.787 HEAT: -110.9511
 CYCLE:    23 TIME:   0.008 TIME LEFT:  2.00D  GRAD.:     5.701 HEAT: -110.9714
 CYCLE:    24 TIME:   0.004 TIME LEFT:  2.00D  GRAD.:     3.613 HEAT: -110.9968
 CYCLE:    25 TIME:   0.008 TIME LEFT:  2.00D  GRAD.:     2.747 HEAT: -111.0211
 CYCLE:    26 TIME:   0.004 TIME LEFT:  2.00D  GRAD.:     2.410 HEAT: -111.0290
 CYCLE:    27 TIME:   0.008 TIME LEFT:  2.00D  GRAD.:     1.371 HEAT: -111.0352
 CYCLE:    28 TIME:   0.004 TIME LEFT:  2.00D  GRAD.:     0.974 HEAT: -111.0376
 CYCLE:    29 TIME:   0.008 TIME LEFT:  2.00D  GRAD.:     0.998 HEAT: -111.0386
 CYCLE:    30 TIME:   0.008 TIME LEFT:  2.00D  GRAD.:     0.755 HEAT: -111.0397
 CYCLE:    31 TIME:   0.008 TIME LEFT:  2.00D  GRAD.:     0.468 HEAT: -111.0404
 CYCLE:    32 TIME:   0.004 TIME LEFT:  2.00D  GRAD.:     0.394 HEAT: -111.0408
 CYCLE:    33 TIME:   0.004 TIME LEFT:  2.00D  GRAD.:     0.298 HEAT: -111.0410
 CYCLE:    34 TIME:   0.004 TIME LEFT:  2.00D  GRAD.:     0.206 HEAT: -111.0411
 CYCLE:    35 TIME:   0.004 TIME LEFT:  2.00D  GRAD.:     0.180 HEAT: -111.0412
 CYCLE:    36 TIME:   0.004 TIME LEFT:  2.00D  GRAD.:     0.250 HEAT: -111.0413
 CYCLE:    37 TIME:   0.004 TIME LEFT:  2.00D  GRAD.:     0.285 HEAT: -111.0414
 CYCLE:    38 TIME:   0.008 TIME LEFT:  2.00D  GRAD.:     0.272 HEAT: -111.0416
 CYCLE:    39 TIME:   0.004 TIME LEFT:  2.00D  GRAD.:     0.263 HEAT: -111.0417
 CYCLE:    40 TIME:   0.008 TIME LEFT:  2.00D  GRAD.:     0.460 HEAT: -111.0420
 CYCLE:    41 TIME:   0.004 TIME LEFT:  2.00D  GRAD.:     0.691 HEAT: -111.0424
 CYCLE:    42 TIME:   0.008 TIME LEFT:  2.00D  GRAD.:     1.177 HEAT: -111.0434
 CYCLE:    43 TIME:   0.004 TIME LEFT:  2.00D  GRAD.:     1.189 HEAT: -111.0456
 CYCLE:    44 TIME:   0.012 TIME LEFT:  2.00D  GRAD.:     3.273 HEAT: -111.0480
 CYCLE:    45 TIME:   0.008 TIME LEFT:  2.00D  GRAD.:     0.826 HEAT: -111.0509
 CYCLE:    46 TIME:   0.008 TIME LEFT:  2.00D  GRAD.:     0.645 HEAT: -111.0520
 CYCLE:    47 TIME:   0.004 TIME LEFT:  2.00D  GRAD.:     0.504 HEAT: -111.0527
 CYCLE:    48 TIME:   0.004 TIME LEFT:  2.00D  GRAD.:     0.412 HEAT: -111.0531
 CYCLE:    49 TIME:   0.008 TIME LEFT:  2.00D  GRAD.:     0.404 HEAT: -111.0533
 CYCLE:    50 TIME:   0.004 TIME LEFT:  2.00D  GRAD.:     3.612 HEAT: -111.0466
 CYCLE:    51 TIME:   0.008 TIME LEFT:  2.00D  GRAD.:     1.990 HEAT: -111.0533
 CYCLE:    52 TIME:   0.004 TIME LEFT:  2.00D  GRAD.:     2.183 HEAT: -111.0523
 CYCLE:    53 TIME:   0.004 TIME LEFT:  2.00D  GRAD.:     0.556 HEAT: -111.0558
 CYCLE:    54 TIME:   0.008 TIME LEFT:  2.00D  GRAD.:     0.464 HEAT: -111.0562
 CYCLE:    55 TIME:   0.004 TIME LEFT:  2.00D  GRAD.:     1.133 HEAT: -111.0581
 CYCLE:    56 TIME:   0.004 TIME LEFT:  2.00D  GRAD.:     0.904 HEAT: -111.0591
 CYCLE:    57 TIME:   0.004 TIME LEFT:  2.00D  GRAD.:     3.645 HEAT: -111.0684
 CYCLE:    58 TIME:   0.008 TIME LEFT:  2.00D  GRAD.:     4.867 HEAT: -111.0760
 CYCLE:    59 TIME:   0.004 TIME LEFT:  2.00D  GRAD.:    10.635 HEAT: -111.0984
 CYCLE:    60 TIME:   0.004 TIME LEFT:  2.00D  GRAD.:     5.219 HEAT: -111.1174
 CYCLE:    61 TIME:   0.004 TIME LEFT:  2.00D  GRAD.:     3.002 HEAT: -111.1405
 CYCLE:    62 TIME:   0.004 TIME LEFT:  2.00D  GRAD.:    12.433 HEAT: -111.1432
 CYCLE:    63 TIME:   0.008 TIME LEFT:  2.00D  GRAD.:     3.608 HEAT: -111.1641
 CYCLE:    64 TIME:   0.008 TIME LEFT:  2.00D  GRAD.:     3.153 HEAT: -111.1830
 CYCLE:    65 TIME:   0.012 TIME LEFT:  2.00D  GRAD.:     8.125 HEAT: -111.2091
 CYCLE:    66 TIME:   0.008 TIME LEFT:  2.00D  GRAD.:     1.956 HEAT: -111.2293
 CYCLE:    67 TIME:   0.008 TIME LEFT:  2.00D  GRAD.:     5.364 HEAT: -111.2474
 CYCLE:    68 TIME:   0.008 TIME LEFT:  2.00D  GRAD.:    11.418 HEAT: -111.2527
 CYCLE:    69 TIME:   0.008 TIME LEFT:  2.00D  GRAD.:     3.481 HEAT: -111.2756
 CYCLE:    70 TIME:   0.008 TIME LEFT:  2.00D  GRAD.:     4.300 HEAT: -111.2930
 CYCLE:    71 TIME:   0.008 TIME LEFT:  2.00D  GRAD.:     6.507 HEAT: -111.3156
 CYCLE:    72 TIME:   0.008 TIME LEFT:  2.00D  GRAD.:     8.533 HEAT: -111.3370
 CYCLE:    73 TIME:   0.008 TIME LEFT:  2.00D  GRAD.:     5.979 HEAT: -111.3567
 CYCLE:    74 TIME:   0.008 TIME LEFT:  2.00D  GRAD.:     3.861 HEAT: -111.3994
 CYCLE:    75 TIME:   0.008 TIME LEFT:  2.00D  GRAD.:    10.073 HEAT: -111.4085
 CYCLE:    76 TIME:   0.004 TIME LEFT:  2.00D  GRAD.:     8.480 HEAT: -111.4290
 CYCLE:    77 TIME:   0.008 TIME LEFT:  2.00D  GRAD.:     2.953 HEAT: -111.4620
 CYCLE:    78 TIME:   0.008 TIME LEFT:  2.00D  GRAD.:     9.092 HEAT: -111.4800
 CYCLE:    79 TIME:   0.008 TIME LEFT:  2.00D  GRAD.:     5.404 HEAT: -111.4883
 CYCLE:    80 TIME:   0.004 TIME LEFT:  2.00D  GRAD.:     2.237 HEAT: -111.5043
 CYCLE:    81 TIME:   0.008 TIME LEFT:  2.00D  GRAD.:     5.602 HEAT: -111.5157
 CYCLE:    82 TIME:   0.008 TIME LEFT:  2.00D  GRAD.:     3.010 HEAT: -111.5247
 CYCLE:    83 TIME:   0.008 TIME LEFT:  2.00D  GRAD.:     3.929 HEAT: -111.5371
 CYCLE:    84 TIME:   0.008 TIME LEFT:  2.00D  GRAD.:     3.197 HEAT: -111.5429
 CYCLE:    85 TIME:   0.008 TIME LEFT:  2.00D  GRAD.:     1.799 HEAT: -111.5461
 CYCLE:    86 TIME:   0.008 TIME LEFT:  2.00D  GRAD.:     1.761 HEAT: -111.5513
 CYCLE:    87 TIME:   0.008 TIME LEFT:  2.00D  GRAD.:     3.135 HEAT: -111.5554
 CYCLE:    88 TIME:   0.004 TIME LEFT:  2.00D  GRAD.:     3.075 HEAT: -111.5605
 CYCLE:    89 TIME:   0.012 TIME LEFT:  2.00D  GRAD.:     2.136 HEAT: -111.5696
 CYCLE:    90 TIME:   0.004 TIME LEFT:  2.00D  GRAD.:     3.256 HEAT: -111.5753
 CYCLE:    91 TIME:   0.012 TIME LEFT:  2.00D  GRAD.:     3.098 HEAT: -111.5807
 CYCLE:    92 TIME:   0.008 TIME LEFT:  2.00D  GRAD.:     4.430 HEAT: -111.5819
 CYCLE:    93 TIME:   0.008 TIME LEFT:  2.00D  GRAD.:     1.575 HEAT: -111.5893
 CYCLE:    94 TIME:   0.008 TIME LEFT:  2.00D  GRAD.:     1.255 HEAT: -111.5909
 CYCLE:    95 TIME:   0.008 TIME LEFT:  2.00D  GRAD.:     1.164 HEAT: -111.5922
 CYCLE:    96 TIME:   0.008 TIME LEFT:  2.00D  GRAD.:     0.877 HEAT: -111.5928
 CYCLE:    97 TIME:   0.008 TIME LEFT:  2.00D  GRAD.:     0.708 HEAT: -111.5931
 CYCLE:    98 TIME:   0.008 TIME LEFT:  2.00D  GRAD.:     0.500 HEAT: -111.5934
 CYCLE:    99 TIME:   0.004 TIME LEFT:  2.00D  GRAD.:     0.451 HEAT: -111.5939
 CYCLE:   100 TIME:   0.008 TIME LEFT:  2.00D  GRAD.:     0.531 HEAT: -111.5942
 CYCLE:   101 TIME:   0.008 TIME LEFT:  2.00D  GRAD.:     0.560 HEAT: -111.5943
 CYCLE:   102 TIME:   0.008 TIME LEFT:  2.00D  GRAD.:     0.455 HEAT: -111.5945
 CYCLE:   103 TIME:   0.008 TIME LEFT:  2.00D  GRAD.:     0.474 HEAT: -111.5947
 CYCLE:   104 TIME:   0.008 TIME LEFT:  2.00D  GRAD.:     0.449 HEAT: -111.5948
 CYCLE:   105 TIME:   0.008 TIME LEFT:  2.00D  GRAD.:     1.435 HEAT: -111.5946
 CYCLE:   106 TIME:   0.008 TIME LEFT:  2.00D  GRAD.:     0.719 HEAT: -111.5960
 CYCLE:   107 TIME:   0.008 TIME LEFT:  2.00D  GRAD.:     0.397 HEAT: -111.5963
 CYCLE:   108 TIME:   0.008 TIME LEFT:  2.00D  GRAD.:     0.339 HEAT: -111.5968
 CYCLE:   109 TIME:   0.004 TIME LEFT:  2.00D  GRAD.:     0.398 HEAT: -111.5970
 CYCLE:   110 TIME:   0.008 TIME LEFT:  2.00D  GRAD.:     0.559 HEAT: -111.5972
 CYCLE:   111 TIME:   0.008 TIME LEFT:  2.00D  GRAD.:     0.480 HEAT: -111.5974
 CYCLE:   112 TIME:   0.008 TIME LEFT:  2.00D  GRAD.:     0.378 HEAT: -111.5973
 CYCLE:   113 TIME:   0.012 TIME LEFT:  2.00D  GRAD.:     0.360 HEAT: -111.5977
 CYCLE:   114 TIME:   0.008 TIME LEFT:  2.00D  GRAD.:     0.226 HEAT: -111.5978
 CYCLE:   115 TIME:   0.008 TIME LEFT:  2.00D  GRAD.:     0.302 HEAT: -111.5977
 CYCLE:   116 TIME:   0.008 TIME LEFT:  2.00D  GRAD.:     0.062 HEAT: -111.5979
 CYCLE:   117 TIME:   0.012 TIME LEFT:  2.00D  GRAD.:     0.199 HEAT: -111.5978
 CYCLE:   118 TIME:   0.004 TIME LEFT:  2.00D  GRAD.:     0.069 HEAT: -111.5979
 CYCLE:   119 TIME:   0.008 TIME LEFT:  2.00D  GRAD.:     0.315 HEAT: -111.5977
 CYCLE:   120 TIME:   0.008 TIME LEFT:  2.00D  GRAD.:     0.028 HEAT: -111.5979
 CYCLE:   121 TIME:   0.012 TIME LEFT:  2.00D  GRAD.:     0.182 HEAT: -111.5977
 CYCLE:   122 TIME:   0.008 TIME LEFT:  2.00D  GRAD.:     0.084 HEAT: -111.5979
 CYCLE:   123 TIME:   0.004 TIME LEFT:  2.00D  GRAD.:     0.843 HEAT: -111.5971
 CYCLE:   124 TIME:   0.008 TIME LEFT:  2.00D  GRAD.:     0.048 HEAT: -111.5979
 CYCLE:   125 TIME:   0.008 TIME LEFT:  2.00D  GRAD.:     0.015 HEAT: -111.5979
 CYCLE:   126 TIME:   0.008 TIME LEFT:  2.00D  GRAD.:     0.096 HEAT: -111.5979
 CYCLE:   127 TIME:   0.008 TIME LEFT:  2.00D  GRAD.:     0.038 HEAT: -111.5979
 CYCLE:   128 TIME:   0.008 TIME LEFT:  2.00D  GRAD.:     0.227 HEAT: -111.5977
 CYCLE:   129 TIME:   0.008 TIME LEFT:  2.00D  GRAD.:     0.044 HEAT: -111.5979
 CYCLE:   130 TIME:   0.008 TIME LEFT:  2.00D  GRAD.:     0.400 HEAT: -111.5975
 CYCLE:   131 TIME:   0.008 TIME LEFT:  2.00D  GRAD.:     0.045 HEAT: -111.5979
 CYCLE:   132 TIME:   0.008 TIME LEFT:  2.00D  GRAD.:     0.021 HEAT: -111.5979
 CYCLE:   133 TIME:   0.008 TIME LEFT:  2.00D  GRAD.:     0.026 HEAT: -111.5979
 CYCLE:   134 TIME:   0.012 TIME LEFT:  2.00D  GRAD.:     0.038 HEAT: -111.5979
 CYCLE:   135 TIME:   0.004 TIME LEFT:  2.00D  GRAD.:     0.041 HEAT: -111.5979
 CYCLE:   136 TIME:   0.008 TIME LEFT:  2.00D  GRAD.:     0.584 HEAT: -111.5977
 CYCLE:   137 TIME:   0.008 TIME LEFT:  2.00D  GRAD.:     0.091 HEAT: -111.5978


 HEAT OF FORMATION IS ESSENTIALLY STATIONARY

 -------------------------------------------------------------------------------
 START_RES=(1) RM1 EF PRECISE GNORM=0.001 CYCLES=20000 NOINTER MMOK PDBOUT

 REMARK   4


     GEOMETRY OPTIMISED USING EIGENVECTOR FOLLOWING (EF).     
     SCF FIELD WAS ACHIEVED                                   


                              RM1 CALCULATION
                                                       MOPAC2016 (Version: 22.097 )
                                                       Tue Dec 10 12:19:17 2024




          FINAL HEAT OF FORMATION =       -111.59782 KCAL/MOL =    -466.92526 KJ/MOL


          COSMO AREA              =        130.17 SQUARE ANGSTROMS
          COSMO VOLUME            =        124.69 CUBIC ANGSTROMS

          GRADIENT NORM           =          0.09140          =       0.02443 PER ATOM
          IONIZATION POTENTIAL    =         11.356360 EV
          HOMO LUMO ENERGIES (EV) =        -11.356  1.142
          NO. OF FILLED LEVELS    =         18
          MOLECULAR WEIGHT        =         88.1060         POINT GROUP:  Cs  

          MOLECULAR DIMENSIONS (Angstroms)

            Atom       Atom       Distance
            H    14    H    13     6.56925
            O     2    H    10     2.87249
            H     7    H     9     2.36272


          SCF CALCULATIONS        =        144
 
          WALL-CLOCK TIME         =          0.973 SECONDS
          COMPUTATION TIME        =          1.219 SECONDS




   ATOM                 CHEMICAL                   X               Y               Z
  NUMBER                 SYMBOL               (ANGSTROMS)     (ANGSTROMS)     (ANGSTROMS)
 
     1       O(ATOM      1  O   UNK A   1)   15.18914342  *   2.55845362  * -40.62880661  *
     2       O(ATOM      2  O   UNK A   1)   13.95584368  *   3.01299800  * -38.84392606  *
     3       C(ATOM      3  C   UNK A   1)   16.09417242  *   2.50714269  * -37.04542145  *
     4       C(ATOM      4  C   UNK A   1)   16.30515137  *   2.36287265  * -38.54963006  *
     5       C(ATOM      5  C   UNK A   1)   17.37861170  *   2.18334272  * -36.30152547  *
     6       C(ATOM      6  C   UNK A   1)   15.04055952  *   2.67895073  * -39.29038391  *
     7       H(ATOM      7  H   UNK A   1)   15.26853471  *   1.84639619  * -36.70563845  *
     8       H(ATOM      8  H   UNK A   1)   15.74847335  *   3.53384376  * -36.80014551  *
     9       H(ATOM      9  H   UNK A   1)   17.11939052  *   3.02921507  * -38.90833517  *
    10       H(ATOM     10  H   UNK A   1)   16.64035282  *   1.33620765  * -38.81305146  *
    11       H(ATOM     11  H   UNK A   1)   18.20476994  *   2.85303872  * -36.58104603  *
    12       H(ATOM     12  H   UNK A   1)   17.72374088  *   1.15621226  * -36.48887640  *
    13       H(ATOM     13  H   UNK A   1)   17.25086949  *   2.27845582  * -35.21334517  *
    14       H(ATOM     14  H   UNK A   1)   14.36766054  *   2.76345222  * -41.09611391  *

                             CARTESIAN COORDINATES

   1    O       15.189143419     2.558453625   -40.628806606
   2    O       13.955843677     3.012998002   -38.843926056
   3    C       16.094172416     2.507142693   -37.045421452
   4    C       16.305151370     2.362872645   -38.549630059
   5    C       17.378611699     2.183342724   -36.301525468
   6    C       15.040559523     2.678950734   -39.290383910
   7    H       15.268534713     1.846396192   -36.705638454
   8    H       15.748473352     3.533843757   -36.800145506
   9    H       17.119390519     3.029215074   -38.908335166
  10    H       16.640352815     1.336207646   -38.813051458
  11    H       18.204769937     2.853038715   -36.581046029
  12    H       17.723740880     1.156212261   -36.488876404
  13    H       17.250869486     2.278455824   -35.213345174
  14    H       14.367660535     2.763452222   -41.096113909


           Empirical Formula: C4 H8 O2  =    14 atoms



      MOLECULAR POINT GROUP   :   Cs  


                  EIGENVALUES  
 -38.91322 -35.18078 -34.02261 -28.20750 -22.93297 -20.71526 -18.34992 -17.05920
 -16.64001 -15.07373 -14.64853 -13.99019 -13.08510 -13.07959 -12.32292 -12.16871
 -11.57649 -11.35636   1.14203   2.37707   3.67087   3.70693   4.07125   4.23933
   4.37375   4.62762   4.69883   4.88377   5.08923   5.26888   5.37761   6.79053


              NET ATOMIC CHARGES AND DIPOLE CONTRIBUTIONS

  ATOM NO.                 TYPE                        CHARGE      No. of ELECS.   s-Pop       p-Pop       
    1          O(ATOM      1  O   UNK A   1)          -0.334452        6.3345     1.84050     4.49396
    2          O(ATOM      2  O   UNK A   1)          -0.370962        6.3710     1.90880     4.46216
    3          C(ATOM      3  C   UNK A   1)          -0.105712        4.1057     1.16492     2.94080
    4          C(ATOM      4  C   UNK A   1)          -0.151540        4.1515     1.16911     2.98243
    5          C(ATOM      5  C   UNK A   1)          -0.180935        4.1809     1.15566     3.02528
    6          C(ATOM      6  C   UNK A   1)           0.352433        3.6476     1.21144     2.43612
    7          H(ATOM      7  H   UNK A   1)           0.078781        0.9212     0.92122
    8          H(ATOM      8  H   UNK A   1)           0.078803        0.9212     0.92120
    9          H(ATOM      9  H   UNK A   1)           0.105784        0.8942     0.89422
   10          H(ATOM     10  H   UNK A   1)           0.105793        0.8942     0.89421
   11          H(ATOM     11  H   UNK A   1)           0.060172        0.9398     0.93983
   12          H(ATOM     12  H   UNK A   1)           0.060160        0.9398     0.93984
   13          H(ATOM     13  H   UNK A   1)           0.064582        0.9354     0.93542
   14          H(ATOM     14  H   UNK A   1)           0.237097        0.7629     0.76290

          NET CHARGE ON RESIDUES

      Residue         Charge  Anion or
                              Cation?
      UNK A   1       +0.000
 


 DIPOLE           X         Y         Z       TOTAL
 POINT-CHG.     2.039    -0.567     0.236     2.130
 HYBRID        -0.357     0.081    -0.352     0.508
 SUM            1.682    -0.486    -0.115     1.755


          ATOMIC ORBITAL ELECTRON POPULATIONS

                   Atom                  s        px        py        pz   
   O(ATOM      1  O   UNK A   1)   1.84050   1.43825   1.83821   1.21749
   O(ATOM      2  O   UNK A   1)   1.90880   1.25675   1.42070   1.78471
   C(ATOM      3  C   UNK A   1)   1.16492   0.98308   1.04555   0.91216
   C(ATOM      4  C   UNK A   1)   1.16911   0.94906   1.06131   0.97206
   C(ATOM      5  C   UNK A   1)   1.15566   0.97985   1.02776   1.01767
   C(ATOM      6  C   UNK A   1)   1.21144   0.89639   0.72587   0.81386
   H(ATOM      7  H   UNK A   1)   0.92122
   H(ATOM      8  H   UNK A   1)   0.92120
   H(ATOM      9  H   UNK A   1)   0.89422
   H(ATOM     10  H   UNK A   1)   0.89421
   H(ATOM     11  H   UNK A   1)   0.93983
   H(ATOM     12  H   UNK A   1)   0.93984
   H(ATOM     13  H   UNK A   1)   0.93542
   H(ATOM     14  H   UNK A   1)   0.76290

 **********************
 *                    *
 * JOB ENDED NORMALLY *
 *                    *
 **********************



 TOTAL JOB TIME:             0.98 SECONDS

 == MOPAC DONE ==
