 *******************************************************************************
 ** Cite this program as: MOPAC2016, Version: 22.097 , James J. P. Stewart,   **
 **                           web-site: HTTP://OpenMOPAC.net.                 **
 *******************************************************************************
 **                                                                           **
 **                                MOPAC2016                                  **
 **                                                                           **
 *******************************************************************************

                              PM7 CALCULATION RESULTS

 *******************************************************************************
 *  CALCULATION DONE:                                Tue Dec 10 12:19:15 2024  *
 *  PM7        - The PM7 Hamiltonian to be used
 *  MMOK       - APPLY MM CORRECTION TO CONH BARRIER
 *  START_RES  - STARTING RESIDUE NUMBERS DEFINED
 *  Keyword:     START_RES=(1A) 
 *  CHAINS     - PDB CHAIN LETTERS EXPLICITLY DEFINED
 *  Keyword:     CHAINS=(A) 
 *  PRECISE    - TIGHTER CRITERIA TO BE USED
 *  EF         - USE EF ROUTINE FOR MINIMUM SEARCH
 *  T=         - A TIME OF 172800.0 SECONDS REQUESTED
 *  DUMP=N     - RESTART FILE WRITTEN EVERY 7200.0 SECONDS REQUESTED
 *  CYCLES=    - DO A MAXIMUM OF 20000 STEPS
 *  GNORM      - EXIT WHEN GRADIENT NORM DROPS BELOW 0.001
 *  NOINTER    - THIS KEYWORD HAS BEEN REPLACED BY PRTINT
 *  THERMO     - THERMODYNAMIC QUANTITIES TO BE CALCULATED
 *******************************************************************************
 START_RES=(1A)  CHAINS=(A) PM7 EF PRECISE GNORM=0.001 CYCLES=20000 NOINTER MMOK THERMO(298,298)

 HEADER  data-set: C:/Users/ildsf/Downloads/TCC/thermo/programs/mopac/butyric_aci
   ATOM                 CHEMICAL                   X               Y               Z
  NUMBER                 SYMBOL               (ANGSTROMS)     (ANGSTROMS)     (ANGSTROMS)
 
     1       O(ATOM      1  O   UNK A   1)   15.20500000  *   2.55700000  * -40.62000000  *
     2       O(ATOM      2  O   UNK A   1)   13.95300000  *   3.01600000  * -38.83800000  *
     3       C(ATOM      3  C   UNK A   1)   16.09700000  *   2.50900000  * -37.04500000  *
     4       C(ATOM      4  C   UNK A   1)   16.29000000  *   2.36200000  * -38.55700000  *
     5       C(ATOM      5  C   UNK A   1)   17.38800000  *   2.17900000  * -36.30100000  *
     6       C(ATOM      6  C   UNK A   1)   15.02200000  *   2.68500000  * -39.27600000  *
     7       H(ATOM      8  H   UNK A   1)   15.27400000  *   1.85100000  * -36.70000000  *
     8       H(ATOM      9  H   UNK A   1)   15.76500000  *   3.53900000  * -36.80200000  *
     9       H(ATOM     10  H   UNK A   1)   17.10900000  *   3.02100000  * -38.91900000  *
    10       H(ATOM     11  H   UNK A   1)   16.62000000  *   1.33100000  * -38.81600000  *
    11       H(ATOM     12  H   UNK A   1)   18.20700000  *   2.84500000  * -36.59400000  *
    12       H(ATOM     13  H   UNK A   1)   17.71300000  *   1.14900000  * -36.49100000  *
    13       H(ATOM     14  H   UNK A   1)   17.25600000  *   2.28300000  * -35.21700000  *
    14       H(ATOM     15  H   UNK A   1)   14.39800000  *   2.75900000  * -41.15200000  *
 

 General Reference for PM7:
 "Optimization of Parameters for Semiempirical Methods VI: More Modifications to the 
 NDDO Approximations and Re-optimization of Parameters", J. J. P. Stewart, J. Mol. Mod., 1:32, 19 (2013)
 https://link.springer.com/article/10.1007/s00894-012-1667-x

           Empirical Formula: C4 H8 O2  =    14 atoms



      MOLECULAR POINT GROUP   :   Cs  


      RHF CALCULATION, NO. OF DOUBLY OCCUPIED LEVELS = 18



          HEAT OF FORMATION =    -111.974876 KCALS/MOLE


          CARTESIAN COORDINATE DERIVATIVES

   NUMBER  ATOM         X            Y            Z

     1       O     -0.061171    -0.051658    -0.010440
     2       O     -0.381685     0.124509     0.001183
     3       C     -0.207596    -0.187125    -0.344396
     4       C      0.492614     0.145361     0.608066
     5       C      0.076661    -0.088288     0.598367
     6       C      0.432677    -0.069758     0.000723
     7       H     -0.085974     0.078709     0.115654
     8       H     -0.037389     0.054525     0.049099
     9       H      0.019199    -0.099592    -0.203521
    10       H     -0.265836     0.150221    -0.321406
    11       H      0.112490    -0.082648    -0.154506
    12       H     -0.146303     0.021531    -0.327610
    13       H      0.024101     0.019902    -0.025100
    14       H      0.028210    -0.015690     0.013885
 


          GRADIENT NORM =   1.42097


                              **** WARNING ****

           GRADIENT IS VERY LARGE FOR A THERMO CALCULATION
           RESULTS ARE LIKELY TO BE INACCURATE IF THERE ARE
           ANY LOW-LYING VIBRATIONS (LESS THAN ABOUT 400CM-1)
           GRADIENT NORM SHOULD BE LESS THAN ABOUT 1.0 FOR THERMO
           TO GIVE ACCURATE RESULTS


          TIME FOR SCF CALCULATION =    0.01

          TIME FOR DERIVATIVES     =    0.00

          MOLECULAR WEIGHT =   88.11



          ROTATIONAL CONSTANTS IN CM(-1)

          A =    0.29843425   B =    0.06200408   C =    0.05285281



           PRINCIPAL MOMENTS OF INERTIA IN UNITS OF 10**(-40)*GRAM-CM**2

          A =       93.7988   B =      451.4666   C =      529.6365


          ORIENTATION OF MOLECULE IN FORCE CALCULATION

    NO.       ATOM         X         Y         Z

     1          O      -1.4683   -1.6195    0.0019
     2          O       0.7574   -1.6195    0.0019
     3          C       0.8824    1.2183    0.0019
     4          C      -0.4671    0.4945   -0.0029
     5          C       0.6838    2.7314   -0.0033
     6          C      -0.2629   -0.9845    0.0004
     7          H       1.4859    0.9055   -0.8741
     8          H       1.4761    0.9108    0.8868
     9          H      -1.0817    0.7938    0.8738
    10          H      -1.0727    0.7910   -0.8885
    11          H       0.1258    3.0707    0.8764
    12          H       0.1364    3.0651   -0.8931
    13          H       1.6474    3.2556    0.0005
    14          H      -1.3986   -2.6045    0.0047


    FIRST DERIVATIVES WILL BE USED IN THE CALCULATION OF SECOND DERIVATIVES

          ESTIMATED TIME TO COMPLETE CALCULATION =        2.62 SECONDS

    FOR POINT-GROUP Cs   THERE ARE   2 UNIQUE SYMMETRY FUNCTIONS.

 STEP:   1 TIME =     0.04 SECS, INTEGRAL =      0.04 TIME LEFT: 172799.95
 STEP:   2 TIME =     0.03 SECS, INTEGRAL =      0.07 TIME LEFT: 172799.92
 STEP:   3 TIME =     0.03 SECS, INTEGRAL =      0.10 TIME LEFT: 172799.89
 STEP:   4 TIME =     0.03 SECS, INTEGRAL =      0.13 TIME LEFT: 172799.86
 STEP:   5 TIME =     0.03 SECS, INTEGRAL =      0.16 TIME LEFT: 172799.83
 STEP:   6 TIME =     0.03 SECS, INTEGRAL =      0.19 TIME LEFT: 172799.80
 STEP:   7 TIME =     0.03 SECS, INTEGRAL =      0.21 TIME LEFT: 172799.77
 STEP:   8 TIME =     0.03 SECS, INTEGRAL =      0.24 TIME LEFT: 172799.74
 STEP:   9 TIME =     0.03 SECS, INTEGRAL =      0.27 TIME LEFT: 172799.71
 STEP:  10 TIME =     0.02 SECS, INTEGRAL =      0.29 TIME LEFT: 172799.70
 STEP:  11 TIME =     0.02 SECS, INTEGRAL =      0.31 TIME LEFT: 172799.68
 STEP:  12 TIME =     0.03 SECS, INTEGRAL =      0.34 TIME LEFT: 172799.65
 STEP:  13 TIME =     0.02 SECS, INTEGRAL =      0.35 TIME LEFT: 172799.63
 STEP:  14 TIME =     0.02 SECS, INTEGRAL =      0.37 TIME LEFT: 172799.62
 STEP:  15 TIME =     0.02 SECS, INTEGRAL =      0.38 TIME LEFT: 172799.60
 STEP:  16 TIME =     0.02 SECS, INTEGRAL =      0.40 TIME LEFT: 172799.59
 STEP:  17 TIME =     0.02 SECS, INTEGRAL =      0.42 TIME LEFT: 172799.57
 STEP:  18 TIME =     0.02 SECS, INTEGRAL =      0.44 TIME LEFT: 172799.55
 STEP:  19 TIME =     0.02 SECS, INTEGRAL =      0.46 TIME LEFT: 172799.53
 STEP:  20 TIME =     0.02 SECS, INTEGRAL =      0.48 TIME LEFT: 172799.51
 STEP:  21 TIME =     0.02 SECS, INTEGRAL =      0.50 TIME LEFT: 172799.49
 STEP:  22                       INTEGRAL =      0.50 TIME LEFT: 172799.49
 STEP:  23                       INTEGRAL =      0.50 TIME LEFT: 172799.49
 STEP:  24                       INTEGRAL =      0.50 TIME LEFT: 172799.49
 STEP:  25 TIME =     0.02 SECS, INTEGRAL =      0.51 TIME LEFT: 172799.47
 STEP:  26 TIME =     0.02 SECS, INTEGRAL =      0.53 TIME LEFT: 172799.46
 STEP:  27 TIME =     0.02 SECS, INTEGRAL =      0.55 TIME LEFT: 172799.44
 STEP:  28                       INTEGRAL =      0.55 TIME LEFT: 172799.44
 STEP:  29                       INTEGRAL =      0.55 TIME LEFT: 172799.44
 STEP:  30                       INTEGRAL =      0.55 TIME LEFT: 172799.44
 STEP:  31 TIME =     0.02 SECS, INTEGRAL =      0.57 TIME LEFT: 172799.42
 STEP:  32 TIME =     0.02 SECS, INTEGRAL =      0.58 TIME LEFT: 172799.40
 STEP:  33 TIME =     0.02 SECS, INTEGRAL =      0.60 TIME LEFT: 172799.38
 STEP:  34                       INTEGRAL =      0.60 TIME LEFT: 172799.38
 STEP:  35                       INTEGRAL =      0.60 TIME LEFT: 172799.38
 STEP:  36                       INTEGRAL =      0.60 TIME LEFT: 172799.38
 STEP:  37 TIME =     0.02 SECS, INTEGRAL =      0.62 TIME LEFT: 172799.37
 STEP:  38 TIME =     0.02 SECS, INTEGRAL =      0.64 TIME LEFT: 172799.35
 STEP:  39 TIME =     0.02 SECS, INTEGRAL =      0.66 TIME LEFT: 172799.32
 STEP:  40 TIME =     0.02 SECS, INTEGRAL =      0.68 TIME LEFT: 172799.30
 STEP:  41 TIME =     0.02 SECS, INTEGRAL =      0.70 TIME LEFT: 172799.29
 STEP:  42 TIME =     0.02 SECS, INTEGRAL =      0.71 TIME LEFT: 172799.27

(To convert to Hartree/Bohr^2, multiply by (10^(-21) x N x a0^2)/(4.184 x 627.51) =  0.0642)


           FORCE MATRIX IN MILLIDYNES/ANGSTROM


                  O  1       O  2       C  3       C  4       C  5       C  6
 ------------------------------------------------------------------------------
     O    1   8.921364
     O    2   1.821801  14.363626
     C    3   0.063216   0.047260  11.986945
     C    4   1.021795   1.017333   2.959654  12.051409
     C    5   0.041210   0.027274   3.161117   0.667824  11.426627
     C    6   4.788184  12.377025   0.684853   3.480804   0.067181  18.813512
     H    7   0.017837   0.025353   3.318237   0.685492   0.678144   0.075060
     H    8   0.017805   0.025159   3.314914   0.685505   0.678396   0.074490
     H    9   0.048734   0.058197   0.658202   3.268135   0.013149   0.783338
     H   10   0.048522   0.058317   0.657763   3.258133   0.013223   0.781677
     H   11   0.008778   0.006942   0.680985   0.012603   3.440664   0.012778
     H   12   0.008777   0.006937   0.680930   0.012567   3.431197   0.012746
     H   13   0.003975   0.005044   0.675077   0.045506   3.433061   0.016422
     H   14   3.804104   0.189520   0.021337   0.117426   0.011002   1.197416


                  H  7       H  8       H  9       H 10       H 11       H 12
 ------------------------------------------------------------------------------
     H    7   4.242936
     H    8   0.452708   4.242936
     H    9   0.046715   0.018542   4.208096
     H   10   0.018531   0.046676   0.443956   4.208096
     H   11   0.048373   0.017327   0.016284   0.006531   4.226715
     H   12   0.017376   0.048324   0.006521   0.016283   0.467191   4.226715
     H   13   0.019836   0.019840   0.002515   0.002519   0.466290   0.466020
     H   14   0.005080   0.005078   0.011305   0.011306   0.002468   0.002468


                  H 13       H 14
 ------------------------------
     H   13   4.219157
     H   14   0.001370   4.470906


          HEAT OF FORMATION =    -111.974876 KCALS/MOLE

          ZERO POINT ENERGY      68.226 KCAL/MOL

         NOTE: SYSTEM IS NOT A GROUND STATE, THEREFORE ZERO POINT
         ENERGY IS NOT MEANINGFULL. ZERO POINT ENERGY PRINTED
         DOES NOT INCLUDE THE  1 IMAGINARY FREQUENCIES


           NORMAL COORDINATE ANALYSIS (Total motion = 1 Angstrom)


   Root No.       1         2         3         4         5         6         7         8

                 1 A"      2 A"      3 A"      1 A'      2 A'      3 A'      4 A"      5 A"  

                 -32.4      58.8     158.1     176.6     350.3     418.8     484.0     562.9
  
           1   -0.0001    0.0000   -0.0000    0.0150    0.0070    0.0126    0.0000    0.0001
           2    0.0001   -0.0000    0.0000   -0.0521   -0.0439    0.0809   -0.0000   -0.0001
           3    0.0479   -0.0264    0.0049    0.0001    0.0001   -0.0001   -0.0109   -0.0552
           4    0.0000    0.0000   -0.0000    0.0148   -0.0217    0.0445   -0.0000    0.0001
           5   -0.0001   -0.0000    0.0000    0.0794   -0.0615   -0.0239    0.0000   -0.0001
           6   -0.0427   -0.0227    0.0051   -0.0000    0.0000    0.0000    0.0249   -0.0417
           7   -0.0001   -0.0001    0.0000   -0.0322   -0.0413   -0.0713   -0.0000    0.0000
           8    0.0001    0.0001   -0.0001   -0.0300    0.0630   -0.0182    0.0000   -0.0000
           9    0.0491    0.0425   -0.0358    0.0000   -0.0001   -0.0001    0.0100   -0.0036
          10    0.0000   -0.0001   -0.0000   -0.0588   -0.0100   -0.0489   -0.0000   -0.0000
          11   -0.0001    0.0001    0.0000    0.0133   -0.0083   -0.0219    0.0000    0.0000
          12   -0.0408    0.0704    0.0052   -0.0001    0.0000    0.0000    0.0017    0.0200
          13    0.0000    0.0001    0.0000    0.0636    0.0537    0.0137    0.0000   -0.0000
          14   -0.0000   -0.0001    0.0000   -0.0208    0.0838   -0.0133    0.0000    0.0000
          15   -0.0042   -0.0560    0.0137    0.0000   -0.0000    0.0001    0.0011   -0.0011
          16    0.0000   -0.0000   -0.0000   -0.0253    0.0016    0.0530    0.0001   -0.0001
          17   -0.0000    0.0000    0.0000    0.0172   -0.0217   -0.0110   -0.0001    0.0001
          18   -0.0141    0.0056    0.0033   -0.0000    0.0000    0.0001   -0.0900    0.1020
          19    0.0700    0.0121   -0.0358   -0.0458   -0.0403   -0.0737    0.0119   -0.0300
          20   -0.0215   -0.0534    0.0236   -0.0618    0.0610   -0.0338   -0.0035    0.0006
          21    0.1043    0.0692   -0.0682    0.0002   -0.0015   -0.0012    0.0198   -0.0263
          22   -0.0703   -0.0122    0.0359   -0.0459   -0.0402   -0.0736   -0.0119    0.0300
          23    0.0218    0.0536   -0.0238   -0.0618    0.0610   -0.0339    0.0035   -0.0006
          24    0.1041    0.0691   -0.0680   -0.0001    0.0012    0.0010    0.0198   -0.0262
          25   -0.0658    0.0364    0.0282   -0.0524   -0.0202   -0.0704    0.0779   -0.0800
          26    0.0109   -0.0322   -0.0016    0.0168   -0.0294   -0.0586   -0.1033    0.1112
          27   -0.0905    0.1064    0.0259   -0.0002   -0.0002   -0.0028    0.0993   -0.0849
          28    0.0660   -0.0367   -0.0283   -0.0523   -0.0203   -0.0705   -0.0781    0.0802
          29   -0.0111    0.0325    0.0017    0.0167   -0.0294   -0.0586    0.1036   -0.1115
          30   -0.0903    0.1063    0.0258   -0.0001    0.0003    0.0030    0.0988   -0.0844
          31   -0.0742   -0.0602   -0.1912    0.0864    0.0842    0.0377    0.0017   -0.0025
          32    0.0208    0.0495   -0.0521    0.0164    0.1281    0.0247    0.0070   -0.0015
          33   -0.0589   -0.1130   -0.0868    0.0002    0.0002    0.0001   -0.0008   -0.0022
          34    0.0743    0.0605    0.1914    0.0864    0.0841    0.0376   -0.0017    0.0025
          35   -0.0209   -0.0498    0.0519    0.0163    0.1281    0.0248   -0.0070    0.0015
          36   -0.0587   -0.1128   -0.0865   -0.0002   -0.0002    0.0000   -0.0008   -0.0022
          37   -0.0001    0.0000   -0.0003    0.0995    0.0996    0.0524    0.0000   -0.0000
          38    0.0001   -0.0000    0.0003   -0.0853    0.0034   -0.0810   -0.0000    0.0000
          39    0.0639   -0.0206    0.2554    0.0001    0.0001    0.0002   -0.0059    0.0030
          40   -0.0001    0.0001   -0.0000    0.0781    0.0373   -0.1095   -0.0005   -0.0004
          41    0.0001   -0.0001    0.0000   -0.0492   -0.0433    0.0792    0.0006    0.0005
          42    0.0636   -0.0706    0.0063    0.0002    0.0001   -0.0002    0.4682    0.3640


   Root No.       9        10        11        12        13        14        15        16

                 4 A'      6 A"      7 A"      5 A'      6 A'      8 A"      7 A'      8 A'  

                 579.1     813.2     940.7     953.5    1038.4    1108.0    1116.9    1152.3
  
           1    0.0853   -0.0000   -0.0000    0.0122   -0.0352   -0.0000   -0.0605    0.0507
           2    0.0017    0.0000    0.0000    0.0107   -0.0256    0.0000   -0.0055   -0.0068
           3    0.0000    0.0048    0.0035    0.0000    0.0000   -0.0031   -0.0000    0.0001
           4   -0.0635   -0.0000   -0.0000   -0.0256    0.0403   -0.0000    0.0193   -0.0241
           5   -0.0681    0.0000    0.0000    0.0174   -0.0236   -0.0000   -0.0084    0.0123
           6    0.0001    0.0068    0.0059   -0.0001    0.0001   -0.0052   -0.0001   -0.0001
           7   -0.0062   -0.0000    0.0000   -0.0395   -0.0053   -0.0000   -0.0358   -0.0192
           8   -0.0213    0.0000   -0.0000   -0.0052    0.0060    0.0000    0.0522    0.0917
           9    0.0001    0.0336   -0.0172   -0.0001   -0.0000    0.0360   -0.0001   -0.0001
          10   -0.0386   -0.0000   -0.0001    0.0661    0.0031    0.0000    0.0247    0.0062
          11    0.0696    0.0000    0.0001   -0.0354    0.0889   -0.0001    0.0062    0.0100
          12   -0.0002    0.0225    0.0451    0.0001   -0.0001   -0.0403    0.0001    0.0000
          13   -0.0115   -0.0000    0.0000   -0.0335   -0.0344    0.0000    0.0309    0.0233
          14   -0.0372    0.0000   -0.0000   -0.0205   -0.0260   -0.0000   -0.0533   -0.0829
          15    0.0000    0.0009   -0.0212   -0.0000   -0.0000   -0.0286    0.0001    0.0002
          16    0.0247    0.0000    0.0000   -0.0105    0.0179   -0.0000    0.0301   -0.0228
          17    0.0811   -0.0000   -0.0000    0.0233   -0.0213    0.0000    0.0291   -0.0223
          18   -0.0001   -0.0309   -0.0301   -0.0000    0.0001    0.0345   -0.0000   -0.0000
          19   -0.0165   -0.1540    0.0034    0.0041    0.0107   -0.0946   -0.0266   -0.0010
          20   -0.0444    0.0638   -0.1107    0.0420    0.0109   -0.0245    0.0272    0.0785
          21    0.0002   -0.1134    0.0322    0.0017    0.0042   -0.0336   -0.0007    0.0006
          22   -0.0166    0.1543   -0.0034    0.0041    0.0107    0.0947   -0.0265   -0.0009
          23   -0.0444   -0.0641    0.1107    0.0420    0.0109    0.0244    0.0272    0.0785
          24    0.0001   -0.1129    0.0318   -0.0019   -0.0043   -0.0334    0.0004   -0.0008
          25   -0.0401   -0.1175   -0.1181    0.0513    0.0285   -0.0051   -0.0281    0.0211
          26    0.0744   -0.0083    0.0154   -0.0290    0.1267   -0.1761   -0.0574   -0.0298
          27   -0.0033   -0.0689   -0.0604    0.0047   -0.0037    0.0327   -0.0061    0.0214
          28   -0.0399    0.1177    0.1183    0.0513    0.0284    0.0051   -0.0282    0.0211
          29    0.0743    0.0081   -0.0156   -0.0290    0.1267    0.1762   -0.0573   -0.0298
          30    0.0028   -0.0687   -0.0601   -0.0044    0.0034    0.0322    0.0064   -0.0212
          31   -0.0195   -0.0130    0.0197    0.0568    0.0403    0.0158   -0.0233   -0.0011
          32   -0.0449    0.0771   -0.1424    0.0979    0.0724   -0.1141   -0.0928   -0.0723
          33    0.0002   -0.0432    0.0601    0.0028    0.0033    0.0385   -0.0026   -0.0013
          34   -0.0194    0.0131   -0.0198    0.0567    0.0402   -0.0159   -0.0234   -0.0011
          35   -0.0450   -0.0772    0.1425    0.0980    0.0724    0.1142   -0.0927   -0.0722
          36   -0.0003   -0.0429    0.0597   -0.0029   -0.0035    0.0382    0.0029    0.0016
          37   -0.0228    0.0000   -0.0001    0.0969    0.0688   -0.0000   -0.0381   -0.0104
          38   -0.0177   -0.0001    0.0001   -0.2258   -0.1842    0.0000    0.0680   -0.0027
          39    0.0000   -0.0415    0.0649    0.0004    0.0003    0.0413   -0.0001    0.0000
          40    0.2056    0.0000   -0.0000    0.0980   -0.0855   -0.0000    0.2520   -0.3014
          41    0.0020   -0.0000    0.0000    0.0072   -0.0208    0.0000   -0.0105    0.0044
          42    0.0002   -0.0041    0.0027    0.0001   -0.0000   -0.0030    0.0003   -0.0004


   Root No.      17        18        19        20        21        22        23        24

                 9 A'      9 A"     10 A"     10 A'     11 A'     11 A"     12 A'     13 A'  

                1184.3    1188.7    1213.0    1268.2    1295.5    1297.6    1302.9    1317.5
  
           1   -0.0112   -0.0000    0.0000    0.0005    0.0068    0.0000   -0.0057    0.0091
           2    0.0032    0.0000   -0.0000    0.0121    0.0145   -0.0000   -0.0110    0.0156
           3   -0.0001    0.0012    0.0002   -0.0000    0.0000   -0.0001    0.0000   -0.0000
           4    0.0007   -0.0000    0.0000    0.0043    0.0071    0.0000   -0.0055    0.0056
           5   -0.0022    0.0000    0.0000   -0.0021   -0.0027    0.0000    0.0021   -0.0017
           6    0.0001    0.0020    0.0001    0.0000   -0.0000   -0.0002   -0.0000    0.0000
           7    0.0763   -0.0001   -0.0000    0.0095   -0.0023   -0.0000   -0.0077   -0.0203
           8    0.0402    0.0001    0.0000    0.0116    0.0095   -0.0000   -0.0064    0.0261
           9    0.0001    0.0467    0.0030    0.0000   -0.0000   -0.0046   -0.0000   -0.0001
          10   -0.0650    0.0000    0.0000   -0.0386   -0.0090   -0.0000    0.0051   -0.0052
          11   -0.0361   -0.0000   -0.0000    0.0128   -0.0187    0.0000    0.0193   -0.0055
          12   -0.0001   -0.0087   -0.0242   -0.0001    0.0000    0.0007   -0.0000   -0.0000
          13   -0.0243    0.0000   -0.0001   -0.0004   -0.0137    0.0000   -0.0196    0.0035
          14   -0.0252   -0.0000    0.0000   -0.0035   -0.0109   -0.0000    0.0054   -0.0068
          15    0.0000   -0.0331    0.0262    0.0000    0.0000   -0.0357   -0.0000    0.0000
          16    0.0118    0.0000    0.0000   -0.0118   -0.0198    0.0000    0.0153   -0.0248
          17    0.0157   -0.0000   -0.0000   -0.0160   -0.0225    0.0000    0.0176   -0.0288
          18   -0.0000   -0.0169   -0.0032    0.0000    0.0000    0.0011   -0.0000    0.0000
          19    0.0687   -0.0522   -0.1401   -0.0276   -0.0425    0.0071    0.0636    0.1672
          20    0.0715    0.0679   -0.2605   -0.0351    0.0199    0.0006   -0.0449   -0.1184
          21   -0.0050   -0.0236   -0.0024   -0.0048   -0.0293   -0.0022    0.0605    0.1726
          22    0.0685    0.0523    0.1401   -0.0277   -0.0425   -0.0071    0.0638    0.1676
          23    0.0715   -0.0680    0.2605   -0.0351    0.0200   -0.0006   -0.0450   -0.1189
          24    0.0051   -0.0233   -0.0028    0.0048    0.0291   -0.0023   -0.0603   -0.1719
          25   -0.0880    0.1133    0.0726    0.2081    0.0451   -0.0078   -0.0068   -0.0174
          26   -0.0519    0.1854    0.0693   -0.0825    0.1196   -0.0136   -0.1165    0.0523
          27   -0.0222    0.0071    0.0045    0.1931   -0.0138   -0.0005    0.0418   -0.0300
          28   -0.0879   -0.1133   -0.0726    0.2085    0.0451    0.0078   -0.0067   -0.0174
          29   -0.0519   -0.1854   -0.0693   -0.0830    0.1197    0.0135   -0.1166    0.0523
          30    0.0220    0.0073    0.0046   -0.1924    0.0136   -0.0006   -0.0415    0.0298
          31    0.0532    0.0221   -0.0091   -0.0294    0.1363    0.1895    0.1281   -0.0316
          32    0.0638   -0.1048    0.0694    0.0230   -0.0226    0.1711   -0.0128    0.0398
          33    0.0090    0.0352   -0.0110   -0.0267    0.0960    0.0364    0.0940   -0.0342
          34    0.0534   -0.0222    0.0091   -0.0294    0.1364   -0.1896    0.1283   -0.0316
          35    0.0638    0.1049   -0.0695    0.0230   -0.0229   -0.1710   -0.0131    0.0399
          36   -0.0091    0.0348   -0.0108    0.0266   -0.0956    0.0364   -0.0937    0.0340
          37    0.0538   -0.0001   -0.0000    0.0140   -0.0562   -0.0005   -0.0434   -0.0065
          38   -0.1248    0.0001    0.0000   -0.0279    0.0867    0.0005    0.0637    0.0115
          39    0.0003    0.0532   -0.0067    0.0001   -0.0002    0.3956   -0.0001   -0.0000
          40    0.0600    0.0000    0.0000    0.0999    0.0909    0.0000   -0.0669    0.0928
          41    0.0049   -0.0000   -0.0000    0.0002    0.0014   -0.0000   -0.0010    0.0001
          42   -0.0000    0.0001   -0.0021    0.0001    0.0001    0.0001   -0.0001    0.0001


   Root No.      25        26        27        28        29        30        31        32

                14 A'     15 A'     16 A'     17 A'     12 A"     13 A"     18 A'     14 A"  

                1348.7    1364.5    1406.8    1882.7    2646.0    2665.6    2678.0    2690.5
  
           1    0.0010   -0.0176    0.0025   -0.0190    0.0000    0.0000   -0.0000    0.0000
           2    0.0042   -0.0234    0.0034    0.0050   -0.0000   -0.0000   -0.0000   -0.0000
           3   -0.0000    0.0001    0.0000   -0.0000   -0.0001   -0.0001    0.0000   -0.0000
           4    0.0031   -0.0032    0.0006   -0.1772    0.0000    0.0000   -0.0000    0.0000
           5   -0.0018   -0.0023    0.0004    0.1103    0.0000   -0.0000    0.0001    0.0000
           6    0.0000   -0.0000   -0.0000   -0.0003   -0.0000   -0.0001   -0.0001   -0.0001
           7   -0.0264   -0.0165   -0.0040    0.0005   -0.0000    0.0000    0.0007    0.0000
           8   -0.0356    0.0001   -0.0278    0.0004    0.0000   -0.0000   -0.0020   -0.0000
           9    0.0000   -0.0000    0.0000    0.0000    0.0199   -0.0194   -0.0000   -0.0190
          10   -0.0196   -0.0196    0.0026   -0.0210    0.0000    0.0000    0.0011    0.0000
          11    0.0070   -0.0538    0.0165    0.0282   -0.0000   -0.0000    0.0004   -0.0000
          12   -0.0000    0.0001   -0.0000   -0.0001   -0.0260   -0.0190    0.0000   -0.0081
          13    0.0138    0.0079    0.0081   -0.0014   -0.0000   -0.0000   -0.0439    0.0000
          14    0.0138   -0.0094   -0.0374   -0.0007   -0.0000    0.0000   -0.0060   -0.0000
          15    0.0000    0.0000    0.0001   -0.0000   -0.0049    0.0159   -0.0000   -0.0306
          16   -0.0049    0.0453   -0.0067    0.2628    0.0000    0.0000    0.0001    0.0000
          17   -0.0075    0.0617   -0.0103   -0.1950   -0.0000   -0.0000   -0.0001   -0.0000
          18   -0.0000   -0.0000    0.0000    0.0006   -0.0016   -0.0010   -0.0000   -0.0003
          19    0.1463    0.0438    0.0212    0.0015    0.1065   -0.0983   -0.0228   -0.0871
          20    0.2212   -0.0051    0.0833   -0.0080   -0.0557    0.0483    0.0097    0.0456
          21    0.0305    0.0426   -0.0254    0.0108   -0.1402    0.1267    0.0335    0.1124
          22    0.1464    0.0439    0.0211    0.0015   -0.1062    0.0980   -0.0226    0.0868
          23    0.2211   -0.0052    0.0834   -0.0080    0.0553   -0.0479    0.0096   -0.0453
          24   -0.0307   -0.0426    0.0252   -0.0107   -0.1406    0.1270   -0.0337    0.1127
          25    0.0238    0.1126   -0.0219    0.0382   -0.1386   -0.0937   -0.0023   -0.0383
          26    0.0109    0.1341   -0.0373    0.0837    0.0725    0.0473    0.0014    0.0185
          27    0.0304    0.0342    0.0016   -0.0473    0.1792    0.1191    0.0037    0.0481
          28    0.0239    0.1126   -0.0220    0.0381    0.1382    0.0934   -0.0024    0.0381
          29    0.0108    0.1341   -0.0373    0.0838   -0.0720   -0.0470    0.0014   -0.0184
          30   -0.0304   -0.0342   -0.0015    0.0471    0.1797    0.1194   -0.0037    0.0482
          31   -0.0127   -0.0078    0.0200    0.0012   -0.0263    0.0752    0.0901   -0.1323
          32   -0.1000    0.0487    0.1860    0.0022    0.0160   -0.0477   -0.0762    0.0869
          33    0.0241   -0.0282   -0.0759    0.0012    0.0388   -0.1099   -0.1783    0.1932
          34   -0.0126   -0.0079    0.0199    0.0013    0.0262   -0.0750    0.0896    0.1318
          35   -0.1000    0.0488    0.1862    0.0022   -0.0159    0.0474   -0.0757   -0.0864
          36   -0.0238    0.0281    0.0755   -0.0013    0.0389   -0.1102    0.1788    0.1937
          37    0.0309   -0.0341   -0.1085   -0.0009   -0.0000   -0.0000    0.3698    0.0000
          38   -0.0353    0.0657    0.1787   -0.0036    0.0000    0.0000    0.2217   -0.0000
          39    0.0001   -0.0002   -0.0004    0.0000   -0.0031    0.0090    0.0001   -0.0152
          40    0.0303   -0.1371    0.0208    0.1635    0.0000    0.0000   -0.0001    0.0000
          41    0.0003    0.0048   -0.0005    0.0093   -0.0000    0.0000   -0.0006   -0.0000
          42    0.0000   -0.0001    0.0000    0.0002    0.0002    0.0002    0.0000    0.0003


   Root No.      33        34        35        36

                19 A'     20 A'     21 A'     22 A'  

                2735.7    2751.4    2785.2    2790.0
  
           1   -0.0002   -0.0001    0.0001    0.0013
           2    0.0008    0.0003   -0.0032   -0.0386
           3    0.0001   -0.0000   -0.0001    0.0001
           4    0.0013    0.0006    0.0001    0.0018
           5   -0.0011   -0.0006   -0.0000   -0.0010
           6   -0.0001    0.0000    0.0001   -0.0000
           7    0.0108   -0.0201    0.0040   -0.0006
           8   -0.0080    0.0077   -0.0064    0.0012
           9   -0.0000   -0.0000    0.0000   -0.0000
          10   -0.0170   -0.0159    0.0019   -0.0017
          11    0.0101    0.0057   -0.0001    0.0023
          12    0.0000   -0.0000   -0.0000    0.0000
          13    0.0026   -0.0038    0.0033   -0.0006
          14   -0.0012   -0.0003   -0.0196    0.0042
          15    0.0000   -0.0000    0.0000    0.0000
          16   -0.0025   -0.0016   -0.0006   -0.0081
          17    0.0059    0.0032   -0.0011   -0.0083
          18   -0.0000   -0.0000    0.0000   -0.0000
          19   -0.1004    0.1301   -0.0239    0.0011
          20    0.0529   -0.0651    0.0132   -0.0013
          21    0.1507   -0.1910    0.0354   -0.0017
          22   -0.0999    0.1296   -0.0240    0.0011
          23    0.0525   -0.0646    0.0131   -0.0014
          24   -0.1513    0.1916   -0.0353    0.0016
          25    0.1411    0.0960   -0.0091    0.0153
          26   -0.0741   -0.0483    0.0039   -0.0077
          27   -0.2072   -0.1389    0.0124   -0.0217
          28    0.1405    0.0957   -0.0089    0.0152
          29   -0.0735   -0.0479    0.0039   -0.0076
          30    0.2080    0.1392   -0.0126    0.0218
          31    0.0016   -0.0129   -0.1345    0.0279
          32    0.0005    0.0046    0.0811   -0.0174
          33   -0.0011    0.0182    0.2141   -0.0448
          34    0.0014   -0.0128   -0.1339    0.0278
          35    0.0006    0.0045    0.0805   -0.0173
          36    0.0013   -0.0183   -0.2147    0.0450
          37   -0.0256    0.0595    0.2237   -0.0465
          38   -0.0149    0.0346    0.1196   -0.0251
          39   -0.0001    0.0000    0.0001   -0.0000
          40   -0.0031   -0.0010    0.0036    0.0407
          41   -0.0207   -0.0070    0.0601    0.7139
          42    0.0001   -0.0000   -0.0001   -0.0009


           MASS-WEIGHTED COORDINATE ANALYSIS (NORMAL COORDINATES)


   Root No.       1         2         3         4         5         6         7         8

                 1 A"      2 A"      3 A"      1 A'      2 A'      3 A'      4 A"      5 A"  

                 -32.4      58.8     158.1     176.6     350.3     418.8     484.0     562.9
  
           1   -0.0005    0.0003   -0.0001    0.1025    0.0461    0.0856    0.0001    0.0004
           2    0.0006   -0.0003    0.0000   -0.3559   -0.2890    0.5475   -0.0001   -0.0005
           3    0.4251   -0.2226    0.0443    0.0007    0.0006   -0.0004   -0.0700   -0.3509
           4    0.0004    0.0002   -0.0001    0.1013   -0.1428    0.3014   -0.0002    0.0003
           5   -0.0005   -0.0002    0.0002    0.5424   -0.4052   -0.1616    0.0002   -0.0003
           6   -0.3791   -0.1908    0.0458   -0.0002    0.0001    0.0000    0.1601   -0.2655
           7   -0.0004   -0.0004    0.0003   -0.1907   -0.2357   -0.4180   -0.0000    0.0000
           8    0.0005    0.0004   -0.0005   -0.1774    0.3597   -0.1065    0.0001   -0.0000
           9    0.3781    0.3105   -0.2811    0.0000   -0.0008   -0.0005    0.0556   -0.0196
          10    0.0004   -0.0006   -0.0001   -0.3481   -0.0568   -0.2870   -0.0000   -0.0001
          11   -0.0004    0.0007    0.0001    0.0786   -0.0473   -0.1284    0.0000    0.0001
          12   -0.3140    0.5140    0.0408   -0.0007    0.0001    0.0001    0.0094    0.1101
          13    0.0000    0.0004    0.0000    0.3765    0.3066    0.0804    0.0000   -0.0000
          14   -0.0000   -0.0006    0.0001   -0.1231    0.4787   -0.0783    0.0000    0.0000
          15   -0.0326   -0.4086    0.1077    0.0002   -0.0002    0.0003    0.0062   -0.0060
          16    0.0001   -0.0000   -0.0001   -0.1494    0.0092    0.3108    0.0006   -0.0006
          17   -0.0001    0.0001    0.0001    0.1020   -0.1237   -0.0647   -0.0007    0.0008
          18   -0.1086    0.0406    0.0259   -0.0002    0.0001    0.0004   -0.5020    0.5618
          19    0.1561    0.0255   -0.0813   -0.0785   -0.0666   -0.1252    0.0192   -0.0479
          20   -0.0480   -0.1129    0.0536   -0.1060    0.1009   -0.0575   -0.0057    0.0009
          21    0.2325    0.1464   -0.1549    0.0004   -0.0026   -0.0020    0.0320   -0.0420
          22   -0.1567   -0.0259    0.0817   -0.0786   -0.0665   -0.1251   -0.0192    0.0479
          23    0.0487    0.1133   -0.0541   -0.1059    0.1008   -0.0575    0.0057   -0.0010
          24    0.2320    0.1460   -0.1546   -0.0002    0.0020    0.0017    0.0320   -0.0419
          25   -0.1467    0.0770    0.0641   -0.0898   -0.0334   -0.1195    0.1258   -0.1277
          26    0.0243   -0.0681   -0.0036    0.0288   -0.0487   -0.0996   -0.1670    0.1775
          27   -0.2018    0.2250    0.0588   -0.0003   -0.0004   -0.0048    0.1604   -0.1355
          28    0.1472   -0.0775   -0.0643   -0.0897   -0.0335   -0.1197   -0.1262    0.1280
          29   -0.0248    0.0687    0.0038    0.0287   -0.0487   -0.0996    0.1674   -0.1779
          30   -0.2014    0.2247    0.0587   -0.0001    0.0006    0.0050    0.1596   -0.1347
          31   -0.1653   -0.1273   -0.4345    0.1482    0.1392    0.0641    0.0027   -0.0040
          32    0.0463    0.1047   -0.1185    0.0281    0.2118    0.0420    0.0113   -0.0024
          33   -0.1314   -0.2390   -0.1972    0.0004    0.0003    0.0002   -0.0014   -0.0035
          34    0.1656    0.1279    0.4351    0.1480    0.1391    0.0639   -0.0027    0.0040
          35   -0.0467   -0.1053    0.1179    0.0280    0.2119    0.0421   -0.0114    0.0023
          36   -0.1309   -0.2384   -0.1966   -0.0003   -0.0004    0.0000   -0.0013   -0.0035
          37   -0.0002    0.0000   -0.0006    0.1705    0.1648    0.0890    0.0000   -0.0000
          38    0.0002   -0.0001    0.0007   -0.1462    0.0057   -0.1376   -0.0000    0.0000
          39    0.1424   -0.0436    0.5805    0.0002    0.0002    0.0003   -0.0095    0.0048
          40   -0.0002    0.0002   -0.0000    0.1339    0.0617   -0.1860   -0.0009   -0.0007
          41    0.0002   -0.0002    0.0000   -0.0843   -0.0716    0.1346    0.0010    0.0008
          42    0.1418   -0.1493    0.0143    0.0003    0.0002   -0.0004    0.7564    0.5811


   Root No.       9        10        11        12        13        14        15        16

                 4 A'      6 A"      7 A"      5 A'      6 A'      8 A"      7 A'      8 A'  

                 579.1     813.2     940.7     953.5    1038.4    1108.0    1116.9    1152.3
  
           1    0.4782   -0.0000   -0.0001    0.0994   -0.2625   -0.0000   -0.4505    0.3287
           2    0.0097    0.0000    0.0001    0.0876   -0.1909    0.0000   -0.0406   -0.0444
           3    0.0001    0.0467    0.0352    0.0003    0.0003   -0.0297   -0.0001    0.0004
           4   -0.3562   -0.0001   -0.0001   -0.2091    0.3003   -0.0000    0.1438   -0.1563
           5   -0.3817    0.0001    0.0001    0.1424   -0.1763   -0.0001   -0.0624    0.0799
           6    0.0007    0.0662    0.0585   -0.0007    0.0006   -0.0491   -0.0005   -0.0006
           7   -0.0302   -0.0003    0.0002   -0.2797   -0.0341   -0.0003   -0.2307   -0.1079
           8   -0.1035    0.0004   -0.0002   -0.0367    0.0386    0.0003    0.3367    0.5155
           9    0.0003    0.2829   -0.1488   -0.0004   -0.0003    0.2961   -0.0008   -0.0008
          10   -0.1874   -0.0002   -0.0005    0.4683    0.0200    0.0004    0.1596    0.0350
          11    0.3384    0.0003    0.0005   -0.2504    0.5744   -0.0004    0.0399    0.0562
          12   -0.0009    0.1895    0.3895    0.0010   -0.0007   -0.3318    0.0004    0.0001
          13   -0.0557   -0.0000    0.0002   -0.2369   -0.2223    0.0004    0.1994    0.1312
          14   -0.1807    0.0000   -0.0003   -0.1455   -0.1681   -0.0003   -0.3438   -0.4661
          15    0.0001    0.0074   -0.1835   -0.0001   -0.0003   -0.2352    0.0009    0.0011
          16    0.1200    0.0003    0.0003   -0.0742    0.1157   -0.0004    0.1944   -0.1281
          17    0.3939   -0.0004   -0.0004    0.1652   -0.1376    0.0004    0.1880   -0.1251
          18   -0.0004   -0.2600   -0.2602   -0.0003    0.0004    0.2839   -0.0001   -0.0001
          19   -0.0232   -0.3755    0.0084    0.0083    0.0200   -0.2255   -0.0498   -0.0016
          20   -0.0625    0.1555   -0.2769    0.0861    0.0203   -0.0584    0.0509    0.1278
          21    0.0002   -0.2765    0.0804    0.0035    0.0079   -0.0800   -0.0013    0.0010
          22   -0.0234    0.3761   -0.0086    0.0084    0.0201    0.2257   -0.0495   -0.0015
          23   -0.0625   -0.1562    0.2771    0.0861    0.0203    0.0582    0.0508    0.1278
          24    0.0001   -0.2752    0.0797   -0.0039   -0.0080   -0.0796    0.0008   -0.0014
          25   -0.0564   -0.2865   -0.2956    0.1052    0.0533   -0.0122   -0.0525    0.0343
          26    0.1047   -0.0202    0.0386   -0.0596    0.2370   -0.4196   -0.1073   -0.0485
          27   -0.0046   -0.1681   -0.1512    0.0096   -0.0069    0.0780   -0.0114    0.0348
          28   -0.0562    0.2868    0.2959    0.1051    0.0532    0.0121   -0.0527    0.0343
          29    0.1046    0.0197   -0.0390   -0.0596    0.2370    0.4198   -0.1071   -0.0485
          30    0.0039   -0.1675   -0.1504   -0.0091    0.0064    0.0768    0.0119   -0.0345
          31   -0.0275   -0.0316    0.0493    0.1164    0.0754    0.0377   -0.0435   -0.0018
          32   -0.0632    0.1880   -0.3563    0.2009    0.1355   -0.2718   -0.1733   -0.1177
          33    0.0003   -0.1053    0.1504    0.0057    0.0062    0.0918   -0.0048   -0.0021
          34   -0.0273    0.0319   -0.0496    0.1163    0.0753   -0.0378   -0.0437   -0.0018
          35   -0.0633   -0.1883    0.3567    0.2009    0.1355    0.2721   -0.1732   -0.1176
          36   -0.0005   -0.1047    0.1493   -0.0059   -0.0065    0.0909    0.0055    0.0027
          37   -0.0321    0.0001   -0.0002    0.1987    0.1287   -0.0001   -0.0711   -0.0170
          38   -0.0249   -0.0001    0.0002   -0.4631   -0.3446    0.0001    0.1271   -0.0043
          39    0.0000   -0.1012    0.1623    0.0008    0.0005    0.0983   -0.0003    0.0001
          40    0.2894    0.0000   -0.0000    0.2010   -0.1600   -0.0001    0.4708   -0.4907
          41    0.0029   -0.0000    0.0000    0.0147   -0.0388    0.0000   -0.0196    0.0071
          42    0.0003   -0.0101    0.0068    0.0003   -0.0000   -0.0071    0.0006   -0.0006


   Root No.      17        18        19        20        21        22        23        24

                 9 A'      9 A"     10 A"     10 A'     11 A'     11 A"     12 A'     13 A'  

                1184.3    1188.7    1213.0    1268.2    1295.5    1297.6    1302.9    1317.5
  
           1   -0.0887   -0.0000    0.0002    0.0039    0.0726    0.0001   -0.0629    0.0801
           2    0.0252    0.0000   -0.0001    0.1022    0.1539   -0.0001   -0.1205    0.1372
           3   -0.0008    0.0116    0.0016   -0.0002    0.0000   -0.0006    0.0002   -0.0002
           4    0.0057   -0.0000    0.0001    0.0363    0.0756    0.0001   -0.0603    0.0495
           5   -0.0170    0.0000    0.0001   -0.0181   -0.0286    0.0000    0.0230   -0.0149
           6    0.0006    0.0189    0.0010    0.0001   -0.0001   -0.0015   -0.0002    0.0002
           7    0.5229   -0.0004   -0.0001    0.0694   -0.0209   -0.0000   -0.0731   -0.1549
           8    0.2759    0.0005    0.0001    0.0846    0.0872   -0.0000   -0.0613    0.1989
           9    0.0006    0.3781    0.0220    0.0000   -0.0002   -0.0285   -0.0000   -0.0004
          10   -0.4459    0.0001    0.0001   -0.2817   -0.0830   -0.0000    0.0486   -0.0397
          11   -0.2473   -0.0001   -0.0003    0.0936   -0.1724    0.0000    0.1838   -0.0421
          12   -0.0004   -0.0707   -0.1779   -0.0005    0.0002    0.0045   -0.0002   -0.0000
          13   -0.1663    0.0003   -0.0005   -0.0029   -0.1266    0.0002   -0.1861    0.0270
          14   -0.1724   -0.0004    0.0003   -0.0253   -0.1005   -0.0003    0.0514   -0.0518
          15    0.0002   -0.2676    0.1928    0.0001    0.0000   -0.2229   -0.0003    0.0001
          16    0.0806    0.0002    0.0001   -0.0860   -0.1822    0.0000    0.1452   -0.1888
          17    0.1074   -0.0002   -0.0000   -0.1169   -0.2078    0.0000    0.1669   -0.2197
          18   -0.0001   -0.1367   -0.0236    0.0000    0.0001    0.0068   -0.0001    0.0001
          19    0.1364   -0.1224   -0.2983   -0.0584   -0.1134    0.0128    0.1753    0.3693
          20    0.1421    0.1592   -0.5545   -0.0742    0.0532    0.0011   -0.1236   -0.2615
          21   -0.0099   -0.0553   -0.0051   -0.0101   -0.0782   -0.0041    0.1668    0.3812
          22    0.1361    0.1225    0.2983   -0.0585   -0.1135   -0.0128    0.1757    0.3702
          23    0.1421   -0.1593    0.5545   -0.0742    0.0534   -0.0011   -0.1240   -0.2625
          24    0.0102   -0.0545   -0.0059    0.0102    0.0777   -0.0041   -0.1661   -0.3795
          25   -0.1748    0.2656    0.1545    0.4397    0.1205   -0.0142   -0.0188   -0.0383
          26   -0.1031    0.4345    0.1475   -0.1743    0.3193   -0.0245   -0.3210    0.1154
          27   -0.0440    0.0166    0.0097    0.4080   -0.0367   -0.0010    0.1152   -0.0662
          28   -0.1746   -0.2656   -0.1546    0.4406    0.1203    0.0142   -0.0186   -0.0384
          29   -0.1030   -0.4345   -0.1475   -0.1755    0.3195    0.0245   -0.3213    0.1156
          30    0.0436    0.0172    0.0097   -0.4065    0.0362   -0.0010   -0.1144    0.0657
          31    0.1057    0.0518   -0.0194   -0.0621    0.3637    0.3428    0.3530   -0.0697
          32    0.1267   -0.2456    0.1478    0.0485   -0.0604    0.3095   -0.0353    0.0879
          33    0.0179    0.0825   -0.0234   -0.0564    0.2564    0.0658    0.2590   -0.0756
          34    0.1060   -0.0519    0.0193   -0.0622    0.3642   -0.3430    0.3536   -0.0699
          35    0.1266    0.2459   -0.1478    0.0487   -0.0611   -0.3093   -0.0360    0.0881
          36   -0.0181    0.0817   -0.0229    0.0562   -0.2553    0.0659   -0.2581    0.0752
          37    0.1068   -0.0001   -0.0001    0.0296   -0.1502   -0.0008   -0.1195   -0.0143
          38   -0.2479    0.0002    0.0000   -0.0589    0.2313    0.0010    0.1756    0.0255
          39    0.0006    0.1248   -0.0142    0.0001   -0.0005    0.7157   -0.0004   -0.0000
          40    0.1191    0.0000    0.0001    0.2111    0.2425    0.0000   -0.1843    0.2050
          41    0.0097   -0.0000   -0.0000    0.0004    0.0037   -0.0000   -0.0028    0.0002
          42   -0.0000    0.0002   -0.0044    0.0002    0.0003    0.0001   -0.0002    0.0002


   Root No.      25        26        27        28        29        30        31        32

                14 A'     15 A'     16 A'     17 A'     12 A"     13 A"     18 A'     14 A"  

                1348.7    1364.5    1406.8    1882.7    2646.0    2665.6    2678.0    2690.5
  
           1    0.0085   -0.1460    0.0237   -0.0532    0.0000    0.0000   -0.0001    0.0000
           2    0.0368   -0.1945    0.0319    0.0139   -0.0000   -0.0000   -0.0000   -0.0000
           3   -0.0003    0.0004    0.0001   -0.0001   -0.0008   -0.0010    0.0002   -0.0003
           4    0.0275   -0.0262    0.0055   -0.4945    0.0000    0.0000   -0.0003    0.0000
           5   -0.0159   -0.0195    0.0041    0.3079    0.0000   -0.0000    0.0004    0.0000
           6    0.0001   -0.0002   -0.0001   -0.0009   -0.0003   -0.0007   -0.0004   -0.0008
           7   -0.2011   -0.1191   -0.0324    0.0013   -0.0002    0.0002    0.0045    0.0002
           8   -0.2718    0.0006   -0.2278    0.0009    0.0002   -0.0002   -0.0126   -0.0002
           9    0.0003   -0.0003    0.0002    0.0000    0.1535   -0.1680   -0.0000   -0.1487
          10   -0.1493   -0.1414    0.0214   -0.0508    0.0002    0.0002    0.0072    0.0001
          11    0.0536   -0.3873    0.1353    0.0682   -0.0003   -0.0002    0.0025   -0.0001
          12   -0.0003    0.0005   -0.0001   -0.0002   -0.2009   -0.1646    0.0002   -0.0636
          13    0.1052    0.0567    0.0665   -0.0035   -0.0000   -0.0002   -0.2744    0.0003
          14    0.1050   -0.0680   -0.3063   -0.0017   -0.0000    0.0002   -0.0378   -0.0003
          15    0.0002    0.0001    0.0005   -0.0001   -0.0381    0.1382   -0.0001   -0.2397
          16   -0.0370    0.3264   -0.0552    0.6356    0.0000    0.0000    0.0009    0.0000
          17   -0.0575    0.4442   -0.0842   -0.4717   -0.0000   -0.0000   -0.0005   -0.0000
          18   -0.0000   -0.0002    0.0001    0.0014   -0.0123   -0.0084   -0.0000   -0.0027
          19    0.3232    0.0914    0.0502    0.0010    0.2385   -0.2470   -0.0413   -0.1977
          20    0.4887   -0.0107    0.1976   -0.0056   -0.1248    0.1213    0.0177    0.1036
          21    0.0674    0.0889   -0.0603    0.0075   -0.3140    0.3183    0.0608    0.2551
          22    0.3233    0.0917    0.0501    0.0010   -0.2378    0.2463   -0.0410    0.1971
          23    0.4885   -0.0109    0.1978   -0.0056    0.1240   -0.1204    0.0174   -0.1029
          24   -0.0678   -0.0888    0.0598   -0.0075   -0.3149    0.3192   -0.0610    0.2559
          25    0.0526    0.2349   -0.0520    0.0267   -0.3105   -0.2355   -0.0042   -0.0868
          26    0.0240    0.2800   -0.0884    0.0587    0.1624    0.1188    0.0025    0.0421
          27    0.0671    0.0713    0.0038   -0.0331    0.4013    0.2993    0.0068    0.1091
          28    0.0528    0.2350   -0.0521    0.0267    0.3095    0.2348   -0.0043    0.0866
          29    0.0238    0.2798   -0.0884    0.0587   -0.1613   -0.1180    0.0026   -0.0418
          30   -0.0671   -0.0714   -0.0036    0.0330    0.4024    0.3001   -0.0066    0.1095
          31   -0.0281   -0.0163    0.0475    0.0009   -0.0590    0.1890    0.1633   -0.3003
          32   -0.2208    0.1016    0.4411    0.0016    0.0359   -0.1198   -0.1382    0.1974
          33    0.0532   -0.0589   -0.1800    0.0009    0.0869   -0.2761   -0.3232    0.4386
          34   -0.0279   -0.0166    0.0471    0.0009    0.0587   -0.1883    0.1625    0.2992
          35   -0.2209    0.1018    0.4416    0.0015   -0.0357    0.1190   -0.1373   -0.1962
          36   -0.0526    0.0586    0.1789   -0.0009    0.0871   -0.2769    0.3242    0.4398
          37    0.0683   -0.0711   -0.2573   -0.0006   -0.0000   -0.0000    0.6703    0.0000
          38   -0.0779    0.1370    0.4238   -0.0025    0.0000    0.0000    0.4019   -0.0001
          39    0.0003   -0.0004   -0.0009    0.0000   -0.0068    0.0226    0.0002   -0.0345
          40    0.0668   -0.2861    0.0494    0.1146    0.0000    0.0000   -0.0001    0.0000
          41    0.0006    0.0100   -0.0012    0.0065   -0.0000    0.0000   -0.0011   -0.0000
          42    0.0000   -0.0003    0.0001    0.0001    0.0004    0.0006    0.0000    0.0006


   Root No.      33        34        35        36

                19 A'     20 A'     21 A'     22 A'  

                2735.7    2751.4    2785.2    2790.0
  
           1   -0.0015   -0.0011    0.0012    0.0070
           2    0.0071    0.0031   -0.0271   -0.2079
           3    0.0007   -0.0002   -0.0004    0.0004
           4    0.0109    0.0059    0.0009    0.0097
           5   -0.0093   -0.0053   -0.0001   -0.0055
           6   -0.0009    0.0003    0.0006   -0.0002
           7    0.0801   -0.1581    0.0296   -0.0030
           8   -0.0597    0.0605   -0.0472    0.0056
           9   -0.0001   -0.0002    0.0003   -0.0000
          10   -0.1260   -0.1250    0.0138   -0.0080
          11    0.0748    0.0446   -0.0010    0.0109
          12    0.0001   -0.0003   -0.0003    0.0000
          13    0.0193   -0.0300    0.0246   -0.0030
          14   -0.0088   -0.0025   -0.1448    0.0194
          15    0.0002   -0.0001    0.0001    0.0000
          16   -0.0189   -0.0125   -0.0042   -0.0377
          17    0.0439    0.0251   -0.0078   -0.0385
          18   -0.0001   -0.0000    0.0000   -0.0000
          19   -0.2157    0.2969   -0.0511    0.0015
          20    0.1137   -0.1485    0.0282   -0.0018
          21    0.3237   -0.4359    0.0756   -0.0023
          22   -0.2146    0.2958   -0.0512    0.0015
          23    0.1127   -0.1473    0.0281   -0.0018
          24   -0.3249    0.4371   -0.0755    0.0022
          25    0.3031    0.2190   -0.0194    0.0206
          26   -0.1592   -0.1102    0.0084   -0.0104
          27   -0.4451   -0.3169    0.0265   -0.0293
          28    0.3017    0.2184   -0.0191    0.0205
          29   -0.1578   -0.1094    0.0082   -0.0103
          30    0.4467    0.3176   -0.0269    0.0295
          31    0.0034   -0.0295   -0.2874    0.0378
          32    0.0011    0.0105    0.1732   -0.0236
          33   -0.0024    0.0416    0.4573   -0.0606
          34    0.0031   -0.0293   -0.2861    0.0376
          35    0.0013    0.0103    0.1719   -0.0234
          36    0.0027   -0.0418   -0.4586    0.0608
          37   -0.0549    0.1358    0.4780   -0.0629
          38   -0.0321    0.0790    0.2555   -0.0340
          39   -0.0001    0.0001    0.0003   -0.0000
          40   -0.0066   -0.0022    0.0077    0.0550
          41   -0.0444   -0.0161    0.1285    0.9648
          42    0.0002   -0.0000   -0.0002   -0.0013


          DESCRIPTION OF VIBRATIONS


 VIBRATION          1    1A"          ATOM PAIR      ENERGY CONTRIBUTION    RADIAL
 FREQUENCY           -32.43         C  3 -- C  4         +23.6% (-99.9%)      0.0%
 TRANSITION DIPOLE   0.0076         C  3 -- C  5         +12.9% (-99.9%)      0.0%
 TRAVEL (Ang.)       0.0000         C  3 -- H  7         +12.8% (-99.9%)     95.2%
 REDUCED MASS        1.2435         C  3 -- H  8         +12.8% (-99.9%)     94.9%
 EFFECTIVE MASS   1441.2668
 FORCE CONSTANT     -0.0008

 VIBRATION          2    2A"          ATOM PAIR      ENERGY CONTRIBUTION    RADIAL
 FREQUENCY            58.77         C  3 -- C  5         +15.9% (888.2%)      0.0%
 TRANSITION DIPOLE   0.0758         C  3 -- C  4         +15.9% (887.8%)      0.0%
 TRAVEL (Ang.)       0.9152         C  4 -- C  6         +12.8% (797.5%)      0.0%
 REDUCED MASS        1.3699         C  4 -- H 10         +10.1% (706.5%)     89.3%
 EFFECTIVE MASS    785.0230         C  4 -- H  9         +10.1% (706.5%)     88.8%
 FORCE CONSTANT      0.0028

 VIBRATION          3    3A"          ATOM PAIR      ENERGY CONTRIBUTION    RADIAL
 FREQUENCY           158.10         C  5 -- H 13         +26.3% (342.7%)      0.0%
 TRANSITION DIPOLE   0.0202         C  5 -- H 12         +22.7% (318.5%)      1.5%
 TRAVEL (Ang.)       0.0000         C  5 -- H 11         +22.7% (318.5%)      1.2%
 REDUCED MASS        0.3115         C  3 -- C  5          +8.1% (190.5%)      0.0%
 EFFECTIVE MASS     24.5300
 FORCE CONSTANT      0.0046

 VIBRATION          4    1A'          ATOM PAIR      ENERGY CONTRIBUTION    RADIAL
 FREQUENCY           176.57         C  3 -- C  5         +14.0% (260.8%)      0.1%
 TRANSITION DIPOLE   0.2402         C  4 -- C  6         +11.8% (239.6%)      0.0%
 TRAVEL (Ang.)       0.4033         O  1 -- C  6         +10.8% (229.6%)      0.0%
 REDUCED MASS        2.3479         C  3 -- C  4          +9.7% (217.6%)      0.4%
 EFFECTIVE MASS     79.7863
 FORCE CONSTANT      0.0431

 VIBRATION          5    2A'          ATOM PAIR      ENERGY CONTRIBUTION    RADIAL
 FREQUENCY           350.30         C  3 -- C  5         +20.0% (175.6%)      0.7%
 TRANSITION DIPOLE   0.3489         C  5 -- H 12         +15.9% (156.4%)      0.0%
 TRAVEL (Ang.)       0.2868         C  5 -- H 11         +15.9% (156.4%)      0.0%
 REDUCED MASS        2.3401         C  5 -- H 13         +12.3% (137.7%)     50.4%
 EFFECTIVE MASS     30.0325         C  3 -- C  4         +10.3% (125.7%)      0.6%
 FORCE CONSTANT      0.1692

 VIBRATION          6    3A'          ATOM PAIR      ENERGY CONTRIBUTION    RADIAL
 FREQUENCY           418.82         O  1 -- C  6         +19.5% (144.8%)      1.7%
 TRANSITION DIPOLE   0.3346         C  4 -- C  6         +17.6% (137.8%)      0.1%
 TRAVEL (Ang.)       0.2596         C  3 -- C  5         +10.6% (106.7%)      0.5%
 REDUCED MASS        2.3898         C  3 -- C  4          +9.8% (102.6%)     62.6%
 EFFECTIVE MASS     25.4245
 FORCE CONSTANT      0.2470

 VIBRATION          7    4A"          ATOM PAIR      ENERGY CONTRIBUTION    RADIAL
 FREQUENCY           483.96         O  1 -- H 14         +23.9% ( 79.1%)      0.0%
 TRANSITION DIPOLE   0.7153         O  2 -- C  6         +19.2% ( 70.8%)      0.0%
 TRAVEL (Ang.)       0.3538         C  4 -- C  6         +16.4% ( 65.5%)      0.0%
 REDUCED MASS        1.1133         O  1 -- C  6         +15.2% ( 63.0%)      0.0%
 EFFECTIVE MASS      5.5150         C  4 -- H 10         +11.8% ( 55.5%)      0.1%
 FORCE CONSTANT      0.1536         C  4 -- H  9         +11.8% ( 55.5%)      0.0%

 VIBRATION          8    5A"          ATOM PAIR      ENERGY CONTRIBUTION    RADIAL
 FREQUENCY           562.94         O  1 -- C  6         +21.6% ( 71.4%)      0.0%
 TRANSITION DIPOLE   1.0971         O  2 -- C  6         +21.3% ( 71.0%)      0.0%
 TRAVEL (Ang.)       0.2699         O  1 -- H 14         +15.8% ( 61.1%)      0.0%
 REDUCED MASS        1.6441         C  4 -- C  6         +15.0% ( 59.7%)      0.0%
 EFFECTIVE MASS      7.8228         C  4 -- H 10         +11.8% ( 52.9%)      5.6%
 FORCE CONSTANT      0.3070         C  4 -- H  9         +11.8% ( 52.9%)      5.3%

 VIBRATION          9    4A'          ATOM PAIR      ENERGY CONTRIBUTION    RADIAL
 FREQUENCY           579.14         O  2 -- C  6         +17.7% ( 92.4%)      0.0%
 TRANSITION DIPOLE   1.0350         C  4 -- C  6         +16.9% ( 90.1%)      0.2%
 TRAVEL (Ang.)       0.2090         O  1 -- C  6         +16.0% ( 87.7%)      6.9%
 REDUCED MASS        2.6649         O  1 -- H 14         +11.7% ( 75.1%)      0.1%
 EFFECTIVE MASS     16.0629         C  3 -- C  4         +10.7% ( 71.8%)      2.2%
 FORCE CONSTANT      0.5266

 VIBRATION         10    6A"          ATOM PAIR      ENERGY CONTRIBUTION    RADIAL
 FREQUENCY           813.25         C  3 -- H  8         +25.2% ( 76.3%)      8.4%
 TRANSITION DIPOLE   0.8014         C  3 -- H  7         +25.2% ( 76.3%)      7.9%
 TRAVEL (Ang.)       0.5304         C  4 -- H  9         +10.9% ( 50.1%)      7.9%
 REDUCED MASS        0.2947         C  4 -- H 10         +10.9% ( 50.1%)      8.4%
 EFFECTIVE MASS      3.2530
 FORCE CONSTANT      0.1148

 VIBRATION         11    7A"          ATOM PAIR      ENERGY CONTRIBUTION    RADIAL
 FREQUENCY           940.73         C  4 -- H 10         +14.4% ( 54.3%)     17.4%
 TRANSITION DIPOLE   0.1078         C  4 -- H  9         +14.4% ( 54.3%)     16.8%
 TRAVEL (Ang.)       0.4047         C  5 -- H 11         +13.3% ( 52.2%)      7.3%
 REDUCED MASS        0.4376         C  5 -- H 12         +13.3% ( 52.2%)      7.8%
 EFFECTIVE MASS      4.1594         C  4 -- C  6         +10.5% ( 46.5%)      0.0%
 FORCE CONSTANT      0.2282

 VIBRATION         12    5A'          ATOM PAIR      ENERGY CONTRIBUTION    RADIAL
 FREQUENCY           953.49         C  3 -- C  4         +17.2% ( 69.3%)     51.5%
 TRANSITION DIPOLE   0.4079         C  4 -- C  6         +16.0% ( 66.7%)     50.6%
 TRAVEL (Ang.)       0.2370         C  5 -- H 13         +14.9% ( 64.3%)     18.3%
 REDUCED MASS        1.2592         C  4 -- H  9          +9.5% ( 51.5%)     39.8%
 EFFECTIVE MASS      8.2991
 FORCE CONSTANT      0.6745

 VIBRATION         13    6A'          ATOM PAIR      ENERGY CONTRIBUTION    RADIAL
 FREQUENCY          1038.39         C  4 -- C  6         +20.3% ( 68.1%)    100.0%
 TRANSITION DIPOLE   0.6006         C  4 -- H  9         +14.4% ( 57.3%)     11.3%
 TRAVEL (Ang.)       0.1881         C  4 -- H 10         +14.4% ( 57.3%)     11.2%
 REDUCED MASS        1.8358         C  3 -- C  4         +14.3% ( 57.1%)     31.2%
 EFFECTIVE MASS      9.7737
 FORCE CONSTANT      1.1662

 VIBRATION         14    8A"          ATOM PAIR      ENERGY CONTRIBUTION    RADIAL
 FREQUENCY          1108.04         C  4 -- H 10         +16.9% ( 52.0%)     14.0%
 TRANSITION DIPOLE   0.5205         C  4 -- H  9         +16.9% ( 52.0%)     13.7%
 TRAVEL (Ang.)       0.3713         C  3 -- C  4         +10.2% ( 40.4%)      0.0%
 REDUCED MASS        0.4413         C  5 -- H 12          +8.4% ( 36.7%)     14.5%
 EFFECTIVE MASS      4.3661
 FORCE CONSTANT      0.3193

 VIBRATION         15    7A'          ATOM PAIR      ENERGY CONTRIBUTION    RADIAL
 FREQUENCY          1116.93         O  1 -- H 14         +19.0% ( 63.6%)      0.2%
 TRANSITION DIPOLE   0.7928         C  3 -- C  5         +16.7% ( 59.6%)     82.4%
 TRAVEL (Ang.)       0.2049         O  1 -- C  6         +13.1% ( 52.8%)     97.9%
 REDUCED MASS        1.4381         C  5 -- H 13          +8.1% ( 41.5%)      0.1%
 EFFECTIVE MASS      9.1450
 FORCE CONSTANT      1.0571

 VIBRATION         16    8A'          ATOM PAIR      ENERGY CONTRIBUTION    RADIAL
 FREQUENCY          1152.32         C  3 -- C  5         +24.7% ( 73.8%)     98.8%
 TRANSITION DIPOLE   0.7359         O  1 -- H 14         +15.6% ( 58.6%)      1.8%
 TRAVEL (Ang.)       0.1771         C  3 -- C  4          +9.6% ( 46.1%)      3.6%
 REDUCED MASS        1.8648         C  3 -- H  8          +9.0% ( 44.5%)     16.6%
 EFFECTIVE MASS      9.2039
 FORCE CONSTANT      1.4589

 VIBRATION         17    9A'          ATOM PAIR      ENERGY CONTRIBUTION    RADIAL
 FREQUENCY          1184.34         C  3 -- C  4         +26.1% ( 77.6%)    100.0%
 TRANSITION DIPOLE   1.0635         C  3 -- C  5         +13.9% ( 56.6%)     18.6%
 TRAVEL (Ang.)       0.1560         C  3 -- H  7         +10.2% ( 48.6%)     16.1%
 REDUCED MASS        2.3383         C  3 -- H  8         +10.2% ( 48.6%)     15.7%
 EFFECTIVE MASS      8.7290
 FORCE CONSTANT      1.9324

 VIBRATION         18    9A"          ATOM PAIR      ENERGY CONTRIBUTION    RADIAL
 FREQUENCY          1188.68         C  4 -- H 10         +19.3% ( 50.7%)      0.6%
 TRANSITION DIPOLE   0.0707         C  4 -- H  9         +19.3% ( 50.7%)      0.6%
 TRAVEL (Ang.)       0.3507         C  3 -- C  5         +11.8% ( 39.7%)      0.0%
 REDUCED MASS        0.4613         C  3 -- H  7          +9.3% ( 35.1%)     23.5%
 EFFECTIVE MASS      3.2111
 FORCE CONSTANT      0.3841

 VIBRATION         19   10A"          ATOM PAIR      ENERGY CONTRIBUTION    RADIAL
 FREQUENCY          1212.98         C  3 -- H  8         +36.9% ( 63.1%)      0.1%
 TRANSITION DIPOLE   0.0354         C  3 -- H  7         +36.9% ( 63.1%)      0.1%
 TRAVEL (Ang.)       0.3981         C  4 -- H 10          +5.4% ( 24.1%)     13.5%
 REDUCED MASS        0.3507         C  4 -- H  9          +5.4% ( 24.1%)     13.0%
 EFFECTIVE MASS      1.5963
 FORCE CONSTANT      0.3040

 VIBRATION         20   10A'          ATOM PAIR      ENERGY CONTRIBUTION    RADIAL
 FREQUENCY          1268.21         C  4 -- H 10         +34.4% ( 57.6%)      2.6%
 TRANSITION DIPOLE   0.5849         C  4 -- H  9         +34.4% ( 57.6%)      2.9%
 TRAVEL (Ang.)       0.3595         C  4 -- C  6          +7.7% ( 27.2%)     67.0%
 REDUCED MASS        0.4114         C  3 -- C  4          +7.4% ( 26.7%)     75.5%
 EFFECTIVE MASS      2.3584
 FORCE CONSTANT      0.3898

 VIBRATION         21   11A'          ATOM PAIR      ENERGY CONTRIBUTION    RADIAL
 FREQUENCY          1295.46         C  5 -- H 11         +14.3% ( 38.1%)      0.3%
 TRANSITION DIPOLE   0.1207         C  5 -- H 12         +14.3% ( 38.1%)      0.2%
 TRAVEL (Ang.)       0.4763         C  4 -- H 10         +13.9% ( 37.6%)      0.0%
 REDUCED MASS        0.2294         C  4 -- H  9         +13.9% ( 37.6%)      0.0%
 EFFECTIVE MASS      2.8749
 FORCE CONSTANT      0.2268

 VIBRATION         22   11A"          ATOM PAIR      ENERGY CONTRIBUTION    RADIAL
 FREQUENCY          1297.56         C  5 -- H 13         +50.7% ( 60.8%)      0.0%
 TRANSITION DIPOLE   0.5213         C  5 -- H 12         +22.7% ( 40.7%)      8.3%
 TRAVEL (Ang.)       0.3652         C  5 -- H 11         +22.7% ( 40.7%)      7.9%
 REDUCED MASS        0.3896         C  3 -- C  5          +3.6% ( 16.1%)      0.0%
 EFFECTIVE MASS      1.4164
 FORCE CONSTANT      0.3864

 VIBRATION         23   12A'          ATOM PAIR      ENERGY CONTRIBUTION    RADIAL
 FREQUENCY          1302.89         C  5 -- H 11         +15.9% ( 38.8%)      2.4%
 TRANSITION DIPOLE   0.8446         C  5 -- H 12         +15.9% ( 38.8%)      2.1%
 TRAVEL (Ang.)       0.5296         C  4 -- H  9         +13.7% ( 36.0%)      0.0%
 REDUCED MASS        0.1845         C  4 -- H 10         +13.7% ( 36.0%)      0.0%
 EFFECTIVE MASS      2.5280
 FORCE CONSTANT      0.1845

 VIBRATION         24   13A'          ATOM PAIR      ENERGY CONTRIBUTION    RADIAL
 FREQUENCY          1317.53         C  3 -- H  7         +29.0% ( 53.5%)      2.0%
 TRANSITION DIPOLE   0.4652         C  3 -- H  8         +29.0% ( 53.5%)      1.8%
 TRAVEL (Ang.)       0.3605         O  1 -- C  6          +9.8% ( 31.0%)     81.8%
 REDUCED MASS        0.3938         O  2 -- C  6          +6.6% ( 25.5%)      9.0%
 EFFECTIVE MASS      2.9063
 FORCE CONSTANT      0.4028

 VIBRATION         25   14A'          ATOM PAIR      ENERGY CONTRIBUTION    RADIAL
 FREQUENCY          1348.72         C  3 -- H  7         +34.8% ( 63.5%)      0.0%
 TRANSITION DIPOLE   0.2348         C  3 -- H  8         +34.8% ( 63.5%)      0.0%
 TRAVEL (Ang.)       0.3449         C  3 -- C  5          +7.6% ( 29.7%)     47.2%
 REDUCED MASS        0.4204         C  3 -- C  4          +5.7% ( 25.7%)     36.6%
 EFFECTIVE MASS      2.4266
 FORCE CONSTANT      0.4505

 VIBRATION         26   15A'          ATOM PAIR      ENERGY CONTRIBUTION    RADIAL
 FREQUENCY          1364.54         C  4 -- C  6         +22.9% ( 61.4%)     63.4%
 TRANSITION DIPOLE   2.0526         O  1 -- C  6         +18.0% ( 54.4%)     81.1%
 TRAVEL (Ang.)       0.1779         C  4 -- H  9         +14.7% ( 49.2%)      0.1%
 REDUCED MASS        1.5621         C  4 -- H 10         +14.7% ( 49.2%)      0.2%
 EFFECTIVE MASS      6.7954         O  2 -- C  6         +12.3% ( 45.1%)      0.9%
 FORCE CONSTANT      1.7137

 VIBRATION         27   16A'          ATOM PAIR      ENERGY CONTRIBUTION    RADIAL
 FREQUENCY          1406.77         C  5 -- H 13         +23.9% ( 49.6%)      0.7%
 TRANSITION DIPOLE   0.5942         C  5 -- H 12         +22.5% ( 48.1%)      1.4%
 TRAVEL (Ang.)       0.3833         C  5 -- H 11         +22.5% ( 48.1%)      1.6%
 REDUCED MASS        0.3263         C  3 -- H  8          +7.1% ( 27.0%)      0.4%
 EFFECTIVE MASS      2.3882
 FORCE CONSTANT      0.3805

 VIBRATION         28   17A'          ATOM PAIR      ENERGY CONTRIBUTION    RADIAL
 FREQUENCY          1882.73         O  2 -- C  6         +52.4% ( 97.4%)     99.8%
 TRANSITION DIPOLE   4.6969         C  4 -- C  6         +23.5% ( 65.2%)     51.8%
 TRAVEL (Ang.)       0.0739         O  1 -- C  6         +23.1% ( 64.6%)     20.7%
 REDUCED MASS        6.5578         O  1 -- H 14          +0.4% (  8.0%)      1.3%
 EFFECTIVE MASS     12.9785
 FORCE CONSTANT     13.6956

 VIBRATION         29   12A"          ATOM PAIR      ENERGY CONTRIBUTION    RADIAL
 FREQUENCY          2646.01         C  4 -- H 10         +29.8% ( 56.7%)     98.4%
 TRANSITION DIPOLE   0.3385         C  4 -- H  9         +29.8% ( 56.7%)     98.2%
 TRAVEL (Ang.)       0.3206         C  3 -- H  8         +18.1% ( 44.1%)     98.4%
 REDUCED MASS        0.2479         C  3 -- H  7         +18.1% ( 44.1%)     98.1%
 EFFECTIVE MASS      1.3895
 FORCE CONSTANT      1.0227

 VIBRATION         30   13A"          ATOM PAIR      ENERGY CONTRIBUTION    RADIAL
 FREQUENCY          2665.62         C  3 -- H  8         +18.8% ( 44.8%)     98.2%
 TRANSITION DIPOLE   0.5605         C  3 -- H  7         +18.8% ( 44.8%)     97.9%
 TRAVEL (Ang.)       0.3867         C  4 -- H  9         +16.9% ( 42.4%)     97.9%
 REDUCED MASS        0.1692         C  4 -- H 10         +16.9% ( 42.4%)     98.1%
 EFFECTIVE MASS      1.4307         C  5 -- H 12         +13.5% ( 37.9%)     98.3%
 FORCE CONSTANT      0.7082         C  5 -- H 11         +13.5% ( 37.9%)     98.0%

 VIBRATION         31   18A'          ATOM PAIR      ENERGY CONTRIBUTION    RADIAL
 FREQUENCY          2677.98         C  5 -- H 13         +65.0% ( 83.1%)     99.6%
 TRANSITION DIPOLE   0.5479         C  5 -- H 12         +16.5% ( 41.9%)     85.5%
 TRAVEL (Ang.)       0.2261         C  5 -- H 11         +16.5% ( 41.9%)     86.1%
 REDUCED MASS        0.4925         C  3 -- C  5          +0.9% (  9.9%)      0.2%
 EFFECTIVE MASS      1.4472
 FORCE CONSTANT      2.0808

 VIBRATION         32   14A"          ATOM PAIR      ENERGY CONTRIBUTION    RADIAL
 FREQUENCY          2690.46         C  5 -- H 11         +34.6% ( 60.4%)     97.7%
 TRANSITION DIPOLE   0.9713         C  5 -- H 12         +34.6% ( 60.4%)     98.0%
 TRAVEL (Ang.)       0.2983         C  3 -- H  7         +12.3% ( 36.0%)     97.6%
 REDUCED MASS        0.2816         C  3 -- H  8         +12.3% ( 36.0%)     97.9%
 EFFECTIVE MASS      1.4739
 FORCE CONSTANT      1.2009

 VIBRATION         33   19A'          ATOM PAIR      ENERGY CONTRIBUTION    RADIAL
 FREQUENCY          2735.65         C  4 -- H 10         +32.3% ( 56.0%)     96.8%
 TRANSITION DIPOLE   0.2837         C  4 -- H  9         +32.3% ( 56.0%)     97.1%
 TRAVEL (Ang.)       0.3068         C  3 -- H  8         +16.8% ( 40.4%)     97.2%
 REDUCED MASS        0.2618         C  3 -- H  7         +16.8% ( 40.4%)     97.5%
 EFFECTIVE MASS      1.2109
 FORCE CONSTANT      1.1544

 VIBRATION         34   20A'          ATOM PAIR      ENERGY CONTRIBUTION    RADIAL
 FREQUENCY          2751.38         C  3 -- H  8         +31.2% ( 54.9%)     95.8%
 TRANSITION DIPOLE   0.7237         C  3 -- H  7         +31.2% ( 54.9%)     96.2%
 TRAVEL (Ang.)       0.3144         C  4 -- H  9         +16.7% ( 40.2%)     95.6%
 REDUCED MASS        0.2479         C  4 -- H 10         +16.7% ( 40.2%)     95.2%
 EFFECTIVE MASS      1.2737
 FORCE CONSTANT      1.1058

 VIBRATION         35   21A'          ATOM PAIR      ENERGY CONTRIBUTION    RADIAL
 FREQUENCY          2785.23         C  5 -- H 11         +32.9% ( 55.1%)     95.7%
 TRANSITION DIPOLE   0.5711         C  5 -- H 12         +32.9% ( 55.1%)     95.5%
 TRAVEL (Ang.)       0.2832         C  5 -- H 13         +29.8% ( 52.5%)     95.0%
 REDUCED MASS        0.3018         O  1 -- H 14          +1.9% ( 13.2%)     98.7%
 EFFECTIVE MASS      1.1503
 FORCE CONSTANT      1.3794

 VIBRATION         36   22A'          ATOM PAIR      ENERGY CONTRIBUTION    RADIAL
 FREQUENCY          2789.98         O  1 -- H 14         +97.7% ( 98.7%)     98.8%
 TRANSITION DIPOLE   1.3938         C  5 -- H 12          +0.5% (  7.3%)     95.1%
 TRAVEL (Ang.)       0.1630         C  5 -- H 11          +0.5% (  7.3%)     95.3%
 REDUCED MASS        0.9092         C  5 -- H 13          +0.5% (  6.9%)     94.8%
 EFFECTIVE MASS      1.3167
 FORCE CONSTANT      4.1696

      SYMMETRY NUMBER FOR POINT-GROUP Cs  =  1


          SYSTEM IS A GROUND STATE


 HEADER  data-set: C:/Users/ildsf/Downloads/TCC/thermo/programs/mopac/butyric_aci



          MOLECULE IS NOT LINEAR

          THERE ARE 36 GENUINE VIBRATIONS IN THIS SYSTEM
          THIS THERMODYNAMICS CALCULATION IS LIMITED TO
          MOLECULES WHICH HAVE NO INTERNAL ROTATIONS




                    CALCULATED THERMODYNAMIC PROPERTIES
                                          *
   TEMP. (K)   PARTITION FUNCTION   H.O.F.    ENTHALPY  HEAT CAPACITY ENTROPY
                                   KCAL/MOL   CAL/MOLE    CAL/K/MOL  CAL/K/MOL


 298.00  VIB.     0.1769D+03                  2857.0977    18.5574    19.8720
         ROT.     0.1689D+06                   888.2813     2.9808    26.9014
         INT.     0.2988D+08                  3745.3790    21.5382    46.7735
         TRA.     0.7995D+27                  1480.4688     4.9680    39.3383
         TOT.                     -111.975    5225.8479    26.5062    86.1118

   *: NOTE: HEATS OF FORMATION ARE RELATIVE TO THE
            ELEMENTS IN THEIR STANDARD STATE AT 298K
              (=  Standard Enthalpy of Formation).

            Hvib:  Zero-point energy is not included.
                   frequencies of less than zero cm-1 are not included.
            Hrot = (3/2)RT
            Htra = (3/2)RT + pV = (5/2)RT

            Heat capacity is Cp, not Cv

          For more information, see: HTTP://OpenMOPAC.net/Manual/thermochemistry.html


           FORCE CONSTANT IN CARTESIAN COORDINATES (Millidynes/A)

    ATOM   CHEMICAL       X               Y               Z
   NUMBER   SYMBOL  FORCE CONSTANT  FORCE CONSTANT  FORCE CONSTANT

      1       O        6.107120        6.132902        0.419893
      2       O       10.842123        4.617516        0.356757
      3       C        6.948543        7.327057        6.455990
      4       C        7.186072        7.543669        6.058097
      5       C        6.433079        6.975436        6.367202
      6       C       13.721259       11.422144        2.770664
      7       H        1.800144        1.113078        2.723609
      8       H        1.793246        1.108866        2.734718
      9       H        1.766532        1.074777        2.667454
     10       H        1.759552        1.070487        2.678723
     11       H        1.477193        1.148746        2.834607
     12       H        1.470633        1.143871        2.846043
     13       H        3.255986        1.610780        0.562784
     14       H        0.744005        4.392900        0.143315

 **********************
 *                    *
 * JOB ENDED NORMALLY *
 *                    *
 **********************



 TOTAL JOB TIME:             0.80 SECONDS

 == MOPAC DONE ==
