 *******************************************************************************
 ** Cite this program as: MOPAC2016, Version: 22.097 , James J. P. Stewart,   **
 **                           web-site: HTTP://OpenMOPAC.net.                 **
 *******************************************************************************
 **                                                                           **
 **                                MOPAC2016                                  **
 **                                                                           **
 *******************************************************************************

                              PM3 CALCULATION RESULTS

 *******************************************************************************
 *  CALCULATION DONE:                                Tue Dec 10 12:19:12 2024  *
 *  PM3        - The PM3 Hamiltonian to be used
 *  MMOK       - APPLY MM CORRECTION TO CONH BARRIER
 *  PDBOUT     - PRINT GEOMETRY IN PDB FORMAT
 *  START_RES  - STARTING RESIDUE NUMBERS DEFINED
 *  Keyword:     START_RES=(1) 
 *  PRECISE    - TIGHTER CRITERIA TO BE USED
 *  EF         - USE EF ROUTINE FOR MINIMUM SEARCH
 *  T=         - A TIME OF 172800.0 SECONDS REQUESTED
 *  DUMP=N     - RESTART FILE WRITTEN EVERY 7200.0 SECONDS REQUESTED
 *  CYCLES=    - DO A MAXIMUM OF 20000 STEPS
 *  GNORM      - EXIT WHEN GRADIENT NORM DROPS BELOW 0.001
 *  NOINTER    - THIS KEYWORD HAS BEEN REPLACED BY PRTINT
 *******************************************************************************
 START_RES=(1) PM3 EF PRECISE GNORM=0.001 CYCLES=20000 NOINTER MMOK PDBOUT

 REMARK   4
   ATOM                 CHEMICAL                   X               Y               Z
  NUMBER                 SYMBOL               (ANGSTROMS)     (ANGSTROMS)     (ANGSTROMS)
 
     1       O(ATOM      1  O   UNK A   1)   14.78300000  *   1.76400000  * -40.18900000  *
     2       O(ATOM      2  O   UNK A   1)   14.35700000  *   3.81400000  * -39.34500000  *
     3       C(ATOM      3  C   UNK A   1)   16.09300000  *   2.19800000  * -37.09300000  *
     4       C(ATOM      4  C   UNK A   1)   16.32000000  *   2.77900000  * -38.49300000  *
     5       C(ATOM      5  C   UNK A   1)   17.39500000  *   2.07000000  * -36.30500000  *
     6       C(ATOM      6  C   UNK A   1)   15.04400000  *   2.80400000  * -39.27900000  *
     7       H(ATOM      7  H   UNK A   1)   15.62900000  *   1.18700000  * -37.17800000  *
     8       H(ATOM      8  H   UNK A   1)   15.39400000  *   2.86000000  * -36.52800000  *
     9       H(ATOM      9  H   UNK A   1)   16.72300000  *   3.81600000  * -38.40900000  *
    10       H(ATOM     10  H   UNK A   1)   17.06400000  *   2.16100000  * -39.04500000  *
    11       H(ATOM     11  H   UNK A   1)   17.87600000  *   3.06700000  * -36.18300000  *
    12       H(ATOM     12  H   UNK A   1)   18.09800000  *   1.38400000  * -36.83200000  *
    13       H(ATOM     13  H   UNK A   1)   17.17800000  *   1.65100000  * -35.29600000  *
    14       H(ATOM     14  H   UNK A   1)   14.26600000  *   2.23500000  * -40.95000000  *
 

  H: (PM3): J. J. P. STEWART, J. COMP. CHEM. 10, 209 (1989).
  C: (PM3): J. J. P. STEWART, J. COMP. CHEM. 10, 209 (1989).
  O: (PM3): J. J. P. STEWART, J. COMP. CHEM. 10, 209 (1989).

           Empirical Formula: C4 H8 O2  =    14 atoms



      MOLECULAR POINT GROUP   :   C1  


      RHF CALCULATION, NO. OF DOUBLY OCCUPIED LEVELS = 18


          Geometry optimization using EF

  GNORM HAS BEEN SET TOO LOW, RESET TO 0.01

  SPECIFY LET AS KEYWORD TO ALLOW GNORM LESS THAN 0.01

          DIAGONAL MATRIX USED AS START HESSIAN

 CYCLE:     1 TIME:   0.008 TIME LEFT:  2.00D  GRAD.:   131.652 HEAT: -100.9255
 CYCLE:     2 TIME:   0.008 TIME LEFT:  2.00D  GRAD.:    69.718 HEAT: -106.5814
 CYCLE:     3 TIME:   0.008 TIME LEFT:  2.00D  GRAD.:    81.248 HEAT: -107.4931
 CYCLE:     4 TIME:   0.004 TIME LEFT:  2.00D  GRAD.:    58.097 HEAT: -108.3139
 CYCLE:     5 TIME:   0.004 TIME LEFT:  2.00D  GRAD.:    48.018 HEAT: -108.8179
 CYCLE:     6 TIME:   0.004 TIME LEFT:  2.00D  GRAD.:    56.447 HEAT: -108.8612
 CYCLE:     7 TIME:   0.004 TIME LEFT:  2.00D  GRAD.:    51.255 HEAT: -109.2672
 CYCLE:     8 TIME:   0.008 TIME LEFT:  2.00D  GRAD.:    29.450 HEAT: -109.8633
 CYCLE:     9 TIME:   0.008 TIME LEFT:  2.00D  GRAD.:    20.141 HEAT: -110.0608
 CYCLE:    10 TIME:   0.004 TIME LEFT:  2.00D  GRAD.:    15.858 HEAT: -110.2316
 CYCLE:    11 TIME:   0.004 TIME LEFT:  2.00D  GRAD.:    20.056 HEAT: -110.4242
 CYCLE:    12 TIME:   0.004 TIME LEFT:  2.00D  GRAD.:    19.874 HEAT: -110.7172
 CYCLE:    13 TIME:   0.004 TIME LEFT:  2.00D  GRAD.:    20.221 HEAT: -111.1200
 CYCLE:    14 TIME:   0.008 TIME LEFT:  2.00D  GRAD.:    17.819 HEAT: -111.3663
 CYCLE:    15 TIME:   0.004 TIME LEFT:  2.00D  GRAD.:    10.967 HEAT: -111.5067
 CYCLE:    16 TIME:   0.000 TIME LEFT:  2.00D  GRAD.:    12.184 HEAT: -111.5602
 CYCLE:    17 TIME:   0.008 TIME LEFT:  2.00D  GRAD.:    10.473 HEAT: -111.6038
 CYCLE:    18 TIME:   0.004 TIME LEFT:  2.00D  GRAD.:     7.548 HEAT: -111.6489
 CYCLE:    19 TIME:   0.004 TIME LEFT:  2.00D  GRAD.:     8.567 HEAT: -111.6776
 CYCLE:    20 TIME:   0.008 TIME LEFT:  2.00D  GRAD.:     5.594 HEAT: -111.7165
 CYCLE:    21 TIME:   0.004 TIME LEFT:  2.00D  GRAD.:     5.743 HEAT: -111.7407
 CYCLE:    22 TIME:   0.004 TIME LEFT:  2.00D  GRAD.:     5.225 HEAT: -111.7622
 CYCLE:    23 TIME:   0.004 TIME LEFT:  2.00D  GRAD.:     4.231 HEAT: -111.7866
 CYCLE:    24 TIME:   0.004 TIME LEFT:  2.00D  GRAD.:     3.016 HEAT: -111.8105
 CYCLE:    25 TIME:   0.004 TIME LEFT:  2.00D  GRAD.:     2.324 HEAT: -111.8205
 CYCLE:    26 TIME:   0.004 TIME LEFT:  2.00D  GRAD.:     2.203 HEAT: -111.8292
 CYCLE:    27 TIME:   0.004 TIME LEFT:  2.00D  GRAD.:     2.173 HEAT: -111.8343
 CYCLE:    28 TIME:   0.004 TIME LEFT:  2.00D  GRAD.:     1.146 HEAT: -111.8371
 CYCLE:    29 TIME:   0.004 TIME LEFT:  2.00D  GRAD.:     0.734 HEAT: -111.8393
 CYCLE:    30 TIME:   0.004 TIME LEFT:  2.00D  GRAD.:     0.683 HEAT: -111.8400
 CYCLE:    31 TIME:   0.008 TIME LEFT:  2.00D  GRAD.:     0.588 HEAT: -111.8405
 CYCLE:    32 TIME:   0.004 TIME LEFT:  2.00D  GRAD.:     0.458 HEAT: -111.8409
 CYCLE:    33 TIME:   0.004 TIME LEFT:  2.00D  GRAD.:     0.285 HEAT: -111.8413
 CYCLE:    34 TIME:   0.004 TIME LEFT:  2.00D  GRAD.:     0.179 HEAT: -111.8414
 CYCLE:    35 TIME:   0.004 TIME LEFT:  2.00D  GRAD.:     0.160 HEAT: -111.8415
 CYCLE:    36 TIME:   0.004 TIME LEFT:  2.00D  GRAD.:     0.163 HEAT: -111.8415
 CYCLE:    37 TIME:   0.004 TIME LEFT:  2.00D  GRAD.:     0.174 HEAT: -111.8416
 CYCLE:    38 TIME:   0.008 TIME LEFT:  2.00D  GRAD.:     0.191 HEAT: -111.8417
 CYCLE:    39 TIME:   0.004 TIME LEFT:  2.00D  GRAD.:     0.213 HEAT: -111.8418
 CYCLE:    40 TIME:   0.004 TIME LEFT:  2.00D  GRAD.:     0.254 HEAT: -111.8419
 CYCLE:    41 TIME:   0.004 TIME LEFT:  2.00D  GRAD.:     0.298 HEAT: -111.8421
 CYCLE:    42 TIME:   0.004 TIME LEFT:  2.00D  GRAD.:     0.363 HEAT: -111.8424
 CYCLE:    43 TIME:   0.004 TIME LEFT:  2.00D  GRAD.:     0.366 HEAT: -111.8426
 CYCLE:    44 TIME:   0.004 TIME LEFT:  2.00D  GRAD.:     0.465 HEAT: -111.8434
 CYCLE:    45 TIME:   0.004 TIME LEFT:  2.00D  GRAD.:     0.415 HEAT: -111.8439
 CYCLE:    46 TIME:   0.008 TIME LEFT:  2.00D  GRAD.:     0.890 HEAT: -111.8429
 CYCLE:    47 TIME:   0.000 TIME LEFT:  2.00D  GRAD.:     0.200 HEAT: -111.8448
 CYCLE:    48 TIME:   0.004 TIME LEFT:  2.00D  GRAD.:     0.134 HEAT: -111.8449
 CYCLE:    49 TIME:   0.004 TIME LEFT:  2.00D  GRAD.:     0.110 HEAT: -111.8449
 CYCLE:    50 TIME:   0.008 TIME LEFT:  2.00D  GRAD.:     0.084 HEAT: -111.8449
 CYCLE:    51 TIME:   0.004 TIME LEFT:  2.00D  GRAD.:     0.056 HEAT: -111.8449
 CYCLE:    52 TIME:   0.004 TIME LEFT:  2.00D  GRAD.:     0.049 HEAT: -111.8450
 CYCLE:    53 TIME:   0.004 TIME LEFT:  2.00D  GRAD.:     0.049 HEAT: -111.8450
 CYCLE:    54 TIME:   0.004 TIME LEFT:  2.00D  GRAD.:     0.072 HEAT: -111.8450
 CYCLE:    55 TIME:   0.004 TIME LEFT:  2.00D  GRAD.:     0.071 HEAT: -111.8450
 CYCLE:    56 TIME:   0.004 TIME LEFT:  2.00D  GRAD.:     0.097 HEAT: -111.8450
 CYCLE:    57 TIME:   0.004 TIME LEFT:  2.00D  GRAD.:     0.078 HEAT: -111.8450
 CYCLE:    58 TIME:   0.004 TIME LEFT:  2.00D  GRAD.:     0.069 HEAT: -111.8450
 CYCLE:    59 TIME:   0.004 TIME LEFT:  2.00D  GRAD.:     0.073 HEAT: -111.8450
 CYCLE:    60 TIME:   0.004 TIME LEFT:  2.00D  GRAD.:     0.083 HEAT: -111.8450
 CYCLE:    61 TIME:   0.004 TIME LEFT:  2.00D  GRAD.:     0.063 HEAT: -111.8451
 CYCLE:    62 TIME:   0.004 TIME LEFT:  2.00D  GRAD.:     0.087 HEAT: -111.8451
 CYCLE:    63 TIME:   0.008 TIME LEFT:  2.00D  GRAD.:     0.067 HEAT: -111.8451
 CYCLE:    64 TIME:   0.008 TIME LEFT:  2.00D  GRAD.:     0.052 HEAT: -111.8451
 CYCLE:    65 TIME:   0.004 TIME LEFT:  2.00D  GRAD.:     0.027 HEAT: -111.8451
 CYCLE:    66 TIME:   0.012 TIME LEFT:  2.00D  GRAD.:     0.503 HEAT: -111.8450
 CYCLE:    67 TIME:   0.008 TIME LEFT:  2.00D  GRAD.:     0.424 HEAT: -111.8447
 CYCLE:    68 TIME:   0.008 TIME LEFT:  2.00D  GRAD.:     0.413 HEAT: -111.8450
 CYCLE:    69 TIME:   0.008 TIME LEFT:  2.00D  GRAD.:     0.243 HEAT: -111.8451
 CYCLE:    70 TIME:   0.004 TIME LEFT:  2.00D  GRAD.:     0.027 HEAT: -111.8451
 CYCLE:    71 TIME:   0.008 TIME LEFT:  2.00D  GRAD.:     0.016 HEAT: -111.8451
 CYCLE:    72 TIME:   0.008 TIME LEFT:  2.00D  GRAD.:     0.018 HEAT: -111.8451
 CYCLE:    73 TIME:   0.004 TIME LEFT:  2.00D  GRAD.:     0.021 HEAT: -111.8451
 CYCLE:    74 TIME:   0.008 TIME LEFT:  2.00D  GRAD.:     0.035 HEAT: -111.8451
 CYCLE:    75 TIME:   0.008 TIME LEFT:  2.00D  GRAD.:     0.033 HEAT: -111.8451
 CYCLE:    76 TIME:   0.008 TIME LEFT:  2.00D  GRAD.:     0.176 HEAT: -111.8451
 CYCLE:    77 TIME:   0.008 TIME LEFT:  2.00D  GRAD.:     0.102 HEAT: -111.8451
 CYCLE:    78 TIME:   0.004 TIME LEFT:  2.00D  GRAD.:     0.971 HEAT: -111.8431
 CYCLE:    79 TIME:   0.008 TIME LEFT:  2.00D  GRAD.:     0.031 HEAT: -111.8451
 CYCLE:    80 TIME:   0.008 TIME LEFT:  2.00D  GRAD.:     0.035 HEAT: -111.8452
 CYCLE:    81 TIME:   0.008 TIME LEFT:  2.00D  GRAD.:     0.034 HEAT: -111.8452
 CYCLE:    82 TIME:   0.008 TIME LEFT:  2.00D  GRAD.:     0.127 HEAT: -111.8452
 CYCLE:    83 TIME:   0.008 TIME LEFT:  2.00D  GRAD.:     0.049 HEAT: -111.8453
 CYCLE:    84 TIME:   0.023 TIME LEFT:  2.00D  GRAD.:     0.657 HEAT: -111.8422
 CYCLE:    85 TIME:   0.008 TIME LEFT:  2.00D  GRAD.:     0.157 HEAT: -111.8452
 CYCLE:    86 TIME:   0.008 TIME LEFT:  2.00D  GRAD.:     0.118 HEAT: -111.8452
 CYCLE:    87 TIME:   0.008 TIME LEFT:  2.00D  GRAD.:     0.315 HEAT: -111.8452
 CYCLE:    88 TIME:   0.012 TIME LEFT:  2.00D  GRAD.:     0.134 HEAT: -111.8452
 CYCLE:    89 TIME:   0.008 TIME LEFT:  2.00D  GRAD.:     0.081 HEAT: -111.8453
 CYCLE:    90 TIME:   0.008 TIME LEFT:  2.00D  GRAD.:     0.775 HEAT: -111.8444
 CYCLE:    91 TIME:   0.012 TIME LEFT:  2.00D  GRAD.:     0.115 HEAT: -111.8453
 CYCLE:    92 TIME:   0.008 TIME LEFT:  2.00D  GRAD.:     0.133 HEAT: -111.8453
 CYCLE:    93 TIME:   0.008 TIME LEFT:  2.00D  GRAD.:     0.349 HEAT: -111.8453
 CYCLE:    94 TIME:   0.008 TIME LEFT:  2.00D  GRAD.:     0.214 HEAT: -111.8454
 CYCLE:    95 TIME:   0.020 TIME LEFT:  2.00D  GRAD.:     6.070 HEAT: -111.8400
 CYCLE:    96 TIME:   0.008 TIME LEFT:  2.00D  GRAD.:     2.283 HEAT: -111.8429
 CYCLE:    97 TIME:   0.008 TIME LEFT:  2.00D  GRAD.:     1.292 HEAT: -111.8450
 CYCLE:    98 TIME:   0.004 TIME LEFT:  2.00D  GRAD.:     6.783 HEAT: -111.8376
 CYCLE:    99 TIME:   0.008 TIME LEFT:  2.00D  GRAD.:     0.287 HEAT: -111.8453
 CYCLE:   100 TIME:   0.008 TIME LEFT:  2.00D  GRAD.:     0.728 HEAT: -111.8444
 CYCLE:   101 TIME:   0.012 TIME LEFT:  2.00D  GRAD.:     0.155 HEAT: -111.8450
 CYCLE:   102 TIME:   0.004 TIME LEFT:  2.00D  GRAD.:     0.028 HEAT: -111.8452
 CYCLE:   103 TIME:   0.008 TIME LEFT:  2.00D  GRAD.:     0.252 HEAT: -111.8453
 CYCLE:   104 TIME:   0.008 TIME LEFT:  2.00D  GRAD.:     0.097 HEAT: -111.8454
 CYCLE:   105 TIME:   0.008 TIME LEFT:  2.00D  GRAD.:     0.100 HEAT: -111.8453
 CYCLE:   106 TIME:   0.008 TIME LEFT:  2.00D  GRAD.:     0.031 HEAT: -111.8454


 HEAT OF FORMATION IS ESSENTIALLY STATIONARY

 -------------------------------------------------------------------------------
 START_RES=(1) PM3 EF PRECISE GNORM=0.001 CYCLES=20000 NOINTER MMOK PDBOUT

 REMARK   4


     GEOMETRY OPTIMISED USING EIGENVECTOR FOLLOWING (EF).     
     SCF FIELD WAS ACHIEVED                                   


                              PM3 CALCULATION
                                                       MOPAC2016 (Version: 22.097 )
                                                       Tue Dec 10 12:19:13 2024




          FINAL HEAT OF FORMATION =       -111.84536 KCAL/MOL =    -467.96098 KJ/MOL


          COSMO AREA              =        130.72 SQUARE ANGSTROMS
          COSMO VOLUME            =        124.99 CUBIC ANGSTROMS

          GRADIENT NORM           =          0.03098          =       0.00828 PER ATOM
          IONIZATION POTENTIAL    =         11.356204 EV
          HOMO LUMO ENERGIES (EV) =        -11.356  0.946
          NO. OF FILLED LEVELS    =         18
          MOLECULAR WEIGHT        =         88.1060         POINT GROUP:  C1  

          MOLECULAR DIMENSIONS (Angstroms)

            Atom       Atom       Distance
            H    14    H    13     6.19510
            H     9    H     7     3.03455
            O     2    H    12     2.90004


          SCF CALCULATIONS        =        116
 
          WALL-CLOCK TIME         =          0.676 SECONDS
          COMPUTATION TIME        =          0.875 SECONDS




   ATOM                 CHEMICAL                   X               Y               Z
  NUMBER                 SYMBOL               (ANGSTROMS)     (ANGSTROMS)     (ANGSTROMS)
 
     1       O(ATOM      1  O   UNK A   1)   14.86934928  *   1.87629903  * -40.20851158  *
     2       O(ATOM      2  O   UNK A   1)   14.26862411  *   3.75023142  * -39.27554504  *
     3       C(ATOM      3  C   UNK A   1)   16.08067445  *   2.20105111  * -37.12637363  *
     4       C(ATOM      4  C   UNK A   1)   16.37997274  *   2.72960713  * -38.52227478  *
     5       C(ATOM      5  C   UNK A   1)   17.34789876  *   2.08356752  * -36.30975677  *
     6       C(ATOM      6  C   UNK A   1)   15.10821481  *   2.86909849  * -39.31937119  *
     7       H(ATOM      7  H   UNK A   1)   15.58135033  *   1.21450173  * -37.19460346  *
     8       H(ATOM      8  H   UNK A   1)   15.35978295  *   2.86893592  * -36.61444453  *
     9       H(ATOM      9  H   UNK A   1)   16.87446187  *   3.71973481  * -38.46194130  *
    10       H(ATOM     10  H   UNK A   1)   17.09628573  *   2.06076895  * -39.04100112  *
    11       H(ATOM     11  H   UNK A   1)   17.84762603  *   3.05463472  * -36.19375496  *
    12       H(ATOM     12  H   UNK A   1)   18.06918299  *   1.39824543  * -36.77477376  *
    13       H(ATOM     13  H   UNK A   1)   17.13489325  *   1.70201564  * -35.30304716  *
    14       H(ATOM     14  H   UNK A   1)   14.04893194  *   2.03722098  * -40.66436633  *

                             CARTESIAN COORDINATES

   1    O       14.869349285     1.876299028   -40.208511585
   2    O       14.268624110     3.750231422   -39.275545038
   3    C       16.080674448     2.201051113   -37.126373635
   4    C       16.379972741     2.729607131   -38.522274776
   5    C       17.347898759     2.083567520   -36.309756773
   6    C       15.108214814     2.869098490   -39.319371194
   7    H       15.581350330     1.214501731   -37.194603461
   8    H       15.359782949     2.868935921   -36.614444532
   9    H       16.874461874     3.719734812   -38.461941303
  10    H       17.096285732     2.060768947   -39.041001118
  11    H       17.847626030     3.054634718   -36.193754962
  12    H       18.069182988     1.398245434   -36.774773756
  13    H       17.134893251     1.702015639   -35.303047165
  14    H       14.048931942     2.037220981   -40.664366328


           Empirical Formula: C4 H8 O2  =    14 atoms



      MOLECULAR POINT GROUP   :   C1  


                  EIGENVALUES  
 -40.55880 -36.44171 -35.29731 -28.31690 -22.29320 -20.76716 -18.43976 -17.43668
 -16.32984 -16.01016 -14.93619 -14.38092 -13.57921 -13.44807 -12.74571 -12.17228
 -11.89267 -11.35620   0.94559   1.97984   3.26991   3.33843   3.56024   3.75019
   3.81181   4.00090   4.15003   4.49961   4.57406   4.60321   5.12777   6.94617


              NET ATOMIC CHARGES AND DIPOLE CONTRIBUTIONS

  ATOM NO.                 TYPE                        CHARGE      No. of ELECS.   s-Pop       p-Pop       
    1          O(ATOM      1  O   UNK A   1)          -0.307044        6.3070     1.79267     4.51437
    2          O(ATOM      2  O   UNK A   1)          -0.395838        6.3958     1.86753     4.52830
    3          C(ATOM      3  C   UNK A   1)          -0.090908        4.0909     1.15620     2.93470
    4          C(ATOM      4  C   UNK A   1)          -0.095523        4.0955     1.15462     2.94091
    5          C(ATOM      5  C   UNK A   1)          -0.110665        4.1107     1.13825     2.97242
    6          C(ATOM      6  C   UNK A   1)           0.377690        3.6223     1.19403     2.42828
    7          H(ATOM      7  H   UNK A   1)           0.055923        0.9441     0.94408
    8          H(ATOM      8  H   UNK A   1)           0.062430        0.9376     0.93757
    9          H(ATOM      9  H   UNK A   1)           0.077368        0.9226     0.92263
   10          H(ATOM     10  H   UNK A   1)           0.076725        0.9233     0.92327
   11          H(ATOM     11  H   UNK A   1)           0.040992        0.9590     0.95901
   12          H(ATOM     12  H   UNK A   1)           0.040121        0.9599     0.95988
   13          H(ATOM     13  H   UNK A   1)           0.043246        0.9568     0.95675
   14          H(ATOM     14  H   UNK A   1)           0.225482        0.7745     0.77452

          NET CHARGE ON RESIDUES

      Residue         Charge  Anion or
                              Cation?
      UNK A   1       +0.000
 


 DIPOLE           X         Y         Z       TOTAL
 POINT-CHG.     1.725    -1.254     0.591     2.214
 HYBRID        -0.357     0.076    -0.274     0.456
 SUM            1.368    -1.179     0.317     1.834


          ATOMIC ORBITAL ELECTRON POPULATIONS

                   Atom                  s        px        py        pz   
   O(ATOM      1  O   UNK A   1)   1.79267   1.47616   1.51402   1.52419
   O(ATOM      2  O   UNK A   1)   1.86753   1.43787   1.42826   1.66217
   C(ATOM      3  C   UNK A   1)   1.15620   0.98354   1.01552   0.93564
   C(ATOM      4  C   UNK A   1)   1.15462   0.94149   1.03602   0.96340
   C(ATOM      5  C   UNK A   1)   1.13825   0.96670   1.01208   0.99364
   C(ATOM      6  C   UNK A   1)   1.19403   0.85744   0.79173   0.77911
   H(ATOM      7  H   UNK A   1)   0.94408
   H(ATOM      8  H   UNK A   1)   0.93757
   H(ATOM      9  H   UNK A   1)   0.92263
   H(ATOM     10  H   UNK A   1)   0.92327
   H(ATOM     11  H   UNK A   1)   0.95901
   H(ATOM     12  H   UNK A   1)   0.95988
   H(ATOM     13  H   UNK A   1)   0.95675
   H(ATOM     14  H   UNK A   1)   0.77452

 **********************
 *                    *
 * JOB ENDED NORMALLY *
 *                    *
 **********************



 TOTAL JOB TIME:             0.68 SECONDS

 == MOPAC DONE ==
