 *******************************************************************************
 ** Cite this program as: MOPAC2016, Version: 22.097 , James J. P. Stewart,   **
 **                           web-site: HTTP://OpenMOPAC.net.                 **
 *******************************************************************************
 **                                                                           **
 **                                MOPAC2016                                  **
 **                                                                           **
 *******************************************************************************

                              PM7 CALCULATION RESULTS

 *******************************************************************************
 *  CALCULATION DONE:                                Tue Dec 10 11:37:36 2024  *
 *  PM7        - The PM7 Hamiltonian to be used
 *  MMOK       - APPLY MM CORRECTION TO CONH BARRIER
 *  START_RES  - STARTING RESIDUE NUMBERS DEFINED
 *  Keyword:     START_RES=(1A) 
 *  CHAINS     - PDB CHAIN LETTERS EXPLICITLY DEFINED
 *  Keyword:     CHAINS=(A) 
 *  PRECISE    - TIGHTER CRITERIA TO BE USED
 *  EF         - USE EF ROUTINE FOR MINIMUM SEARCH
 *  T=         - A TIME OF 172800.0 SECONDS REQUESTED
 *  DUMP=N     - RESTART FILE WRITTEN EVERY 7200.0 SECONDS REQUESTED
 *  CYCLES=    - DO A MAXIMUM OF 20000 STEPS
 *  GNORM      - EXIT WHEN GRADIENT NORM DROPS BELOW 0.001
 *  NOINTER    - THIS KEYWORD HAS BEEN REPLACED BY PRTINT
 *  THERMO     - THERMODYNAMIC QUANTITIES TO BE CALCULATED
 *******************************************************************************
 START_RES=(1A)  CHAINS=(A) PM7 EF PRECISE GNORM=0.001 CYCLES=20000 NOINTER MMOK THERMO(298,298)

 HEADER  data-set: C:/Users/ildsf/Downloads/TCC/thermo/programs/mopac/methyl_acet
   ATOM                 CHEMICAL                   X               Y               Z
  NUMBER                 SYMBOL               (ANGSTROMS)     (ANGSTROMS)     (ANGSTROMS)
 
     1       O(ATOM      1  O   UNK A   1)    1.38700000  *  -1.42600000  *   0.35900000  *
     2       O(ATOM      2  O   UNK A   1)    1.89800000  *  -0.07700000  *  -1.36400000  *
     3       C(ATOM      3  C   UNK A   1)    3.62400000  *  -0.80200000  *   0.17300000  *
     4       C(ATOM      4  C   UNK A   1)    2.25100000  *  -0.69500000  *  -0.39400000  *
     5       C(ATOM      5  C   UNK A   1)    0.02700000  *  -1.42100000  *  -0.06300000  *
     6       H(ATOM      7  H   UNK A   1)    4.31700000  *  -1.22700000  *  -0.57000000  *
     7       H(ATOM      8  H   UNK A   1)    3.66600000  *  -1.43500000  *   1.07300000  *
     8       H(ATOM      9  H   UNK A   1)    4.00800000  *   0.19500000  *   0.44400000  *
     9       H(ATOM     10  H   UNK A   1)   -0.37200000  *  -0.40200000  *  -0.03900000  *
    10       H(ATOM     11  H   UNK A   1)   -0.46500000  *  -2.06200000  *   0.67800000  *
    11       H(ATOM     12  H   UNK A   1)   -0.05700000  *  -1.84000000  *  -1.07200000  *
 

 General Reference for PM7:
 "Optimization of Parameters for Semiempirical Methods VI: More Modifications to the 
 NDDO Approximations and Re-optimization of Parameters", J. J. P. Stewart, J. Mol. Mod., 1:32, 19 (2013)
 https://link.springer.com/article/10.1007/s00894-012-1667-x

           Empirical Formula: C3 H6 O2  =    11 atoms



      MOLECULAR POINT GROUP   :   Cs  


      RHF CALCULATION, NO. OF DOUBLY OCCUPIED LEVELS = 15



          HEAT OF FORMATION =     -96.809453 KCALS/MOLE


          CARTESIAN COORDINATE DERIVATIVES

   NUMBER  ATOM         X            Y            Z

     1       O      0.492214     0.355893     0.067310
     2       O     -0.104207     0.060921     0.100368
     3       C      0.227413    -0.184968     0.500970
     4       C     -0.358854     0.116129    -0.307149
     5       C      0.177355    -0.226573    -0.545894
     6       H     -0.197201    -0.112223    -0.293696
     7       H      0.011541     0.015047     0.005931
     8       H      0.024726    -0.016313    -0.085736
     9       H     -0.121162     0.174210     0.225812
    10       H     -0.241530    -0.107663     0.054867
    11       H      0.089704    -0.074461     0.277217
 


          GRADIENT NORM =   1.32596


                              **** WARNING ****

           GRADIENT IS VERY LARGE FOR A THERMO CALCULATION
           RESULTS ARE LIKELY TO BE INACCURATE IF THERE ARE
           ANY LOW-LYING VIBRATIONS (LESS THAN ABOUT 400CM-1)
           GRADIENT NORM SHOULD BE LESS THAN ABOUT 1.0 FOR THERMO
           TO GIVE ACCURATE RESULTS

          MOLECULAR WEIGHT =   74.08



          ROTATIONAL CONSTANTS IN CM(-1)

          A =    0.33767182   B =    0.14011119   C =    0.10291035



           PRINCIPAL MOMENTS OF INERTIA IN UNITS OF 10**(-40)*GRAM-CM**2

          A =       82.8993   B =      199.7897   C =      272.0113


          ORIENTATION OF MOLECULE IN FORCE CALCULATION

    NO.       ATOM         X         Y         Z

     1          O      -0.8914   -0.2377    0.0001
     2          O       1.3558   -0.2377    0.0001
     3          C       0.1345    1.8541    0.0001
     4          C       0.3213    0.3765   -0.0006
     5          C      -0.8741   -1.6616   -0.0000
     6          H       0.6067    2.3029    0.8882
     7          H      -0.9260    2.1503   -0.0030
     8          H       0.6126    2.3036   -0.8855
     9          H      -0.3715   -2.0330   -0.8987
    10          H      -1.9389   -1.9226    0.0009
    11          H      -0.3710   -2.0334    0.8997


    FIRST DERIVATIVES WILL BE USED IN THE CALCULATION OF SECOND DERIVATIVES

          ESTIMATED TIME TO COMPLETE CALCULATION =        0.52 SECONDS

    FOR POINT-GROUP Cs   THERE ARE   2 UNIQUE SYMMETRY FUNCTIONS.

 STEP:   1 TIME =     0.01 SECS, INTEGRAL =      0.01 TIME LEFT: 172799.99
 STEP:   2 TIME =     0.01 SECS, INTEGRAL =      0.02 TIME LEFT: 172799.98
 STEP:   3 TIME =     0.01 SECS, INTEGRAL =      0.03 TIME LEFT: 172799.97
 STEP:   4 TIME =     0.01 SECS, INTEGRAL =      0.04 TIME LEFT: 172799.96
 STEP:   5 TIME =     0.01 SECS, INTEGRAL =      0.05 TIME LEFT: 172799.95
 STEP:   6 TIME =     0.01 SECS, INTEGRAL =      0.06 TIME LEFT: 172799.94
 STEP:   7 TIME =     0.01 SECS, INTEGRAL =      0.07 TIME LEFT: 172799.93
 STEP:   8 TIME =     0.01 SECS, INTEGRAL =      0.07 TIME LEFT: 172799.92
 STEP:   9 TIME =     0.01 SECS, INTEGRAL =      0.08 TIME LEFT: 172799.91
 STEP:  10 TIME =     0.01 SECS, INTEGRAL =      0.09 TIME LEFT: 172799.90
 STEP:  11 TIME =     0.01 SECS, INTEGRAL =      0.10 TIME LEFT: 172799.89
 STEP:  12 TIME =     0.01 SECS, INTEGRAL =      0.11 TIME LEFT: 172799.89
 STEP:  13 TIME =     0.01 SECS, INTEGRAL =      0.12 TIME LEFT: 172799.88
 STEP:  14 TIME =     0.01 SECS, INTEGRAL =      0.13 TIME LEFT: 172799.87
 STEP:  15 TIME =     0.01 SECS, INTEGRAL =      0.14 TIME LEFT: 172799.86
 STEP:  16 TIME =     0.01 SECS, INTEGRAL =      0.15 TIME LEFT: 172799.85
 STEP:  17 TIME =     0.01 SECS, INTEGRAL =      0.16 TIME LEFT: 172799.84
 STEP:  18 TIME =     0.01 SECS, INTEGRAL =      0.17 TIME LEFT: 172799.83
 STEP:  19 TIME =     0.01 SECS, INTEGRAL =      0.18 TIME LEFT: 172799.82
 STEP:  20 TIME =     0.01 SECS, INTEGRAL =      0.18 TIME LEFT: 172799.81
 STEP:  21 TIME =     0.01 SECS, INTEGRAL =      0.19 TIME LEFT: 172799.80
 STEP:  22                       INTEGRAL =      0.19 TIME LEFT: 172799.80
 STEP:  23                       INTEGRAL =      0.19 TIME LEFT: 172799.80
 STEP:  24                       INTEGRAL =      0.19 TIME LEFT: 172799.80
 STEP:  25 TIME =     0.01 SECS, INTEGRAL =      0.20 TIME LEFT: 172799.80
 STEP:  26 TIME =     0.01 SECS, INTEGRAL =      0.21 TIME LEFT: 172799.79
 STEP:  27 TIME =     0.01 SECS, INTEGRAL =      0.22 TIME LEFT: 172799.77
 STEP:  28 TIME =     0.01 SECS, INTEGRAL =      0.23 TIME LEFT: 172799.77
 STEP:  29 TIME =     0.02 SECS, INTEGRAL =      0.25 TIME LEFT: 172799.75
 STEP:  30 TIME =     0.01 SECS, INTEGRAL =      0.25 TIME LEFT: 172799.74
 STEP:  31                       INTEGRAL =      0.25 TIME LEFT: 172799.74
 STEP:  32                       INTEGRAL =      0.25 TIME LEFT: 172799.74
 STEP:  33                       INTEGRAL =      0.25 TIME LEFT: 172799.74

(To convert to Hartree/Bohr^2, multiply by (10^(-21) x N x a0^2)/(4.184 x 627.51) =  0.0642)


           FORCE MATRIX IN MILLIDYNES/ANGSTROM


                  O  1       O  2       C  3       C  4       C  5       H  6
 ------------------------------------------------------------------------------
     O    1  10.486232
     O    2   1.809704  14.280023
     C    3   1.052063   1.090754  11.660325
     C    4   4.823598  12.231441   3.680831  18.891698
     C    5   4.236069   0.124720   0.132784   1.182864  11.533581
     H    6   0.041288   0.056676   3.384661   0.787631   0.017687   4.173719
     H    7   0.048114   0.059426   3.404896   0.751254   0.018256   0.447499
     H    8   0.041477   0.056477   3.377846   0.787202   0.017673   0.450560
     H    9   0.703520   0.032884   0.018944   0.106343   3.397766   0.002367
     H   10   0.737130   0.028465   0.031876   0.139415   3.408243   0.003538
     H   11   0.702511   0.032824   0.018771   0.105907   3.388357   0.002965


                  H  7       H  8       H  9       H 10       H 11
 ------------------------------------------------------------------
     H    7   4.194040
     H    8   0.446486   4.173719
     H    9   0.003273   0.002973   4.144263
     H   10   0.005349   0.003547   0.449015   4.157290
     H   11   0.003232   0.002325   0.459603   0.448339   4.144263


          HEAT OF FORMATION =     -96.809453 KCALS/MOLE

          ZERO POINT ENERGY      51.144 KCAL/MOL


           NORMAL COORDINATE ANALYSIS (Total motion = 1 Angstrom)


   Root No.       1         2         3         4         5         6         7         8

                 1 A"      2 A"      3 A"      1 A'      2 A'      4 A"      3 A'      4 A'  

                  73.5      81.3     164.6     255.6     403.8     553.2     604.8     920.2
  
           1   -0.0000   -0.0000    0.0000   -0.0406   -0.0161   -0.0000    0.0736    0.0620
           2    0.0000   -0.0000    0.0000    0.0041   -0.0503   -0.0000   -0.0413   -0.0070
           3   -0.0012   -0.0069    0.1017   -0.0000   -0.0000   -0.0521    0.0000   -0.0000
           4   -0.0000   -0.0000    0.0000   -0.0659    0.0123   -0.0000   -0.0546   -0.0405
           5   -0.0000    0.0000    0.0000   -0.0309    0.0910    0.0000   -0.0463    0.0169
           6   -0.0299   -0.0023    0.0048    0.0000    0.0000   -0.0654   -0.0000    0.0000
           7    0.0000   -0.0000   -0.0000    0.0496    0.0668   -0.0000   -0.0031   -0.0248
           8    0.0000    0.0000   -0.0000    0.0208    0.0140    0.0000    0.0914   -0.0600
           9    0.0149    0.0061   -0.0541   -0.0000   -0.0000    0.0022   -0.0000   -0.0000
          10   -0.0000   -0.0000    0.0000   -0.0422   -0.0419    0.0000    0.0132   -0.0393
          11   -0.0000    0.0000    0.0000    0.0139   -0.0015    0.0000    0.0645   -0.0002
          12   -0.0092    0.0012    0.0238    0.0000    0.0000    0.1788   -0.0000    0.0000
          13    0.0000    0.0000    0.0000    0.0842   -0.0385    0.0000   -0.0160    0.0290
          14    0.0000   -0.0000   -0.0000   -0.0038   -0.0575   -0.0000   -0.0523    0.0471
          15    0.0221    0.0029   -0.0656    0.0000    0.0000    0.0012    0.0000    0.0000
          16   -0.1293    0.1449   -0.0372    0.0848    0.1327   -0.0353   -0.0182    0.0679
          17   -0.0340    0.0177    0.0483   -0.0100   -0.0413    0.2219    0.1059   -0.1405
          18    0.1017   -0.0807   -0.0593   -0.0014   -0.0034   -0.1053   -0.0013    0.0043
          19   -0.0000    0.0000   -0.0000    0.0721    0.1082   -0.0000   -0.0113    0.0313
          20   -0.0000    0.0000   -0.0000    0.0951    0.1347   -0.0000    0.0626    0.1043
          21   -0.1246    0.1697   -0.1134   -0.0000   -0.0000   -0.1303   -0.0000   -0.0000
          22    0.1293   -0.1449    0.0372    0.0848    0.1327    0.0352   -0.0182    0.0679
          23    0.0340   -0.0177   -0.0483   -0.0100   -0.0413   -0.2219    0.1059   -0.1405
          24    0.1017   -0.0807   -0.0593    0.0014    0.0034   -0.1053    0.0013   -0.0043
          25    0.1299    0.1361    0.0766    0.1230   -0.0513   -0.0073   -0.0643   -0.0314
          26   -0.0247   -0.0158    0.0975    0.0434   -0.0682   -0.0242   -0.1052   -0.0264
          27    0.1046    0.0853   -0.0635    0.0012   -0.0011    0.0064   -0.0008   -0.0027
          28   -0.0000   -0.0000   -0.0000    0.1113   -0.0483    0.0000   -0.0564   -0.0284
          29   -0.0000   -0.0000   -0.0000   -0.1047   -0.0253   -0.0000    0.0908    0.2292
          30   -0.1251   -0.1544   -0.1877   -0.0000   -0.0000    0.0215    0.0000   -0.0000
          31   -0.1299   -0.1361   -0.0766    0.1230   -0.0513    0.0073   -0.0643   -0.0315
          32    0.0248    0.0158   -0.0976    0.0434   -0.0682    0.0242   -0.1052   -0.0264
          33    0.1046    0.0853   -0.0635   -0.0012    0.0011    0.0064    0.0009    0.0027


   Root No.       9        10        11        12        13        14        15        16

                 5 A'      5 A"      6 A"      6 A'      7 A'      8 A'      7 A"      8 A"  

                1042.7    1060.9    1088.8    1136.8    1172.6    1254.0    1266.8    1284.8
  
           1    0.0029    0.0000    0.0000   -0.0554   -0.0028   -0.0029    0.0000    0.0000
           2    0.0099   -0.0000    0.0000   -0.0112    0.1423    0.0046   -0.0000   -0.0000
           3   -0.0000    0.0140    0.0227    0.0000   -0.0000    0.0000   -0.0002   -0.0028
           4    0.0357    0.0000   -0.0000    0.0332   -0.0077    0.0008    0.0000    0.0000
           5   -0.0268    0.0000   -0.0000   -0.0129    0.0064   -0.0021    0.0000    0.0000
           6    0.0000    0.0089   -0.0019   -0.0000   -0.0000   -0.0000    0.0000    0.0001
           7   -0.0684   -0.0000    0.0000   -0.0048   -0.0103   -0.0431   -0.0000   -0.0000
           8    0.0450    0.0000   -0.0000    0.0406   -0.0428   -0.0186   -0.0000    0.0000
           9   -0.0000    0.0614   -0.0191    0.0000   -0.0000    0.0000   -0.0383   -0.0017
          10    0.0065   -0.0000    0.0000   -0.0052    0.0076    0.0042   -0.0000   -0.0000
          11   -0.0253    0.0000   -0.0000   -0.0378    0.0278    0.0090    0.0000    0.0000
          12   -0.0000   -0.0602    0.0207    0.0000   -0.0000   -0.0000   -0.0018   -0.0010
          13   -0.0145    0.0000   -0.0000    0.0592    0.0257    0.0005    0.0000    0.0000
          14   -0.0062   -0.0000    0.0000    0.0147   -0.1478   -0.0047   -0.0000   -0.0000
          15    0.0000   -0.0173   -0.0575   -0.0000    0.0000   -0.0000    0.0015   -0.0381
          16    0.0906   -0.0313    0.0100   -0.0095   -0.0021    0.2774   -0.2225   -0.0105
          17   -0.1042    0.2504   -0.0765    0.0469   -0.0884    0.1356    0.1131    0.0056
          18    0.0005   -0.0808    0.0241   -0.0090    0.0253   -0.2353    0.0381    0.0016
          19    0.0499   -0.0000    0.0000    0.0002    0.0044   -0.0572    0.0000   -0.0000
          20    0.3483   -0.0000    0.0000    0.0376    0.0147   -0.1247    0.0000   -0.0000
          21   -0.0001   -0.0930    0.0259    0.0000   -0.0000    0.0000    0.4090    0.0191
          22    0.0906    0.0312   -0.0100   -0.0095   -0.0021    0.2774    0.2225    0.0105
          23   -0.1042   -0.2504    0.0765    0.0469   -0.0884    0.1357   -0.1131   -0.0056
          24   -0.0006   -0.0808    0.0241    0.0090   -0.0253    0.2353    0.0381    0.0016
          25    0.0254   -0.0027   -0.0079   -0.0860   -0.0435   -0.0034   -0.0102    0.2153
          26    0.0359   -0.0884   -0.2828   -0.1340   -0.1674   -0.0067   -0.0074    0.1254
          27    0.0022    0.0264    0.0806   -0.0080   -0.0025   -0.0002   -0.0021    0.0515
          28    0.0181    0.0000   -0.0000   -0.0422   -0.0209   -0.0001    0.0000    0.0000
          29   -0.1035   -0.0000    0.0000    0.3111    0.0769   -0.0020   -0.0000    0.0000
          30    0.0000    0.0308    0.1022   -0.0000    0.0000    0.0000   -0.0185    0.4043
          31    0.0254    0.0027    0.0079   -0.0860   -0.0435   -0.0034    0.0102   -0.2153
          32    0.0359    0.0884    0.2828   -0.1340   -0.1674   -0.0067    0.0074   -0.1254
          33   -0.0022    0.0264    0.0806    0.0080    0.0025    0.0002   -0.0021    0.0516


   Root No.      17        18        19        20        21        22        23        24

                 9 A'     10 A'     11 A'     12 A'     13 A'      9 A"     10 A"     14 A'  

                1290.1    1314.7    1376.4    1387.3    1872.3    2653.4    2662.5    2663.1
  
           1    0.0097   -0.0564   -0.0013   -0.0188   -0.0243   -0.0000    0.0000   -0.0019
           2    0.0095   -0.0363   -0.0030   -0.0167    0.0002    0.0000   -0.0000   -0.0007
           3   -0.0000    0.0000    0.0000   -0.0000    0.0001   -0.0018   -0.0002   -0.0000
           4    0.0025    0.0033    0.0035    0.0046   -0.1979   -0.0000    0.0000    0.0000
           5    0.0012   -0.0075   -0.0014   -0.0038    0.1169   -0.0000    0.0000    0.0001
           6    0.0000    0.0000   -0.0000    0.0000   -0.0001   -0.0002   -0.0002    0.0000
           7    0.0035   -0.0127    0.0060   -0.0069   -0.0237    0.0000   -0.0000    0.0034
           8    0.0149   -0.0615   -0.0443    0.0137    0.0330   -0.0000   -0.0000    0.0002
           9    0.0000   -0.0000    0.0000    0.0000    0.0000    0.0027   -0.0515   -0.0000
          10   -0.0208    0.0788   -0.0015    0.0204    0.3024    0.0000   -0.0000    0.0008
          11   -0.0283    0.1151    0.0036    0.0296   -0.1983   -0.0000    0.0000    0.0008
          12    0.0000   -0.0000   -0.0000   -0.0000   -0.0000    0.0003   -0.0028    0.0000
          13   -0.0385   -0.0086   -0.0026   -0.0034    0.0066   -0.0000    0.0000   -0.0467
          14   -0.0030    0.0318   -0.0232   -0.0327   -0.0088   -0.0000   -0.0000    0.0036
          15   -0.0000    0.0000    0.0000   -0.0000    0.0000   -0.0530   -0.0028   -0.0000
          16   -0.0045    0.0053   -0.0785    0.0503    0.0103   -0.0102    0.1903   -0.0049
          17    0.0215   -0.0504    0.1538   -0.1049    0.0037   -0.0108    0.1994   -0.0069
          18   -0.0060    0.0134   -0.0530    0.0357   -0.0403   -0.0179    0.3373   -0.0125
          19   -0.0090    0.0418    0.0735   -0.0366    0.0713    0.0000   -0.0000   -0.0326
          20   -0.0290    0.1382    0.2032   -0.0936    0.1219    0.0000   -0.0000    0.0110
          21    0.0000   -0.0000    0.0000    0.0000    0.0001    0.0014   -0.0236   -0.0000
          22   -0.0045    0.0053   -0.0785    0.0503    0.0102    0.0102   -0.1903   -0.0049
          23    0.0215   -0.0505    0.1538   -0.1049    0.0037    0.0108   -0.1993   -0.0069
          24    0.0060   -0.0135    0.0529   -0.0356    0.0404   -0.0179    0.3373    0.0125
          25    0.2700    0.0520    0.0291    0.0509    0.0207   -0.2067   -0.0110    0.0824
          26   -0.0655   -0.1676    0.1074    0.1605    0.0146    0.1621    0.0086   -0.0815
          27    0.1843    0.1121   -0.0349   -0.0476    0.0043    0.3444    0.0185   -0.1934
          28   -0.0524    0.0014   -0.0338   -0.0587   -0.0070   -0.0000   -0.0000    0.4136
          29    0.1425   -0.0237    0.1051    0.1815    0.0558    0.0000   -0.0000    0.1209
          30   -0.0000    0.0000    0.0000   -0.0000    0.0001   -0.0279   -0.0014   -0.0000
          31    0.2700    0.0519    0.0292    0.0509    0.0209    0.2068    0.0111    0.0824
          32   -0.0655   -0.1676    0.1074    0.1605    0.0145   -0.1620   -0.0086   -0.0815
          33   -0.1843   -0.1120    0.0349    0.0476   -0.0043    0.3444    0.0185    0.1934


   Root No.      25        26        27

                15 A'     16 A'     17 A'  

                2667.8    2748.1    2775.5
  
           1    0.0001   -0.0001   -0.0003
           2    0.0006   -0.0037   -0.0008
           3    0.0000   -0.0000    0.0000
           4    0.0003    0.0002    0.0017
           5   -0.0004   -0.0001   -0.0013
           6   -0.0000    0.0000   -0.0001
           7   -0.0452    0.0003   -0.0026
           8   -0.0046   -0.0009    0.0224
           9    0.0000   -0.0000    0.0000
          10   -0.0027   -0.0005   -0.0023
          11   -0.0005   -0.0004    0.0087
          12    0.0000    0.0000   -0.0000
          13   -0.0035   -0.0021   -0.0006
          14    0.0002   -0.0191   -0.0008
          15   -0.0000   -0.0000    0.0000
          16    0.0760    0.0061   -0.1297
          17    0.0991    0.0061   -0.1267
          18    0.1849    0.0116   -0.2451
          19    0.4119   -0.0148    0.2984
          20   -0.1399    0.0039   -0.0872
          21    0.0000   -0.0000    0.0001
          22    0.0759    0.0061   -0.1298
          23    0.0991    0.0061   -0.1267
          24   -0.1849   -0.0116    0.2451
          25    0.0061   -0.1400   -0.0061
          26   -0.0059    0.1042    0.0046
          27   -0.0143    0.2519    0.0111
          28    0.0315    0.3081    0.0165
          29    0.0090    0.0793    0.0034
          30   -0.0000   -0.0000    0.0001
          31    0.0061   -0.1400   -0.0060
          32   -0.0059    0.1042    0.0046
          33    0.0142   -0.2519   -0.0111


           MASS-WEIGHTED COORDINATE ANALYSIS (NORMAL COORDINATES)


   Root No.       1         2         3         4         5         6         7         8

                 1 A"      2 A"      3 A"      1 A'      2 A'      4 A"      3 A'      4 A'  

                  73.5      81.3     164.6     255.6     403.8     553.2     604.8     920.2
  
           1   -0.0000   -0.0000    0.0000   -0.2778   -0.1014   -0.0000    0.4371    0.4405
           2    0.0000   -0.0000    0.0000    0.0281   -0.3180   -0.0000   -0.2450   -0.0500
           3   -0.0118   -0.0683    0.6762   -0.0000   -0.0000   -0.2606    0.0000   -0.0001
           4   -0.0000   -0.0000    0.0000   -0.4507    0.0777   -0.0000   -0.3239   -0.2873
           5   -0.0000    0.0000    0.0000   -0.2113    0.5748    0.0000   -0.2748    0.1198
           6   -0.2905   -0.0230    0.0318    0.0001    0.0001   -0.3273   -0.0000    0.0001
           7    0.0000   -0.0000   -0.0000    0.2941    0.3655   -0.0001   -0.0157   -0.1527
           8    0.0000    0.0000   -0.0000    0.1234    0.0767    0.0000    0.4703   -0.3690
           9    0.1254    0.0522   -0.3120   -0.0001   -0.0001    0.0095   -0.0000   -0.0001
          10   -0.0000   -0.0000    0.0000   -0.2500   -0.2294    0.0000    0.0679   -0.2417
          11   -0.0000    0.0000    0.0000    0.0821   -0.0082    0.0000    0.3319   -0.0015
          12   -0.0773    0.0105    0.1374    0.0000    0.0000    0.7753   -0.0000    0.0000
          13    0.0000    0.0000    0.0000    0.4989   -0.2110    0.0001   -0.0825    0.1785
          14    0.0000   -0.0000   -0.0000   -0.0226   -0.3146   -0.0000   -0.2690    0.2900
          15    0.1857    0.0250   -0.3781    0.0000    0.0000    0.0053    0.0000    0.0000
          16   -0.3154    0.3603   -0.0621    0.1454    0.2104   -0.0443   -0.0271    0.1210
          17   -0.0829    0.0440    0.0806   -0.0172   -0.0655    0.2786    0.1578   -0.2504
          18    0.2480   -0.2007   -0.0990   -0.0024   -0.0055   -0.1323   -0.0019    0.0077
          19   -0.0000    0.0000   -0.0000    0.1237    0.1717   -0.0000   -0.0169    0.0557
          20   -0.0000    0.0000   -0.0000    0.1633    0.2136   -0.0000    0.0932    0.1859
          21   -0.3040    0.4218   -0.1893   -0.0000   -0.0001   -0.1636   -0.0000   -0.0001
          22    0.3154   -0.3603    0.0621    0.1455    0.2105    0.0442   -0.0271    0.1210
          23    0.0829   -0.0440   -0.0806   -0.0172   -0.0655   -0.2786    0.1578   -0.2504
          24    0.2479   -0.2006   -0.0990    0.0024    0.0054   -0.1322    0.0019   -0.0077
          25    0.3168    0.3384    0.1279    0.2111   -0.0814   -0.0091   -0.0959   -0.0560
          26   -0.0604   -0.0394    0.1628    0.0745   -0.1082   -0.0304   -0.1568   -0.0471
          27    0.2550    0.2121   -0.1060    0.0021   -0.0017    0.0081   -0.0013   -0.0048
          28   -0.0000   -0.0000   -0.0000    0.1910   -0.0766    0.0000   -0.0841   -0.0506
          29   -0.0000   -0.0000   -0.0000   -0.1797   -0.0402   -0.0000    0.1353    0.4085
          30   -0.3052   -0.3837   -0.3134   -0.0000   -0.0000    0.0270    0.0000   -0.0000
          31   -0.3167   -0.3384   -0.1279    0.2111   -0.0814    0.0092   -0.0958   -0.0561
          32    0.0604    0.0394   -0.1629    0.0745   -0.1082    0.0304   -0.1568   -0.0470
          33    0.2551    0.2121   -0.1060   -0.0021    0.0017    0.0081    0.0013    0.0048


   Root No.       9        10        11        12        13        14        15        16

                 5 A'      5 A"      6 A"      6 A'      7 A'      8 A'      7 A"      8 A"  

                1042.7    1060.9    1088.8    1136.8    1172.6    1254.0    1266.8    1284.8
  
           1    0.0207    0.0000    0.0000   -0.3978   -0.0135   -0.0194    0.0000    0.0000
           2    0.0717   -0.0001    0.0000   -0.0807    0.6740    0.0308   -0.0000   -0.0000
           3   -0.0000    0.1089    0.1794    0.0001   -0.0000    0.0001   -0.0014   -0.0202
           4    0.2589    0.0000   -0.0000    0.2380   -0.0363    0.0055    0.0000    0.0000
           5   -0.1948    0.0001   -0.0000   -0.0924    0.0303   -0.0140    0.0001    0.0000
           6    0.0001    0.0691   -0.0154   -0.0001   -0.0000   -0.0001    0.0001    0.0006
           7   -0.4304   -0.0001    0.0000   -0.0301   -0.0421   -0.2520   -0.0001   -0.0000
           8    0.2829    0.0000   -0.0000    0.2528   -0.1757   -0.1087   -0.0000    0.0000
           9   -0.0001    0.4129   -0.1310    0.0001   -0.0000    0.0001   -0.2365   -0.0104
          10    0.0407   -0.0000    0.0000   -0.0324    0.0312    0.0246   -0.0000   -0.0000
          11   -0.1592    0.0000   -0.0000   -0.2352    0.1140    0.0526    0.0000    0.0000
          12   -0.0000   -0.4052    0.1417    0.0000   -0.0000   -0.0000   -0.0111   -0.0064
          13   -0.0915    0.0001   -0.0001    0.3684    0.1054    0.0027    0.0001    0.0000
          14   -0.0388   -0.0001    0.0000    0.0912   -0.6066   -0.0277   -0.0000   -0.0000
          15    0.0001   -0.1165   -0.3937   -0.0000    0.0000   -0.0000    0.0095   -0.2358
          16    0.1651   -0.0610    0.0198   -0.0171   -0.0025    0.4698   -0.3977   -0.0188
          17   -0.1899    0.4883   -0.1516    0.0844   -0.1051    0.2297    0.2022    0.0100
          18    0.0009   -0.1575    0.0477   -0.0163    0.0301   -0.3985    0.0680    0.0029
          19    0.0910   -0.0000    0.0000    0.0004    0.0052   -0.0968    0.0000   -0.0000
          20    0.6347   -0.0000    0.0000    0.0678    0.0175   -0.2111    0.0000   -0.0000
          21   -0.0001   -0.1812    0.0514    0.0000   -0.0000    0.0001    0.7311    0.0342
          22    0.1652    0.0609   -0.0198   -0.0171   -0.0025    0.4698    0.3976    0.0188
          23   -0.1899   -0.4883    0.1516    0.0845   -0.1051    0.2298   -0.2022   -0.0100
          24   -0.0010   -0.1575    0.0477    0.0163   -0.0301    0.3985    0.0680    0.0029
          25    0.0463   -0.0052   -0.0156   -0.1549   -0.0517   -0.0058   -0.0182    0.3860
          26    0.0654   -0.1723   -0.5607   -0.2415   -0.1990   -0.0114   -0.0133    0.2249
          27    0.0040    0.0515    0.1598   -0.0144   -0.0030   -0.0004   -0.0037    0.0924
          28    0.0330    0.0000   -0.0000   -0.0760   -0.0249   -0.0002    0.0000    0.0000
          29   -0.1886   -0.0000    0.0000    0.5604    0.0914   -0.0033   -0.0000    0.0000
          30    0.0000    0.0600    0.2026   -0.0000    0.0000    0.0000   -0.0330    0.7249
          31    0.0462    0.0053    0.0156   -0.1549   -0.0517   -0.0058    0.0182   -0.3860
          32    0.0655    0.1723    0.5607   -0.2415   -0.1989   -0.0114    0.0133   -0.2249
          33   -0.0039    0.0514    0.1597    0.0144    0.0030    0.0003   -0.0037    0.0925


   Root No.      17        18        19        20        21        22        23        24

                 9 A'     10 A'     11 A'     12 A'     13 A'      9 A"     10 A"     14 A'  

                1290.1    1314.7    1376.4    1387.3    1872.3    2653.4    2662.5    2663.1
  
           1    0.0726   -0.3253   -0.0121   -0.1775   -0.0619   -0.0000    0.0000   -0.0134
           2    0.0707   -0.2091   -0.0278   -0.1576    0.0006    0.0000   -0.0000   -0.0052
           3   -0.0001    0.0001    0.0001   -0.0000    0.0001   -0.0110   -0.0011   -0.0000
           4    0.0190    0.0192    0.0329    0.0428   -0.5031   -0.0000    0.0000    0.0003
           5    0.0089   -0.0434   -0.0131   -0.0360    0.2973   -0.0000    0.0001    0.0010
           6    0.0001    0.0000   -0.0002    0.0001   -0.0002   -0.0010   -0.0011    0.0001
           7    0.0228   -0.0634    0.0487   -0.0565   -0.0521    0.0000   -0.0001    0.0209
           8    0.0960   -0.3073   -0.3585    0.1119    0.0726   -0.0000   -0.0000    0.0015
           9    0.0000   -0.0001    0.0000    0.0000    0.0001    0.0143   -0.2766   -0.0000
          10   -0.1344    0.3933   -0.0118    0.1662    0.6663    0.0000   -0.0000    0.0046
          11   -0.1825    0.5747    0.0294    0.2418   -0.4368   -0.0000    0.0000    0.0046
          12    0.0000   -0.0001   -0.0000   -0.0000   -0.0000    0.0015   -0.0151    0.0000
          13   -0.2488   -0.0428   -0.0208   -0.0277    0.0146   -0.0000    0.0001   -0.2870
          14   -0.0192    0.1587   -0.1873   -0.2666   -0.0194   -0.0000   -0.0000    0.0219
          15   -0.0000    0.0001    0.0001   -0.0000    0.0000   -0.2852   -0.0153   -0.0000
          16   -0.0084    0.0076   -0.1839    0.1189    0.0066   -0.0159    0.2962   -0.0087
          17    0.0403   -0.0730    0.3603   -0.2478    0.0023   -0.0169    0.3103   -0.0123
          18   -0.0113    0.0195   -0.1240    0.0842   -0.0257   -0.0279    0.5249   -0.0222
          19   -0.0168    0.0605    0.1721   -0.0865    0.0455    0.0000   -0.0000   -0.0580
          20   -0.0543    0.2000    0.4760   -0.2212    0.0778    0.0000   -0.0000    0.0197
          21    0.0000   -0.0001    0.0000    0.0000    0.0001    0.0022   -0.0368   -0.0000
          22   -0.0084    0.0076   -0.1839    0.1189    0.0065    0.0159   -0.2962   -0.0087
          23    0.0403   -0.0730    0.3603   -0.2478    0.0024    0.0169   -0.3102   -0.0123
          24    0.0113   -0.0196    0.1240   -0.0842    0.0258   -0.0279    0.5250    0.0223
          25    0.5053    0.0752    0.0682    0.1203    0.0132   -0.3226   -0.0172    0.1468
          26   -0.1226   -0.2424    0.2516    0.3793    0.0093    0.2529    0.0135   -0.1452
          27    0.3448    0.1622   -0.0817   -0.1125    0.0027    0.5375    0.0288   -0.3444
          28   -0.0980    0.0021   -0.0792   -0.1386   -0.0045   -0.0000   -0.0000    0.7365
          29    0.2666   -0.0342    0.2463    0.4289    0.0356    0.0000   -0.0000    0.2153
          30   -0.0000    0.0001    0.0000   -0.0000    0.0000   -0.0435   -0.0021   -0.0001
          31    0.5052    0.0752    0.0683    0.1203    0.0133    0.3226    0.0172    0.1468
          32   -0.1226   -0.2424    0.2516    0.3793    0.0093   -0.2529   -0.0134   -0.1451
          33   -0.3448   -0.1621    0.0817    0.1124   -0.0028    0.5375    0.0287    0.3444


   Root No.      25        26        27

                15 A'     16 A'     17 A'  

                2667.8    2748.1    2775.5
  
           1    0.0004   -0.0008   -0.0022
           2    0.0040   -0.0272   -0.0060
           3    0.0000   -0.0000    0.0003
           4    0.0023    0.0016    0.0123
           5   -0.0031   -0.0007   -0.0098
           6   -0.0000    0.0001   -0.0005
           7   -0.2779    0.0021   -0.0164
           8   -0.0280   -0.0057    0.1436
           9    0.0001   -0.0000    0.0001
          10   -0.0168   -0.0033   -0.0147
          11   -0.0030   -0.0027    0.0559
          12    0.0000    0.0000   -0.0001
          13   -0.0218   -0.0133   -0.0038
          14    0.0014   -0.1216   -0.0050
          15   -0.0001   -0.0000    0.0002
          16    0.1353    0.0113   -0.2407
          17    0.1765    0.0113   -0.2352
          18    0.3293    0.0214   -0.4549
          19    0.7336   -0.0272    0.5538
          20   -0.2492    0.0072   -0.1619
          21    0.0000   -0.0000    0.0001
          22    0.1352    0.0113   -0.2408
          23    0.1765    0.0113   -0.2351
          24   -0.3292   -0.0214    0.4549
          25    0.0108   -0.2580   -0.0113
          26   -0.0105    0.1922    0.0086
          27   -0.0254    0.4643    0.0205
          28    0.0561    0.5679    0.0307
          29    0.0160    0.1461    0.0063
          30   -0.0000   -0.0001    0.0001
          31    0.0108   -0.2581   -0.0112
          32   -0.0105    0.1921    0.0086
          33    0.0254   -0.4643   -0.0205


          DESCRIPTION OF VIBRATIONS


 VIBRATION          1    1A"          ATOM PAIR      ENERGY CONTRIBUTION    RADIAL
 FREQUENCY            73.49         C  5 -- H 11         +17.0% (538.6%)     10.9%
 TRANSITION DIPOLE   0.1329         C  5 -- H  9         +17.0% (538.6%)     10.9%
 TRAVEL (Ang.)       0.0000         C  5 -- H 10         +16.4% (528.6%)      0.0%
 REDUCED MASS        0.2633         C  3 -- H  8         +15.3% (510.9%)      4.3%
 EFFECTIVE MASS     53.3368         C  3 -- H  6         +15.3% (510.9%)      4.1%
 FORCE CONSTANT      0.0008         C  3 -- H  7         +13.2% (473.4%)      0.0%

 VIBRATION          2    2A"          ATOM PAIR      ENERGY CONTRIBUTION    RADIAL
 FREQUENCY            81.31         C  3 -- H  6         +17.2% (490.3%)      0.5%
 TRANSITION DIPOLE   0.0143         C  3 -- H  8         +17.2% (490.3%)      0.4%
 TRAVEL (Ang.)       0.0000         C  3 -- H  7         +16.6% (481.2%)      0.0%
 REDUCED MASS        0.1662         C  5 -- H  9         +16.4% (479.1%)      0.2%
 EFFECTIVE MASS      4.5378         C  5 -- H 11         +16.4% (479.1%)      0.2%
 FORCE CONSTANT      0.0006         C  5 -- H 10         +15.7% (467.7%)      0.0%

 VIBRATION          3    3A"          ATOM PAIR      ENERGY CONTRIBUTION    RADIAL
 FREQUENCY           164.63         O  1 -- C  5         +21.1% (273.2%)      0.0%
 TRANSITION DIPOLE   0.4788         C  5 -- H 10         +15.3% (232.8%)      0.0%
 TRAVEL (Ang.)       0.3316         C  5 -- H 11         +13.2% (216.0%)     41.4%
 REDUCED MASS        3.7260         C  5 -- H  9         +13.2% (216.0%)     41.4%
 EFFECTIVE MASS     74.7492         C  3 -- C  4         +11.0% (197.0%)      0.0%
 FORCE CONSTANT      0.0595

 VIBRATION          4    1A'          ATOM PAIR      ENERGY CONTRIBUTION    RADIAL
 FREQUENCY           255.62         O  1 -- C  5         +19.6% (223.4%)      0.6%
 TRANSITION DIPOLE   0.4116         C  3 -- C  4         +16.0% (201.7%)      0.2%
 TRAVEL (Ang.)       0.3613         C  5 -- H  9         +12.4% (177.8%)     30.2%
 REDUCED MASS        2.0209         C  5 -- H 11         +12.4% (177.8%)     30.2%
 EFFECTIVE MASS     44.2305         C  5 -- H 10         +10.3% (161.6%)     94.7%
 FORCE CONSTANT      0.0778

 VIBRATION          5    2A'          ATOM PAIR      ENERGY CONTRIBUTION    RADIAL
 FREQUENCY           403.78         C  3 -- C  4         +18.2% (126.2%)      0.0%
 TRANSITION DIPOLE   0.4687         O  1 -- C  4         +10.9% ( 97.9%)      0.6%
 TRAVEL (Ang.)       0.2566         O  1 -- C  5         +10.6% ( 96.3%)      0.2%
 REDUCED MASS        2.5353         C  5 -- H  9          +9.5% ( 91.1%)      0.1%
 EFFECTIVE MASS     21.2620
 FORCE CONSTANT      0.2435

 VIBRATION          6    4A"          ATOM PAIR      ENERGY CONTRIBUTION    RADIAL
 FREQUENCY           553.22         O  2 -- C  4         +27.8% ( 98.7%)      0.0%
 TRANSITION DIPOLE   0.4945         O  1 -- C  4         +25.7% ( 94.8%)      0.0%
 TRAVEL (Ang.)       0.1625         C  3 -- C  4         +21.9% ( 87.6%)      0.0%
 REDUCED MASS        4.6157         C  3 -- H  6         +10.7% ( 61.1%)      0.4%
 EFFECTIVE MASS     12.2631         C  3 -- H  8         +10.7% ( 61.1%)      0.4%
 FORCE CONSTANT      0.8323

 VIBRATION          7    3A'          ATOM PAIR      ENERGY CONTRIBUTION    RADIAL
 FREQUENCY           604.77         O  1 -- C  4         +14.9% ( 86.8%)      1.0%
 TRANSITION DIPOLE   0.5743         C  3 -- C  4         +13.9% ( 83.9%)     83.5%
 TRAVEL (Ang.)       0.2175         C  3 -- H  6         +11.8% ( 77.3%)     18.3%
 REDUCED MASS        2.3563         C  3 -- H  8         +11.8% ( 77.3%)     18.3%
 EFFECTIVE MASS     15.4787         C  3 -- H  7         +11.7% ( 77.0%)      7.1%
 FORCE CONSTANT      0.5078         O  2 -- C  4         +10.3% ( 72.1%)      0.1%

 VIBRATION          8    4A'          ATOM PAIR      ENERGY CONTRIBUTION    RADIAL
 FREQUENCY           920.21         O  1 -- C  4         +16.2% ( 64.3%)     73.6%
 TRANSITION DIPOLE   0.3717         C  3 -- C  4         +12.6% ( 56.8%)     98.8%
 TRAVEL (Ang.)       0.2357         C  5 -- H 10         +12.6% ( 56.8%)     56.7%
 REDUCED MASS        1.3189         C  3 -- H  7         +11.9% ( 55.2%)      0.8%
 EFFECTIVE MASS     10.2616         O  1 -- C  5         +11.7% ( 54.7%)     63.9%
 FORCE CONSTANT      0.6580

 VIBRATION          9    5A'          ATOM PAIR      ENERGY CONTRIBUTION    RADIAL
 FREQUENCY          1042.68         C  3 -- H  7         +32.0% ( 79.1%)     42.0%
 TRANSITION DIPOLE   0.3707         C  3 -- H  8         +19.1% ( 61.2%)      0.8%
 TRAVEL (Ang.)       0.2310         C  3 -- H  6         +19.1% ( 61.2%)      0.7%
 REDUCED MASS        1.2118         C  3 -- C  4         +17.3% ( 58.1%)     59.3%
 EFFECTIVE MASS      6.0124
 FORCE CONSTANT      0.7763

 VIBRATION         10    5A"          ATOM PAIR      ENERGY CONTRIBUTION    RADIAL
 FREQUENCY          1060.95         C  3 -- H  6         +27.5% ( 65.2%)     14.5%
 TRANSITION DIPOLE   0.7970         C  3 -- H  8         +27.5% ( 65.2%)     14.4%
 TRAVEL (Ang.)       0.2776         C  3 -- C  4         +15.4% ( 48.8%)      0.0%
 REDUCED MASS        0.8248         C  3 -- H  7         +12.6% ( 44.2%)      0.0%
 EFFECTIVE MASS      4.4633
 FORCE CONSTANT      0.5470

 VIBRATION         11    6A"          ATOM PAIR      ENERGY CONTRIBUTION    RADIAL
 FREQUENCY          1088.82         C  5 -- H  9         +35.1% ( 72.2%)     11.9%
 TRANSITION DIPOLE   0.4139         C  5 -- H 11         +35.1% ( 72.2%)     11.9%
 TRAVEL (Ang.)       0.3356         C  5 -- H 10         +12.5% ( 43.1%)      0.0%
 REDUCED MASS        0.5498         O  1 -- C  5          +8.4% ( 35.4%)      0.0%
 EFFECTIVE MASS      3.0639
 FORCE CONSTANT      0.3841

 VIBRATION         12    6A'          ATOM PAIR      ENERGY CONTRIBUTION    RADIAL
 FREQUENCY          1136.79         C  5 -- H 10         +25.9% ( 64.4%)     24.5%
 TRANSITION DIPOLE   0.4121         O  1 -- C  5         +14.5% ( 48.2%)      4.3%
 TRAVEL (Ang.)       0.2490         C  5 -- H 11         +13.9% ( 47.3%)      3.5%
 REDUCED MASS        0.9570         C  5 -- H  9         +13.9% ( 47.3%)      3.5%
 EFFECTIVE MASS      6.8384
 FORCE CONSTANT      0.7286

 VIBRATION         13    7A'          ATOM PAIR      ENERGY CONTRIBUTION    RADIAL
 FREQUENCY          1172.56         O  1 -- C  5         +40.7% ( 91.9%)     99.4%
 TRANSITION DIPOLE   1.1116         C  5 -- H 10         +14.8% ( 55.3%)      0.3%
 TRAVEL (Ang.)       0.1067         C  5 -- H  9         +12.6% ( 51.1%)     22.7%
 REDUCED MASS        5.0482         C  5 -- H 11         +12.6% ( 51.1%)     22.7%
 EFFECTIVE MASS     12.4945         O  1 -- C  4         +12.3% ( 50.5%)     14.4%
 FORCE CONSTANT      4.0894

 VIBRATION         14    8A'          ATOM PAIR      ENERGY CONTRIBUTION    RADIAL
 FREQUENCY          1253.97         C  3 -- H  6         +42.4% ( 58.0%)      2.0%
 TRANSITION DIPOLE   0.7037         C  3 -- H  8         +42.4% ( 58.0%)      2.2%
 TRAVEL (Ang.)       0.3464         C  3 -- H  7          +7.4% ( 24.3%)     90.6%
 REDUCED MASS        0.4480         C  3 -- C  4          +6.5% ( 22.7%)     15.3%
 EFFECTIVE MASS      1.7461
 FORCE CONSTANT      0.4151

 VIBRATION         15    7A"          ATOM PAIR      ENERGY CONTRIBUTION    RADIAL
 FREQUENCY          1266.76         C  3 -- H  7         +54.0% ( 63.2%)      0.0%
 TRANSITION DIPOLE   0.6296         C  3 -- H  6         +20.9% ( 39.3%)      8.5%
 TRAVEL (Ang.)       0.3607         C  3 -- H  8         +20.9% ( 39.3%)      8.2%
 REDUCED MASS        0.4090         C  3 -- C  4          +3.9% ( 17.0%)      0.0%
 EFFECTIVE MASS      1.4612
 FORCE CONSTANT      0.3867

 VIBRATION         16    8A"          ATOM PAIR      ENERGY CONTRIBUTION    RADIAL
 FREQUENCY          1284.80         C  5 -- H 10         +52.2% ( 62.4%)      0.0%
 TRANSITION DIPOLE   0.4859         C  5 -- H 11         +21.9% ( 40.4%)      9.3%
 TRAVEL (Ang.)       0.3610         C  5 -- H  9         +21.9% ( 40.4%)      9.2%
 REDUCED MASS        0.4028         O  1 -- C  5          +3.9% ( 17.0%)      0.0%
 EFFECTIVE MASS      1.4607
 FORCE CONSTANT      0.3917

 VIBRATION         17    9A'          ATOM PAIR      ENERGY CONTRIBUTION    RADIAL
 FREQUENCY          1290.13         C  5 -- H  9         +33.8% ( 55.0%)      1.4%
 TRANSITION DIPOLE   0.3686         C  5 -- H 11         +33.8% ( 55.0%)      1.4%
 TRAVEL (Ang.)       0.3647         C  5 -- H 10          +8.2% ( 27.1%)     44.1%
 REDUCED MASS        0.3930         O  1 -- C  4          +6.5% ( 24.1%)     83.6%
 EFFECTIVE MASS      2.3485
 FORCE CONSTANT      0.3854

 VIBRATION         18   10A'          ATOM PAIR      ENERGY CONTRIBUTION    RADIAL
 FREQUENCY          1314.73         O  1 -- C  4         +29.7% ( 76.3%)     87.6%
 TRANSITION DIPOLE   2.6759         C  3 -- C  4         +25.5% ( 70.8%)     67.8%
 TRAVEL (Ang.)       0.1242         O  2 -- C  4         +18.0% ( 59.5%)      0.0%
 REDUCED MASS        3.3266         C  3 -- H  7          +5.8% ( 33.8%)      0.1%
 EFFECTIVE MASS      9.8510
 FORCE CONSTANT      3.3879

 VIBRATION         19   11A'          ATOM PAIR      ENERGY CONTRIBUTION    RADIAL
 FREQUENCY          1376.37         C  3 -- H  7         +27.0% ( 53.7%)      1.6%
 TRANSITION DIPOLE   0.9786         C  3 -- H  8         +20.6% ( 47.0%)      1.5%
 TRAVEL (Ang.)       0.3651         C  3 -- H  6         +20.6% ( 46.9%)      1.5%
 REDUCED MASS        0.3675         C  5 -- H  9          +7.7% ( 28.7%)      0.8%
 EFFECTIVE MASS      2.4368
 FORCE CONSTANT      0.4102

 VIBRATION         20   12A'          ATOM PAIR      ENERGY CONTRIBUTION    RADIAL
 FREQUENCY          1387.31         C  5 -- H 10         +19.4% ( 44.5%)      0.7%
 TRANSITION DIPOLE   0.5709         C  5 -- H 11         +17.6% ( 42.3%)      0.8%
 TRAVEL (Ang.)       0.3882         C  5 -- H  9         +17.6% ( 42.3%)      0.8%
 REDUCED MASS        0.3225         O  1 -- C  4         +11.6% ( 34.4%)     85.4%
 EFFECTIVE MASS      3.2575
 FORCE CONSTANT      0.3657

 VIBRATION         21   13A'          ATOM PAIR      ENERGY CONTRIBUTION    RADIAL
 FREQUENCY          1872.28         O  2 -- C  4         +52.2% ( 98.2%)     99.9%
 TRANSITION DIPOLE   5.0655         C  3 -- C  4         +23.6% ( 66.1%)     45.7%
 TRAVEL (Ang.)       0.0733         O  1 -- C  4         +23.3% ( 65.6%)     28.3%
 REDUCED MASS        6.7058         C  3 -- H  7          +0.4% (  8.1%)     89.8%
 EFFECTIVE MASS     13.1741
 FORCE CONSTANT     13.8496

 VIBRATION         22    9A"          ATOM PAIR      ENERGY CONTRIBUTION    RADIAL
 FREQUENCY          2653.42         C  5 -- H 11         +49.0% ( 72.2%)     97.9%
 TRANSITION DIPOLE   0.5536         C  5 -- H  9         +49.0% ( 72.2%)     97.9%
 TRAVEL (Ang.)       0.2254         O  1 -- C  5          +0.9% ( 10.0%)      0.0%
 REDUCED MASS        0.5003         C  5 -- H 10          +0.9% (  9.6%)      0.0%
 EFFECTIVE MASS      1.4721
 FORCE CONSTANT      2.0754

 VIBRATION         23   10A"          ATOM PAIR      ENERGY CONTRIBUTION    RADIAL
 FREQUENCY          2662.52         C  3 -- H  8         +49.0% ( 72.2%)     97.8%
 TRANSITION DIPOLE   0.9302         C  3 -- H  6         +49.0% ( 72.2%)     97.9%
 TRAVEL (Ang.)       0.2260         C  3 -- C  4          +0.8% (  9.5%)      0.0%
 REDUCED MASS        0.4960         C  3 -- H  7          +0.8% (  9.2%)      0.0%
 EFFECTIVE MASS      1.4430
 FORCE CONSTANT      2.0716

 VIBRATION         24   14A'          ATOM PAIR      ENERGY CONTRIBUTION    RADIAL
 FREQUENCY          2663.06         C  5 -- H 10         +63.1% ( 82.0%)     99.7%
 TRANSITION DIPOLE   0.5524         C  5 -- H  9         +17.7% ( 43.4%)     86.7%
 TRAVEL (Ang.)       0.2287         C  5 -- H 11         +17.7% ( 43.4%)     86.7%
 REDUCED MASS        0.4843         O  1 -- C  5          +1.0% ( 10.5%)      1.2%
 EFFECTIVE MASS      1.4886
 FORCE CONSTANT      2.0236

 VIBRATION         25   15A'          ATOM PAIR      ENERGY CONTRIBUTION    RADIAL
 FREQUENCY          2667.85         C  3 -- H  7         +63.9% ( 82.6%)     99.7%
 TRANSITION DIPOLE   0.8594         C  3 -- H  6         +17.3% ( 42.9%)     86.2%
 TRAVEL (Ang.)       0.2279         C  3 -- H  8         +17.3% ( 42.9%)     86.6%
 REDUCED MASS        0.4866         C  3 -- C  4          +0.9% ( 10.0%)      0.1%
 EFFECTIVE MASS      1.4592
 FORCE CONSTANT      2.0404

 VIBRATION         26   16A'          ATOM PAIR      ENERGY CONTRIBUTION    RADIAL
 FREQUENCY          2748.13         C  5 -- H 10         +35.1% ( 56.8%)     96.4%
 TRANSITION DIPOLE   0.3409         C  5 -- H 11         +32.3% ( 54.5%)     96.3%
 TRAVEL (Ang.)       0.2739         C  5 -- H  9         +32.3% ( 54.5%)     96.3%
 REDUCED MASS        0.3271         O  1 -- C  5          +0.2% (  4.0%)     98.0%
 EFFECTIVE MASS      1.0960
 FORCE CONSTANT      1.4555

 VIBRATION         27   17A'          ATOM PAIR      ENERGY CONTRIBUTION    RADIAL
 FREQUENCY          2775.49         C  3 -- H  7         +34.0% ( 56.0%)     95.3%
 TRANSITION DIPOLE   0.6601         C  3 -- H  8         +32.6% ( 54.8%)     95.1%
 TRAVEL (Ang.)       0.2740         C  3 -- H  6         +32.6% ( 54.8%)     95.1%
 REDUCED MASS        0.3237         C  3 -- C  4          +0.3% (  5.2%)     98.9%
 EFFECTIVE MASS      1.1492
 FORCE CONSTANT      1.4691

      SYMMETRY NUMBER FOR POINT-GROUP Cs  =  1


          SYSTEM IS A GROUND STATE


 HEADER  data-set: C:/Users/ildsf/Downloads/TCC/thermo/programs/mopac/methyl_acet



          MOLECULE IS NOT LINEAR

          THERE ARE 27 GENUINE VIBRATIONS IN THIS SYSTEM
          THIS THERMODYNAMICS CALCULATION IS LIMITED TO
          MOLECULES WHICH HAVE NO INTERNAL ROTATIONS




                    CALCULATED THERMODYNAMIC PROPERTIES
                                          *
   TEMP. (K)   PARTITION FUNCTION   H.O.F.    ENTHALPY  HEAT CAPACITY ENTROPY
                                   KCAL/MOL   CAL/MOLE    CAL/K/MOL  CAL/K/MOL


 298.00  VIB.     0.3693D+02                  2231.4794    14.0966    14.6599
         ROT.     0.7572D+05                   888.2813     2.9808    25.3066
         INT.     0.2796D+07                  3119.7607    17.0774    39.9665
         TRA.     0.6164D+27                  1480.4688     4.9680    38.8214
         TOT.                      -96.809    4600.2295    22.0454    78.7880

   *: NOTE: HEATS OF FORMATION ARE RELATIVE TO THE
            ELEMENTS IN THEIR STANDARD STATE AT 298K
              (=  Standard Enthalpy of Formation).

            Hvib:  Zero-point energy is not included.
                   frequencies of less than zero cm-1 are not included.
            Hrot = (3/2)RT
            Htra = (3/2)RT + pV = (5/2)RT

            Heat capacity is Cp, not Cv

          For more information, see: HTTP://OpenMOPAC.net/Manual/thermochemistry.html


           FORCE CONSTANT IN CARTESIAN COORDINATES (Millidynes/A)

    ATOM   CHEMICAL       X               Y               Z
   NUMBER   SYMBOL  FORCE CONSTANT  FORCE CONSTANT  FORCE CONSTANT

      1       O        6.730459        7.729186        0.810534
      2       O       10.988244        4.405213        0.364840
      3       C        6.612601        7.488606        6.009260
      4       C       14.014024       11.290540        2.794739
      5       C        6.728935        7.057328        6.153179
      6       H        1.160408        1.368991        2.774622
      7       H        3.764560        1.081881        0.546582
      8       H        1.160167        1.368767        2.775087
      9       H        1.282633        1.213649        2.877524
     10       H        3.797570        1.004965        0.558191
     11       H        1.282891        1.213466        2.877449

 **********************
 *                    *
 * JOB ENDED NORMALLY *
 *                    *
 **********************



 TOTAL JOB TIME:             0.28 SECONDS

 == MOPAC DONE ==
