 *******************************************************************************
 ** Cite this program as: MOPAC2016, Version: 22.097 , James J. P. Stewart,   **
 **                           web-site: HTTP://OpenMOPAC.net.                 **
 *******************************************************************************
 **                                                                           **
 **                                MOPAC2016                                  **
 **                                                                           **
 *******************************************************************************

                              RM1 CALCULATION RESULTS

 *******************************************************************************
 *  CALCULATION DONE:                                Tue Dec 10 11:52:50 2024  *
 *  RM1        - The RM1 Hamiltonian to be used
 *  MMOK       - APPLY MM CORRECTION TO CONH BARRIER
 *  START_RES  - STARTING RESIDUE NUMBERS DEFINED
 *  Keyword:     START_RES=(1A) 
 *  CHAINS     - PDB CHAIN LETTERS EXPLICITLY DEFINED
 *  Keyword:     CHAINS=(A) 
 *  PRECISE    - TIGHTER CRITERIA TO BE USED
 *  EF         - USE EF ROUTINE FOR MINIMUM SEARCH
 *  T=         - A TIME OF 172800.0 SECONDS REQUESTED
 *  DUMP=N     - RESTART FILE WRITTEN EVERY 7200.0 SECONDS REQUESTED
 *  CYCLES=    - DO A MAXIMUM OF 20000 STEPS
 *  GNORM      - EXIT WHEN GRADIENT NORM DROPS BELOW 0.001
 *  NOINTER    - THIS KEYWORD HAS BEEN REPLACED BY PRTINT
 *  THERMO     - THERMODYNAMIC QUANTITIES TO BE CALCULATED
 *******************************************************************************
 START_RES=(1A)  CHAINS=(A) RM1 EF PRECISE GNORM=0.001 CYCLES=20000 NOINTER MMOK THERMO(298,298)

 HEADER  data-set: C:/Users/ildsf/Downloads/TCC/thermo/programs/mopac/methyl_acet
   ATOM                 CHEMICAL                   X               Y               Z
  NUMBER                 SYMBOL               (ANGSTROMS)     (ANGSTROMS)     (ANGSTROMS)
 
     1       O(ATOM      1  O   UNK A   1)    5.72900000  *  -2.99900000  *   1.93500000  *
     2       O(ATOM      2  O   UNK A   1)    3.95500000  *  -3.97100000  *   0.98100000  *
     3       C(ATOM      3  C   UNK A   1)    4.34300000  *  -4.26600000  *   3.36900000  *
     4       C(ATOM      4  C   UNK A   1)    4.60800000  *  -3.76600000  *   1.98700000  *
     5       C(ATOM      5  C   UNK A   1)    6.08900000  *  -2.46400000  *   0.68200000  *
     6       H(ATOM      7  H   UNK A   1)    4.21000000  *  -3.43500000  *   4.07800000  *
     7       H(ATOM      8  H   UNK A   1)    5.17800000  *  -4.87900000  *   3.74000000  *
     8       H(ATOM      9  H   UNK A   1)    3.43400000  *  -4.88300000  *   3.40200000  *
     9       H(ATOM     10  H   UNK A   1)    6.30100000  *  -3.24500000  *  -0.06600000  *
    10       H(ATOM     11  H   UNK A   1)    7.00600000  *  -1.89400000  *   0.88900000  *
    11       H(ATOM     12  H   UNK A   1)    5.32000000  *  -1.78900000  *   0.27300000  *
 

  H: (RM1): G.B. ROCHA, R.O. FREIRE, A.M.SIMAS, J.J.P. STEWART, J. COMP. CHEM. 27, 1101 (2006)
  C: (RM1): G.B. ROCHA, R.O. FREIRE, A.M.SIMAS, J.J.P. STEWART, J. COMP. CHEM. 27, 1101 (2006)
  O: (RM1): G.B. ROCHA, R.O. FREIRE, A.M.SIMAS, J.J.P. STEWART, J. COMP. CHEM. 27, 1101 (2006)

           Empirical Formula: C3 H6 O2  =    11 atoms



      MOLECULAR POINT GROUP   :   Cs  


      RHF CALCULATION, NO. OF DOUBLY OCCUPIED LEVELS = 15



          HEAT OF FORMATION =     -94.333771 KCALS/MOLE


          CARTESIAN COORDINATE DERIVATIVES

   NUMBER  ATOM         X            Y            Z

     1       O     -0.014549     0.215628    -0.023139
     2       O     -0.589703     0.377356     0.032709
     3       C      0.486662     0.511507     0.003349
     4       C      0.697384    -0.398629    -0.134091
     5       C     -0.294887    -0.721780     0.077948
     6       H     -0.045906     0.047439     0.101487
     7       H      0.009676    -0.053520    -0.026682
     8       H     -0.409366    -0.233088    -0.002165
     9       H     -0.026020     0.128027     0.130263
    10       H      0.259593     0.046273     0.016313
    11       H     -0.072886     0.080786    -0.175993
 


          GRADIENT NORM =   1.64349


                              **** WARNING ****

           GRADIENT IS VERY LARGE FOR A THERMO CALCULATION
           RESULTS ARE LIKELY TO BE INACCURATE IF THERE ARE
           ANY LOW-LYING VIBRATIONS (LESS THAN ABOUT 400CM-1)
           GRADIENT NORM SHOULD BE LESS THAN ABOUT 1.0 FOR THERMO
           TO GIVE ACCURATE RESULTS

          MOLECULAR WEIGHT =   74.08



          ROTATIONAL CONSTANTS IN CM(-1)

          A =    0.34069978   B =    0.13828062   C =    0.10216461



           PRINCIPAL MOMENTS OF INERTIA IN UNITS OF 10**(-40)*GRAM-CM**2

          A =       82.1626   B =      202.4345   C =      273.9968


          ORIENTATION OF MOLECULE IN FORCE CALCULATION

    NO.       ATOM         X         Y         Z

     1          O      -0.8887   -0.2492   -0.0001
     2          O       1.3478   -0.2492   -0.0001
     3          C       0.1496    1.8731   -0.0001
     4          C       0.3116    0.3886   -0.0003
     5          C      -0.8723   -1.6583    0.0006
     6          H      -0.4085    2.2160    0.8842
     7          H      -0.4046    2.2156   -0.8868
     8          H       1.1247    2.3803    0.0020
     9          H      -0.3820   -2.0758   -0.8937
    10          H      -1.9357   -1.9374    0.0013
    11          H      -0.3813   -2.0757    0.8944


    FIRST DERIVATIVES WILL BE USED IN THE CALCULATION OF SECOND DERIVATIVES

          ESTIMATED TIME TO COMPLETE CALCULATION =        1.03 SECONDS

    FOR POINT-GROUP Cs   THERE ARE   2 UNIQUE SYMMETRY FUNCTIONS.

 STEP:   1 TIME =     0.01 SECS, INTEGRAL =      0.01 TIME LEFT: 172799.98
 STEP:   2 TIME =     0.01 SECS, INTEGRAL =      0.02 TIME LEFT: 172799.97
 STEP:   3 TIME =     0.01 SECS, INTEGRAL =      0.03 TIME LEFT: 172799.96
 STEP:   4 TIME =     0.01 SECS, INTEGRAL =      0.04 TIME LEFT: 172799.95
 STEP:   5 TIME =     0.01 SECS, INTEGRAL =      0.05 TIME LEFT: 172799.94
 STEP:   6 TIME =     0.01 SECS, INTEGRAL =      0.06 TIME LEFT: 172799.93
 STEP:   7 TIME =     0.01 SECS, INTEGRAL =      0.07 TIME LEFT: 172799.92
 STEP:   8 TIME =     0.01 SECS, INTEGRAL =      0.08 TIME LEFT: 172799.91
 STEP:   9 TIME =     0.01 SECS, INTEGRAL =      0.09 TIME LEFT: 172799.91
 STEP:  10 TIME =     0.01 SECS, INTEGRAL =      0.10 TIME LEFT: 172799.89
 STEP:  11 TIME =     0.01 SECS, INTEGRAL =      0.11 TIME LEFT: 172799.88
 STEP:  12 TIME =     0.01 SECS, INTEGRAL =      0.12 TIME LEFT: 172799.87
 STEP:  13 TIME =     0.01 SECS, INTEGRAL =      0.13 TIME LEFT: 172799.86
 STEP:  14 TIME =     0.01 SECS, INTEGRAL =      0.14 TIME LEFT: 172799.85
 STEP:  15 TIME =     0.01 SECS, INTEGRAL =      0.15 TIME LEFT: 172799.84
 STEP:  16 TIME =     0.01 SECS, INTEGRAL =      0.16 TIME LEFT: 172799.83
 STEP:  17 TIME =     0.01 SECS, INTEGRAL =      0.17 TIME LEFT: 172799.82
 STEP:  18 TIME =     0.01 SECS, INTEGRAL =      0.18 TIME LEFT: 172799.82
 STEP:  19                       INTEGRAL =      0.18 TIME LEFT: 172799.82
 STEP:  20                       INTEGRAL =      0.18 TIME LEFT: 172799.82
 STEP:  21                       INTEGRAL =      0.18 TIME LEFT: 172799.82
 STEP:  22 TIME =     0.01 SECS, INTEGRAL =      0.18 TIME LEFT: 172799.81
 STEP:  23 TIME =     0.01 SECS, INTEGRAL =      0.20 TIME LEFT: 172799.80
 STEP:  24 TIME =     0.01 SECS, INTEGRAL =      0.21 TIME LEFT: 172799.79
 STEP:  25 TIME =     0.01 SECS, INTEGRAL =      0.22 TIME LEFT: 172799.77
 STEP:  26 TIME =     0.01 SECS, INTEGRAL =      0.23 TIME LEFT: 172799.77
 STEP:  27 TIME =     0.01 SECS, INTEGRAL =      0.23 TIME LEFT: 172799.76
 STEP:  28 TIME =     0.01 SECS, INTEGRAL =      0.24 TIME LEFT: 172799.75
 STEP:  29 TIME =     0.01 SECS, INTEGRAL =      0.25 TIME LEFT: 172799.74
 STEP:  30 TIME =     0.01 SECS, INTEGRAL =      0.26 TIME LEFT: 172799.73
 STEP:  31                       INTEGRAL =      0.26 TIME LEFT: 172799.73
 STEP:  32                       INTEGRAL =      0.26 TIME LEFT: 172799.73
 STEP:  33                       INTEGRAL =      0.26 TIME LEFT: 172799.73

(To convert to Hartree/Bohr^2, multiply by (10^(-21) x N x a0^2)/(4.184 x 627.51) =  0.0642)


           FORCE MATRIX IN MILLIDYNES/ANGSTROM


                  O  1       O  2       C  3       C  4       C  5       H  6
 ------------------------------------------------------------------------------
     O    1  14.071377
     O    2   2.303067  16.034219
     C    3   0.984800   1.016691  13.882387
     C    4   6.992607  13.641418   4.282022  21.435871
     C    5   6.422106   0.169630   0.127867   1.373881  14.906167
     H    6   0.063808   0.061772   4.533335   0.551647   0.008295   5.204507
     H    7   0.063518   0.061742   4.537212   0.551338   0.008453   0.456198
     H    8   0.071454   0.045517   4.570735   0.556025   0.021091   0.439885
     H    9   0.619644   0.042070   0.009710   0.078297   4.430860   0.001337
     H   10   0.599480   0.028859   0.029059   0.133018   4.526165   0.001704
     H   11   0.617224   0.042049   0.010321   0.079078   4.432808   0.000972


                  H  7       H  8       H  9       H 10       H 11
 ------------------------------------------------------------------
     H    7   5.204507
     H    8   0.439932   5.231762
     H    9   0.000923   0.000940   5.054663
     H   10   0.001701   0.005481   0.403905   5.112778
     H   11   0.001376   0.000942   0.427886   0.403750   5.054663


          HEAT OF FORMATION =     -94.333771 KCALS/MOLE

          ZERO POINT ENERGY      54.610 KCAL/MOL


           NORMAL COORDINATE ANALYSIS (Total motion = 1 Angstrom)


   Root No.       1         2         3         4         5         6         7         8

                 1 A"      2 A"      3 A"      1 A'      2 A'      4 A"      3 A'      4 A'  

                  41.2     132.8     181.4     297.7     436.5     570.0     635.7     964.6
  
           1    0.0000    0.0000   -0.0000   -0.0393   -0.0115   -0.0000    0.0684    0.0403
           2    0.0000    0.0000   -0.0000   -0.0022   -0.0523   -0.0000   -0.0396   -0.0038
           3    0.0225    0.0677   -0.0573   -0.0000    0.0000   -0.0500    0.0000   -0.0000
           4   -0.0000    0.0000    0.0000   -0.0638    0.0208   -0.0000   -0.0501   -0.0321
           5   -0.0000    0.0000    0.0000   -0.0206    0.0962   -0.0000   -0.0467    0.0145
           6   -0.0218    0.0319    0.0156    0.0000   -0.0000   -0.0601   -0.0000    0.0000
           7    0.0000   -0.0000    0.0000    0.0551    0.0636   -0.0000   -0.0064   -0.0257
           8   -0.0000   -0.0000    0.0000    0.0215    0.0118    0.0000    0.0923   -0.0571
           9   -0.0007   -0.0492    0.0198   -0.0000   -0.0000   -0.0011   -0.0000    0.0000
          10    0.0000    0.0000   -0.0000   -0.0454   -0.0383    0.0000    0.0158   -0.0268
          11    0.0000    0.0000   -0.0000    0.0139   -0.0025    0.0000    0.0603    0.0084
          12    0.0014    0.0180   -0.0090    0.0000    0.0000    0.1778   -0.0000    0.0000
          13   -0.0000   -0.0000    0.0000    0.0774   -0.0496    0.0000   -0.0142    0.0386
          14    0.0000   -0.0000    0.0000   -0.0078   -0.0585   -0.0000   -0.0505    0.0309
          15    0.0016   -0.0607    0.0254   -0.0000    0.0000   -0.0026    0.0000   -0.0000
          16   -0.2482    0.0276   -0.0049    0.0844    0.1077   -0.0107   -0.0140    0.0423
          17   -0.0089    0.0448   -0.0214    0.0644    0.0706    0.2288    0.0846    0.0252
          18   -0.1535   -0.0493    0.0252    0.0010    0.0023   -0.1043   -0.0023    0.0080
          19    0.2482   -0.0277    0.0049    0.0845    0.1077    0.0107   -0.0140    0.0423
          20    0.0089   -0.0448    0.0214    0.0644    0.0706   -0.2289    0.0846    0.0252
          21   -0.1536   -0.0492    0.0252   -0.0011   -0.0024   -0.1042    0.0023   -0.0080
          22    0.0000   -0.0000    0.0000    0.0962    0.1199   -0.0000   -0.0153    0.0733
          23    0.0000   -0.0000    0.0000   -0.0545   -0.0886   -0.0000    0.1076   -0.2329
          24    0.2771   -0.1059    0.0379   -0.0000   -0.0000   -0.1413   -0.0000    0.0000
          25   -0.0238   -0.1242   -0.2176    0.1141   -0.0651   -0.0087   -0.0678   -0.0410
          26    0.0135    0.0920   -0.0284    0.0330   -0.0742   -0.0214   -0.1084   -0.0454
          27   -0.0177   -0.1716   -0.0796   -0.0001    0.0006    0.0027    0.0005   -0.0049
          28    0.0000    0.0000    0.0000    0.1042   -0.0628    0.0000   -0.0548   -0.0400
          29    0.0000    0.0000    0.0000   -0.1060   -0.0132   -0.0000    0.0942    0.3150
          30    0.0257    0.0606    0.3013   -0.0000    0.0000    0.0172    0.0000   -0.0000
          31    0.0238    0.1241    0.2175    0.1141   -0.0651    0.0088   -0.0678   -0.0410
          32   -0.0135   -0.0920    0.0283    0.0330   -0.0742    0.0214   -0.1084   -0.0454
          33   -0.0177   -0.1716   -0.0796    0.0001   -0.0005    0.0027   -0.0005    0.0050


   Root No.       9        10        11        12        13        14        15        16

                 5 A'      5 A"      6 A"      6 A'      7 A"      7 A'      8 A'      8 A"  

                1016.0    1034.0    1088.3    1143.0    1251.4    1260.6    1262.9    1269.1
  
           1   -0.0032   -0.0000    0.0000   -0.0581   -0.0000   -0.0056   -0.0026    0.0000
           2   -0.0050    0.0000    0.0000   -0.0068   -0.0000    0.0263   -0.0025   -0.0000
           3    0.0000   -0.0095    0.0283    0.0000   -0.0030   -0.0000   -0.0000   -0.0002
           4   -0.0279   -0.0000   -0.0000    0.0415    0.0000    0.0001    0.0027    0.0000
           5    0.0200   -0.0000   -0.0000   -0.0153    0.0000   -0.0001   -0.0024    0.0000
           6   -0.0000   -0.0118    0.0003   -0.0000   -0.0003    0.0000   -0.0000   -0.0001
           7    0.0569    0.0000    0.0000   -0.0005   -0.0000   -0.0100   -0.0403   -0.0000
           8   -0.0267   -0.0000   -0.0000    0.0468    0.0000   -0.0044    0.0140   -0.0000
           9    0.0000   -0.0720   -0.0075    0.0000    0.0001   -0.0000    0.0000   -0.0390
          10   -0.0096    0.0000    0.0000   -0.0083   -0.0000    0.0082   -0.0004   -0.0000
          11    0.0193    0.0000    0.0000   -0.0530    0.0000    0.0126   -0.0044   -0.0000
          12    0.0000    0.0731    0.0092    0.0000   -0.0009   -0.0000    0.0000   -0.0027
          13    0.0149   -0.0000   -0.0000    0.0426   -0.0000   -0.0332    0.0076    0.0000
          14   -0.0011    0.0000   -0.0000    0.0024   -0.0000   -0.0096    0.0012   -0.0000
          15   -0.0000    0.0061   -0.0688   -0.0000   -0.0368    0.0000   -0.0000    0.0003
          16   -0.0517    0.0334    0.0039   -0.0108    0.0009    0.0406    0.2669    0.2029
          17   -0.1999   -0.3016   -0.0278    0.0819    0.0018   -0.0281   -0.0843    0.1683
          18    0.0062    0.0825    0.0075   -0.0203   -0.0001    0.0385    0.2167    0.0412
          19   -0.0517   -0.0333   -0.0039   -0.0108   -0.0009    0.0406    0.2668   -0.2029
          20   -0.1999    0.3016    0.0278    0.0819   -0.0018   -0.0281   -0.0843   -0.1683
          21   -0.0060    0.0824    0.0075    0.0203   -0.0001   -0.0385   -0.2167    0.0413
          22   -0.0840    0.0000    0.0000   -0.0375   -0.0000    0.0051   -0.0628    0.0000
          23    0.2236    0.0000   -0.0000    0.1126    0.0000   -0.0277    0.0870    0.0001
          24   -0.0000    0.1191    0.0117    0.0000    0.0017   -0.0000    0.0000    0.4190
          25   -0.0207    0.0008   -0.0072   -0.0224    0.2311    0.2250   -0.0425   -0.0011
          26   -0.0392    0.0328   -0.3282   -0.0846    0.1349   -0.1779    0.0183    0.0002
          27   -0.0000   -0.0100    0.0928    0.0075    0.0446    0.2065   -0.0332   -0.0005
          28   -0.0188   -0.0000    0.0000   -0.0360    0.0001   -0.0321    0.0067    0.0000
          29    0.1184    0.0000    0.0000    0.2873    0.0001    0.0412   -0.0058    0.0000
          30   -0.0000   -0.0110    0.1338   -0.0001    0.4106   -0.0000   -0.0000   -0.0024
          31   -0.0207   -0.0009    0.0072   -0.0224   -0.2311    0.2249   -0.0425    0.0012
          32   -0.0392   -0.0328    0.3283   -0.0846   -0.1349   -0.1779    0.0183   -0.0002
          33    0.0000   -0.0100    0.0927   -0.0075    0.0447   -0.2065    0.0332   -0.0005


   Root No.      17        18        19        20        21        22        23        24

                 9 A'     10 A'     11 A'     12 A'     13 A'      9 A"     14 A'     15 A'  

                1270.8    1329.1    1395.3    1507.6    1977.2    2980.1    3000.3    3020.9
  
           1    0.0192    0.0135    0.0215   -0.1420   -0.0346    0.0000    0.0002   -0.0005
           2   -0.0519    0.0054   -0.0759   -0.1328   -0.0013   -0.0000    0.0000   -0.0015
           3    0.0000    0.0000    0.0000    0.0000    0.0000   -0.0005   -0.0000   -0.0000
           4   -0.0028   -0.0115   -0.0063    0.0290   -0.2164    0.0000   -0.0003    0.0001
           5   -0.0004    0.0057    0.0034   -0.0230    0.1328    0.0000   -0.0000   -0.0001
           6   -0.0000   -0.0000   -0.0000    0.0000   -0.0000   -0.0001    0.0000    0.0000
           7    0.0056    0.0024    0.0080   -0.0145   -0.0177   -0.0000   -0.0000   -0.0003
           8    0.0115   -0.0705    0.0320   -0.0701    0.0393    0.0000    0.0001   -0.0001
           9    0.0000    0.0000    0.0000    0.0000    0.0000   -0.0000   -0.0000   -0.0000
          10   -0.0157   -0.0037   -0.0231    0.1577    0.3362   -0.0000    0.0002    0.0002
          11   -0.0198   -0.0003   -0.0404    0.2136   -0.2137    0.0000   -0.0008    0.0004
          12    0.0000   -0.0000    0.0000   -0.0001   -0.0000   -0.0000    0.0000    0.0000
          13   -0.0370   -0.0025   -0.0011    0.0018    0.0091   -0.0000    0.0445   -0.0255
          14    0.0186    0.0073    0.1502    0.0535   -0.0113   -0.0000   -0.0146   -0.0219
          15   -0.0000    0.0000   -0.0000   -0.0000    0.0000   -0.0589   -0.0000    0.0000
          16    0.0105    0.0820   -0.0169    0.0425    0.0134    0.0001    0.0001    0.0001
          17    0.0140    0.2173   -0.0256    0.0506    0.0497   -0.0001   -0.0000   -0.0001
          18    0.0019   -0.0528    0.0046   -0.0046   -0.0117   -0.0001   -0.0002   -0.0003
          19    0.0105    0.0820   -0.0169    0.0425    0.0134   -0.0001    0.0001    0.0001
          20    0.0140    0.2173   -0.0256    0.0506    0.0497    0.0001   -0.0000   -0.0001
          21   -0.0019    0.0527   -0.0045    0.0045    0.0118   -0.0001    0.0002    0.0002
          22   -0.0246   -0.1544    0.0097    0.0246    0.0288   -0.0000   -0.0005    0.0040
          23    0.0687    0.2529    0.0210   -0.1042   -0.0475    0.0000   -0.0003    0.0022
          24   -0.0000   -0.0000    0.0000    0.0000    0.0000   -0.0000   -0.0000    0.0000
          25    0.1833   -0.0039   -0.0526   -0.0122    0.0143   -0.2119   -0.1396   -0.1021
          26    0.2271   -0.0308   -0.1545    0.0213    0.0101    0.1774    0.1272    0.0757
          27    0.0201    0.0154    0.0992    0.0056   -0.0106    0.3671    0.2879    0.1740
          28   -0.0620    0.0117    0.0812   -0.0195   -0.0028   -0.0000   -0.2521    0.5117
          29    0.1572   -0.0471   -0.2013    0.0858    0.0533   -0.0000   -0.0711    0.1296
          30   -0.0000    0.0000    0.0000   -0.0000    0.0000   -0.0210    0.0000   -0.0001
          31    0.1833   -0.0038   -0.0527   -0.0122    0.0143    0.2120   -0.1397   -0.1021
          32    0.2271   -0.0308   -0.1545    0.0213    0.0101   -0.1773    0.1272    0.0756
          33   -0.0202   -0.0154   -0.0991   -0.0056    0.0106    0.3671   -0.2879   -0.1740


   Root No.      25        26        27

                10 A"     16 A'     17 A'  

                3023.7    3032.1    3077.7
  
           1    0.0000    0.0002    0.0002
           2   -0.0000    0.0005    0.0002
           3   -0.0002    0.0000   -0.0000
           4    0.0000    0.0004   -0.0006
           5    0.0000   -0.0006    0.0004
           6   -0.0002   -0.0000    0.0001
           7   -0.0000   -0.0509    0.0017
           8   -0.0000   -0.0051   -0.0260
           9   -0.0576    0.0000   -0.0000
          10   -0.0000   -0.0015    0.0007
          11    0.0000    0.0003   -0.0026
          12   -0.0009    0.0000    0.0000
          13    0.0000    0.0002    0.0002
          14   -0.0000    0.0001   -0.0000
          15   -0.0000   -0.0000   -0.0000
          16   -0.2406    0.1063   -0.1600
          17    0.1489   -0.0792    0.0922
          18    0.3620   -0.2015    0.2580
          19    0.2407    0.1063   -0.1600
          20   -0.1488   -0.0791    0.0921
          21    0.3620    0.2016   -0.2580
          22   -0.0000    0.4026    0.2979
          23    0.0000    0.2175    0.1477
          24   -0.0218   -0.0001   -0.0000
          25   -0.0001    0.0006    0.0003
          26    0.0000   -0.0005   -0.0001
          27    0.0001   -0.0010   -0.0004
          28    0.0000   -0.0032   -0.0021
          29   -0.0000   -0.0008   -0.0002
          30    0.0000   -0.0000   -0.0001
          31    0.0001    0.0006    0.0002
          32   -0.0000   -0.0005   -0.0001
          33    0.0001    0.0009    0.0004


           MASS-WEIGHTED COORDINATE ANALYSIS (NORMAL COORDINATES)


   Root No.       1         2         3         4         5         6         7         8

                 1 A"      2 A"      3 A"      1 A'      2 A'      4 A"      3 A'      4 A'  

                  41.2     132.8     181.4     297.7     436.5     570.0     635.7     964.6
  
           1    0.0000    0.0001   -0.0001   -0.2763   -0.0710   -0.0000    0.4177    0.2910
           2    0.0000    0.0001   -0.0001   -0.0155   -0.3233   -0.0001   -0.2419   -0.0274
           3    0.1742    0.4948   -0.4374   -0.0000    0.0000   -0.2528    0.0000   -0.0000
           4   -0.0000    0.0000    0.0000   -0.4479    0.1285   -0.0000   -0.3059   -0.2317
           5   -0.0000    0.0000    0.0000   -0.1449    0.5942   -0.0000   -0.2851    0.1050
           6   -0.1685    0.2329    0.1191    0.0002   -0.0001   -0.3035   -0.0000    0.0000
           7    0.0000   -0.0001    0.0000    0.3357    0.3404   -0.0000   -0.0340   -0.1611
           8   -0.0000   -0.0000    0.0000    0.1308    0.0633    0.0000    0.4881   -0.3578
           9   -0.0044   -0.3113    0.1311   -0.0001   -0.0001   -0.0048   -0.0000    0.0000
          10    0.0000    0.0000   -0.0000   -0.2761   -0.2049    0.0001    0.0837   -0.1679
          11    0.0000    0.0000   -0.0000    0.0844   -0.0134    0.0001    0.3191    0.0529
          12    0.0092    0.1140   -0.0595    0.0000    0.0000    0.7784   -0.0001    0.0000
          13   -0.0000   -0.0000    0.0000    0.4710   -0.2658    0.0000   -0.0750    0.2418
          14    0.0000   -0.0001    0.0000   -0.0475   -0.3134   -0.0000   -0.2673    0.1934
          15    0.0108   -0.3840    0.1680   -0.0001    0.0001   -0.0114    0.0001   -0.0000
          16   -0.4815    0.0507   -0.0094    0.1489    0.1670   -0.0136   -0.0215    0.0766
          17   -0.0173    0.0822   -0.0410    0.1135    0.1094    0.2901    0.1296    0.0457
          18   -0.2978   -0.0903    0.0483    0.0018    0.0036   -0.1322   -0.0035    0.0144
          19    0.4814   -0.0507    0.0094    0.1489    0.1670    0.0135   -0.0215    0.0766
          20    0.0173   -0.0822    0.0410    0.1135    0.1094   -0.2902    0.1297    0.0457
          21   -0.2979   -0.0903    0.0482   -0.0019   -0.0037   -0.1321    0.0035   -0.0145
          22    0.0001   -0.0000    0.0000    0.1697    0.1859   -0.0000   -0.0235    0.1330
          23    0.0001   -0.0000    0.0000   -0.0962   -0.1374   -0.0000    0.1649   -0.4224
          24    0.5376   -0.1942    0.0726   -0.0000   -0.0000   -0.1792   -0.0000    0.0000
          25   -0.0461   -0.2277   -0.4166    0.2013   -0.1009   -0.0111   -0.1038   -0.0745
          26    0.0263    0.1686   -0.0543    0.0581   -0.1151   -0.0271   -0.1661   -0.0824
          27   -0.0344   -0.3146   -0.1523   -0.0003    0.0009    0.0034    0.0008   -0.0089
          28    0.0000    0.0000    0.0001    0.1838   -0.0974    0.0000   -0.0839   -0.0726
          29    0.0000    0.0000    0.0001   -0.1869   -0.0204   -0.0000    0.1443    0.5713
          30    0.0499    0.1111    0.5768   -0.0000    0.0000    0.0218    0.0000   -0.0001
          31    0.0461    0.2276    0.4165    0.2012   -0.1009    0.0111   -0.1038   -0.0745
          32   -0.0263   -0.1687    0.0543    0.0582   -0.1151    0.0271   -0.1661   -0.0824
          33   -0.0344   -0.3146   -0.1525    0.0002   -0.0008    0.0034   -0.0007    0.0090


   Root No.       9        10        11        12        13        14        15        16

                 5 A'      5 A"      6 A"      6 A'      7 A"      7 A'      8 A'      8 A"  

                1016.0    1034.0    1088.3    1143.0    1251.4    1260.6    1262.9    1269.1
  
           1   -0.0261   -0.0000    0.0000   -0.4259   -0.0000   -0.0417   -0.0194    0.0000
           2   -0.0408    0.0000    0.0000   -0.0496   -0.0000    0.1940   -0.0185   -0.0001
           3    0.0000   -0.0645    0.1981    0.0000   -0.0208   -0.0000   -0.0000   -0.0017
           4   -0.2292   -0.0000   -0.0000    0.3045    0.0000    0.0009    0.0198    0.0000
           5    0.1639   -0.0001   -0.0000   -0.1118    0.0000   -0.0008   -0.0176    0.0000
           6   -0.0000   -0.0801    0.0018   -0.0000   -0.0022    0.0000   -0.0000   -0.0006
           7    0.4048    0.0000    0.0000   -0.0031   -0.0000   -0.0637   -0.2576   -0.0001
           8   -0.1902   -0.0001   -0.0000    0.2975    0.0000   -0.0280    0.0894   -0.0000
           9    0.0001   -0.4239   -0.0456    0.0000    0.0006   -0.0000    0.0001   -0.2324
          10   -0.0682    0.0001    0.0000   -0.0529   -0.0000    0.0522   -0.0024   -0.0000
          11    0.1373    0.0001    0.0000   -0.3367    0.0000    0.0804   -0.0282   -0.0000
          12    0.0000    0.4302    0.0560    0.0001   -0.0054   -0.0000    0.0000   -0.0158
          13    0.1058   -0.0001   -0.0001    0.2708   -0.0000   -0.2122    0.0489    0.0000
          14   -0.0079    0.0000   -0.0001    0.0153   -0.0000   -0.0613    0.0078   -0.0000
          15   -0.0001    0.0357   -0.4175   -0.0001   -0.2207    0.0000   -0.0000    0.0020
          16   -0.1066    0.0569    0.0069   -0.0198    0.0015    0.0753    0.4942    0.3499
          17   -0.4122   -0.5143   -0.0489    0.1507    0.0031   -0.0521   -0.1561    0.2903
          18    0.0127    0.1406    0.0132   -0.0374   -0.0001    0.0714    0.4012    0.0710
          19   -0.1066   -0.0568   -0.0069   -0.0198   -0.0015    0.0753    0.4940   -0.3499
          20   -0.4122    0.5143    0.0490    0.1507   -0.0031   -0.0522   -0.1562   -0.2903
          21   -0.0125    0.1405    0.0131    0.0374   -0.0001   -0.0715   -0.4013    0.0712
          22   -0.1731    0.0001    0.0000   -0.0690   -0.0000    0.0095   -0.1162    0.0001
          23    0.4612    0.0000   -0.0000    0.2071    0.0000   -0.0514    0.1610    0.0001
          24   -0.0000    0.2030    0.0205    0.0000    0.0029   -0.0000    0.0000    0.7227
          25   -0.0427    0.0014   -0.0126   -0.0412    0.4010    0.4171   -0.0787   -0.0020
          26   -0.0809    0.0559   -0.5773   -0.1557    0.2341   -0.3297    0.0338    0.0004
          27   -0.0001   -0.0171    0.1633    0.0138    0.0775    0.3829   -0.0614   -0.0009
          28   -0.0387   -0.0000    0.0000   -0.0663    0.0001   -0.0596    0.0124    0.0000
          29    0.2443    0.0000    0.0000    0.5286    0.0001    0.0764   -0.0108    0.0000
          30   -0.0001   -0.0187    0.2353   -0.0001    0.7125   -0.0000   -0.0000   -0.0041
          31   -0.0426   -0.0015    0.0126   -0.0412   -0.4009    0.4170   -0.0787    0.0020
          32   -0.0809   -0.0559    0.5774   -0.1557   -0.2341   -0.3299    0.0338   -0.0004
          33    0.0000   -0.0171    0.1631   -0.0138    0.0776   -0.3829    0.0614   -0.0009


   Root No.      17        18        19        20        21        22        23        24

                 9 A'     10 A'     11 A'     12 A'     13 A'      9 A"     14 A'     15 A'  

                1270.8    1329.1    1395.3    1507.6    1977.2    2980.1    3000.3    3020.9
  
           1    0.1436    0.1034    0.1174   -0.4491   -0.0801    0.0000    0.0016   -0.0030
           2   -0.3877    0.0415   -0.4156   -0.4201   -0.0029   -0.0000    0.0002   -0.0098
           3    0.0001    0.0001    0.0000    0.0001    0.0000   -0.0032   -0.0000   -0.0000
           4   -0.0210   -0.0879   -0.0343    0.0917   -0.5002    0.0000   -0.0020    0.0007
           5   -0.0031    0.0437    0.0188   -0.0728    0.3070    0.0000   -0.0000   -0.0004
           6   -0.0001   -0.0002   -0.0000    0.0000   -0.0000   -0.0005    0.0000    0.0001
           7    0.0363    0.0156    0.0379   -0.0398   -0.0355   -0.0000   -0.0001   -0.0016
           8    0.0742   -0.4665    0.1520   -0.1923    0.0786    0.0000    0.0004   -0.0008
           9    0.0001    0.0001    0.0000    0.0000    0.0000   -0.0001   -0.0000   -0.0000
          10   -0.1019   -0.0248   -0.1096    0.4321    0.6734   -0.0000    0.0012    0.0009
          11   -0.1284   -0.0019   -0.1914    0.5855   -0.4280    0.0000   -0.0050    0.0022
          12    0.0000   -0.0000    0.0001   -0.0001   -0.0000   -0.0001    0.0000    0.0000
          13   -0.2393   -0.0163   -0.0052    0.0050    0.0182   -0.0000    0.2666   -0.1420
          14    0.1206    0.0486    0.7124    0.1468   -0.0227   -0.0000   -0.0876   -0.1216
          15   -0.0000    0.0000   -0.0002   -0.0000    0.0000   -0.2987   -0.0000    0.0000
          16    0.0196    0.1571   -0.0232    0.0338    0.0078    0.0002    0.0002    0.0001
          17    0.0262    0.4164   -0.0352    0.0402    0.0289   -0.0002   -0.0000   -0.0002
          18    0.0036   -0.1012    0.0063   -0.0036   -0.0068   -0.0002   -0.0004   -0.0004
          19    0.0196    0.1571   -0.0232    0.0338    0.0078   -0.0002    0.0002    0.0001
          20    0.0262    0.4165   -0.0352    0.0402    0.0289    0.0002   -0.0000   -0.0002
          21   -0.0035    0.1011   -0.0062    0.0036    0.0068   -0.0002    0.0004    0.0004
          22   -0.0462   -0.2960    0.0134    0.0195    0.0167   -0.0000   -0.0008    0.0064
          23    0.1289    0.4848    0.0288   -0.0828   -0.0276    0.0000   -0.0005    0.0035
          24   -0.0000   -0.0001    0.0000    0.0000    0.0000   -0.0000   -0.0000    0.0000
          25    0.3437   -0.0074   -0.0723   -0.0097    0.0083   -0.3110   -0.2423   -0.1645
          26    0.4259   -0.0590   -0.2122    0.0169    0.0059    0.2604    0.2209    0.1220
          27    0.0377    0.0296    0.1362    0.0044   -0.0062    0.5389    0.4997    0.2805
          28   -0.1162    0.0225    0.1116   -0.0154   -0.0016   -0.0000   -0.4376    0.8247
          29    0.2947   -0.0902   -0.2765    0.0681    0.0309   -0.0000   -0.1234    0.2089
          30   -0.0000    0.0001    0.0000   -0.0000    0.0000   -0.0308    0.0001   -0.0002
          31    0.3437   -0.0074   -0.0723   -0.0097    0.0083    0.3112   -0.2424   -0.1646
          32    0.4258   -0.0591   -0.2122    0.0169    0.0059   -0.2602    0.2207    0.1219
          33   -0.0379   -0.0295   -0.1362   -0.0044    0.0061    0.5389   -0.4997   -0.2805


   Root No.      25        26        27

                10 A"     16 A'     17 A'  

                3023.7    3032.1    3077.7
  
           1    0.0000    0.0011    0.0013
           2   -0.0000    0.0032    0.0015
           3   -0.0009    0.0000   -0.0002
           4    0.0000    0.0027   -0.0041
           5    0.0000   -0.0037    0.0029
           6   -0.0009   -0.0001    0.0004
           7   -0.0001   -0.2942    0.0102
           8   -0.0000   -0.0294   -0.1588
           9   -0.2925    0.0001   -0.0000
          10   -0.0000   -0.0087    0.0040
          11    0.0000    0.0015   -0.0161
          12   -0.0045    0.0000    0.0001
          13    0.0000    0.0013    0.0012
          14   -0.0000    0.0006   -0.0000
          15   -0.0001   -0.0000   -0.0001
          16   -0.3539    0.1779   -0.2828
          17    0.2189   -0.1325    0.1630
          18    0.5325   -0.3372    0.4560
          19    0.3540    0.1780   -0.2828
          20   -0.2188   -0.1324    0.1628
          21    0.5325    0.3373   -0.4561
          22   -0.0000    0.6738    0.5265
          23    0.0000    0.3640    0.2611
          24   -0.0321   -0.0001   -0.0001
          25   -0.0001    0.0010    0.0005
          26    0.0001   -0.0008   -0.0002
          27    0.0002   -0.0016   -0.0007
          28    0.0000   -0.0054   -0.0037
          29   -0.0000   -0.0013   -0.0004
          30    0.0001   -0.0000   -0.0001
          31    0.0001    0.0010    0.0003
          32   -0.0001   -0.0008   -0.0002
          33    0.0002    0.0016    0.0007


          DESCRIPTION OF VIBRATIONS


 VIBRATION          1    1A"          ATOM PAIR      ENERGY CONTRIBUTION    RADIAL
 FREQUENCY            41.20         C  3 -- H  7         +33.6% (999.0%)      0.0%
 TRANSITION DIPOLE   0.0257         C  3 -- H  6         +33.6% (999.0%)      0.0%
 TRAVEL (Ang.)       0.0000         C  3 -- H  8         +30.9% (999.0%)      0.0%
 REDUCED MASS        0.3193         C  5 -- H 11          +0.5% (156.8%)      0.8%
 EFFECTIVE MASS     11.0820
 FORCE CONSTANT      0.0003

 VIBRATION          2    2A"          ATOM PAIR      ENERGY CONTRIBUTION    RADIAL
 FREQUENCY           132.83         O  1 -- C  5         +17.5% (348.0%)      0.0%
 TRANSITION DIPOLE   0.3152         C  5 -- H 11         +17.2% (344.6%)     57.7%
 TRAVEL (Ang.)       0.5919         C  5 -- H  9         +17.2% (344.6%)     57.6%
 REDUCED MASS        1.4492         C  5 -- H 10         +15.9% (331.5%)      0.0%
 EFFECTIVE MASS    120.2755
 FORCE CONSTANT      0.0151

 VIBRATION          3    3A"          ATOM PAIR      ENERGY CONTRIBUTION    RADIAL
 FREQUENCY           181.40         C  5 -- H 10         +31.3% (286.2%)      0.0%
 TRANSITION DIPOLE   0.1803         C  5 -- H 11         +26.0% (260.9%)      3.2%
 TRAVEL (Ang.)       0.6842         C  5 -- H  9         +26.0% (260.9%)      3.2%
 REDUCED MASS        0.7941         O  1 -- C  5          +6.9% (134.5%)      0.0%
 EFFECTIVE MASS     18.1695
 FORCE CONSTANT      0.0154

 VIBRATION          4    1A'          ATOM PAIR      ENERGY CONTRIBUTION    RADIAL
 FREQUENCY           297.69         O  1 -- C  5         +18.4% (208.2%)      0.3%
 TRANSITION DIPOLE   0.3280         C  3 -- C  4         +18.0% (205.8%)      0.1%
 TRAVEL (Ang.)       0.3566         C  5 -- H 11         +11.1% (161.4%)     30.5%
 REDUCED MASS        1.7809         C  5 -- H  9         +11.1% (161.4%)     30.5%
 EFFECTIVE MASS     40.8207
 FORCE CONSTANT      0.0930

 VIBRATION          5    2A'          ATOM PAIR      ENERGY CONTRIBUTION    RADIAL
 FREQUENCY           436.52         C  3 -- C  4         +15.1% (115.3%)      0.1%
 TRANSITION DIPOLE   0.5096         C  5 -- H  9         +12.4% (104.2%)      0.0%
 TRAVEL (Ang.)       0.2300         C  5 -- H 11         +12.4% (104.2%)      0.0%
 REDUCED MASS        2.9206         O  1 -- C  5         +12.2% (103.3%)      0.4%
 EFFECTIVE MASS     21.1135         O  1 -- C  4         +10.1% ( 94.0%)      0.6%
 FORCE CONSTANT      0.3279

 VIBRATION          6    4A"          ATOM PAIR      ENERGY CONTRIBUTION    RADIAL
 FREQUENCY           569.97         O  2 -- C  4         +27.7% ( 95.9%)      0.0%
 TRANSITION DIPOLE   0.4881         O  1 -- C  4         +25.7% ( 92.5%)      0.0%
 TRAVEL (Ang.)       0.1598         C  3 -- C  4         +22.5% ( 86.5%)      0.0%
 REDUCED MASS        4.6317         C  3 -- H  7         +10.3% ( 58.7%)      0.0%
 EFFECTIVE MASS     11.7659         C  3 -- H  6         +10.3% ( 58.7%)      0.0%
 FORCE CONSTANT      0.8865

 VIBRATION          7    3A'          ATOM PAIR      ENERGY CONTRIBUTION    RADIAL
 FREQUENCY           635.68         O  1 -- C  4         +13.7% ( 85.1%)      0.2%
 TRANSITION DIPOLE   0.7021         C  3 -- C  4         +13.6% ( 84.6%)     77.1%
 TRAVEL (Ang.)       0.2164         C  3 -- H  8         +12.0% ( 79.7%)     18.7%
 REDUCED MASS        2.2644         C  3 -- H  7         +12.0% ( 79.6%)     11.3%
 EFFECTIVE MASS     15.0775         C  3 -- H  6         +12.0% ( 79.6%)     11.3%
 FORCE CONSTANT      0.5391

 VIBRATION          8    4A'          ATOM PAIR      ENERGY CONTRIBUTION    RADIAL
 FREQUENCY           964.59         C  5 -- H 10         +19.9% ( 68.6%)     17.9%
 TRANSITION DIPOLE   0.1926         C  3 -- H  8         +14.4% ( 58.4%)     58.9%
 TRAVEL (Ang.)       0.3072         C  3 -- C  4         +12.6% ( 54.7%)     99.2%
 REDUCED MASS        0.7406         O  1 -- C  4          +9.8% ( 48.0%)     62.3%
 EFFECTIVE MASS      7.4247
 FORCE CONSTANT      0.4060

 VIBRATION          9    5A'          ATOM PAIR      ENERGY CONTRIBUTION    RADIAL
 FREQUENCY          1016.04         C  3 -- H  8         +29.7% ( 75.3%)      5.9%
 TRANSITION DIPOLE   0.0959         C  3 -- H  6         +19.9% ( 61.7%)     12.9%
 TRAVEL (Ang.)       0.3038         C  3 -- H  7         +19.9% ( 61.7%)     12.7%
 REDUCED MASS        0.7192         C  3 -- C  4         +16.5% ( 56.1%)     42.9%
 EFFECTIVE MASS      5.0504
 FORCE CONSTANT      0.4374

 VIBRATION         10    5A"          ATOM PAIR      ENERGY CONTRIBUTION    RADIAL
 FREQUENCY          1033.97         C  3 -- H  7         +27.9% ( 68.2%)     12.1%
 TRANSITION DIPOLE   0.4343         C  3 -- H  6         +27.9% ( 68.2%)     11.9%
 TRAVEL (Ang.)       0.2595         C  3 -- C  4         +18.7% ( 55.7%)      0.0%
 REDUCED MASS        0.9685         C  3 -- H  8         +15.5% ( 50.9%)      0.0%
 EFFECTIVE MASS      4.8842
 FORCE CONSTANT      0.6100

 VIBRATION         11    6A"          ATOM PAIR      ENERGY CONTRIBUTION    RADIAL
 FREQUENCY          1088.32         C  5 -- H  9         +35.9% ( 74.8%)      9.9%
 TRANSITION DIPOLE   0.1050         C  5 -- H 11         +35.9% ( 74.8%)      9.9%
 TRAVEL (Ang.)       0.3078         C  5 -- H 10         +15.8% ( 49.6%)      0.0%
 REDUCED MASS        0.6541         O  1 -- C  5         +11.2% ( 41.7%)      0.0%
 EFFECTIVE MASS      3.2259
 FORCE CONSTANT      0.4565

 VIBRATION         12    6A'          ATOM PAIR      ENERGY CONTRIBUTION    RADIAL
 FREQUENCY          1142.97         C  3 -- C  4         +18.8% ( 56.0%)     96.5%
 TRANSITION DIPOLE   0.3453         C  5 -- H 10         +18.7% ( 55.8%)     10.2%
 TRAVEL (Ang.)       0.2290         O  1 -- C  5         +14.1% ( 48.6%)      0.7%
 REDUCED MASS        1.1252         O  1 -- C  4         +11.7% ( 44.2%)     17.1%
 EFFECTIVE MASS      8.2054
 FORCE CONSTANT      0.8661

 VIBRATION         13    7A"          ATOM PAIR      ENERGY CONTRIBUTION    RADIAL
 FREQUENCY          1251.37         C  5 -- H 10         +49.3% ( 61.3%)      0.0%
 TRANSITION DIPOLE   0.0967         C  5 -- H 11         +23.2% ( 42.0%)      7.6%
 TRAVEL (Ang.)       0.3731         C  5 -- H  9         +23.2% ( 42.0%)      7.6%
 REDUCED MASS        0.3872         O  1 -- C  5          +4.4% ( 18.2%)      0.0%
 EFFECTIVE MASS      1.4511
 FORCE CONSTANT      0.3572

 VIBRATION         14    7A'          ATOM PAIR      ENERGY CONTRIBUTION    RADIAL
 FREQUENCY          1260.64         C  5 -- H  9         +39.6% ( 56.9%)      0.8%
 TRANSITION DIPOLE   0.1921         C  5 -- H 11         +39.6% ( 56.9%)      0.8%
 TRAVEL (Ang.)       0.3540         O  1 -- C  5          +8.1% ( 25.8%)     68.1%
 REDUCED MASS        0.4268         O  1 -- C  4          +3.4% ( 16.6%)      4.0%
 EFFECTIVE MASS      2.1113
 FORCE CONSTANT      0.3996

 VIBRATION         15    8A'          ATOM PAIR      ENERGY CONTRIBUTION    RADIAL
 FREQUENCY          1262.93         C  3 -- H  7         +41.6% ( 57.8%)      2.2%
 TRANSITION DIPOLE   0.2892         C  3 -- H  6         +41.6% ( 57.8%)      2.3%
 TRAVEL (Ang.)       0.3483         C  3 -- C  4          +7.0% ( 23.7%)     26.5%
 REDUCED MASS        0.4402         C  3 -- H  8          +6.9% ( 23.5%)    100.0%
 EFFECTIVE MASS      1.7646
 FORCE CONSTANT      0.4136

 VIBRATION         16    8A"          ATOM PAIR      ENERGY CONTRIBUTION    RADIAL
 FREQUENCY          1269.05         C  3 -- H  8         +51.8% ( 62.2%)      0.0%
 TRANSITION DIPOLE   0.2695         C  3 -- H  6         +21.8% ( 40.3%)      8.2%
 TRAVEL (Ang.)       0.3643         C  3 -- H  7         +21.8% ( 40.3%)      8.4%
 REDUCED MASS        0.4003         C  3 -- C  4          +4.7% ( 18.7%)      0.0%
 EFFECTIVE MASS      1.4896
 FORCE CONSTANT      0.3799

 VIBRATION         17    9A'          ATOM PAIR      ENERGY CONTRIBUTION    RADIAL
 FREQUENCY          1270.83         C  5 -- H  9         +27.0% ( 54.1%)      2.9%
 TRANSITION DIPOLE   0.2023         C  5 -- H 11         +27.0% ( 54.1%)      3.0%
 TRAVEL (Ang.)       0.2693         O  1 -- C  5         +19.9% ( 46.5%)     64.9%
 REDUCED MASS        0.7317         O  1 -- C  4         +10.4% ( 33.6%)      7.1%
 EFFECTIVE MASS      4.4106
 FORCE CONSTANT      0.6963

 VIBRATION         18   10A'          ATOM PAIR      ENERGY CONTRIBUTION    RADIAL
 FREQUENCY          1329.14         C  3 -- H  8         +32.9% ( 64.4%)      2.6%
 TRANSITION DIPOLE   0.2523         C  3 -- H  6         +25.9% ( 57.1%)      1.8%
 TRAVEL (Ang.)       0.2572         C  3 -- H  7         +25.9% ( 57.1%)      1.8%
 REDUCED MASS        0.7668         C  3 -- C  4         +11.6% ( 38.2%)    100.0%
 EFFECTIVE MASS      3.3546
 FORCE CONSTANT      0.7981

 VIBRATION         19   11A'          ATOM PAIR      ENERGY CONTRIBUTION    RADIAL
 FREQUENCY          1395.31         O  1 -- C  5         +30.6% ( 82.7%)     99.1%
 TRANSITION DIPOLE   0.5613         C  5 -- H 10         +20.1% ( 67.0%)      1.9%
 TRAVEL (Ang.)       0.1142         C  5 -- H  9         +18.7% ( 64.6%)      5.0%
 REDUCED MASS        3.7043         C  5 -- H 11         +18.7% ( 64.6%)      5.0%
 EFFECTIVE MASS     10.2073
 FORCE CONSTANT      4.2491

 VIBRATION         20   12A'          ATOM PAIR      ENERGY CONTRIBUTION    RADIAL
 FREQUENCY          1507.62         O  1 -- C  4         +42.6% ( 92.7%)     87.4%
 TRANSITION DIPOLE   4.5870         C  3 -- C  4         +21.4% ( 65.7%)     63.0%
 TRAVEL (Ang.)       0.0887         O  2 -- C  4         +18.2% ( 60.5%)      0.6%
 REDUCED MASS        5.6828         O  1 -- C  5         +12.8% ( 50.8%)     59.8%
 EFFECTIVE MASS     13.2657
 FORCE CONSTANT      7.6103

 VIBRATION         21   13A'          ATOM PAIR      ENERGY CONTRIBUTION    RADIAL
 FREQUENCY          1977.18         O  2 -- C  4         +52.3% ( 98.4%)    100.0%
 TRANSITION DIPOLE   5.0165         O  1 -- C  4         +23.6% ( 66.1%)     29.0%
 TRAVEL (Ang.)       0.0710         C  3 -- C  4         +23.5% ( 66.0%)     44.4%
 REDUCED MASS        6.7681         C  3 -- H  8          +0.2% (  5.4%)      0.1%
 EFFECTIVE MASS     13.2888
 FORCE CONSTANT     15.5888

 VIBRATION         22    9A"          ATOM PAIR      ENERGY CONTRIBUTION    RADIAL
 FREQUENCY          2980.12         C  5 -- H 11         +49.0% ( 72.0%)     97.0%
 TRANSITION DIPOLE   0.0577         C  5 -- H  9         +49.0% ( 72.0%)     97.0%
 TRAVEL (Ang.)       0.2101         O  1 -- C  5          +1.0% ( 10.4%)      0.0%
 REDUCED MASS        0.5128         C  5 -- H 10          +1.0% ( 10.2%)      0.0%
 EFFECTIVE MASS      1.5146
 FORCE CONSTANT      2.6831

 VIBRATION         23   14A'          ATOM PAIR      ENERGY CONTRIBUTION    RADIAL
 FREQUENCY          3000.28         C  5 -- H  9         +37.1% ( 62.0%)     92.9%
 TRANSITION DIPOLE   0.1194         C  5 -- H 11         +37.1% ( 62.0%)     92.9%
 TRAVEL (Ang.)       0.2449         C  5 -- H 10         +24.9% ( 50.8%)     95.8%
 REDUCED MASS        0.3749         O  1 -- C  5          +1.0% ( 10.3%)     10.6%
 EFFECTIVE MASS      1.4623
 FORCE CONSTANT      1.9881

 VIBRATION         24   15A'          ATOM PAIR      ENERGY CONTRIBUTION    RADIAL
 FREQUENCY          3020.92         C  5 -- H 10         +76.6% ( 86.3%)     99.5%
 TRANSITION DIPOLE   0.1559         C  5 -- H 11         +11.5% ( 33.4%)     78.5%
 TRAVEL (Ang.)       0.1976         C  5 -- H  9         +11.5% ( 33.4%)     78.6%
 REDUCED MASS        0.5719         O  1 -- C  5          +0.5% (  6.8%)     38.2%
 EFFECTIVE MASS      1.2093
 FORCE CONSTANT      3.0748

 VIBRATION         25   10A"          ATOM PAIR      ENERGY CONTRIBUTION    RADIAL
 FREQUENCY          3023.71         C  3 -- H  7         +49.1% ( 72.0%)     97.3%
 TRANSITION DIPOLE   0.3437         C  3 -- H  6         +49.1% ( 72.0%)     97.1%
 TRAVEL (Ang.)       0.2094         C  3 -- C  4          +0.9% ( 10.0%)      0.0%
 REDUCED MASS        0.5084         C  3 -- H  8          +0.9% (  9.8%)      0.0%
 EFFECTIVE MASS      1.4910
 FORCE CONSTANT      2.7384

 VIBRATION         26   16A'          ATOM PAIR      ENERGY CONTRIBUTION    RADIAL
 FREQUENCY          3032.10         C  3 -- H  8         +63.0% ( 81.6%)     99.1%
 TRANSITION DIPOLE   0.3277         C  3 -- H  7         +18.0% ( 43.6%)     84.5%
 TRAVEL (Ang.)       0.2126         C  3 -- H  6         +18.0% ( 43.6%)     84.8%
 REDUCED MASS        0.4920         C  3 -- C  4          +1.0% ( 10.4%)      0.0%
 EFFECTIVE MASS      1.5070
 FORCE CONSTANT      2.6653

 VIBRATION         27   17A'          ATOM PAIR      ENERGY CONTRIBUTION    RADIAL
 FREQUENCY          3077.71         C  3 -- H  8         +35.5% ( 58.0%)     95.9%
 TRANSITION DIPOLE   0.2941         C  3 -- H  7         +32.1% ( 55.1%)     95.3%
 TRAVEL (Ang.)       0.2587         C  3 -- H  6         +32.1% ( 55.1%)     95.3%
 REDUCED MASS        0.3273         C  3 -- C  4          +0.3% (  5.4%)     99.6%
 EFFECTIVE MASS      1.1525
 FORCE CONSTANT      1.8266

      SYMMETRY NUMBER FOR POINT-GROUP Cs  =  1


          SYSTEM IS A GROUND STATE


 HEADER  data-set: C:/Users/ildsf/Downloads/TCC/thermo/programs/mopac/methyl_acet



          MOLECULE IS NOT LINEAR

          THERE ARE 27 GENUINE VIBRATIONS IN THIS SYSTEM
          THIS THERMODYNAMICS CALCULATION IS LIMITED TO
          MOLECULES WHICH HAVE NO INTERNAL ROTATIONS




                    CALCULATED THERMODYNAMIC PROPERTIES
                                          *
   TEMP. (K)   PARTITION FUNCTION   H.O.F.    ENTHALPY  HEAT CAPACITY ENTROPY
                                   KCAL/MOL   CAL/MOLE    CAL/K/MOL  CAL/K/MOL


 298.00  VIB.     0.3521D+02                  2118.3283    13.7005    14.1858
         ROT.     0.7615D+05                   888.2813     2.9808    25.3180
         INT.     0.2682D+07                  3006.6096    16.6813    39.5038
         TRA.     0.6164D+27                  1480.4688     4.9680    38.8214
         TOT.                      -94.334    4487.0785    21.6493    78.3253

   *: NOTE: HEATS OF FORMATION ARE RELATIVE TO THE
            ELEMENTS IN THEIR STANDARD STATE AT 298K
              (=  Standard Enthalpy of Formation).

            Hvib:  Zero-point energy is not included.
                   frequencies of less than zero cm-1 are not included.
            Hrot = (3/2)RT
            Htra = (3/2)RT + pV = (5/2)RT

            Heat capacity is Cp, not Cv

          For more information, see: HTTP://OpenMOPAC.net/Manual/thermochemistry.html


           FORCE CONSTANT IN CARTESIAN COORDINATES (Millidynes/A)

    ATOM   CHEMICAL       X               Y               Z
   NUMBER   SYMBOL  FORCE CONSTANT  FORCE CONSTANT  FORCE CONSTANT

      1       O        9.056578       10.311391        0.782518
      2       O       12.243754        5.104688        0.363337
      3       C        8.131114        8.334736        7.545470
      4       C       16.247476       12.876923        2.825450
      5       C        8.431294        9.623317        7.642432
      6       H        1.701898        1.115066        3.521141
      7       H        1.702814        1.114368        3.520923
      8       H        4.183809        1.679837        0.538496
      9       H        1.425228        1.355357        3.484776
     10       H        4.752891        0.952993        0.523046
     11       H        1.426009        1.354551        3.484801

 **********************
 *                    *
 * JOB ENDED NORMALLY *
 *                    *
 **********************



 TOTAL JOB TIME:             0.29 SECONDS

 == MOPAC DONE ==
