 *******************************************************************************
 ** Cite this program as: MOPAC2016, Version: 22.097 , James J. P. Stewart,   **
 **                           web-site: HTTP://OpenMOPAC.net.                 **
 *******************************************************************************
 **                                                                           **
 **                                MOPAC2016                                  **
 **                                                                           **
 *******************************************************************************

                              AM1 CALCULATION RESULTS

 *******************************************************************************
 *  CALCULATION DONE:                                Tue Dec 10 11:52:49 2024  *
 *  AM1        - The AM1 Hamiltonian to be used
 *  MMOK       - APPLY MM CORRECTION TO CONH BARRIER
 *  PDBOUT     - PRINT GEOMETRY IN PDB FORMAT
 *  START_RES  - STARTING RESIDUE NUMBERS DEFINED
 *  Keyword:     START_RES=(1) 
 *  PRECISE    - TIGHTER CRITERIA TO BE USED
 *  EF         - USE EF ROUTINE FOR MINIMUM SEARCH
 *  T=         - A TIME OF 172800.0 SECONDS REQUESTED
 *  DUMP=N     - RESTART FILE WRITTEN EVERY 7200.0 SECONDS REQUESTED
 *  CYCLES=    - DO A MAXIMUM OF 20000 STEPS
 *  GNORM      - EXIT WHEN GRADIENT NORM DROPS BELOW 0.001
 *  NOINTER    - THIS KEYWORD HAS BEEN REPLACED BY PRTINT
 *******************************************************************************
 START_RES=(1) AM1 EF PRECISE GNORM=0.001 CYCLES=20000 NOINTER MMOK PDBOUT

 REMARK   4
   ATOM                 CHEMICAL                   X               Y               Z
  NUMBER                 SYMBOL               (ANGSTROMS)     (ANGSTROMS)     (ANGSTROMS)
 
     1       O(ATOM      1  O   UNK A   1)    5.23500000  *  -2.43800000  *   1.77700000  *
     2       O(ATOM      2  O   UNK A   1)    3.50400000  *  -3.79200000  *   1.19100000  *
     3       C(ATOM      3  C   UNK A   1)    4.63200000  *  -4.43300000  *   3.17500000  *
     4       C(ATOM      4  C   UNK A   1)    4.45800000  *  -3.61300000  *   1.93700000  *
     5       C(ATOM      5  C   UNK A   1)    6.32800000  *  -2.70400000  *   0.86500000  *
     6       H(ATOM      6  H   UNK A   1)    5.03300000  *  -3.79700000  *   3.99600000  *
     7       H(ATOM      7  H   UNK A   1)    5.34900000  *  -5.25800000  *   2.96300000  *
     8       H(ATOM      8  H   UNK A   1)    3.65600000  *  -4.86500000  *   3.49300000  *
     9       H(ATOM      9  H   UNK A   1)    6.99500000  *  -3.50400000  *   1.26300000  *
    10       H(ATOM     10  H   UNK A   1)    6.93000000  *  -1.77500000  *   0.75100000  *
    11       H(ATOM     11  H   UNK A   1)    5.94800000  *  -2.99500000  *  -0.14400000  *
 

  H: (AM1): M.J.S. DEWAR ET AL, J. AM. CHEM. SOC. 107 3902-3909 (1985)
  C: (AM1): M.J.S. DEWAR ET AL, J. AM. CHEM. SOC. 107 3902-3909 (1985)
  O: (AM1): M.J.S. DEWAR ET AL, J. AM. CHEM. SOC. 107 3902-3909 (1985)

           Empirical Formula: C3 H6 O2  =    11 atoms



      MOLECULAR POINT GROUP   :   C1  


      RHF CALCULATION, NO. OF DOUBLY OCCUPIED LEVELS = 15


          Geometry optimization using EF

  GNORM HAS BEEN SET TOO LOW, RESET TO 0.01

  SPECIFY LET AS KEYWORD TO ALLOW GNORM LESS THAN 0.01

          DIAGONAL MATRIX USED AS START HESSIAN

 CYCLE:     1 TIME:   0.004 TIME LEFT:  2.00D  GRAD.:    69.447 HEAT: -83.29023
 CYCLE:     2 TIME:   0.004 TIME LEFT:  2.00D  GRAD.:    70.559 HEAT: -84.90989
 CYCLE:     3 TIME:   0.004 TIME LEFT:  2.00D  GRAD.:    59.024 HEAT: -85.60935
 CYCLE:     4 TIME:   0.004 TIME LEFT:  2.00D  GRAD.:    27.917 HEAT: -86.32880
 CYCLE:     5 TIME:   0.004 TIME LEFT:  2.00D  GRAD.:    45.648 HEAT: -86.52602
 CYCLE:     6 TIME:   0.004 TIME LEFT:  2.00D  GRAD.:    29.200 HEAT: -87.05654
 CYCLE:     7 TIME:   0.004 TIME LEFT:  2.00D  GRAD.:    30.142 HEAT: -87.23040
 CYCLE:     8 TIME:   0.004 TIME LEFT:  2.00D  GRAD.:    22.866 HEAT: -87.46262
 CYCLE:     9 TIME:   0.004 TIME LEFT:  2.00D  GRAD.:    27.866 HEAT: -87.51753
 CYCLE:    10 TIME:   0.004 TIME LEFT:  2.00D  GRAD.:    23.026 HEAT: -87.61784
 CYCLE:    11 TIME:   0.000 TIME LEFT:  2.00D  GRAD.:    16.607 HEAT: -87.72795
 CYCLE:    12 TIME:   0.004 TIME LEFT:  2.00D  GRAD.:     7.637 HEAT: -87.80733
 CYCLE:    13 TIME:   0.000 TIME LEFT:  2.00D  GRAD.:    12.730 HEAT: -87.84668
 CYCLE:    14 TIME:   0.004 TIME LEFT:  2.00D  GRAD.:    10.732 HEAT: -87.90219
 CYCLE:    15 TIME:   0.000 TIME LEFT:  2.00D  GRAD.:    10.870 HEAT: -87.98408
 CYCLE:    16 TIME:   0.004 TIME LEFT:  2.00D  GRAD.:    13.407 HEAT: -88.10310
 CYCLE:    17 TIME:   0.004 TIME LEFT:  2.00D  GRAD.:    11.699 HEAT: -88.31461
 CYCLE:    18 TIME:   0.000 TIME LEFT:  2.00D  GRAD.:    11.185 HEAT: -88.64557
 CYCLE:    19 TIME:   0.004 TIME LEFT:  2.00D  GRAD.:    20.613 HEAT: -89.04808
 CYCLE:    20 TIME:   0.004 TIME LEFT:  2.00D  GRAD.:    32.178 HEAT: -89.61524
 CYCLE:    21 TIME:   0.000 TIME LEFT:  2.00D  GRAD.:    57.144 HEAT: -90.19199
 CYCLE:    22 TIME:   0.008 TIME LEFT:  2.00D  GRAD.:    55.215 HEAT: -90.66445
 CYCLE:    23 TIME:   0.004 TIME LEFT:  2.00D  GRAD.:    18.493 HEAT: -92.03916
 CYCLE:    24 TIME:   0.004 TIME LEFT:  2.00D  GRAD.:    17.248 HEAT: -92.63240
 CYCLE:    25 TIME:   0.000 TIME LEFT:  2.00D  GRAD.:    33.348 HEAT: -93.08550
 CYCLE:    26 TIME:   0.004 TIME LEFT:  2.00D  GRAD.:    22.805 HEAT: -93.58188
 CYCLE:    27 TIME:   0.000 TIME LEFT:  2.00D  GRAD.:    16.542 HEAT: -94.38668
 CYCLE:    28 TIME:   0.004 TIME LEFT:  2.00D  GRAD.:    28.689 HEAT: -94.68929
 CYCLE:    29 TIME:   0.004 TIME LEFT:  2.00D  GRAD.:    17.698 HEAT: -95.22154
 CYCLE:    30 TIME:   0.004 TIME LEFT:  2.00D  GRAD.:    10.051 HEAT: -95.50368
 CYCLE:    31 TIME:   0.000 TIME LEFT:  2.00D  GRAD.:    11.559 HEAT: -95.63558
 CYCLE:    32 TIME:   0.004 TIME LEFT:  2.00D  GRAD.:     8.082 HEAT: -95.73473
 CYCLE:    33 TIME:   0.004 TIME LEFT:  2.00D  GRAD.:     5.527 HEAT: -95.79204
 CYCLE:    34 TIME:   0.000 TIME LEFT:  2.00D  GRAD.:     3.619 HEAT: -95.82708
 CYCLE:    35 TIME:   0.004 TIME LEFT:  2.00D  GRAD.:     2.309 HEAT: -95.84020
 CYCLE:    36 TIME:   0.000 TIME LEFT:  2.00D  GRAD.:     1.336 HEAT: -95.84500
 CYCLE:    37 TIME:   0.004 TIME LEFT:  2.00D  GRAD.:     1.011 HEAT: -95.84600
 CYCLE:    38 TIME:   0.004 TIME LEFT:  2.00D  GRAD.:     0.867 HEAT: -95.84689
 CYCLE:    39 TIME:   0.000 TIME LEFT:  2.00D  GRAD.:     1.253 HEAT: -95.84896
 CYCLE:    40 TIME:   0.004 TIME LEFT:  2.00D  GRAD.:     2.187 HEAT: -95.85343
 CYCLE:    41 TIME:   0.004 TIME LEFT:  2.00D  GRAD.:     4.716 HEAT: -95.86716
 CYCLE:    42 TIME:   0.004 TIME LEFT:  2.00D  GRAD.:    10.222 HEAT: -95.89790
 CYCLE:    43 TIME:   0.000 TIME LEFT:  2.00D  GRAD.:     6.443 HEAT: -95.95415
 CYCLE:    44 TIME:   0.004 TIME LEFT:  2.00D  GRAD.:    14.314 HEAT: -96.04666
 CYCLE:    45 TIME:   0.004 TIME LEFT:  2.00D  GRAD.:     9.736 HEAT: -96.09174
 CYCLE:    46 TIME:   0.004 TIME LEFT:  2.00D  GRAD.:     5.132 HEAT: -96.16400
 CYCLE:    47 TIME:   0.000 TIME LEFT:  2.00D  GRAD.:     6.935 HEAT: -96.20154
 CYCLE:    48 TIME:   0.004 TIME LEFT:  2.00D  GRAD.:     8.755 HEAT: -96.24238
 CYCLE:    49 TIME:   0.004 TIME LEFT:  2.00D  GRAD.:     5.717 HEAT: -96.32037
 CYCLE:    50 TIME:   0.000 TIME LEFT:  2.00D  GRAD.:     6.376 HEAT: -96.34997
 CYCLE:    51 TIME:   0.004 TIME LEFT:  2.00D  GRAD.:     5.784 HEAT: -96.38016
 CYCLE:    52 TIME:   0.000 TIME LEFT:  2.00D  GRAD.:     9.419 HEAT: -96.38403
 CYCLE:    53 TIME:   0.004 TIME LEFT:  2.00D  GRAD.:     2.965 HEAT: -96.41547
 CYCLE:    54 TIME:   0.004 TIME LEFT:  2.00D  GRAD.:     1.891 HEAT: -96.43102
 CYCLE:    55 TIME:   0.004 TIME LEFT:  2.00D  GRAD.:     5.678 HEAT: -96.45787
 CYCLE:    56 TIME:   0.004 TIME LEFT:  2.00D  GRAD.:     2.875 HEAT: -96.47559
 CYCLE:    57 TIME:   0.000 TIME LEFT:  2.00D  GRAD.:     2.812 HEAT: -96.48800
 CYCLE:    58 TIME:   0.004 TIME LEFT:  2.00D  GRAD.:     2.952 HEAT: -96.49564
 CYCLE:    59 TIME:   0.004 TIME LEFT:  2.00D  GRAD.:     1.334 HEAT: -96.50001
 CYCLE:    60 TIME:   0.000 TIME LEFT:  2.00D  GRAD.:     0.830 HEAT: -96.50113
 CYCLE:    61 TIME:   0.004 TIME LEFT:  2.00D  GRAD.:     0.450 HEAT: -96.50152
 CYCLE:    62 TIME:   0.004 TIME LEFT:  2.00D  GRAD.:     0.524 HEAT: -96.50175
 CYCLE:    63 TIME:   0.004 TIME LEFT:  2.00D  GRAD.:     0.427 HEAT: -96.50191
 CYCLE:    64 TIME:   0.004 TIME LEFT:  2.00D  GRAD.:     0.406 HEAT: -96.50202
 CYCLE:    65 TIME:   0.008 TIME LEFT:  2.00D  GRAD.:     0.178 HEAT: -96.50210
 CYCLE:    66 TIME:   0.004 TIME LEFT:  2.00D  GRAD.:     0.123 HEAT: -96.50212
 CYCLE:    67 TIME:   0.008 TIME LEFT:  2.00D  GRAD.:     0.113 HEAT: -96.50214
 CYCLE:    68 TIME:   0.004 TIME LEFT:  2.00D  GRAD.:     0.074 HEAT: -96.50215
 CYCLE:    69 TIME:   0.004 TIME LEFT:  2.00D  GRAD.:     0.165 HEAT: -96.50214
 CYCLE:    70 TIME:   0.004 TIME LEFT:  2.00D  GRAD.:     0.078 HEAT: -96.50216
 CYCLE:    71 TIME:   0.004 TIME LEFT:  2.00D  GRAD.:     0.067 HEAT: -96.50217
 CYCLE:    72 TIME:   0.004 TIME LEFT:  2.00D  GRAD.:     0.106 HEAT: -96.50218
 CYCLE:    73 TIME:   0.008 TIME LEFT:  2.00D  GRAD.:     0.167 HEAT: -96.50223
 CYCLE:    74 TIME:   0.008 TIME LEFT:  2.00D  GRAD.:     4.317 HEAT: -96.49395
 CYCLE:    75 TIME:   0.004 TIME LEFT:  2.00D  GRAD.:     0.582 HEAT: -96.50280
 CYCLE:    76 TIME:   0.004 TIME LEFT:  2.00D  GRAD.:     0.582 HEAT: -96.50312
 CYCLE:    77 TIME:   0.008 TIME LEFT:  2.00D  GRAD.:     2.297 HEAT: -96.50312
 CYCLE:    78 TIME:   0.008 TIME LEFT:  2.00D  GRAD.:     0.532 HEAT: -96.50443
 CYCLE:    79 TIME:   0.004 TIME LEFT:  2.00D  GRAD.:     0.623 HEAT: -96.50496
 CYCLE:    80 TIME:   0.008 TIME LEFT:  2.00D  GRAD.:     1.954 HEAT: -96.50568
 CYCLE:    81 TIME:   0.004 TIME LEFT:  2.00D  GRAD.:     0.461 HEAT: -96.50697
 CYCLE:    82 TIME:   0.008 TIME LEFT:  2.00D  GRAD.:     0.420 HEAT: -96.50793
 CYCLE:    83 TIME:   0.004 TIME LEFT:  2.00D  GRAD.:     1.006 HEAT: -96.50781
 CYCLE:    84 TIME:   0.004 TIME LEFT:  2.00D  GRAD.:     0.911 HEAT: -96.50986
 CYCLE:    85 TIME:   0.008 TIME LEFT:  2.00D  GRAD.:     1.121 HEAT: -96.51202
 CYCLE:    86 TIME:   0.004 TIME LEFT:  2.00D  GRAD.:     2.588 HEAT: -96.50988
 CYCLE:    87 TIME:   0.004 TIME LEFT:  2.00D  GRAD.:     1.772 HEAT: -96.51356
 CYCLE:    88 TIME:   0.008 TIME LEFT:  2.00D  GRAD.:     0.689 HEAT: -96.51362
 CYCLE:    89 TIME:   0.004 TIME LEFT:  2.00D  GRAD.:     0.213 HEAT: -96.51456
 CYCLE:    90 TIME:   0.004 TIME LEFT:  2.00D  GRAD.:     3.086 HEAT: -96.51065
 CYCLE:    91 TIME:   0.008 TIME LEFT:  2.00D  GRAD.:     0.199 HEAT: -96.51494
 CYCLE:    92 TIME:   0.008 TIME LEFT:  2.00D  GRAD.:     0.267 HEAT: -96.51518
 CYCLE:    93 TIME:   0.004 TIME LEFT:  2.00D  GRAD.:     1.393 HEAT: -96.51505
 CYCLE:    94 TIME:   0.004 TIME LEFT:  2.00D  GRAD.:     0.394 HEAT: -96.51564
 CYCLE:    95 TIME:   0.004 TIME LEFT:  2.00D  GRAD.:     0.309 HEAT: -96.51571
 CYCLE:    96 TIME:   0.008 TIME LEFT:  2.00D  GRAD.:     0.339 HEAT: -96.51599
 CYCLE:    97 TIME:   0.004 TIME LEFT:  2.00D  GRAD.:     2.013 HEAT: -96.51484
 CYCLE:    98 TIME:   0.008 TIME LEFT:  2.00D  GRAD.:     0.549 HEAT: -96.51689
 CYCLE:    99 TIME:   0.004 TIME LEFT:  2.00D  GRAD.:     0.436 HEAT: -96.51724
 CYCLE:   100 TIME:   0.016 TIME LEFT:  2.00D  GRAD.:     1.334 HEAT: -96.51674
 CYCLE:   101 TIME:   0.004 TIME LEFT:  2.00D  GRAD.:     0.167 HEAT: -96.51739
 CYCLE:   102 TIME:   0.008 TIME LEFT:  2.00D  GRAD.:     0.089 HEAT: -96.51742
 CYCLE:   103 TIME:   0.004 TIME LEFT:  2.00D  GRAD.:     0.047 HEAT: -96.51742
 CYCLE:   104 TIME:   0.004 TIME LEFT:  2.00D  GRAD.:     0.057 HEAT: -96.51743
 CYCLE:   105 TIME:   0.004 TIME LEFT:  2.00D  GRAD.:     0.068 HEAT: -96.51744
 CYCLE:   106 TIME:   0.008 TIME LEFT:  2.00D  GRAD.:     0.028 HEAT: -96.51745
 CYCLE:   107 TIME:   0.004 TIME LEFT:  2.00D  GRAD.:     0.025 HEAT: -96.51745
 CYCLE:   108 TIME:   0.004 TIME LEFT:  2.00D  GRAD.:     0.055 HEAT: -96.51745
 CYCLE:   109 TIME:   0.004 TIME LEFT:  2.00D  GRAD.:     0.025 HEAT: -96.51745
 CYCLE:   110 TIME:   0.004 TIME LEFT:  2.00D  GRAD.:     0.025 HEAT: -96.51745
 CYCLE:   111 TIME:   0.008 TIME LEFT:  2.00D  GRAD.:     0.024 HEAT: -96.51745
 CYCLE:   112 TIME:   0.004 TIME LEFT:  2.00D  GRAD.:     0.024 HEAT: -96.51745
 CYCLE:   113 TIME:   0.004 TIME LEFT:  2.00D  GRAD.:     0.027 HEAT: -96.51745
 CYCLE:   114 TIME:   0.004 TIME LEFT:  2.00D  GRAD.:     0.024 HEAT: -96.51745
 CYCLE:   115 TIME:   0.004 TIME LEFT:  2.00D  GRAD.:     0.024 HEAT: -96.51745
 CYCLE:   116 TIME:   0.008 TIME LEFT:  2.00D  GRAD.:     0.024 HEAT: -96.51745


 HEAT OF FORMATION IS ESSENTIALLY STATIONARY

 -------------------------------------------------------------------------------
 START_RES=(1) AM1 EF PRECISE GNORM=0.001 CYCLES=20000 NOINTER MMOK PDBOUT

 REMARK   4


     GEOMETRY OPTIMISED USING EIGENVECTOR FOLLOWING (EF).     
     SCF FIELD WAS ACHIEVED                                   


                              AM1 CALCULATION
                                                       MOPAC2016 (Version: 22.097 )
                                                       Tue Dec 10 11:52:49 2024




          FINAL HEAT OF FORMATION =        -96.51745 KCAL/MOL =    -403.82900 KJ/MOL


          COSMO AREA              =        112.36 SQUARE ANGSTROMS
          COSMO VOLUME            =         95.39 CUBIC ANGSTROMS

          GRADIENT NORM           =          0.02372          =       0.00715 PER ATOM
          IONIZATION POTENTIAL    =         11.402083 EV
          HOMO LUMO ENERGIES (EV) =        -11.402  1.103
          NO. OF FILLED LEVELS    =         15
          MOLECULAR WEIGHT        =         74.0792         POINT GROUP:  C1  

          MOLECULAR DIMENSIONS (Angstroms)

            Atom       Atom       Distance
            H    10    H     8     5.16194
            H     6    O     2     3.20557
            H    11    H     7     2.54098


          SCF CALCULATIONS        =        134
 
          WALL-CLOCK TIME         =          0.496 SECONDS
          COMPUTATION TIME        =          0.609 SECONDS




   ATOM                 CHEMICAL                   X               Y               Z
  NUMBER                 SYMBOL               (ANGSTROMS)     (ANGSTROMS)     (ANGSTROMS)
 
     1       O(ATOM      1  O   UNK A   1)    5.66442665  *  -2.89167895  *   1.96440365  *
     2       O(ATOM      2  O   UNK A   1)    4.12117897  *  -4.13373330  *   0.93589778  *
     3       C(ATOM      3  C   UNK A   1)    4.32307533  *  -4.26482078  *   3.38039911  *
     4       C(ATOM      4  C   UNK A   1)    4.64327768  *  -3.80334220  *   2.00248689  *
     5       C(ATOM      5  C   UNK A   1)    6.04268747  *  -2.40153191  *   0.67814859  *
     6       H(ATOM      6  H   UNK A   1)    4.84902109  *  -3.64186477  *   4.14328571  *
     7       H(ATOM      7  H   UNK A   1)    4.64595703  *  -5.32978962  *   3.48697033  *
     8       H(ATOM      8  H   UNK A   1)    3.21883220  *  -4.20063674  *   3.53862254  *
     9       H(ATOM      9  H   UNK A   1)    6.38274632  *  -3.24708802  *   0.03318240  *
    10       H(ATOM     10  H   UNK A   1)    6.87788012  *  -1.69250425  *   0.89925154  *
    11       H(ATOM     11  H   UNK A   1)    5.17841899  *  -1.88065619  *   0.20031924  *

                             CARTESIAN COORDINATES

   1    O        5.664426649    -2.891678951     1.964403647
   2    O        4.121178965    -4.133733305     0.935897777
   3    C        4.323075328    -4.264820782     3.380399111
   4    C        4.643277685    -3.803342202     2.002486892
   5    C        6.042687471    -2.401531912     0.678148592
   6    H        4.849021092    -3.641864774     4.143285714
   7    H        4.645957034    -5.329789618     3.486970328
   8    H        3.218832195    -4.200636742     3.538622536
   9    H        6.382746324    -3.247088022     0.033182398
  10    H        6.877880122    -1.692504250     0.899251536
  11    H        5.178418987    -1.880656188     0.200319241


           Empirical Formula: C3 H6 O2  =    11 atoms



      MOLECULAR POINT GROUP   :   C1  


                  EIGENVALUES  
 -40.74022 -36.92464 -31.72756 -27.58294 -21.97057 -18.35315 -17.19770 -17.15354
 -14.67399 -14.37882 -13.91106 -13.09246 -12.92211 -11.50851 -11.40208   1.10294
   2.12629   3.53849   3.90889   4.03154   4.09352   4.23585   4.27486   4.41391
   5.49182   6.76593


              NET ATOMIC CHARGES AND DIPOLE CONTRIBUTIONS

  ATOM NO.                 TYPE                        CHARGE      No. of ELECS.   s-Pop       p-Pop       
    1          O(ATOM      1  O   UNK A   1)          -0.281095        6.2811     1.86960     4.41149
    2          O(ATOM      2  O   UNK A   1)          -0.353406        6.3534     1.91387     4.43953
    3          C(ATOM      3  C   UNK A   1)          -0.217743        4.2177     1.22218     2.99556
    4          C(ATOM      4  C   UNK A   1)           0.299968        3.7000     1.24336     2.45668
    5          C(ATOM      5  C   UNK A   1)          -0.064008        4.0640     1.24330     2.82070
    6          H(ATOM      6  H   UNK A   1)           0.113530        0.8865     0.88647
    7          H(ATOM      7  H   UNK A   1)           0.116446        0.8836     0.88355
    8          H(ATOM      8  H   UNK A   1)           0.116362        0.8836     0.88364
    9          H(ATOM      9  H   UNK A   1)           0.084323        0.9157     0.91568
   10          H(ATOM     10  H   UNK A   1)           0.101212        0.8988     0.89879
   11          H(ATOM     11  H   UNK A   1)           0.084411        0.9156     0.91559

          NET CHARGE ON RESIDUES

      Residue         Charge  Anion or
                              Cation?
      UNK A   1       +0.000
 


 DIPOLE           X         Y         Z       TOTAL
 POINT-CHG.     0.738     0.425     1.620     1.830
 HYBRID         0.011     0.010    -0.109     0.110
 SUM            0.749     0.434     1.510     1.741


          ATOMIC ORBITAL ELECTRON POPULATIONS

                   Atom                  s        px        py        pz   
   O(ATOM      1  O   UNK A   1)   1.86960   1.51004   1.56129   1.34016
   O(ATOM      2  O   UNK A   1)   1.91387   1.55599   1.58442   1.29912
   C(ATOM      3  C   UNK A   1)   1.22218   1.04138   1.03276   0.92142
   C(ATOM      4  C   UNK A   1)   1.24336   0.77329   0.76576   0.91763
   C(ATOM      5  C   UNK A   1)   1.24330   0.99690   0.98577   0.83804
   H(ATOM      6  H   UNK A   1)   0.88647
   H(ATOM      7  H   UNK A   1)   0.88355
   H(ATOM      8  H   UNK A   1)   0.88364
   H(ATOM      9  H   UNK A   1)   0.91568
   H(ATOM     10  H   UNK A   1)   0.89879
   H(ATOM     11  H   UNK A   1)   0.91559

 **********************
 *                    *
 * JOB ENDED NORMALLY *
 *                    *
 **********************



 TOTAL JOB TIME:             0.50 SECONDS

 == MOPAC DONE ==
