 *******************************************************************************
 ** Cite this program as: MOPAC2016, Version: 22.097 , James J. P. Stewart,   **
 **                           web-site: HTTP://OpenMOPAC.net.                 **
 *******************************************************************************
 **                                                                           **
 **                                MOPAC2016                                  **
 **                                                                           **
 *******************************************************************************

                              RM1 CALCULATION RESULTS

 *******************************************************************************
 *  CALCULATION DONE:                                Tue Dec 10 11:52:50 2024  *
 *  RM1        - The RM1 Hamiltonian to be used
 *  MMOK       - APPLY MM CORRECTION TO CONH BARRIER
 *  PDBOUT     - PRINT GEOMETRY IN PDB FORMAT
 *  START_RES  - STARTING RESIDUE NUMBERS DEFINED
 *  Keyword:     START_RES=(1) 
 *  PRECISE    - TIGHTER CRITERIA TO BE USED
 *  EF         - USE EF ROUTINE FOR MINIMUM SEARCH
 *  T=         - A TIME OF 172800.0 SECONDS REQUESTED
 *  DUMP=N     - RESTART FILE WRITTEN EVERY 7200.0 SECONDS REQUESTED
 *  CYCLES=    - DO A MAXIMUM OF 20000 STEPS
 *  GNORM      - EXIT WHEN GRADIENT NORM DROPS BELOW 0.001
 *  NOINTER    - THIS KEYWORD HAS BEEN REPLACED BY PRTINT
 *******************************************************************************
 START_RES=(1) RM1 EF PRECISE GNORM=0.001 CYCLES=20000 NOINTER MMOK PDBOUT

 REMARK   4
   ATOM                 CHEMICAL                   X               Y               Z
  NUMBER                 SYMBOL               (ANGSTROMS)     (ANGSTROMS)     (ANGSTROMS)
 
     1       O(ATOM      1  O   UNK A   1)    5.23500000  *  -2.43800000  *   1.77700000  *
     2       O(ATOM      2  O   UNK A   1)    3.50400000  *  -3.79200000  *   1.19100000  *
     3       C(ATOM      3  C   UNK A   1)    4.63200000  *  -4.43300000  *   3.17500000  *
     4       C(ATOM      4  C   UNK A   1)    4.45800000  *  -3.61300000  *   1.93700000  *
     5       C(ATOM      5  C   UNK A   1)    6.32800000  *  -2.70400000  *   0.86500000  *
     6       H(ATOM      6  H   UNK A   1)    5.03300000  *  -3.79700000  *   3.99600000  *
     7       H(ATOM      7  H   UNK A   1)    5.34900000  *  -5.25800000  *   2.96300000  *
     8       H(ATOM      8  H   UNK A   1)    3.65600000  *  -4.86500000  *   3.49300000  *
     9       H(ATOM      9  H   UNK A   1)    6.99500000  *  -3.50400000  *   1.26300000  *
    10       H(ATOM     10  H   UNK A   1)    6.93000000  *  -1.77500000  *   0.75100000  *
    11       H(ATOM     11  H   UNK A   1)    5.94800000  *  -2.99500000  *  -0.14400000  *
 

  H: (RM1): G.B. ROCHA, R.O. FREIRE, A.M.SIMAS, J.J.P. STEWART, J. COMP. CHEM. 27, 1101 (2006)
  C: (RM1): G.B. ROCHA, R.O. FREIRE, A.M.SIMAS, J.J.P. STEWART, J. COMP. CHEM. 27, 1101 (2006)
  O: (RM1): G.B. ROCHA, R.O. FREIRE, A.M.SIMAS, J.J.P. STEWART, J. COMP. CHEM. 27, 1101 (2006)

           Empirical Formula: C3 H6 O2  =    11 atoms



      MOLECULAR POINT GROUP   :   C1  


      RHF CALCULATION, NO. OF DOUBLY OCCUPIED LEVELS = 15


          Geometry optimization using EF

  GNORM HAS BEEN SET TOO LOW, RESET TO 0.01

  SPECIFY LET AS KEYWORD TO ALLOW GNORM LESS THAN 0.01

          DIAGONAL MATRIX USED AS START HESSIAN

 CYCLE:     1 TIME:   0.004 TIME LEFT:  2.00D  GRAD.:    93.247 HEAT: -81.38762
 CYCLE:     2 TIME:   0.004 TIME LEFT:  2.00D  GRAD.:   119.701 HEAT: -82.17242
 CYCLE:     3 TIME:   0.004 TIME LEFT:  2.00D  GRAD.:    69.535 HEAT: -84.40786
 CYCLE:     4 TIME:   0.004 TIME LEFT:  2.00D  GRAD.:    39.492 HEAT: -85.12982
 CYCLE:     5 TIME:   0.000 TIME LEFT:  2.00D  GRAD.:    19.980 HEAT: -85.75200
 CYCLE:     6 TIME:   0.004 TIME LEFT:  2.00D  GRAD.:    39.320 HEAT: -86.01508
 CYCLE:     7 TIME:   0.004 TIME LEFT:  2.00D  GRAD.:    44.555 HEAT: -86.17077
 CYCLE:     8 TIME:   0.004 TIME LEFT:  2.00D  GRAD.:    14.951 HEAT: -86.65646
 CYCLE:     9 TIME:   0.004 TIME LEFT:  2.00D  GRAD.:    11.484 HEAT: -86.74970
 CYCLE:    10 TIME:   0.000 TIME LEFT:  2.00D  GRAD.:    15.896 HEAT: -86.78858
 CYCLE:    11 TIME:   0.004 TIME LEFT:  2.00D  GRAD.:     7.174 HEAT: -86.89541
 CYCLE:    12 TIME:   0.004 TIME LEFT:  2.00D  GRAD.:     9.482 HEAT: -86.94847
 CYCLE:    13 TIME:   0.000 TIME LEFT:  2.00D  GRAD.:     7.312 HEAT: -87.00186
 CYCLE:    14 TIME:   0.004 TIME LEFT:  2.00D  GRAD.:     6.734 HEAT: -87.02441
 CYCLE:    15 TIME:   0.000 TIME LEFT:  2.00D  GRAD.:     6.587 HEAT: -87.07250
 CYCLE:    16 TIME:   0.004 TIME LEFT:  2.00D  GRAD.:    10.552 HEAT: -87.20307
 CYCLE:    17 TIME:   0.000 TIME LEFT:  2.00D  GRAD.:    10.718 HEAT: -87.34988
 CYCLE:    18 TIME:   0.004 TIME LEFT:  2.00D  GRAD.:    10.594 HEAT: -87.61375
 CYCLE:    19 TIME:   0.004 TIME LEFT:  2.00D  GRAD.:    16.594 HEAT: -87.98844
 CYCLE:    20 TIME:   0.004 TIME LEFT:  2.00D  GRAD.:    25.700 HEAT: -88.41386
 CYCLE:    21 TIME:   0.000 TIME LEFT:  2.00D  GRAD.:    30.079 HEAT: -88.87191
 CYCLE:    22 TIME:   0.008 TIME LEFT:  2.00D  GRAD.:    33.026 HEAT: -89.36452
 CYCLE:    23 TIME:   0.000 TIME LEFT:  2.00D  GRAD.:    39.374 HEAT: -89.40875
 CYCLE:    24 TIME:   0.004 TIME LEFT:  2.00D  GRAD.:    19.172 HEAT: -90.41626
 CYCLE:    25 TIME:   0.004 TIME LEFT:  2.00D  GRAD.:    29.278 HEAT: -90.75351
 CYCLE:    26 TIME:   0.000 TIME LEFT:  2.00D  GRAD.:    12.803 HEAT: -91.19258
 CYCLE:    27 TIME:   0.004 TIME LEFT:  2.00D  GRAD.:     9.902 HEAT: -91.68892
 CYCLE:    28 TIME:   0.004 TIME LEFT:  2.00D  GRAD.:    17.086 HEAT: -92.11706
 CYCLE:    29 TIME:   0.000 TIME LEFT:  2.00D  GRAD.:    11.036 HEAT: -92.38650
 CYCLE:    30 TIME:   0.004 TIME LEFT:  2.00D  GRAD.:    10.915 HEAT: -92.71933
 CYCLE:    31 TIME:   0.004 TIME LEFT:  2.00D  GRAD.:    10.762 HEAT: -92.90039
 CYCLE:    32 TIME:   0.000 TIME LEFT:  2.00D  GRAD.:    14.268 HEAT: -92.96870
 CYCLE:    33 TIME:   0.004 TIME LEFT:  2.00D  GRAD.:     7.577 HEAT: -93.07996
 CYCLE:    34 TIME:   0.000 TIME LEFT:  2.00D  GRAD.:     4.696 HEAT: -93.14315
 CYCLE:    35 TIME:   0.004 TIME LEFT:  2.00D  GRAD.:     2.861 HEAT: -93.17364
 CYCLE:    36 TIME:   0.000 TIME LEFT:  2.00D  GRAD.:     3.093 HEAT: -93.18544
 CYCLE:    37 TIME:   0.004 TIME LEFT:  2.00D  GRAD.:     2.675 HEAT: -93.19409
 CYCLE:    38 TIME:   0.004 TIME LEFT:  2.00D  GRAD.:     2.374 HEAT: -93.20434
 CYCLE:    39 TIME:   0.004 TIME LEFT:  2.00D  GRAD.:     2.719 HEAT: -93.21456
 CYCLE:    40 TIME:   0.000 TIME LEFT:  2.00D  GRAD.:     3.421 HEAT: -93.23048
 CYCLE:    41 TIME:   0.004 TIME LEFT:  2.00D  GRAD.:     4.394 HEAT: -93.25770
 CYCLE:    42 TIME:   0.000 TIME LEFT:  2.00D  GRAD.:     7.649 HEAT: -93.32641
 CYCLE:    43 TIME:   0.004 TIME LEFT:  2.00D  GRAD.:    17.813 HEAT: -93.37238
 CYCLE:    44 TIME:   0.004 TIME LEFT:  2.00D  GRAD.:    10.456 HEAT: -93.50618
 CYCLE:    45 TIME:   0.004 TIME LEFT:  2.00D  GRAD.:     7.975 HEAT: -93.64626
 CYCLE:    46 TIME:   0.004 TIME LEFT:  2.00D  GRAD.:    14.214 HEAT: -93.75717
 CYCLE:    47 TIME:   0.004 TIME LEFT:  2.00D  GRAD.:     5.704 HEAT: -93.81509
 CYCLE:    48 TIME:   0.000 TIME LEFT:  2.00D  GRAD.:     6.090 HEAT: -93.85854
 CYCLE:    49 TIME:   0.004 TIME LEFT:  2.00D  GRAD.:    10.392 HEAT: -93.93831
 CYCLE:    50 TIME:   0.000 TIME LEFT:  2.00D  GRAD.:    10.518 HEAT: -94.03288
 CYCLE:    51 TIME:   0.004 TIME LEFT:  2.00D  GRAD.:     5.402 HEAT: -94.19000
 CYCLE:    52 TIME:   0.004 TIME LEFT:  2.00D  GRAD.:     5.996 HEAT: -94.22149
 CYCLE:    53 TIME:   0.000 TIME LEFT:  2.00D  GRAD.:     3.521 HEAT: -94.24749
 CYCLE:    54 TIME:   0.004 TIME LEFT:  2.00D  GRAD.:     4.190 HEAT: -94.26499
 CYCLE:    55 TIME:   0.004 TIME LEFT:  2.00D  GRAD.:     4.332 HEAT: -94.26581
 CYCLE:    56 TIME:   0.004 TIME LEFT:  2.00D  GRAD.:     1.731 HEAT: -94.27779
 CYCLE:    57 TIME:   0.004 TIME LEFT:  2.00D  GRAD.:     1.268 HEAT: -94.28104
 CYCLE:    58 TIME:   0.000 TIME LEFT:  2.00D  GRAD.:     1.420 HEAT: -94.28402
 CYCLE:    59 TIME:   0.004 TIME LEFT:  2.00D  GRAD.:     1.183 HEAT: -94.28555
 CYCLE:    60 TIME:   0.000 TIME LEFT:  2.00D  GRAD.:     1.066 HEAT: -94.28701
 CYCLE:    61 TIME:   0.004 TIME LEFT:  2.00D  GRAD.:     0.773 HEAT: -94.28832
 CYCLE:    62 TIME:   0.000 TIME LEFT:  2.00D  GRAD.:     0.523 HEAT: -94.28898
 CYCLE:    63 TIME:   0.008 TIME LEFT:  2.00D  GRAD.:     0.372 HEAT: -94.28927
 CYCLE:    64 TIME:   0.008 TIME LEFT:  2.00D  GRAD.:     0.265 HEAT: -94.28940
 CYCLE:    65 TIME:   0.004 TIME LEFT:  2.00D  GRAD.:     0.228 HEAT: -94.28952
 CYCLE:    66 TIME:   0.008 TIME LEFT:  2.00D  GRAD.:     0.235 HEAT: -94.28963
 CYCLE:    67 TIME:   0.004 TIME LEFT:  2.00D  GRAD.:     0.302 HEAT: -94.28980
 CYCLE:    68 TIME:   0.004 TIME LEFT:  2.00D  GRAD.:     0.440 HEAT: -94.29007
 CYCLE:    69 TIME:   0.008 TIME LEFT:  2.00D  GRAD.:     0.684 HEAT: -94.29058
 CYCLE:    70 TIME:   0.004 TIME LEFT:  2.00D  GRAD.:     1.390 HEAT: -94.29197
 CYCLE:    71 TIME:   0.004 TIME LEFT:  2.00D  GRAD.:     2.424 HEAT: -94.29516
 CYCLE:    72 TIME:   0.008 TIME LEFT:  2.00D  GRAD.:     6.974 HEAT: -94.28652
 CYCLE:    73 TIME:   0.008 TIME LEFT:  2.00D  GRAD.:     1.693 HEAT: -94.30701
 CYCLE:    74 TIME:   0.004 TIME LEFT:  2.00D  GRAD.:     0.981 HEAT: -94.31187
 CYCLE:    75 TIME:   0.008 TIME LEFT:  2.00D  GRAD.:     4.504 HEAT: -94.31226
 CYCLE:    76 TIME:   0.008 TIME LEFT:  2.00D  GRAD.:     0.745 HEAT: -94.31812
 CYCLE:    77 TIME:   0.008 TIME LEFT:  2.00D  GRAD.:     1.042 HEAT: -94.32071
 CYCLE:    78 TIME:   0.012 TIME LEFT:  2.00D  GRAD.:     3.898 HEAT: -94.32049
 CYCLE:    79 TIME:   0.012 TIME LEFT:  2.00D  GRAD.:     5.339 HEAT: -94.31136
 CYCLE:    80 TIME:   0.004 TIME LEFT:  2.00D  GRAD.:     0.573 HEAT: -94.32823
 CYCLE:    81 TIME:   0.008 TIME LEFT:  2.00D  GRAD.:     1.202 HEAT: -94.32938
 CYCLE:    82 TIME:   0.008 TIME LEFT:  2.00D  GRAD.:     1.058 HEAT: -94.33058
 CYCLE:    83 TIME:   0.012 TIME LEFT:  2.00D  GRAD.:     0.981 HEAT: -94.33332
 CYCLE:    84 TIME:   0.004 TIME LEFT:  2.00D  GRAD.:     1.494 HEAT: -94.33251
 CYCLE:    85 TIME:   0.012 TIME LEFT:  2.00D  GRAD.:     0.370 HEAT: -94.33414
 CYCLE:    86 TIME:   0.004 TIME LEFT:  2.00D  GRAD.:     0.595 HEAT: -94.33421
 CYCLE:    87 TIME:   0.008 TIME LEFT:  2.00D  GRAD.:     0.285 HEAT: -94.33438
 CYCLE:    88 TIME:   0.008 TIME LEFT:  2.00D  GRAD.:     0.173 HEAT: -94.33442
 CYCLE:    89 TIME:   0.008 TIME LEFT:  2.00D  GRAD.:     0.037 HEAT: -94.33445
 CYCLE:    90 TIME:   0.004 TIME LEFT:  2.00D  GRAD.:     0.110 HEAT: -94.33444
 CYCLE:    91 TIME:   0.008 TIME LEFT:  2.00D  GRAD.:     0.076 HEAT: -94.33443
 CYCLE:    92 TIME:   0.008 TIME LEFT:  2.00D  GRAD.:     0.206 HEAT: -94.33442
 CYCLE:    93 TIME:   0.004 TIME LEFT:  2.00D  GRAD.:     0.044 HEAT: -94.33444
 CYCLE:    94 TIME:   0.008 TIME LEFT:  2.00D  GRAD.:     0.128 HEAT: -94.33444
 CYCLE:    95 TIME:   0.004 TIME LEFT:  2.00D  GRAD.:     0.077 HEAT: -94.33444
 CYCLE:    96 TIME:   0.004 TIME LEFT:  2.00D  GRAD.:     0.111 HEAT: -94.33444
 CYCLE:    97 TIME:   0.008 TIME LEFT:  2.00D  GRAD.:     0.037 HEAT: -94.33445
 CYCLE:    98 TIME:   0.004 TIME LEFT:  2.00D  GRAD.:     0.662 HEAT: -94.33418
 CYCLE:    99 TIME:   0.008 TIME LEFT:  2.00D  GRAD.:     0.034 HEAT: -94.33444
 CYCLE:   100 TIME:   0.004 TIME LEFT:  2.00D  GRAD.:     0.050 HEAT: -94.33445


 HEAT OF FORMATION IS ESSENTIALLY STATIONARY

 -------------------------------------------------------------------------------
 START_RES=(1) RM1 EF PRECISE GNORM=0.001 CYCLES=20000 NOINTER MMOK PDBOUT

 REMARK   4


     GEOMETRY OPTIMISED USING EIGENVECTOR FOLLOWING (EF).     
     SCF FIELD WAS ACHIEVED                                   


                              RM1 CALCULATION
                                                       MOPAC2016 (Version: 22.097 )
                                                       Tue Dec 10 11:52:50 2024




          FINAL HEAT OF FORMATION =        -94.33445 KCAL/MOL =    -394.69532 KJ/MOL


          COSMO AREA              =        112.21 SQUARE ANGSTROMS
          COSMO VOLUME            =         95.23 CUBIC ANGSTROMS

          GRADIENT NORM           =          0.05030          =       0.01517 PER ATOM
          IONIZATION POTENTIAL    =         11.250431 EV
          HOMO LUMO ENERGIES (EV) =        -11.250  1.216
          NO. OF FILLED LEVELS    =         15
          MOLECULAR WEIGHT        =         74.0792         POINT GROUP:  Cs  

          MOLECULAR DIMENSIONS (Angstroms)

            Atom       Atom       Distance
            H    10    H     8     5.29221
            H    11    H     7     3.07087
            H     9    H     6     2.90014


          SCF CALCULATIONS        =        113
 
          WALL-CLOCK TIME         =          0.449 SECONDS
          COMPUTATION TIME        =          0.594 SECONDS




   ATOM                 CHEMICAL                   X               Y               Z
  NUMBER                 SYMBOL               (ANGSTROMS)     (ANGSTROMS)     (ANGSTROMS)
 
     1       O(ATOM      1  O   UNK A   1)    5.72879249  *  -2.99854323  *   1.93531336  *
     2       O(ATOM      2  O   UNK A   1)    3.95519778  *  -3.97108046  *   0.98074304  *
     3       C(ATOM      3  C   UNK A   1)    4.34340041  *  -4.26558041  *   3.36885496  *
     4       C(ATOM      4  C   UNK A   1)    4.60799226  *  -3.76560671  *   1.98717375  *
     5       C(ATOM      5  C   UNK A   1)    6.08881413  *  -2.46447375  *   0.68241547  *
     6       H(ATOM      6  H   UNK A   1)    4.21049371  *  -3.43478834  *   4.07784199  *
     7       H(ATOM      7  H   UNK A   1)    5.17809083  *  -4.87867662  *   3.74030102  *
     8       H(ATOM      8  H   UNK A   1)    3.43386567  *  -4.88290892  *   3.40225890  *
     9       H(ATOM      9  H   UNK A   1)    6.30130014  *  -3.24534693  *  -0.06590596  *
    10       H(ATOM     10  H   UNK A   1)    7.00630147  *  -1.89446280  *   0.88940567  *
    11       H(ATOM     11  H   UNK A   1)    5.32007303  *  -1.78899317  *   0.27294278  *

                             CARTESIAN COORDINATES

   1    O        5.728792490    -2.998543231     1.935313361
   2    O        3.955197776    -3.971080465     0.980743045
   3    C        4.343400410    -4.265580413     3.368854962
   4    C        4.607992260    -3.765606711     1.987173752
   5    C        6.088814131    -2.464473750     0.682415465
   6    H        4.210493714    -3.434788335     4.077841991
   7    H        5.178090834    -4.878676618     3.740301020
   8    H        3.433865669    -4.882908921     3.402258899
   9    H        6.301300143    -3.245346931    -0.065905965
  10    H        7.006301473    -1.894462796     0.889405666
  11    H        5.320073030    -1.788993168     0.272942782


           Empirical Formula: C3 H6 O2  =    11 atoms



      MOLECULAR POINT GROUP   :   Cs  


                  EIGENVALUES  
 -38.88172 -35.51092 -30.61388 -26.98370 -21.29330 -18.02243 -16.99313 -16.88043
 -14.47033 -14.35273 -13.82546 -12.99294 -12.81808 -11.39016 -11.25043   1.21563
   2.30547   3.72907   4.02534   4.05926   4.20239   4.23341   4.69942   4.81797
   5.52082   6.93349


              NET ATOMIC CHARGES AND DIPOLE CONTRIBUTIONS

  ATOM NO.                 TYPE                        CHARGE      No. of ELECS.   s-Pop       p-Pop       
    1          O(ATOM      1  O   UNK A   1)          -0.289476        6.2895     1.86246     4.42702
    2          O(ATOM      2  O   UNK A   1)          -0.362227        6.3622     1.90767     4.45456
    3          C(ATOM      3  C   UNK A   1)          -0.220462        4.2205     1.15405     3.06641
    4          C(ATOM      4  C   UNK A   1)           0.359127        3.6409     1.20706     2.43382
    5          C(ATOM      5  C   UNK A   1)          -0.008142        4.0081     1.16112     2.84702
    6          H(ATOM      6  H   UNK A   1)           0.103806        0.8962     0.89619
    7          H(ATOM      7  H   UNK A   1)           0.103805        0.8962     0.89619
    8          H(ATOM      8  H   UNK A   1)           0.103299        0.8967     0.89670
    9          H(ATOM      9  H   UNK A   1)           0.065662        0.9343     0.93434
   10          H(ATOM     10  H   UNK A   1)           0.078941        0.9211     0.92106
   11          H(ATOM     11  H   UNK A   1)           0.065668        0.9343     0.93433

          NET CHARGE ON RESIDUES

      Residue         Charge  Anion or
                              Cation?
      UNK A   1       +0.000
 


 DIPOLE           X         Y         Z       TOTAL
 POINT-CHG.     0.971     0.322     1.425     1.755
 HYBRID         0.034     0.032    -0.040     0.061
 SUM            1.005     0.354     1.386     1.748


          ATOMIC ORBITAL ELECTRON POPULATIONS

                   Atom                  s        px        py        pz   
   O(ATOM      1  O   UNK A   1)   1.86246   1.44550   1.62975   1.35177
   O(ATOM      2  O   UNK A   1)   1.90767   1.53422   1.56419   1.35615
   C(ATOM      3  C   UNK A   1)   1.15405   1.06491   1.05274   0.94876
   C(ATOM      4  C   UNK A   1)   1.20706   0.77957   0.75180   0.90245
   C(ATOM      5  C   UNK A   1)   1.16112   1.00544   0.98819   0.85339
   H(ATOM      6  H   UNK A   1)   0.89619
   H(ATOM      7  H   UNK A   1)   0.89619
   H(ATOM      8  H   UNK A   1)   0.89670
   H(ATOM      9  H   UNK A   1)   0.93434
   H(ATOM     10  H   UNK A   1)   0.92106
   H(ATOM     11  H   UNK A   1)   0.93433

 **********************
 *                    *
 * JOB ENDED NORMALLY *
 *                    *
 **********************



 TOTAL JOB TIME:             0.46 SECONDS

 == MOPAC DONE ==
