 *******************************************************************************
 ** Cite this program as: MOPAC2016, Version: 22.097 , James J. P. Stewart,   **
 **                           web-site: HTTP://OpenMOPAC.net.                 **
 *******************************************************************************
 **                                                                           **
 **                                MOPAC2016                                  **
 **                                                                           **
 *******************************************************************************

                              PM3 CALCULATION RESULTS

 *******************************************************************************
 *  CALCULATION DONE:                                Tue Dec 10 12:19:03 2024  *
 *  PM3        - The PM3 Hamiltonian to be used
 *  MMOK       - APPLY MM CORRECTION TO CONH BARRIER
 *  PDBOUT     - PRINT GEOMETRY IN PDB FORMAT
 *  START_RES  - STARTING RESIDUE NUMBERS DEFINED
 *  Keyword:     START_RES=(1) 
 *  PRECISE    - TIGHTER CRITERIA TO BE USED
 *  EF         - USE EF ROUTINE FOR MINIMUM SEARCH
 *  T=         - A TIME OF 172800.0 SECONDS REQUESTED
 *  DUMP=N     - RESTART FILE WRITTEN EVERY 7200.0 SECONDS REQUESTED
 *  CYCLES=    - DO A MAXIMUM OF 20000 STEPS
 *  GNORM      - EXIT WHEN GRADIENT NORM DROPS BELOW 0.001
 *  NOINTER    - THIS KEYWORD HAS BEEN REPLACED BY PRTINT
 *******************************************************************************
 START_RES=(1) PM3 EF PRECISE GNORM=0.001 CYCLES=20000 NOINTER MMOK PDBOUT

 REMARK   4
   ATOM                 CHEMICAL                   X               Y               Z
  NUMBER                 SYMBOL               (ANGSTROMS)     (ANGSTROMS)     (ANGSTROMS)
 
     1       O(ATOM      1  O   UNK A   1)   16.18500000  * -59.24500000  *  56.48400000  *
     2       C(ATOM      2  C   UNK A   1)   18.45000000  * -56.39800000  *  55.39900000  *
     3       C(ATOM      3  C   UNK A   1)   17.16900000  * -57.22300000  *  55.57300000  *
     4       C(ATOM      4  C   UNK A   1)   18.19300000  * -55.10000000  *  54.62400000  *
     5       C(ATOM      5  C   UNK A   1)   17.41700000  * -58.51700000  *  56.34600000  *
     6       C(ATOM      6  C   UNK A   1)   19.46600000  * -54.27600000  *  54.44600000  *
     7       H(ATOM      7  H   UNK A   1)   19.20500000  * -57.00800000  *  54.84900000  *
     8       H(ATOM      8  H   UNK A   1)   18.86300000  * -56.14700000  *  56.40400000  *
     9       H(ATOM      9  H   UNK A   1)   16.75300000  * -57.47900000  *  54.57000000  *
    10       H(ATOM     10  H   UNK A   1)   16.41100000  * -56.61900000  *  56.12500000  *
    11       H(ATOM     11  H   UNK A   1)   17.78300000  * -55.34200000  *  53.61500000  *
    12       H(ATOM     12  H   UNK A   1)   17.44300000  * -54.48200000  *  55.16900000  *
    13       H(ATOM     13  H   UNK A   1)   17.81400000  * -58.28600000  *  57.36200000  *
    14       H(ATOM     14  H   UNK A   1)   18.15800000  * -59.15300000  *  55.80700000  *
    15       H(ATOM     15  H   UNK A   1)   19.88700000  * -53.99400000  *  55.43800000  *
    16       H(ATOM     16  H   UNK A   1)   20.22800000  * -54.85700000  *  53.87800000  *
    17       H(ATOM     17  H   UNK A   1)   19.23200000  * -53.34600000  *  53.88000000  *
    18       H(ATOM     18  H   UNK A   1)   15.87300000  * -59.43400000  *  55.51600000  *
 

  H: (PM3): J. J. P. STEWART, J. COMP. CHEM. 10, 209 (1989).
  C: (PM3): J. J. P. STEWART, J. COMP. CHEM. 10, 209 (1989).
  O: (PM3): J. J. P. STEWART, J. COMP. CHEM. 10, 209 (1989).

           Empirical Formula: C5 H12 O  =    18 atoms



      MOLECULAR POINT GROUP   :   C1  


      RHF CALCULATION, NO. OF DOUBLY OCCUPIED LEVELS = 19


          Geometry optimization using EF

  GNORM HAS BEEN SET TOO LOW, RESET TO 0.01

  SPECIFY LET AS KEYWORD TO ALLOW GNORM LESS THAN 0.01

          DIAGONAL MATRIX USED AS START HESSIAN

 CYCLE:     1 TIME:   0.008 TIME LEFT:  2.00D  GRAD.:   116.456 HEAT: -68.28925
 CYCLE:     2 TIME:   0.012 TIME LEFT:  2.00D  GRAD.:    81.295 HEAT: -71.95404
 CYCLE:     3 TIME:   0.004 TIME LEFT:  2.00D  GRAD.:    73.799 HEAT: -72.37822
 CYCLE:     4 TIME:   0.008 TIME LEFT:  2.00D  GRAD.:    33.579 HEAT: -73.91262
 CYCLE:     5 TIME:   0.004 TIME LEFT:  2.00D  GRAD.:    28.618 HEAT: -74.18076
 CYCLE:     6 TIME:   0.008 TIME LEFT:  2.00D  GRAD.:    29.087 HEAT: -74.34423
 CYCLE:     7 TIME:   0.004 TIME LEFT:  2.00D  GRAD.:    22.587 HEAT: -74.56704
 CYCLE:     8 TIME:   0.004 TIME LEFT:  2.00D  GRAD.:    24.993 HEAT: -74.60064
 CYCLE:     9 TIME:   0.012 TIME LEFT:  2.00D  GRAD.:    12.035 HEAT: -74.75896
 CYCLE:    10 TIME:   0.004 TIME LEFT:  2.00D  GRAD.:     8.522 HEAT: -74.79765
 CYCLE:    11 TIME:   0.004 TIME LEFT:  2.00D  GRAD.:     7.556 HEAT: -74.82609
 CYCLE:    12 TIME:   0.004 TIME LEFT:  2.00D  GRAD.:     6.689 HEAT: -74.85855
 CYCLE:    13 TIME:   0.004 TIME LEFT:  2.00D  GRAD.:     9.563 HEAT: -74.86097
 CYCLE:    14 TIME:   0.008 TIME LEFT:  2.00D  GRAD.:     6.806 HEAT: -74.88234
 CYCLE:    15 TIME:   0.008 TIME LEFT:  2.00D  GRAD.:     5.585 HEAT: -74.88972
 CYCLE:    16 TIME:   0.004 TIME LEFT:  2.00D  GRAD.:     3.691 HEAT: -74.89902
 CYCLE:    17 TIME:   0.004 TIME LEFT:  2.00D  GRAD.:     3.241 HEAT: -74.90296
 CYCLE:    18 TIME:   0.004 TIME LEFT:  2.00D  GRAD.:     2.675 HEAT: -74.90696
 CYCLE:    19 TIME:   0.004 TIME LEFT:  2.00D  GRAD.:     1.999 HEAT: -74.90999
 CYCLE:    20 TIME:   0.004 TIME LEFT:  2.00D  GRAD.:     2.045 HEAT: -74.91306
 CYCLE:    21 TIME:   0.008 TIME LEFT:  2.00D  GRAD.:     2.271 HEAT: -74.91610
 CYCLE:    22 TIME:   0.004 TIME LEFT:  2.00D  GRAD.:     2.189 HEAT: -74.92069
 CYCLE:    23 TIME:   0.004 TIME LEFT:  2.00D  GRAD.:     1.770 HEAT: -74.92539
 CYCLE:    24 TIME:   0.008 TIME LEFT:  2.00D  GRAD.:     2.274 HEAT: -74.93271
 CYCLE:    25 TIME:   0.004 TIME LEFT:  2.00D  GRAD.:     1.619 HEAT: -74.93628
 CYCLE:    26 TIME:   0.000 TIME LEFT:  2.00D  GRAD.:     1.391 HEAT: -74.93924
 CYCLE:    27 TIME:   0.008 TIME LEFT:  2.00D  GRAD.:     1.262 HEAT: -74.94171
 CYCLE:    28 TIME:   0.004 TIME LEFT:  2.00D  GRAD.:     1.055 HEAT: -74.94281
 CYCLE:    29 TIME:   0.004 TIME LEFT:  2.00D  GRAD.:     0.597 HEAT: -74.94366
 CYCLE:    30 TIME:   0.004 TIME LEFT:  2.00D  GRAD.:     0.696 HEAT: -74.94412
 CYCLE:    31 TIME:   0.004 TIME LEFT:  2.00D  GRAD.:     0.488 HEAT: -74.94451
 CYCLE:    32 TIME:   0.004 TIME LEFT:  2.00D  GRAD.:     0.367 HEAT: -74.94485
 CYCLE:    33 TIME:   0.004 TIME LEFT:  2.00D  GRAD.:     0.414 HEAT: -74.94522
 CYCLE:    34 TIME:   0.004 TIME LEFT:  2.00D  GRAD.:     0.422 HEAT: -74.94534
 CYCLE:    35 TIME:   0.004 TIME LEFT:  2.00D  GRAD.:     0.240 HEAT: -74.94549
 CYCLE:    36 TIME:   0.004 TIME LEFT:  2.00D  GRAD.:     0.234 HEAT: -74.94564
 CYCLE:    37 TIME:   0.004 TIME LEFT:  2.00D  GRAD.:     0.286 HEAT: -74.94577
 CYCLE:    38 TIME:   0.004 TIME LEFT:  2.00D  GRAD.:     0.360 HEAT: -74.94600
 CYCLE:    39 TIME:   0.004 TIME LEFT:  2.00D  GRAD.:     0.261 HEAT: -74.94610
 CYCLE:    40 TIME:   0.004 TIME LEFT:  2.00D  GRAD.:     0.547 HEAT: -74.94611
 CYCLE:    41 TIME:   0.004 TIME LEFT:  2.00D  GRAD.:     0.179 HEAT: -74.94631
 CYCLE:    42 TIME:   0.004 TIME LEFT:  2.00D  GRAD.:     0.114 HEAT: -74.94635
 CYCLE:    43 TIME:   0.008 TIME LEFT:  2.00D  GRAD.:     0.145 HEAT: -74.94637
 CYCLE:    44 TIME:   0.004 TIME LEFT:  2.00D  GRAD.:     0.066 HEAT: -74.94639
 CYCLE:    45 TIME:   0.004 TIME LEFT:  2.00D  GRAD.:     0.046 HEAT: -74.94640
 CYCLE:    46 TIME:   0.004 TIME LEFT:  2.00D  GRAD.:     0.166 HEAT: -74.94642
 CYCLE:    47 TIME:   0.004 TIME LEFT:  2.00D  GRAD.:     0.071 HEAT: -74.94644
 CYCLE:    48 TIME:   0.004 TIME LEFT:  2.00D  GRAD.:     0.058 HEAT: -74.94644
 CYCLE:    49 TIME:   0.004 TIME LEFT:  2.00D  GRAD.:     0.055 HEAT: -74.94645
 CYCLE:    50 TIME:   0.008 TIME LEFT:  2.00D  GRAD.:     0.062 HEAT: -74.94647
 CYCLE:    51 TIME:   0.004 TIME LEFT:  2.00D  GRAD.:     0.216 HEAT: -74.94645
 CYCLE:    52 TIME:   0.004 TIME LEFT:  2.00D  GRAD.:     0.102 HEAT: -74.94650
 CYCLE:    53 TIME:   0.004 TIME LEFT:  2.00D  GRAD.:     0.048 HEAT: -74.94651
 CYCLE:    54 TIME:   0.004 TIME LEFT:  2.00D  GRAD.:     0.060 HEAT: -74.94653
 CYCLE:    55 TIME:   0.004 TIME LEFT:  2.00D  GRAD.:     0.133 HEAT: -74.94657
 CYCLE:    56 TIME:   0.004 TIME LEFT:  2.00D  GRAD.:     0.122 HEAT: -74.94659
 CYCLE:    57 TIME:   0.004 TIME LEFT:  2.00D  GRAD.:     0.082 HEAT: -74.94663
 CYCLE:    58 TIME:   0.004 TIME LEFT:  2.00D  GRAD.:     0.076 HEAT: -74.94665
 CYCLE:    59 TIME:   0.004 TIME LEFT:  2.00D  GRAD.:     0.119 HEAT: -74.94665
 CYCLE:    60 TIME:   0.004 TIME LEFT:  2.00D  GRAD.:     0.057 HEAT: -74.94669
 CYCLE:    61 TIME:   0.004 TIME LEFT:  2.00D  GRAD.:     0.054 HEAT: -74.94670
 CYCLE:    62 TIME:   0.004 TIME LEFT:  2.00D  GRAD.:     0.045 HEAT: -74.94671
 CYCLE:    63 TIME:   0.012 TIME LEFT:  2.00D  GRAD.:     0.061 HEAT: -74.94670
 CYCLE:    64 TIME:   0.004 TIME LEFT:  2.00D  GRAD.:     0.024 HEAT: -74.94673
 CYCLE:    65 TIME:   0.012 TIME LEFT:  2.00D  GRAD.:     0.022 HEAT: -74.94673
 CYCLE:    66 TIME:   0.008 TIME LEFT:  2.00D  GRAD.:     0.020 HEAT: -74.94673
 CYCLE:    67 TIME:   0.008 TIME LEFT:  2.00D  GRAD.:     0.028 HEAT: -74.94673
 CYCLE:    68 TIME:   0.004 TIME LEFT:  2.00D  GRAD.:     0.024 HEAT: -74.94673
 CYCLE:    69 TIME:   0.008 TIME LEFT:  2.00D  GRAD.:     0.031 HEAT: -74.94673
 CYCLE:    70 TIME:   0.008 TIME LEFT:  2.00D  GRAD.:     0.027 HEAT: -74.94674
 CYCLE:    71 TIME:   0.008 TIME LEFT:  2.00D  GRAD.:     0.038 HEAT: -74.94675
 CYCLE:    72 TIME:   0.004 TIME LEFT:  2.00D  GRAD.:     0.031 HEAT: -74.94675
 CYCLE:    73 TIME:   0.008 TIME LEFT:  2.00D  GRAD.:     0.126 HEAT: -74.94673
 CYCLE:    74 TIME:   0.008 TIME LEFT:  2.00D  GRAD.:     0.036 HEAT: -74.94677
 CYCLE:    75 TIME:   0.008 TIME LEFT:  2.00D  GRAD.:     0.028 HEAT: -74.94677
 CYCLE:    76 TIME:   0.004 TIME LEFT:  2.00D  GRAD.:     0.026 HEAT: -74.94678
 CYCLE:    77 TIME:   0.008 TIME LEFT:  2.00D  GRAD.:     0.017 HEAT: -74.94678
 CYCLE:    78 TIME:   0.004 TIME LEFT:  2.00D  GRAD.:     0.924 HEAT: -74.94527
 CYCLE:    79 TIME:   0.008 TIME LEFT:  2.00D  GRAD.:     0.032 HEAT: -74.94679
 CYCLE:    80 TIME:   0.008 TIME LEFT:  2.00D  GRAD.:     0.033 HEAT: -74.94679
 CYCLE:    81 TIME:   0.008 TIME LEFT:  2.00D  GRAD.:     0.015 HEAT: -74.94679
 CYCLE:    82 TIME:   0.008 TIME LEFT:  2.00D  GRAD.:     0.013 HEAT: -74.94680
 CYCLE:    83 TIME:   0.004 TIME LEFT:  2.00D  GRAD.:     0.013 HEAT: -74.94680
 CYCLE:    84 TIME:   0.012 TIME LEFT:  2.00D  GRAD.:     0.077 HEAT: -74.94680
 CYCLE:    85 TIME:   0.012 TIME LEFT:  2.00D  GRAD.:     1.946 HEAT: -74.93870
 CYCLE:    86 TIME:   0.008 TIME LEFT:  2.00D  GRAD.:     0.022 HEAT: -74.94680
 CYCLE:    87 TIME:   0.008 TIME LEFT:  2.00D  GRAD.:     0.027 HEAT: -74.94680
 CYCLE:    88 TIME:   0.004 TIME LEFT:  2.00D  GRAD.:     0.015 HEAT: -74.94681
 CYCLE:    89 TIME:   0.008 TIME LEFT:  2.00D  GRAD.:     0.015 HEAT: -74.94681
 CYCLE:    90 TIME:   0.008 TIME LEFT:  2.00D  GRAD.:     0.015 HEAT: -74.94681
 CYCLE:    91 TIME:   0.012 TIME LEFT:  2.00D  GRAD.:     0.014 HEAT: -74.94681
 CYCLE:    92 TIME:   0.008 TIME LEFT:  2.00D  GRAD.:     0.020 HEAT: -74.94682
 CYCLE:    93 TIME:   0.004 TIME LEFT:  2.00D  GRAD.:     0.016 HEAT: -74.94682
 CYCLE:    94 TIME:   0.008 TIME LEFT:  2.00D  GRAD.:     0.025 HEAT: -74.94682
 CYCLE:    95 TIME:   0.004 TIME LEFT:  2.00D  GRAD.:     0.007 HEAT: -74.94682

     GRADIENT =  0.00736 IS LESS THAN CUTOFF =  0.01000



 -------------------------------------------------------------------------------
 START_RES=(1) PM3 EF PRECISE GNORM=0.001 CYCLES=20000 NOINTER MMOK PDBOUT

 REMARK   4


     GEOMETRY OPTIMISED USING EIGENVECTOR FOLLOWING (EF).     
     SCF FIELD WAS ACHIEVED                                   


                              PM3 CALCULATION
                                                       MOPAC2016 (Version: 22.097 )
                                                       Tue Dec 10 12:19:03 2024




          FINAL HEAT OF FORMATION =        -74.94682 KCAL/MOL =    -313.57750 KJ/MOL


          COSMO AREA              =        146.75 SQUARE ANGSTROMS
          COSMO VOLUME            =        150.57 CUBIC ANGSTROMS

          GRADIENT NORM           =          0.00736          =       0.00174 PER ATOM
          IONIZATION POTENTIAL    =         11.092555 EV
          HOMO LUMO ENERGIES (EV) =        -11.093  3.109
          NO. OF FILLED LEVELS    =         19
          MOLECULAR WEIGHT        =         88.1492         POINT GROUP:  C1  

          MOLECULAR DIMENSIONS (Angstroms)

            Atom       Atom       Distance
            H    18    H    17     7.18601
            H    13    H    11     3.30059
            H    16    H    10     2.77876


          SCF CALCULATIONS        =        104
 
          WALL-CLOCK TIME         =          0.566 SECONDS
          COMPUTATION TIME        =          0.766 SECONDS




   ATOM                 CHEMICAL                   X               Y               Z
  NUMBER                 SYMBOL               (ANGSTROMS)     (ANGSTROMS)     (ANGSTROMS)
 
     1       O(ATOM      1  O   UNK A   1)   16.24668139  * -59.24317961  *  56.53169038  *
     2       C(ATOM      2  C   UNK A   1)   18.43080282  * -56.39845858  *  55.38524778  *
     3       C(ATOM      3  C   UNK A   1)   17.15137854  * -57.20392125  *  55.52831532  *
     4       C(ATOM      4  C   UNK A   1)   18.19026284  * -55.10600451  *  54.62146687  *
     5       C(ATOM      5  C   UNK A   1)   17.41230406  * -58.50035895  *  56.29614175  *
     6       C(ATOM      6  C   UNK A   1)   19.46312648  * -54.30236700  *  54.47984955  *
     7       H(ATOM      7  H   UNK A   1)   19.20442394  * -57.00294734  *  54.86984434  *
     8       H(ATOM      8  H   UNK A   1)   18.84907974  * -56.17260741  *  56.38692350  *
     9       H(ATOM      9  H   UNK A   1)   16.73029133  * -57.42921637  *  54.52723038  *
    10       H(ATOM     10  H   UNK A   1)   16.37764712  * -56.60213136  *  56.04578224  *
    11       H(ATOM     11  H   UNK A   1)   17.77190109  * -55.33200389  *  53.62037013  *
    12       H(ATOM     12  H   UNK A   1)   17.41670301  * -54.50243609  *  55.13684361  *
    13       H(ATOM     13  H   UNK A   1)   17.78933430  * -58.30294275  *  57.31509599  *
    14       H(ATOM     14  H   UNK A   1)   18.16577691  * -59.12249838  *  55.77356302  *
    15       H(ATOM     15  H   UNK A   1)   19.88178711  * -54.03091218  *  55.45815250  *
    16       H(ATOM     16  H   UNK A   1)   20.23755915  * -54.86184625  *  53.93829761  *
    17       H(ATOM     17  H   UNK A   1)   19.28615044  * -53.37002050  *  53.92870505  *
    18       H(ATOM     18  H   UNK A   1)   15.85627389  * -59.43466582  *  55.68791947  *

                             CARTESIAN COORDINATES

   1    O       16.246681392   -59.243179613    56.531690379
   2    C       18.430802818   -56.398458580    55.385247784
   3    C       17.151378538   -57.203921248    55.528315324
   4    C       18.190262844   -55.106004513    54.621466869
   5    C       17.412304062   -58.500358947    56.296141748
   6    C       19.463126485   -54.302366996    54.479849553
   7    H       19.204423936   -57.002947340    54.869844343
   8    H       18.849079736   -56.172607408    56.386923497
   9    H       16.730291327   -57.429216367    54.527230381
  10    H       16.377647121   -56.602131363    56.045782239
  11    H       17.771901088   -55.332003893    53.620370126
  12    H       17.416703007   -54.502436094    55.136843611
  13    H       17.789334297   -58.302942749    57.315095985
  14    H       18.165776913   -59.122498382    55.773563017
  15    H       19.881787115   -54.030912181    55.458152503
  16    H       20.237559149   -54.861846253    53.938297607
  17    H       19.286150438   -53.370020499    53.928705050
  18    H       15.856273890   -59.434665819    55.687919473


           Empirical Formula: C5 H12 O  =    18 atoms



      MOLECULAR POINT GROUP   :   C1  


                  EIGENVALUES  
 -39.93076 -36.72597 -31.13856 -25.20766 -21.71388 -21.13856 -17.90383 -16.68843
 -16.01150 -15.50790 -14.66101 -14.22769 -13.68584 -12.86609 -12.58086 -12.33459
 -11.83090 -11.49058 -11.09255   3.10942   3.42667   3.64787   3.76989   3.82435
   3.89486   3.92362   3.95891   4.21540   4.27632   4.46194   4.61119   4.67660
   4.94972   4.97399   5.02704   5.70785


              NET ATOMIC CHARGES AND DIPOLE CONTRIBUTIONS

  ATOM NO.                 TYPE                        CHARGE      No. of ELECS.   s-Pop       p-Pop       
    1          O(ATOM      1  O   UNK A   1)          -0.308714        6.3087     1.81018     4.49853
    2          C(ATOM      2  C   UNK A   1)          -0.097288        4.0973     1.16089     2.93639
    3          C(ATOM      3  C   UNK A   1)          -0.143876        4.1439     1.17181     2.97206
    4          C(ATOM      4  C   UNK A   1)          -0.097627        4.0976     1.15857     2.93905
    5          C(ATOM      5  C   UNK A   1)           0.065014        3.9350     1.15283     2.78215
    6          C(ATOM      6  C   UNK A   1)          -0.109352        4.1094     1.13823     2.97112
    7          H(ATOM      7  H   UNK A   1)           0.050679        0.9493     0.94932
    8          H(ATOM      8  H   UNK A   1)           0.053211        0.9468     0.94679
    9          H(ATOM      9  H   UNK A   1)           0.049342        0.9507     0.95066
   10          H(ATOM     10  H   UNK A   1)           0.063138        0.9369     0.93686
   11          H(ATOM     11  H   UNK A   1)           0.048093        0.9519     0.95191
   12          H(ATOM     12  H   UNK A   1)           0.049960        0.9500     0.95004
   13          H(ATOM     13  H   UNK A   1)           0.055731        0.9443     0.94427
   14          H(ATOM     14  H   UNK A   1)           0.025584        0.9744     0.97442
   15          H(ATOM     15  H   UNK A   1)           0.038595        0.9614     0.96140
   16          H(ATOM     16  H   UNK A   1)           0.037838        0.9622     0.96216
   17          H(ATOM     17  H   UNK A   1)           0.038059        0.9619     0.96194
   18          H(ATOM     18  H   UNK A   1)           0.181612        0.8184     0.81839

          NET CHARGE ON RESIDUES

      Residue         Charge  Anion or
                              Cation?
      UNK A   1       +0.000
 


 DIPOLE           X         Y         Z       TOTAL
 POINT-CHG.     0.553     0.496    -0.708     1.026
 HYBRID        -0.008     0.069    -0.649     0.653
 SUM            0.545     0.565    -1.357     1.568


          ATOMIC ORBITAL ELECTRON POPULATIONS

                   Atom                  s        px        py        pz   
   O(ATOM      1  O   UNK A   1)   1.81018   1.39873   1.74326   1.35655
   C(ATOM      2  C   UNK A   1)   1.16089   0.96610   0.96377   1.00653
   C(ATOM      3  C   UNK A   1)   1.17181   0.98409   0.98106   1.00692
   C(ATOM      4  C   UNK A   1)   1.15857   0.97549   0.96258   1.00098
   C(ATOM      5  C   UNK A   1)   1.15283   0.88363   0.90878   0.98975
   C(ATOM      6  C   UNK A   1)   1.13823   0.97005   0.99177   1.00930
   H(ATOM      7  H   UNK A   1)   0.94932
   H(ATOM      8  H   UNK A   1)   0.94679
   H(ATOM      9  H   UNK A   1)   0.95066
   H(ATOM     10  H   UNK A   1)   0.93686
   H(ATOM     11  H   UNK A   1)   0.95191
   H(ATOM     12  H   UNK A   1)   0.95004
   H(ATOM     13  H   UNK A   1)   0.94427
   H(ATOM     14  H   UNK A   1)   0.97442
   H(ATOM     15  H   UNK A   1)   0.96140
   H(ATOM     16  H   UNK A   1)   0.96216
   H(ATOM     17  H   UNK A   1)   0.96194
   H(ATOM     18  H   UNK A   1)   0.81839

 **********************
 *                    *
 * JOB ENDED NORMALLY *
 *                    *
 **********************



 TOTAL JOB TIME:             0.57 SECONDS

 == MOPAC DONE ==
