
       ╔════════════════════════════════════════════╗
       ║            ___ ___ ___ ___ _____           ║
       ║           / __| _ \ __/ __|_   _|          ║
       ║          | (__|   / _|\__ \ | |            ║
       ║           \___|_|_\___|___/ |_|            ║
       ║                                            ║
       ║  Conformer-Rotamer Ensemble Sampling Tool  ║
       ║          based on the xTB methods          ║
       ║                                            ║
       ╚════════════════════════════════════════════╝
       Version 3.0.2, Thu, 29 August 14:20:46, 08/29/2024
       commit (65685a7) compiled by 'usr@d37571da525e'

   Cite work conducted with this code as

   • P.Pracht, F.Bohle, S.Grimme, PCCP, 2020, 22, 7169-7192.
   • S.Grimme, JCTC, 2019, 15, 2847-2862.
   • P.Pracht, S.Grimme, C.Bannwarth, F.Bohle, S.Ehlert,
     G.Feldmann, J.Gorges, M.Müller, T.Neudecker, C.Plett,
     S.Spicher, P.Steinbach, P.Wesołowski, F.Zeller,
     J. Chem. Phys., 2024, 160, 114110.

   for works involving QCG cite

   • S.Spicher, C.Plett, P.Pracht, A.Hansen, S.Grimme,
     JCTC, 2022, 18 (5), 3174-3189.
   • C.Plett, S. Grimme,
     Angew. Chem. Int. Ed. 2023, 62, e202214477.

   for works involving MECP screening cite

   • P.Pracht, C.Bannwarth, JCTC, 2022, 18 (10), 6370-6385.

   Original code
     P.Pracht, S.Grimme, Universität Bonn, MCTC
   with help from (alphabetical order):
     C.Bannwarth, F.Bohle, S.Ehlert, G.Feldmann, J.Gorges,
     S.Grimme, C.Plett, P.Pracht, S.Spicher, P.Steinbach,
     P.Wesolowski, F.Zeller

   Online documentation is available at
   https://crest-lab.github.io/crest-docs/

   This program is distributed in the hope that it will be useful,
   but WITHOUT ANY WARRANTY; without even the implied warranty of
   MERCHANTABILITY or FITNESS FOR A PARTICULAR PURPOSE. See the
   GNU Lesser General Public License (LGPL) for more details.

 Command line input:
 $ ./crest ./pentanol.xyz --gfn2 -T 1

  --gfn2               : Use of GFN2-xTB requested.
  -T 1 (CPUs/Threads selected)

> Setting up backup calculator ... done.
 ----------------
 Calculation info
 ----------------
> User-defined calculation level:
 : xTB calculation via tblite lib
 : GFN2-xTB level
 :   Molecular charge    : 0
 :   Fermi temperature   : 300.00000
 :   Accuracy            : 1.00000
 :   max SCC cycles      : 500


 -----------------------------
 Initial Geometry Optimization
 -----------------------------
 Geometry successfully optimized.

          ┍━━━━━━━━━━━━━━━━━━━━━━━━━━━━━━━━━━━━━━━━━━━━━━━━━┑
          │              CREST iMTD-GC SAMPLING             │
          ┕━━━━━━━━━━━━━━━━━━━━━━━━━━━━━━━━━━━━━━━━━━━━━━━━━┙

 Input structure:
  18

 O          3.0534328369        0.1498004857        0.0251354568
 C         -0.6978755260       -0.3825222710        0.0048779991
 C          0.6167418495        0.3922596388        0.0307403412
 C         -1.9082476323        0.5493481531        0.0220551006
 C          1.8282000700       -0.5407273811       -0.0149193116
 C         -3.2210795386       -0.2231131854       -0.0322860789
 H         -0.7417702484       -1.0492189496        0.8686203625
 H         -0.7332439930       -1.0034347098       -0.8935712787
 H          0.6717996278        0.9989964230        0.9365624205
 H          0.6554197179        1.0698123335       -0.8277043375
 H         -1.8816089407        1.1565987068        0.9292805088
 H         -1.8526643508        1.2276784005       -0.8324239990
 H          1.7722671112       -1.1724962955       -0.9146769737
 H          1.8355018180       -1.1932186765        0.8613289638
 H         -3.2754646769       -0.8192226329       -0.9405864986
 H         -3.3059887921       -0.8918935183        0.8212737274
 H         -4.0665071634        0.4605743921       -0.0189620180
 H          3.0851288709        0.7726518265       -0.7103733751

 ------------------------------------------------
 Generating MTD length from a flexibility measure
 ------------------------------------------------
 Calculating GFN0-xTB WBOs   ... done.
 Calculating NCI flexibility ... done.
     covalent flexibility measure :   0.756
 non-covalent flexibility measure :   0.858
 flexibility measure :   0.751
 t(MTD) / ps    :     6.0
 Σ(t(MTD)) / ps :    84.0 (14 MTDs)

 -----------------------------------
 Starting trial MTD to test settings
 -----------------------------------
 Trial MTD 1 runtime (1.0 ps) ...        0 min,  3.125 sec
 Estimated runtime for one MTD (6.0 ps) on a single thread: 19 sec
 Estimated runtime for a batch of 14 MTDs on 1 threads: 4 min 22 sec

******************************************************************************************
**                         N E W   I T E R A T I O N  C Y C L E                         **
******************************************************************************************

 ------------------------------
 Meta-Dynamics Iteration 1
 ------------------------------
 list of applied metadynamics Vbias parameters:
$metadyn    0.05400   1.300
$metadyn    0.02700   1.300
$metadyn    0.01350   1.300
$metadyn    0.05400   0.780
$metadyn    0.02700   0.780
$metadyn    0.01350   0.780
$metadyn    0.05400   0.468
$metadyn    0.02700   0.468
$metadyn    0.01350   0.468
$metadyn    0.05400   0.281
$metadyn    0.02700   0.281
$metadyn    0.01350   0.281
$metadyn    0.01800   0.100
$metadyn    0.09000   0.800

  ::::::::::::: starting MTD    1 :::::::::::::
  |   MD simulation time   :     6.0 ps       |
  |   target T             :   300.0 K        |
  |   timestep dt          :     5.0 fs       |
  |   dump interval(trj)   :   100.0 fs       |
  |   SHAKE algorithm      : true (all bonds) |
  |   dump interval(Vbias) :    1.00 ps       |
  |   Vbias prefactor (k)  :  0.0540 Eh       |
  |   Vbias exponent (α)   :  1.3000 bohr⁻²   |
*MTD   1 completed successfully ...        0 min, 24.359 sec
  ::::::::::::: starting MTD    2 :::::::::::::
  |   MD simulation time   :     6.0 ps       |
  |   target T             :   300.0 K        |
  |   timestep dt          :     5.0 fs       |
  |   dump interval(trj)   :   100.0 fs       |
  |   SHAKE algorithm      : true (all bonds) |
  |   dump interval(Vbias) :    1.00 ps       |
  |   Vbias prefactor (k)  :  0.0270 Eh       |
  |   Vbias exponent (α)   :  1.3000 bohr⁻²   |
*MTD   2 completed successfully ...        0 min, 27.356 sec
  ::::::::::::: starting MTD    3 :::::::::::::
  |   MD simulation time   :     6.0 ps       |
  |   target T             :   300.0 K        |
  |   timestep dt          :     5.0 fs       |
  |   dump interval(trj)   :   100.0 fs       |
  |   SHAKE algorithm      : true (all bonds) |
  |   dump interval(Vbias) :    1.00 ps       |
  |   Vbias prefactor (k)  :  0.0135 Eh       |
  |   Vbias exponent (α)   :  1.3000 bohr⁻²   |
*MTD   3 completed successfully ...        0 min, 27.446 sec
  ::::::::::::: starting MTD    4 :::::::::::::
  |   MD simulation time   :     6.0 ps       |
  |   target T             :   300.0 K        |
  |   timestep dt          :     5.0 fs       |
  |   dump interval(trj)   :   100.0 fs       |
  |   SHAKE algorithm      : true (all bonds) |
  |   dump interval(Vbias) :    1.00 ps       |
  |   Vbias prefactor (k)  :  0.0540 Eh       |
  |   Vbias exponent (α)   :  0.7800 bohr⁻²   |
*MTD   4 completed successfully ...        0 min, 25.715 sec
  ::::::::::::: starting MTD    5 :::::::::::::
  |   MD simulation time   :     6.0 ps       |
  |   target T             :   300.0 K        |
  |   timestep dt          :     5.0 fs       |
  |   dump interval(trj)   :   100.0 fs       |
  |   SHAKE algorithm      : true (all bonds) |
  |   dump interval(Vbias) :    1.00 ps       |
  |   Vbias prefactor (k)  :  0.0270 Eh       |
  |   Vbias exponent (α)   :  0.7800 bohr⁻²   |
*MTD   5 completed successfully ...        0 min, 25.218 sec
  ::::::::::::: starting MTD    6 :::::::::::::
  |   MD simulation time   :     6.0 ps       |
  |   target T             :   300.0 K        |
  |   timestep dt          :     5.0 fs       |
  |   dump interval(trj)   :   100.0 fs       |
  |   SHAKE algorithm      : true (all bonds) |
  |   dump interval(Vbias) :    1.00 ps       |
  |   Vbias prefactor (k)  :  0.0135 Eh       |
  |   Vbias exponent (α)   :  0.7800 bohr⁻²   |
*MTD   6 completed successfully ...        0 min, 24.280 sec
  ::::::::::::: starting MTD    7 :::::::::::::
  |   MD simulation time   :     6.0 ps       |
  |   target T             :   300.0 K        |
  |   timestep dt          :     5.0 fs       |
  |   dump interval(trj)   :   100.0 fs       |
  |   SHAKE algorithm      : true (all bonds) |
  |   dump interval(Vbias) :    1.00 ps       |
  |   Vbias prefactor (k)  :  0.0540 Eh       |
  |   Vbias exponent (α)   :  0.4680 bohr⁻²   |
*MTD   7 completed successfully ...        0 min, 21.707 sec
  ::::::::::::: starting MTD    8 :::::::::::::
  |   MD simulation time   :     6.0 ps       |
  |   target T             :   300.0 K        |
  |   timestep dt          :     5.0 fs       |
  |   dump interval(trj)   :   100.0 fs       |
  |   SHAKE algorithm      : true (all bonds) |
  |   dump interval(Vbias) :    1.00 ps       |
  |   Vbias prefactor (k)  :  0.0270 Eh       |
  |   Vbias exponent (α)   :  0.4680 bohr⁻²   |
*MTD   8 completed successfully ...        0 min, 21.553 sec
  ::::::::::::: starting MTD    9 :::::::::::::
  |   MD simulation time   :     6.0 ps       |
  |   target T             :   300.0 K        |
  |   timestep dt          :     5.0 fs       |
  |   dump interval(trj)   :   100.0 fs       |
  |   SHAKE algorithm      : true (all bonds) |
  |   dump interval(Vbias) :    1.00 ps       |
  |   Vbias prefactor (k)  :  0.0135 Eh       |
  |   Vbias exponent (α)   :  0.4680 bohr⁻²   |
*MTD   9 completed successfully ...        0 min, 21.505 sec
  ::::::::::::: starting MTD   10 :::::::::::::
  |   MD simulation time   :     6.0 ps       |
  |   target T             :   300.0 K        |
  |   timestep dt          :     5.0 fs       |
  |   dump interval(trj)   :   100.0 fs       |
  |   SHAKE algorithm      : true (all bonds) |
  |   dump interval(Vbias) :    1.00 ps       |
  |   Vbias prefactor (k)  :  0.0540 Eh       |
  |   Vbias exponent (α)   :  0.2808 bohr⁻²   |
*MTD  10 completed successfully ...        0 min, 39.943 sec
  ::::::::::::: starting MTD   11 :::::::::::::
  |   MD simulation time   :     6.0 ps       |
  |   target T             :   300.0 K        |
  |   timestep dt          :     5.0 fs       |
  |   dump interval(trj)   :   100.0 fs       |
  |   SHAKE algorithm      : true (all bonds) |
  |   dump interval(Vbias) :    1.00 ps       |
  |   Vbias prefactor (k)  :  0.0270 Eh       |
  |   Vbias exponent (α)   :  0.2808 bohr⁻²   |
*MTD  11 completed successfully ...        0 min, 33.203 sec
  ::::::::::::: starting MTD   12 :::::::::::::
  |   MD simulation time   :     6.0 ps       |
  |   target T             :   300.0 K        |
  |   timestep dt          :     5.0 fs       |
  |   dump interval(trj)   :   100.0 fs       |
  |   SHAKE algorithm      : true (all bonds) |
  |   dump interval(Vbias) :    1.00 ps       |
  |   Vbias prefactor (k)  :  0.0135 Eh       |
  |   Vbias exponent (α)   :  0.2808 bohr⁻²   |
*MTD  12 completed successfully ...        0 min, 21.916 sec
  ::::::::::::: starting MTD   13 :::::::::::::
  |   MD simulation time   :     6.0 ps       |
  |   target T             :   300.0 K        |
  |   timestep dt          :     5.0 fs       |
  |   dump interval(trj)   :   100.0 fs       |
  |   SHAKE algorithm      : true (all bonds) |
  |   dump interval(Vbias) :    1.00 ps       |
  |   Vbias prefactor (k)  :  0.0180 Eh       |
  |   Vbias exponent (α)   :  0.1000 bohr⁻²   |
*MTD  13 completed successfully ...        0 min, 20.610 sec
  ::::::::::::: starting MTD   14 :::::::::::::
  |   MD simulation time   :     6.0 ps       |
  |   target T             :   300.0 K        |
  |   timestep dt          :     5.0 fs       |
  |   dump interval(trj)   :   100.0 fs       |
  |   SHAKE algorithm      : true (all bonds) |
  |   dump interval(Vbias) :    1.00 ps       |
  |   Vbias prefactor (k)  :  0.0900 Eh       |
  |   Vbias exponent (α)   :  0.8000 bohr⁻²   |
*MTD  14 completed successfully ...        0 min, 20.470 sec

 ======================================
 |  Multilevel Ensemble Optimization  |
 ======================================
 Optimizing all 826 structures from file "crest_dynamics.trj" ...
 ----------------------
 crude pre-optimization
 ----------------------
 Optimization engine: ANCOPT
 Hessian update type: BFGS
 E/G convergence criteria:  0.500E-03 Eh, 0.100E-01 Eh/a0
 maximum optimization steps: 200
 |>0.1% |>10.0% |>20.1% |>30.0% |>40.1% |>50.0% |>60.0% |>70.1% |>80.0% |>90.1% |>100.0%
 done.
> 826 of 826 structures successfully optimized (100.0% success)
> Total runtime for 826 optimizations:
 * wall-time:     0 d,  0 h,  2 min, 17.199 sec
 *  cpu-time:     0 d,  0 h, 18 min, 17.404 sec
 * ratio c/w:     7.999 speedup
> Corresponding to approximately 0.166 sec per processed structure

CREGEN> running RMSDs ... done.
CREGEN> E lowest :   -20.88715
 607 structures remain within    12.00 kcal/mol window
 ----------------------------------
 optimization with tight thresholds
 ----------------------------------
 Optimization engine: ANCOPT
 Hessian update type: BFGS
 E/G convergence criteria:  0.100E-05 Eh, 0.800E-03 Eh/a0
 maximum optimization steps: 200
 |>0.2% |>10.0% |>20.1% |>30.1% |>40.0% |>50.1% |>60.1% |>70.0% |>80.1% |>90.1% |>100.0%
 done.
> 607 of 607 structures successfully optimized (100.0% success)
> Total runtime for 607 optimizations:
 * wall-time:     0 d,  0 h,  3 min, 42.766 sec
 *  cpu-time:     0 d,  0 h, 29 min, 41.882 sec
 * ratio c/w:     7.999 speedup
> Corresponding to approximately 0.367 sec per processed structure

CREGEN> running RMSDs ... done.
CREGEN> E lowest :   -20.88735
 181 structures remain within     6.00 kcal/mol window

 ------------------------------
 Meta-Dynamics Iteration 2
 ------------------------------
 list of applied metadynamics Vbias parameters:
$metadyn    0.05400   1.300
$metadyn    0.02700   1.300
$metadyn    0.01350   1.300
$metadyn    0.05400   0.780
$metadyn    0.02700   0.780
$metadyn    0.01350   0.780
$metadyn    0.05400   0.468
$metadyn    0.02700   0.468
$metadyn    0.01350   0.468
$metadyn    0.05400   0.281
$metadyn    0.02700   0.281
$metadyn    0.01350   0.281
$metadyn    0.01800   0.100
$metadyn    0.09000   0.800

  ::::::::::::: starting MTD    1 :::::::::::::
  |   MD simulation time   :     6.0 ps       |
  |   target T             :   300.0 K        |
  |   timestep dt          :     5.0 fs       |
  |   dump interval(trj)   :   100.0 fs       |
  |   SHAKE algorithm      : true (all bonds) |
  |   dump interval(Vbias) :    1.00 ps       |
  |   Vbias prefactor (k)  :  0.0540 Eh       |
  |   Vbias exponent (α)   :  1.3000 bohr⁻²   |
*MTD   1 completed successfully ...        0 min, 21.714 sec
  ::::::::::::: starting MTD    2 :::::::::::::
  |   MD simulation time   :     6.0 ps       |
  |   target T             :   300.0 K        |
  |   timestep dt          :     5.0 fs       |
  |   dump interval(trj)   :   100.0 fs       |
  |   SHAKE algorithm      : true (all bonds) |
  |   dump interval(Vbias) :    1.00 ps       |
  |   Vbias prefactor (k)  :  0.0270 Eh       |
  |   Vbias exponent (α)   :  1.3000 bohr⁻²   |
*MTD   2 completed successfully ...        0 min, 20.518 sec
  ::::::::::::: starting MTD    3 :::::::::::::
  |   MD simulation time   :     6.0 ps       |
  |   target T             :   300.0 K        |
  |   timestep dt          :     5.0 fs       |
  |   dump interval(trj)   :   100.0 fs       |
  |   SHAKE algorithm      : true (all bonds) |
  |   dump interval(Vbias) :    1.00 ps       |
  |   Vbias prefactor (k)  :  0.0135 Eh       |
  |   Vbias exponent (α)   :  1.3000 bohr⁻²   |
*MTD   3 completed successfully ...        0 min, 21.631 sec
  ::::::::::::: starting MTD    4 :::::::::::::
  |   MD simulation time   :     6.0 ps       |
  |   target T             :   300.0 K        |
  |   timestep dt          :     5.0 fs       |
  |   dump interval(trj)   :   100.0 fs       |
  |   SHAKE algorithm      : true (all bonds) |
  |   dump interval(Vbias) :    1.00 ps       |
  |   Vbias prefactor (k)  :  0.0540 Eh       |
  |   Vbias exponent (α)   :  0.7800 bohr⁻²   |
*MTD   4 completed successfully ...        0 min, 21.764 sec
  ::::::::::::: starting MTD    5 :::::::::::::
  |   MD simulation time   :     6.0 ps       |
  |   target T             :   300.0 K        |
  |   timestep dt          :     5.0 fs       |
  |   dump interval(trj)   :   100.0 fs       |
  |   SHAKE algorithm      : true (all bonds) |
  |   dump interval(Vbias) :    1.00 ps       |
  |   Vbias prefactor (k)  :  0.0270 Eh       |
  |   Vbias exponent (α)   :  0.7800 bohr⁻²   |
*MTD   5 completed successfully ...        0 min, 22.956 sec
  ::::::::::::: starting MTD    6 :::::::::::::
  |   MD simulation time   :     6.0 ps       |
  |   target T             :   300.0 K        |
  |   timestep dt          :     5.0 fs       |
  |   dump interval(trj)   :   100.0 fs       |
  |   SHAKE algorithm      : true (all bonds) |
  |   dump interval(Vbias) :    1.00 ps       |
  |   Vbias prefactor (k)  :  0.0135 Eh       |
  |   Vbias exponent (α)   :  0.7800 bohr⁻²   |
*MTD   6 completed successfully ...        0 min, 22.319 sec
  ::::::::::::: starting MTD    7 :::::::::::::
  |   MD simulation time   :     6.0 ps       |
  |   target T             :   300.0 K        |
  |   timestep dt          :     5.0 fs       |
  |   dump interval(trj)   :   100.0 fs       |
  |   SHAKE algorithm      : true (all bonds) |
  |   dump interval(Vbias) :    1.00 ps       |
  |   Vbias prefactor (k)  :  0.0540 Eh       |
  |   Vbias exponent (α)   :  0.4680 bohr⁻²   |
*MTD   7 completed successfully ...        0 min, 20.448 sec
  ::::::::::::: starting MTD    8 :::::::::::::
  |   MD simulation time   :     6.0 ps       |
  |   target T             :   300.0 K        |
  |   timestep dt          :     5.0 fs       |
  |   dump interval(trj)   :   100.0 fs       |
  |   SHAKE algorithm      : true (all bonds) |
  |   dump interval(Vbias) :    1.00 ps       |
  |   Vbias prefactor (k)  :  0.0270 Eh       |
  |   Vbias exponent (α)   :  0.4680 bohr⁻²   |
*MTD   8 completed successfully ...        0 min, 22.816 sec
  ::::::::::::: starting MTD    9 :::::::::::::
  |   MD simulation time   :     6.0 ps       |
  |   target T             :   300.0 K        |
  |   timestep dt          :     5.0 fs       |
  |   dump interval(trj)   :   100.0 fs       |
  |   SHAKE algorithm      : true (all bonds) |
  |   dump interval(Vbias) :    1.00 ps       |
  |   Vbias prefactor (k)  :  0.0135 Eh       |
  |   Vbias exponent (α)   :  0.4680 bohr⁻²   |
*MTD   9 completed successfully ...        0 min, 20.171 sec
  ::::::::::::: starting MTD   10 :::::::::::::
  |   MD simulation time   :     6.0 ps       |
  |   target T             :   300.0 K        |
  |   timestep dt          :     5.0 fs       |
  |   dump interval(trj)   :   100.0 fs       |
  |   SHAKE algorithm      : true (all bonds) |
  |   dump interval(Vbias) :    1.00 ps       |
  |   Vbias prefactor (k)  :  0.0540 Eh       |
  |   Vbias exponent (α)   :  0.2808 bohr⁻²   |
*MTD  10 completed successfully ...        0 min, 20.540 sec
  ::::::::::::: starting MTD   11 :::::::::::::
  |   MD simulation time   :     6.0 ps       |
  |   target T             :   300.0 K        |
  |   timestep dt          :     5.0 fs       |
  |   dump interval(trj)   :   100.0 fs       |
  |   SHAKE algorithm      : true (all bonds) |
  |   dump interval(Vbias) :    1.00 ps       |
  |   Vbias prefactor (k)  :  0.0270 Eh       |
  |   Vbias exponent (α)   :  0.2808 bohr⁻²   |
*MTD  11 completed successfully ...        0 min, 20.398 sec
  ::::::::::::: starting MTD   12 :::::::::::::
  |   MD simulation time   :     6.0 ps       |
  |   target T             :   300.0 K        |
  |   timestep dt          :     5.0 fs       |
  |   dump interval(trj)   :   100.0 fs       |
  |   SHAKE algorithm      : true (all bonds) |
  |   dump interval(Vbias) :    1.00 ps       |
  |   Vbias prefactor (k)  :  0.0135 Eh       |
  |   Vbias exponent (α)   :  0.2808 bohr⁻²   |
*MTD  12 completed successfully ...        0 min, 20.185 sec
  ::::::::::::: starting MTD   13 :::::::::::::
  |   MD simulation time   :     6.0 ps       |
  |   target T             :   300.0 K        |
  |   timestep dt          :     5.0 fs       |
  |   dump interval(trj)   :   100.0 fs       |
  |   SHAKE algorithm      : true (all bonds) |
  |   dump interval(Vbias) :    1.00 ps       |
  |   Vbias prefactor (k)  :  0.0180 Eh       |
  |   Vbias exponent (α)   :  0.1000 bohr⁻²   |
*MTD  13 completed successfully ...        0 min, 20.388 sec
  ::::::::::::: starting MTD   14 :::::::::::::
  |   MD simulation time   :     6.0 ps       |
  |   target T             :   300.0 K        |
  |   timestep dt          :     5.0 fs       |
  |   dump interval(trj)   :   100.0 fs       |
  |   SHAKE algorithm      : true (all bonds) |
  |   dump interval(Vbias) :    1.00 ps       |
  |   Vbias prefactor (k)  :  0.0900 Eh       |
  |   Vbias exponent (α)   :  0.8000 bohr⁻²   |
*MTD  14 completed successfully ...        0 min, 21.294 sec

 ======================================
 |  Multilevel Ensemble Optimization  |
 ======================================
 Optimizing all 826 structures from file "crest_dynamics.trj" ...
 ----------------------
 crude pre-optimization
 ----------------------
 Optimization engine: ANCOPT
 Hessian update type: BFGS
 E/G convergence criteria:  0.500E-03 Eh, 0.100E-01 Eh/a0
 maximum optimization steps: 200
 |>0.1% |>10.0% |>20.1% |>30.0% |>40.1% |>50.0% |>60.0% |>70.1% |>80.0% |>90.1% |>100.0%
 done.
> 826 of 826 structures successfully optimized (100.0% success)
> Total runtime for 826 optimizations:
 * wall-time:     0 d,  0 h,  2 min, 18.116 sec
 *  cpu-time:     0 d,  0 h, 18 min, 24.688 sec
 * ratio c/w:     7.998 speedup
> Corresponding to approximately 0.167 sec per processed structure

CREGEN> running RMSDs ... done.
CREGEN> E lowest :   -20.88724
 597 structures remain within    12.00 kcal/mol window
 ----------------------------------
 optimization with tight thresholds
 ----------------------------------
 Optimization engine: ANCOPT
 Hessian update type: BFGS
 E/G convergence criteria:  0.100E-05 Eh, 0.800E-03 Eh/a0
 maximum optimization steps: 200
 |>0.2% |>10.1% |>20.1% |>30.2% |>40.0% |>50.1% |>60.1% |>70.0% |>80.1% |>90.1% |>100.0%
 done.
> 597 of 597 structures successfully optimized (100.0% success)
> Total runtime for 597 optimizations:
 * wall-time:     0 d,  0 h,  4 min,  4.311 sec
 *  cpu-time:     0 d,  0 h, 32 min, 34.202 sec
 * ratio c/w:     7.999 speedup
> Corresponding to approximately 0.409 sec per processed structure

CREGEN> running RMSDs ... done.
CREGEN> E lowest :   -20.88735
 196 structures remain within     6.00 kcal/mol window

========================================
           MTD Simulations done         
========================================
 Collecting ensmbles.
CREGEN> running RMSDs ... done.
CREGEN> E lowest :   -20.88735
 249 structures remain within     6.00 kcal/mol window


 ===============================================
 Additional regular MDs on lowest 4 conformer(s)
 ===============================================
  :::::::::::::: starting MD   8 ::::::::::::::
  |   MD simulation time   :     3.0 ps       |
  |   target T             :   500.0 K        |
  |   timestep dt          :     5.0 fs       |
  |   dump interval(trj)   :   100.0 fs       |
  |   SHAKE algorithm      : true (all bonds) |
*MD   8 completed successfully ...        0 min, 10.643 sec
  :::::::::::::: starting MD   7 ::::::::::::::
  |   MD simulation time   :     3.0 ps       |
  |   target T             :   500.0 K        |
  |   timestep dt          :     5.0 fs       |
  |   dump interval(trj)   :   100.0 fs       |
  |   SHAKE algorithm      : true (all bonds) |
*MD   7 completed successfully ...        0 min, 10.393 sec
  :::::::::::::: starting MD   6 ::::::::::::::
  |   MD simulation time   :     3.0 ps       |
  |   target T             :   500.0 K        |
  |   timestep dt          :     5.0 fs       |
  |   dump interval(trj)   :   100.0 fs       |
  |   SHAKE algorithm      : true (all bonds) |
*MD   6 completed successfully ...        0 min, 10.352 sec
  :::::::::::::: starting MD   5 ::::::::::::::
  |   MD simulation time   :     3.0 ps       |
  |   target T             :   500.0 K        |
  |   timestep dt          :     5.0 fs       |
  |   dump interval(trj)   :   100.0 fs       |
  |   SHAKE algorithm      : true (all bonds) |
*MD   5 completed successfully ...        0 min, 10.256 sec
  :::::::::::::: starting MD   4 ::::::::::::::
  |   MD simulation time   :     3.0 ps       |
  |   target T             :   400.0 K        |
  |   timestep dt          :     5.0 fs       |
  |   dump interval(trj)   :   100.0 fs       |
  |   SHAKE algorithm      : true (all bonds) |
*MD   4 completed successfully ...        0 min, 10.243 sec
  :::::::::::::: starting MD   3 ::::::::::::::
  |   MD simulation time   :     3.0 ps       |
  |   target T             :   400.0 K        |
  |   timestep dt          :     5.0 fs       |
  |   dump interval(trj)   :   100.0 fs       |
  |   SHAKE algorithm      : true (all bonds) |
*MD   3 completed successfully ...        0 min, 11.106 sec
  :::::::::::::: starting MD   2 ::::::::::::::
  |   MD simulation time   :     3.0 ps       |
  |   target T             :   400.0 K        |
  |   timestep dt          :     5.0 fs       |
  |   dump interval(trj)   :   100.0 fs       |
  |   SHAKE algorithm      : true (all bonds) |
*MD   2 completed successfully ...        0 min, 10.299 sec
  :::::::::::::: starting MD   1 ::::::::::::::
  |   MD simulation time   :     3.0 ps       |
  |   target T             :   400.0 K        |
  |   timestep dt          :     5.0 fs       |
  |   dump interval(trj)   :   100.0 fs       |
  |   SHAKE algorithm      : true (all bonds) |
*MD   1 completed successfully ...        0 min, 10.590 sec
 Appending file crest_rotamers_1.xyz with new structures
 Optimizing all 481 structures from file "crest_rotamers_1.xyz" ...
 ----------------------------------
 optimization with tight thresholds
 ----------------------------------
 Optimization engine: ANCOPT
 Hessian update type: BFGS
 E/G convergence criteria:  0.100E-05 Eh, 0.800E-03 Eh/a0
 maximum optimization steps: 200
 |>0.2% |>10.2% |>20.2% |>30.1% |>40.1% |>50.1% |>60.1% |>70.1% |>80.0% |>90.0% |>100.0%
 done.
> 481 of 481 structures successfully optimized (100.0% success)
> Total runtime for 481 optimizations:
 * wall-time:     0 d,  0 h,  1 min, 55.237 sec
 *  cpu-time:     0 d,  0 h, 15 min, 21.735 sec
 * ratio c/w:     7.999 speedup
> Corresponding to approximately 0.240 sec per processed structure

CREGEN> running RMSDs ... done.
CREGEN> E lowest :   -20.88735
 250 structures remain within     6.00 kcal/mol window

     ========================================
     |        Structure Crossing (GC)       |
     ========================================

 =============================
  # threads =           1
 =============================
input  file name : crest_rotamers_2.xyz
number of atoms                :      18
number of points on xyz files  :     250
conformer energy window  /kcal :    6.00
CN per atom difference cut-off :  0.3000
RMSD threshold (Ang, Bohr)     :  0.2500  0.4724
max. # of generated structures :      300
 # in E window         250
  10.1 % done
  35.7 % done
  60.3 % done
 finished.
 average rmsd w.r.t input     :     2.32253
 number of clash discarded    :       29080
 removed identical structures :        1003

 300 structures written to confcross.xyz


 ======================================
 |  Multilevel Ensemble Optimization  |
 ======================================
 Optimizing all 300 structures from file "confcross.xyz" ...
 ----------------------
 crude pre-optimization
 ----------------------
 Optimization engine: ANCOPT
 Hessian update type: BFGS
 E/G convergence criteria:  0.500E-03 Eh, 0.100E-01 Eh/a0
 maximum optimization steps: 200
 |>0.3% |>10.0% |>20.0% |>30.0% |>40.0% |>50.0% |>60.0% |>70.3% |>80.0% |>90.3% |>100.0%
 done.
> 300 of 300 structures successfully optimized (100.0% success)
> Total runtime for 300 optimizations:
 * wall-time:     0 d,  0 h,  0 min, 43.967 sec
 *  cpu-time:     0 d,  0 h,  5 min, 51.628 sec
 * ratio c/w:     7.998 speedup
> Corresponding to approximately 0.147 sec per processed structure

CREGEN> running RMSDs ... done.
CREGEN> E lowest :   -20.88735
 182 structures remain within    12.00 kcal/mol window
 ----------------------------------
 optimization with tight thresholds
 ----------------------------------
 Optimization engine: ANCOPT
 Hessian update type: BFGS
 E/G convergence criteria:  0.100E-05 Eh, 0.800E-03 Eh/a0
 maximum optimization steps: 200
 |>0.5% |>10.4% |>20.3% |>30.2% |>40.1% |>50.0% |>60.4% |>70.3% |>80.2% |>90.1% |>100.0%
 done.
> 182 of 182 structures successfully optimized (100.0% success)
> Total runtime for 182 optimizations:
 * wall-time:     0 d,  0 h,  1 min,  3.147 sec
 *  cpu-time:     0 d,  0 h,  8 min, 25.034 sec
 * ratio c/w:     7.998 speedup
> Corresponding to approximately 0.347 sec per processed structure

CREGEN> running RMSDs ... done.
CREGEN> E lowest :   -20.88735
 90 structures remain within     6.00 kcal/mol window
appending new structures to crest_rotamers_2.xyz
CREGEN> running RMSDs ... done.
CREGEN> E lowest :   -20.88735


   ================================================
   |           Final Geometry Optimization        |
   ================================================
 Optimizing all 261 structures from file "crest_rotamers_3.xyz" ...
 ---------------------------------------
 optimization with very tight thresholds
 ---------------------------------------
 Optimization engine: ANCOPT
 Hessian update type: BFGS
 E/G convergence criteria:  0.100E-06 Eh, 0.200E-03 Eh/a0
 maximum optimization steps: 200
 |>0.4% |>10.3% |>20.3% |>30.3% |>40.2% |>50.2% |>60.2% |>70.1% |>80.1% |>90.0% |>100.0%
 done.
> 261 of 261 structures successfully optimized (100.0% success)
> Total runtime for 261 optimizations:
 * wall-time:     0 d,  0 h,  0 min, 28.861 sec
 *  cpu-time:     0 d,  0 h,  3 min, 50.798 sec
 * ratio c/w:     7.997 speedup
> Corresponding to approximately 0.111 sec per processed structure

CREGEN> running RMSDs ... done.
CREGEN> E lowest :   -20.88735
 257 structures remain within     6.00 kcal/mol window


 --------------------------
 Final Ensemble Information
 --------------------------
 input  file name : crest_rotamers_3.xyz
 output file name : crest_rotamers_4.xyz
 number of atoms                :   18
 number of points on xyz files  :   261
 RMSD threshold                 :   0.1250
 Bconst threshold               :   0.0100
 population threshold           :   0.0500
 # fragment in coord            :     1
 # bonds in reference structure :    17
 number of reliable points      :   261
 sorting energy window (EWIN)   :    6.0000 / kcal*mol⁻¹
 reference state Etot           :  -20.887352270000001
 number of doubles removed by rot/RMSD         :           4
 total number unique points considered further :         257
       Erel/kcal        Etot weight/tot  conformer     set   degen     origin
       1   0.000   -20.88735    0.02237    0.13424       1       6
       2   0.000   -20.88735    0.02237
       3   0.000   -20.88735    0.02237
       4   0.000   -20.88735    0.02237
       5   0.000   -20.88735    0.02237
       6   0.000   -20.88735    0.02237
       7   0.086   -20.88721    0.01934    0.11606       2       6
       8   0.086   -20.88721    0.01934
       9   0.086   -20.88721    0.01934
      10   0.086   -20.88721    0.01934
      11   0.086   -20.88721    0.01934
      12   0.086   -20.88721    0.01934
      13   0.288   -20.88689    0.01378    0.08266       3       6
      14   0.288   -20.88689    0.01378
      15   0.288   -20.88689    0.01378
      16   0.288   -20.88689    0.01378
      17   0.288   -20.88689    0.01378
      18   0.288   -20.88689    0.01377
      19   0.449   -20.88664    0.01050    0.06300       4       6
      20   0.449   -20.88664    0.01050
      21   0.449   -20.88664    0.01050
      22   0.449   -20.88664    0.01050
      23   0.449   -20.88664    0.01050
      24   0.449   -20.88664    0.01050
      25   0.539   -20.88649    0.00901    0.09710       5      11
      26   0.539   -20.88649    0.00901
      27   0.539   -20.88649    0.00901
      28   0.539   -20.88649    0.00901
      29   0.539   -20.88649    0.00901
      30   0.539   -20.88649    0.00901
      31   0.566   -20.88645    0.00861
      32   0.566   -20.88645    0.00861
      33   0.567   -20.88645    0.00861
      34   0.567   -20.88645    0.00861
      35   0.567   -20.88645    0.00860
      36   0.567   -20.88645    0.00860    0.04196       6       5
      37   0.585   -20.88642    0.00834
      38   0.585   -20.88642    0.00834
      39   0.585   -20.88642    0.00834
      40   0.585   -20.88642    0.00834
      41   0.585   -20.88642    0.00834    0.05243       7       6
      42   0.552   -20.88647    0.00882
      43   0.552   -20.88647    0.00882
      44   0.552   -20.88647    0.00882
      45   0.552   -20.88647    0.00882
      46   0.552   -20.88647    0.00882
      47   0.617   -20.88637    0.00791    0.09132       8      12
      48   0.617   -20.88637    0.00791
      49   0.617   -20.88637    0.00791
      50   0.617   -20.88637    0.00791
      51   0.617   -20.88637    0.00791
      52   0.617   -20.88637    0.00790
      53   0.663   -20.88630    0.00731
      54   0.663   -20.88630    0.00731
      55   0.663   -20.88630    0.00731
      56   0.663   -20.88630    0.00731
      57   0.663   -20.88630    0.00731
      58   0.663   -20.88630    0.00731
      59   0.624   -20.88636    0.00782    0.04690       9       6
      60   0.624   -20.88636    0.00782
      61   0.624   -20.88636    0.00782
      62   0.624   -20.88636    0.00782
      63   0.624   -20.88636    0.00782
      64   0.624   -20.88636    0.00782
      65   0.781   -20.88611    0.00599    0.03595      10       6
      66   0.781   -20.88611    0.00599
      67   0.781   -20.88611    0.00599
      68   0.781   -20.88611    0.00599
      69   0.781   -20.88611    0.00599
      70   0.782   -20.88611    0.00599
      71   0.870   -20.88597    0.00516    0.03094      11       6
      72   0.870   -20.88597    0.00516
      73   0.870   -20.88597    0.00516
      74   0.870   -20.88597    0.00516
      75   0.870   -20.88597    0.00516
      76   0.871   -20.88596    0.00515
      77   0.901   -20.88592    0.00489    0.02936      12       6
      78   0.901   -20.88592    0.00489
      79   0.901   -20.88592    0.00489
      80   0.901   -20.88592    0.00489
      81   0.901   -20.88592    0.00489
      82   0.901   -20.88592    0.00489
      83   1.020   -20.88573    0.00401    0.02405      13       6
      84   1.020   -20.88573    0.00401
      85   1.020   -20.88573    0.00401
      86   1.020   -20.88573    0.00401
      87   1.020   -20.88573    0.00401
      88   1.020   -20.88573    0.00401
      89   1.129   -20.88555    0.00333    0.02000      14       6
      90   1.129   -20.88555    0.00333
      91   1.129   -20.88555    0.00333
      92   1.129   -20.88555    0.00333
      93   1.129   -20.88555    0.00333
      94   1.129   -20.88555    0.00333
      95   1.186   -20.88546    0.00303    0.01817      15       6
      96   1.186   -20.88546    0.00303
      97   1.186   -20.88546    0.00303
      98   1.186   -20.88546    0.00303
      99   1.186   -20.88546    0.00303
     100   1.186   -20.88546    0.00303
     101   1.237   -20.88538    0.00278    0.01389      16       5
     102   1.237   -20.88538    0.00278
     103   1.237   -20.88538    0.00278
     104   1.237   -20.88538    0.00278
     105   1.237   -20.88538    0.00278
     106   1.306   -20.88527    0.00247    0.01484      17       6
     107   1.306   -20.88527    0.00247
     108   1.306   -20.88527    0.00247
     109   1.306   -20.88527    0.00247
     110   1.306   -20.88527    0.00247
     111   1.306   -20.88527    0.00247
     112   1.436   -20.88506    0.00199    0.01191      18       6
     113   1.436   -20.88506    0.00199
     114   1.436   -20.88506    0.00199
     115   1.436   -20.88506    0.00199
     116   1.436   -20.88506    0.00199
     117   1.437   -20.88506    0.00198
     118   1.519   -20.88493    0.00173    0.00173      19       1
     119   1.626   -20.88476    0.00144    0.00866      20       6
     120   1.626   -20.88476    0.00144
     121   1.626   -20.88476    0.00144
     122   1.626   -20.88476    0.00144
     123   1.626   -20.88476    0.00144
     124   1.626   -20.88476    0.00144
     125   1.663   -20.88470    0.00135    0.00406      21       3
     126   1.663   -20.88470    0.00135
     127   1.663   -20.88470    0.00135
     128   1.697   -20.88465    0.00128    0.00768      22       6
     129   1.697   -20.88465    0.00128
     130   1.697   -20.88465    0.00128
     131   1.697   -20.88465    0.00128
     132   1.697   -20.88465    0.00128
     133   1.697   -20.88465    0.00128
     134   1.845   -20.88441    0.00100    0.00498      23       5
     135   1.845   -20.88441    0.00100
     136   1.845   -20.88441    0.00100
     137   1.845   -20.88441    0.00100
     138   1.845   -20.88441    0.00100
     139   1.860   -20.88439    0.00097    0.00097      24       1
     140   1.979   -20.88420    0.00079    0.00397      25       5
     141   1.979   -20.88420    0.00079
     142   1.979   -20.88420    0.00079
     143   1.979   -20.88420    0.00079
     144   1.979   -20.88420    0.00079
     145   2.006   -20.88416    0.00076    0.00380      26       5
     146   2.006   -20.88416    0.00076
     147   2.006   -20.88416    0.00076
     148   2.006   -20.88416    0.00076
     149   2.006   -20.88416    0.00076
     150   2.094   -20.88402    0.00066    0.00393      27       6
     151   2.094   -20.88402    0.00066
     152   2.094   -20.88402    0.00066
     153   2.094   -20.88402    0.00066
     154   2.094   -20.88402    0.00066
     155   2.094   -20.88402    0.00065
     156   2.097   -20.88401    0.00065    0.00391      28       6
     157   2.097   -20.88401    0.00065
     158   2.097   -20.88401    0.00065
     159   2.097   -20.88401    0.00065
     160   2.097   -20.88401    0.00065
     161   2.097   -20.88401    0.00065
     162   2.150   -20.88393    0.00060    0.00358      29       6
     163   2.150   -20.88393    0.00060
     164   2.150   -20.88393    0.00060
     165   2.150   -20.88393    0.00060
     166   2.150   -20.88393    0.00060
     167   2.150   -20.88393    0.00060
     168   2.204   -20.88384    0.00054    0.00326      30       6
     169   2.204   -20.88384    0.00054
     170   2.204   -20.88384    0.00054
     171   2.204   -20.88384    0.00054
     172   2.204   -20.88384    0.00054
     173   2.204   -20.88384    0.00054
     174   2.221   -20.88381    0.00053    0.00211      31       4
     175   2.221   -20.88381    0.00053
     176   2.221   -20.88381    0.00053
     177   2.221   -20.88381    0.00053
     178   2.238   -20.88379    0.00051    0.00257      32       5
     179   2.238   -20.88379    0.00051
     180   2.238   -20.88379    0.00051
     181   2.238   -20.88379    0.00051
     182   2.238   -20.88379    0.00051
     183   2.279   -20.88372    0.00048    0.00288      33       6
     184   2.279   -20.88372    0.00048
     185   2.279   -20.88372    0.00048
     186   2.279   -20.88372    0.00048
     187   2.279   -20.88372    0.00048
     188   2.279   -20.88372    0.00048
     189   2.303   -20.88368    0.00046    0.00447      34      10
     190   2.303   -20.88368    0.00046
     191   2.303   -20.88368    0.00046
     192   2.303   -20.88368    0.00046
     193   2.332   -20.88364    0.00044
     194   2.332   -20.88364    0.00044
     195   2.332   -20.88364    0.00044
     196   2.332   -20.88364    0.00044
     197   2.332   -20.88364    0.00044
     198   2.332   -20.88364    0.00044
     199   2.361   -20.88359    0.00042    0.00250      35       6
     200   2.361   -20.88359    0.00042
     201   2.361   -20.88359    0.00042
     202   2.361   -20.88359    0.00042
     203   2.361   -20.88359    0.00042
     204   2.361   -20.88359    0.00042
     205   2.405   -20.88352    0.00039    0.00155      36       4
     206   2.405   -20.88352    0.00039
     207   2.406   -20.88352    0.00039
     208   2.406   -20.88352    0.00039
     209   2.433   -20.88347    0.00037    0.00185      37       5
     210   2.433   -20.88347    0.00037
     211   2.433   -20.88347    0.00037
     212   2.433   -20.88347    0.00037
     213   2.434   -20.88347    0.00037
     214   2.488   -20.88339    0.00034    0.00202      38       6
     215   2.488   -20.88339    0.00034
     216   2.488   -20.88339    0.00034
     217   2.488   -20.88339    0.00034
     218   2.489   -20.88339    0.00034
     219   2.489   -20.88339    0.00034
     220   2.532   -20.88332    0.00031    0.00031      39       1
     221   2.552   -20.88329    0.00030    0.00091      40       3
     222   2.552   -20.88329    0.00030
     223   2.552   -20.88329    0.00030
     224   2.833   -20.88284    0.00019    0.00094      41       5
     225   2.833   -20.88284    0.00019
     226   2.833   -20.88284    0.00019
     227   2.833   -20.88284    0.00019
     228   2.833   -20.88284    0.00019
     229   2.841   -20.88282    0.00019    0.00111      42       6
     230   2.841   -20.88282    0.00019
     231   2.841   -20.88282    0.00019
     232   2.841   -20.88282    0.00019
     233   2.841   -20.88282    0.00019
     234   2.841   -20.88282    0.00019
     235   2.969   -20.88262    0.00015    0.00060      43       4
     236   2.969   -20.88262    0.00015
     237   2.969   -20.88262    0.00015
     238   2.969   -20.88262    0.00015
     239   2.969   -20.88262    0.00015    0.00030      44       2
     240   2.970   -20.88262    0.00015
     241   3.617   -20.88159    0.00005    0.00015      45       3
     242   3.617   -20.88159    0.00005
     243   3.617   -20.88159    0.00005
     244   3.696   -20.88146    0.00004    0.00013      46       3
     245   3.696   -20.88146    0.00004
     246   3.696   -20.88146    0.00004
     247   3.813   -20.88128    0.00004    0.00018      47       5
     248   3.813   -20.88128    0.00004
     249   3.813   -20.88128    0.00004
     250   3.813   -20.88128    0.00004
     251   3.813   -20.88128    0.00004
     252   4.193   -20.88067    0.00002    0.00006      48       3
     253   4.193   -20.88067    0.00002
     254   4.193   -20.88067    0.00002
     255   4.309   -20.88049    0.00002    0.00003      49       2
     256   4.309   -20.88049    0.00002
     257   4.653   -20.87994    0.00001    0.00001      50       1
T /K                                  :   298.15
E lowest                              :   -20.88735
ensemble average energy (kcal)        :    0.615
ensemble entropy (J/mol K, cal/mol K) :   40.220    9.613
ensemble free energy (kcal/mol)       :   -2.866
population of lowest in %             :   13.424
 number of unique conformers for further calc           50
 list of relative energies saved as "crest.energies"

 -----------------
 Wall Time Summary
 -----------------
 CREST runtime (total)               0 d,  0 h, 28 min, 59.281 sec
 ------------------------------------------------------------------
 Trial metadynamics (MTD)   ...        0 min,  3.127 sec (  0.180%)
 Metadynamics (MTD)         ...       10 min, 52.547 sec ( 37.518%)
 Geometry optimization      ...       14 min, 51.122 sec ( 51.235%)
 Molecular dynamics (MD)    ...        1 min, 23.923 sec (  4.825%)
 Genetic crossing (GC)      ...        1 min, 47.917 sec (  6.205%)
 I/O and setup              ...        0 min,  0.645 sec (  0.037%)
 ------------------------------------------------------------------
 * wall-time:     0 d,  0 h, 28 min, 59.281 sec
 *  cpu-time:     0 d,  3 h, 51 min, 20.837 sec
 * ratio c/w:     7.981 speedup
 ------------------------------------------------------------------
 * Total number of energy+grad calls: 97611

 CREST terminated normally.
