Executando CREST para ethanol.xyz...
/home/igor_fern/miniconda3/envs/crest_env/bin
-rwxr-xr-x 1 igor_fern igor_fern 447 May  6 07:37 ./ethanol.xyz

       ╔════════════════════════════════════════════╗
       ║            ___ ___ ___ ___ _____           ║
       ║           / __| _ \ __/ __|_   _|          ║
       ║          | (__|   / _|\__ \ | |            ║
       ║           \___|_|_\___|___/ |_|            ║
       ║                                            ║
       ║  Conformer-Rotamer Ensemble Sampling Tool  ║
       ║          based on the xTB methods          ║
       ║                                            ║
       ╚════════════════════════════════════════════╝
       Version 3.0.2, Thu, 29 August 14:20:46, 08/29/2024
       commit (65685a7) compiled by 'usr@d37571da525e'

   Cite work conducted with this code as

   • P.Pracht, F.Bohle, S.Grimme, PCCP, 2020, 22, 7169-7192.
   • S.Grimme, JCTC, 2019, 15, 2847-2862.
   • P.Pracht, S.Grimme, C.Bannwarth, F.Bohle, S.Ehlert,
     G.Feldmann, J.Gorges, M.Müller, T.Neudecker, C.Plett,
     S.Spicher, P.Steinbach, P.Wesołowski, F.Zeller,
     J. Chem. Phys., 2024, 160, 114110.

   for works involving QCG cite

   • S.Spicher, C.Plett, P.Pracht, A.Hansen, S.Grimme,
     JCTC, 2022, 18 (5), 3174-3189.
   • C.Plett, S. Grimme,
     Angew. Chem. Int. Ed. 2023, 62, e202214477.

   for works involving MECP screening cite

   • P.Pracht, C.Bannwarth, JCTC, 2022, 18 (10), 6370-6385.

   Original code
     P.Pracht, S.Grimme, Universität Bonn, MCTC
   with help from (alphabetical order):
     C.Bannwarth, F.Bohle, S.Ehlert, G.Feldmann, J.Gorges,
     S.Grimme, C.Plett, P.Pracht, S.Spicher, P.Steinbach,
     P.Wesolowski, F.Zeller

   Online documentation is available at
   https://crest-lab.github.io/crest-docs/

   This program is distributed in the hope that it will be useful,
   but WITHOUT ANY WARRANTY; without even the implied warranty of
   MERCHANTABILITY or FITNESS FOR A PARTICULAR PURPOSE. See the
   GNU Lesser General Public License (LGPL) for more details.

 Command line input:
 $ ./crest ./ethanol.xyz --gfn2 -T 1

  --gfn2               : Use of GFN2-xTB requested.
  -T 1 (CPUs/Threads selected)

> Setting up backup calculator ... done.
 ----------------
 Calculation info
 ----------------
> User-defined calculation level:
 : xTB calculation via tblite lib
 : GFN2-xTB level
 :   Molecular charge    : 0
 :   Fermi temperature   : 300.00000
 :   Accuracy            : 1.00000
 :   max SCC cycles      : 500


 -----------------------------
 Initial Geometry Optimization
 -----------------------------
 Geometry successfully optimized.

          ┍━━━━━━━━━━━━━━━━━━━━━━━━━━━━━━━━━━━━━━━━━━━━━━━━━┑
          │              CREST iMTD-GC SAMPLING             │
          ┕━━━━━━━━━━━━━━━━━━━━━━━━━━━━━━━━━━━━━━━━━━━━━━━━━┙

 Input structure:
  9

 O         -1.1815579690        0.2077172321       -0.0552092857
 C         -0.0115063309       -0.5679589978        0.0461589846
 C          1.2619287313        0.2710466051       -0.0091586934
 H         -0.0250790486       -1.1601312320        0.9736816574
 H         -0.0477552480       -1.2560047178       -0.8014558537
 H          2.1335640441       -0.3768406672        0.0149936807
 H          1.2830473394        0.8580759053       -0.9239188985
 H          1.3088464395        0.9500759851        0.8410145306
 H         -1.1765611015        0.8704112063        0.6454282082

 ------------------------------------------------
 Generating MTD length from a flexibility measure
 ------------------------------------------------
 Calculating GFN0-xTB WBOs   ... done.
 Calculating NCI flexibility ... done.
     covalent flexibility measure :   0.000
 non-covalent flexibility measure :   0.916
 flexibility measure :   0.000
 t(MTD) / ps    :     5.0
 Σ(t(MTD)) / ps :    70.0 (14 MTDs)

 -----------------------------------
 Starting trial MTD to test settings
 -----------------------------------
 Trial MTD 1 runtime (1.0 ps) ...        0 min,  0.713 sec
 Estimated runtime for one MTD (5.0 ps) on a single thread: 4 sec
 Estimated runtime for a batch of 14 MTDs on 1 threads: 50 sec

******************************************************************************************
**                         N E W   I T E R A T I O N  C Y C L E                         **
******************************************************************************************

 ------------------------------
 Meta-Dynamics Iteration 1
 ------------------------------
 list of applied metadynamics Vbias parameters:
$metadyn    0.02700   1.300
$metadyn    0.01350   1.300
$metadyn    0.00675   1.300
$metadyn    0.02700   0.780
$metadyn    0.01350   0.780
$metadyn    0.00675   0.780
$metadyn    0.02700   0.468
$metadyn    0.01350   0.468
$metadyn    0.00675   0.468
$metadyn    0.02700   0.281
$metadyn    0.01350   0.281
$metadyn    0.00675   0.281
$metadyn    0.00900   0.100
$metadyn    0.04500   0.800

  ::::::::::::: starting MTD    1 :::::::::::::
  |   MD simulation time   :     5.0 ps       |
  |   target T             :   300.0 K        |
  |   timestep dt          :     5.0 fs       |
  |   dump interval(trj)   :   100.0 fs       |
  |   SHAKE algorithm      : true (all bonds) |
  |   dump interval(Vbias) :    1.00 ps       |
  |   Vbias prefactor (k)  :  0.0270 Eh       |
  |   Vbias exponent (α)   :  1.3000 bohr⁻²   |
*MTD   1 completed successfully ...        0 min,  2.756 sec
  ::::::::::::: starting MTD    2 :::::::::::::
  |   MD simulation time   :     5.0 ps       |
  |   target T             :   300.0 K        |
  |   timestep dt          :     5.0 fs       |
  |   dump interval(trj)   :   100.0 fs       |
  |   SHAKE algorithm      : true (all bonds) |
  |   dump interval(Vbias) :    1.00 ps       |
  |   Vbias prefactor (k)  :  0.0135 Eh       |
  |   Vbias exponent (α)   :  1.3000 bohr⁻²   |
*MTD   2 completed successfully ...        0 min,  2.653 sec
  ::::::::::::: starting MTD    3 :::::::::::::
  |   MD simulation time   :     5.0 ps       |
  |   target T             :   300.0 K        |
  |   timestep dt          :     5.0 fs       |
  |   dump interval(trj)   :   100.0 fs       |
  |   SHAKE algorithm      : true (all bonds) |
  |   dump interval(Vbias) :    1.00 ps       |
  |   Vbias prefactor (k)  :  0.0067 Eh       |
  |   Vbias exponent (α)   :  1.3000 bohr⁻²   |
*MTD   3 completed successfully ...        0 min,  2.558 sec
  ::::::::::::: starting MTD    4 :::::::::::::
  |   MD simulation time   :     5.0 ps       |
  |   target T             :   300.0 K        |
  |   timestep dt          :     5.0 fs       |
  |   dump interval(trj)   :   100.0 fs       |
  |   SHAKE algorithm      : true (all bonds) |
  |   dump interval(Vbias) :    1.00 ps       |
  |   Vbias prefactor (k)  :  0.0270 Eh       |
  |   Vbias exponent (α)   :  0.7800 bohr⁻²   |
*MTD   4 completed successfully ...        0 min,  2.686 sec
  ::::::::::::: starting MTD    5 :::::::::::::
  |   MD simulation time   :     5.0 ps       |
  |   target T             :   300.0 K        |
  |   timestep dt          :     5.0 fs       |
  |   dump interval(trj)   :   100.0 fs       |
  |   SHAKE algorithm      : true (all bonds) |
  |   dump interval(Vbias) :    1.00 ps       |
  |   Vbias prefactor (k)  :  0.0135 Eh       |
  |   Vbias exponent (α)   :  0.7800 bohr⁻²   |
*MTD   5 completed successfully ...        0 min,  3.087 sec
  ::::::::::::: starting MTD    6 :::::::::::::
  |   MD simulation time   :     5.0 ps       |
  |   target T             :   300.0 K        |
  |   timestep dt          :     5.0 fs       |
  |   dump interval(trj)   :   100.0 fs       |
  |   SHAKE algorithm      : true (all bonds) |
  |   dump interval(Vbias) :    1.00 ps       |
  |   Vbias prefactor (k)  :  0.0067 Eh       |
  |   Vbias exponent (α)   :  0.7800 bohr⁻²   |
*MTD   6 completed successfully ...        0 min,  3.405 sec
  ::::::::::::: starting MTD    7 :::::::::::::
  |   MD simulation time   :     5.0 ps       |
  |   target T             :   300.0 K        |
  |   timestep dt          :     5.0 fs       |
  |   dump interval(trj)   :   100.0 fs       |
  |   SHAKE algorithm      : true (all bonds) |
  |   dump interval(Vbias) :    1.00 ps       |
  |   Vbias prefactor (k)  :  0.0270 Eh       |
  |   Vbias exponent (α)   :  0.4680 bohr⁻²   |
*MTD   7 completed successfully ...        0 min,  3.160 sec
  ::::::::::::: starting MTD    8 :::::::::::::
  |   MD simulation time   :     5.0 ps       |
  |   target T             :   300.0 K        |
  |   timestep dt          :     5.0 fs       |
  |   dump interval(trj)   :   100.0 fs       |
  |   SHAKE algorithm      : true (all bonds) |
  |   dump interval(Vbias) :    1.00 ps       |
  |   Vbias prefactor (k)  :  0.0135 Eh       |
  |   Vbias exponent (α)   :  0.4680 bohr⁻²   |
*MTD   8 completed successfully ...        0 min,  3.052 sec
  ::::::::::::: starting MTD    9 :::::::::::::
  |   MD simulation time   :     5.0 ps       |
  |   target T             :   300.0 K        |
  |   timestep dt          :     5.0 fs       |
  |   dump interval(trj)   :   100.0 fs       |
  |   SHAKE algorithm      : true (all bonds) |
  |   dump interval(Vbias) :    1.00 ps       |
  |   Vbias prefactor (k)  :  0.0067 Eh       |
  |   Vbias exponent (α)   :  0.4680 bohr⁻²   |
*MTD   9 completed successfully ...        0 min,  3.456 sec
  ::::::::::::: starting MTD   10 :::::::::::::
  |   MD simulation time   :     5.0 ps       |
  |   target T             :   300.0 K        |
  |   timestep dt          :     5.0 fs       |
  |   dump interval(trj)   :   100.0 fs       |
  |   SHAKE algorithm      : true (all bonds) |
  |   dump interval(Vbias) :    1.00 ps       |
  |   Vbias prefactor (k)  :  0.0270 Eh       |
  |   Vbias exponent (α)   :  0.2808 bohr⁻²   |
*MTD  10 completed successfully ...        0 min,  3.415 sec
  ::::::::::::: starting MTD   11 :::::::::::::
  |   MD simulation time   :     5.0 ps       |
  |   target T             :   300.0 K        |
  |   timestep dt          :     5.0 fs       |
  |   dump interval(trj)   :   100.0 fs       |
  |   SHAKE algorithm      : true (all bonds) |
  |   dump interval(Vbias) :    1.00 ps       |
  |   Vbias prefactor (k)  :  0.0135 Eh       |
  |   Vbias exponent (α)   :  0.2808 bohr⁻²   |
*MTD  11 completed successfully ...        0 min,  4.178 sec
  ::::::::::::: starting MTD   12 :::::::::::::
  |   MD simulation time   :     5.0 ps       |
  |   target T             :   300.0 K        |
  |   timestep dt          :     5.0 fs       |
  |   dump interval(trj)   :   100.0 fs       |
  |   SHAKE algorithm      : true (all bonds) |
  |   dump interval(Vbias) :    1.00 ps       |
  |   Vbias prefactor (k)  :  0.0067 Eh       |
  |   Vbias exponent (α)   :  0.2808 bohr⁻²   |
*MTD  12 completed successfully ...        0 min,  5.715 sec
  ::::::::::::: starting MTD   13 :::::::::::::
  |   MD simulation time   :     5.0 ps       |
  |   target T             :   300.0 K        |
  |   timestep dt          :     5.0 fs       |
  |   dump interval(trj)   :   100.0 fs       |
  |   SHAKE algorithm      : true (all bonds) |
  |   dump interval(Vbias) :    1.00 ps       |
  |   Vbias prefactor (k)  :  0.0090 Eh       |
  |   Vbias exponent (α)   :  0.1000 bohr⁻²   |
*MTD  13 completed successfully ...        0 min,  3.926 sec
  ::::::::::::: starting MTD   14 :::::::::::::
  |   MD simulation time   :     5.0 ps       |
  |   target T             :   300.0 K        |
  |   timestep dt          :     5.0 fs       |
  |   dump interval(trj)   :   100.0 fs       |
  |   SHAKE algorithm      : true (all bonds) |
  |   dump interval(Vbias) :    1.00 ps       |
  |   Vbias prefactor (k)  :  0.0450 Eh       |
  |   Vbias exponent (α)   :  0.8000 bohr⁻²   |
*MTD  14 completed successfully ...        0 min,  3.688 sec

 ======================================
 |  Multilevel Ensemble Optimization  |
 ======================================
 Optimizing all 686 structures from file "crest_dynamics.trj" ...
 ----------------------
 crude pre-optimization
 ----------------------
 Optimization engine: ANCOPT
 Hessian update type: BFGS
 E/G convergence criteria:  0.500E-03 Eh, 0.100E-01 Eh/a0
 maximum optimization steps: 200
 |>0.1% |>10.1% |>20.1% |>30.0% |>40.1% |>50.0% |>60.1% |>70.1% |>80.0% |>90.1% |>100.0%
 done.
> 686 of 686 structures successfully optimized (100.0% success)
> Total runtime for 686 optimizations:
 * wall-time:     0 d,  0 h,  0 min, 15.483 sec
 *  cpu-time:     0 d,  0 h,  0 min, 30.958 sec
 * ratio c/w:     1.999 speedup
> Corresponding to approximately 0.023 sec per processed structure

CREGEN> running RMSDs ... done.
CREGEN> E lowest :   -11.39433
 121 structures remain within    12.00 kcal/mol window
 ----------------------------------
 optimization with tight thresholds
 ----------------------------------
 Optimization engine: ANCOPT
 Hessian update type: BFGS
 E/G convergence criteria:  0.100E-05 Eh, 0.800E-03 Eh/a0
 maximum optimization steps: 200
 |>0.8% |>10.7% |>20.7% |>30.6% |>40.5% |>50.4% |>60.3% |>70.2% |>80.2% |>90.1% |>100.0%
 done.
> 121 of 121 structures successfully optimized (100.0% success)
> Total runtime for 121 optimizations:
 * wall-time:     0 d,  0 h,  0 min,  5.351 sec
 *  cpu-time:     0 d,  0 h,  0 min, 10.702 sec
 * ratio c/w:     2.000 speedup
> Corresponding to approximately 0.044 sec per processed structure

CREGEN> running RMSDs ... done.
CREGEN> E lowest :   -11.39434
 9 structures remain within     6.00 kcal/mol window

 ------------------------------
 Meta-Dynamics Iteration 2
 ------------------------------
 list of applied metadynamics Vbias parameters:
$metadyn    0.02700   1.300
$metadyn    0.01350   1.300
$metadyn    0.00675   1.300
$metadyn    0.02700   0.780
$metadyn    0.01350   0.780
$metadyn    0.00675   0.780
$metadyn    0.02700   0.468
$metadyn    0.01350   0.468
$metadyn    0.00675   0.468
$metadyn    0.02700   0.281
$metadyn    0.01350   0.281
$metadyn    0.00675   0.281
$metadyn    0.00900   0.100
$metadyn    0.04500   0.800

  ::::::::::::: starting MTD    1 :::::::::::::
  |   MD simulation time   :     5.0 ps       |
  |   target T             :   300.0 K        |
  |   timestep dt          :     5.0 fs       |
  |   dump interval(trj)   :   100.0 fs       |
  |   SHAKE algorithm      : true (all bonds) |
  |   dump interval(Vbias) :    1.00 ps       |
  |   Vbias prefactor (k)  :  0.0270 Eh       |
  |   Vbias exponent (α)   :  1.3000 bohr⁻²   |
*MTD   1 completed successfully ...        0 min,  2.553 sec
  ::::::::::::: starting MTD    2 :::::::::::::
  |   MD simulation time   :     5.0 ps       |
  |   target T             :   300.0 K        |
  |   timestep dt          :     5.0 fs       |
  |   dump interval(trj)   :   100.0 fs       |
  |   SHAKE algorithm      : true (all bonds) |
  |   dump interval(Vbias) :    1.00 ps       |
  |   Vbias prefactor (k)  :  0.0135 Eh       |
  |   Vbias exponent (α)   :  1.3000 bohr⁻²   |
*MTD   2 completed successfully ...        0 min,  3.090 sec
  ::::::::::::: starting MTD    3 :::::::::::::
  |   MD simulation time   :     5.0 ps       |
  |   target T             :   300.0 K        |
  |   timestep dt          :     5.0 fs       |
  |   dump interval(trj)   :   100.0 fs       |
  |   SHAKE algorithm      : true (all bonds) |
  |   dump interval(Vbias) :    1.00 ps       |
  |   Vbias prefactor (k)  :  0.0067 Eh       |
  |   Vbias exponent (α)   :  1.3000 bohr⁻²   |
*MTD   3 completed successfully ...        0 min,  2.724 sec
  ::::::::::::: starting MTD    4 :::::::::::::
  |   MD simulation time   :     5.0 ps       |
  |   target T             :   300.0 K        |
  |   timestep dt          :     5.0 fs       |
  |   dump interval(trj)   :   100.0 fs       |
  |   SHAKE algorithm      : true (all bonds) |
  |   dump interval(Vbias) :    1.00 ps       |
  |   Vbias prefactor (k)  :  0.0270 Eh       |
  |   Vbias exponent (α)   :  0.7800 bohr⁻²   |
*MTD   4 completed successfully ...        0 min,  2.655 sec
  ::::::::::::: starting MTD    5 :::::::::::::
  |   MD simulation time   :     5.0 ps       |
  |   target T             :   300.0 K        |
  |   timestep dt          :     5.0 fs       |
  |   dump interval(trj)   :   100.0 fs       |
  |   SHAKE algorithm      : true (all bonds) |
  |   dump interval(Vbias) :    1.00 ps       |
  |   Vbias prefactor (k)  :  0.0135 Eh       |
  |   Vbias exponent (α)   :  0.7800 bohr⁻²   |
*MTD   5 completed successfully ...        0 min,  3.040 sec
  ::::::::::::: starting MTD    6 :::::::::::::
  |   MD simulation time   :     5.0 ps       |
  |   target T             :   300.0 K        |
  |   timestep dt          :     5.0 fs       |
  |   dump interval(trj)   :   100.0 fs       |
  |   SHAKE algorithm      : true (all bonds) |
  |   dump interval(Vbias) :    1.00 ps       |
  |   Vbias prefactor (k)  :  0.0067 Eh       |
  |   Vbias exponent (α)   :  0.7800 bohr⁻²   |
*MTD   6 completed successfully ...        0 min,  3.052 sec
  ::::::::::::: starting MTD    7 :::::::::::::
  |   MD simulation time   :     5.0 ps       |
  |   target T             :   300.0 K        |
  |   timestep dt          :     5.0 fs       |
  |   dump interval(trj)   :   100.0 fs       |
  |   SHAKE algorithm      : true (all bonds) |
  |   dump interval(Vbias) :    1.00 ps       |
  |   Vbias prefactor (k)  :  0.0270 Eh       |
  |   Vbias exponent (α)   :  0.4680 bohr⁻²   |
*MTD   7 completed successfully ...        0 min,  3.079 sec
  ::::::::::::: starting MTD    8 :::::::::::::
  |   MD simulation time   :     5.0 ps       |
  |   target T             :   300.0 K        |
  |   timestep dt          :     5.0 fs       |
  |   dump interval(trj)   :   100.0 fs       |
  |   SHAKE algorithm      : true (all bonds) |
  |   dump interval(Vbias) :    1.00 ps       |
  |   Vbias prefactor (k)  :  0.0135 Eh       |
  |   Vbias exponent (α)   :  0.4680 bohr⁻²   |
*MTD   8 completed successfully ...        0 min,  3.069 sec
  ::::::::::::: starting MTD    9 :::::::::::::
  |   MD simulation time   :     5.0 ps       |
  |   target T             :   300.0 K        |
  |   timestep dt          :     5.0 fs       |
  |   dump interval(trj)   :   100.0 fs       |
  |   SHAKE algorithm      : true (all bonds) |
  |   dump interval(Vbias) :    1.00 ps       |
  |   Vbias prefactor (k)  :  0.0067 Eh       |
  |   Vbias exponent (α)   :  0.4680 bohr⁻²   |
*MTD   9 completed successfully ...        0 min,  2.780 sec
  ::::::::::::: starting MTD   10 :::::::::::::
  |   MD simulation time   :     5.0 ps       |
  |   target T             :   300.0 K        |
  |   timestep dt          :     5.0 fs       |
  |   dump interval(trj)   :   100.0 fs       |
  |   SHAKE algorithm      : true (all bonds) |
  |   dump interval(Vbias) :    1.00 ps       |
  |   Vbias prefactor (k)  :  0.0270 Eh       |
  |   Vbias exponent (α)   :  0.2808 bohr⁻²   |
*MTD  10 completed successfully ...        0 min,  2.630 sec
  ::::::::::::: starting MTD   11 :::::::::::::
  |   MD simulation time   :     5.0 ps       |
  |   target T             :   300.0 K        |
  |   timestep dt          :     5.0 fs       |
  |   dump interval(trj)   :   100.0 fs       |
  |   SHAKE algorithm      : true (all bonds) |
  |   dump interval(Vbias) :    1.00 ps       |
  |   Vbias prefactor (k)  :  0.0135 Eh       |
  |   Vbias exponent (α)   :  0.2808 bohr⁻²   |
*MTD  11 completed successfully ...        0 min,  2.567 sec
  ::::::::::::: starting MTD   12 :::::::::::::
  |   MD simulation time   :     5.0 ps       |
  |   target T             :   300.0 K        |
  |   timestep dt          :     5.0 fs       |
  |   dump interval(trj)   :   100.0 fs       |
  |   SHAKE algorithm      : true (all bonds) |
  |   dump interval(Vbias) :    1.00 ps       |
  |   Vbias prefactor (k)  :  0.0067 Eh       |
  |   Vbias exponent (α)   :  0.2808 bohr⁻²   |
*MTD  12 completed successfully ...        0 min,  2.679 sec
  ::::::::::::: starting MTD   13 :::::::::::::
  |   MD simulation time   :     5.0 ps       |
  |   target T             :   300.0 K        |
  |   timestep dt          :     5.0 fs       |
  |   dump interval(trj)   :   100.0 fs       |
  |   SHAKE algorithm      : true (all bonds) |
  |   dump interval(Vbias) :    1.00 ps       |
  |   Vbias prefactor (k)  :  0.0090 Eh       |
  |   Vbias exponent (α)   :  0.1000 bohr⁻²   |
*MTD  13 completed successfully ...        0 min,  2.935 sec
  ::::::::::::: starting MTD   14 :::::::::::::
  |   MD simulation time   :     5.0 ps       |
  |   target T             :   300.0 K        |
  |   timestep dt          :     5.0 fs       |
  |   dump interval(trj)   :   100.0 fs       |
  |   SHAKE algorithm      : true (all bonds) |
  |   dump interval(Vbias) :    1.00 ps       |
  |   Vbias prefactor (k)  :  0.0450 Eh       |
  |   Vbias exponent (α)   :  0.8000 bohr⁻²   |
*MTD  14 completed successfully ...        0 min,  2.804 sec

 ======================================
 |  Multilevel Ensemble Optimization  |
 ======================================
 Optimizing all 686 structures from file "crest_dynamics.trj" ...
 ----------------------
 crude pre-optimization
 ----------------------
 Optimization engine: ANCOPT
 Hessian update type: BFGS
 E/G convergence criteria:  0.500E-03 Eh, 0.100E-01 Eh/a0
 maximum optimization steps: 200
 |>0.1% |>10.1% |>20.1% |>30.0% |>40.1% |>50.0% |>60.1% |>70.1% |>80.0% |>90.1% |>100.0%
 done.
> 686 of 686 structures successfully optimized (100.0% success)
> Total runtime for 686 optimizations:
 * wall-time:     0 d,  0 h,  0 min, 12.493 sec
 *  cpu-time:     0 d,  0 h,  0 min, 24.982 sec
 * ratio c/w:     2.000 speedup
> Corresponding to approximately 0.018 sec per processed structure

CREGEN> running RMSDs ... done.
CREGEN> E lowest :   -11.39434
 128 structures remain within    12.00 kcal/mol window
 ----------------------------------
 optimization with tight thresholds
 ----------------------------------
 Optimization engine: ANCOPT
 Hessian update type: BFGS
 E/G convergence criteria:  0.100E-05 Eh, 0.800E-03 Eh/a0
 maximum optimization steps: 200
 |>0.8% |>10.2% |>20.3% |>30.5% |>40.6% |>50.0% |>60.2% |>70.3% |>80.5% |>90.6% |>100.0%
 done.
> 128 of 128 structures successfully optimized (100.0% success)
> Total runtime for 128 optimizations:
 * wall-time:     0 d,  0 h,  0 min,  6.764 sec
 *  cpu-time:     0 d,  0 h,  0 min, 13.523 sec
 * ratio c/w:     1.999 speedup
> Corresponding to approximately 0.053 sec per processed structure

CREGEN> running RMSDs ... done.
CREGEN> E lowest :   -11.39434
 9 structures remain within     6.00 kcal/mol window

========================================
           MTD Simulations done         
========================================
 Collecting ensmbles.
CREGEN> running RMSDs ... done.
CREGEN> E lowest :   -11.39434
 9 structures remain within     6.00 kcal/mol window


 ===============================================
 Additional regular MDs on lowest 2 conformer(s)
 ===============================================
  :::::::::::::: starting MD   4 ::::::::::::::
  |   MD simulation time   :     2.5 ps       |
  |   target T             :   500.0 K        |
  |   timestep dt          :     5.0 fs       |
  |   dump interval(trj)   :   100.0 fs       |
  |   SHAKE algorithm      : true (all bonds) |
*MD   4 completed successfully ...        0 min,  1.895 sec
  :::::::::::::: starting MD   3 ::::::::::::::
  |   MD simulation time   :     2.5 ps       |
  |   target T             :   500.0 K        |
  |   timestep dt          :     5.0 fs       |
  |   dump interval(trj)   :   100.0 fs       |
  |   SHAKE algorithm      : true (all bonds) |
*MD   3 completed successfully ...        0 min,  2.286 sec
  :::::::::::::: starting MD   2 ::::::::::::::
  |   MD simulation time   :     2.5 ps       |
  |   target T             :   400.0 K        |
  |   timestep dt          :     5.0 fs       |
  |   dump interval(trj)   :   100.0 fs       |
  |   SHAKE algorithm      : true (all bonds) |
*MD   2 completed successfully ...        0 min,  1.576 sec
  :::::::::::::: starting MD   1 ::::::::::::::
  |   MD simulation time   :     2.5 ps       |
  |   target T             :   400.0 K        |
  |   timestep dt          :     5.0 fs       |
  |   dump interval(trj)   :   100.0 fs       |
  |   SHAKE algorithm      : true (all bonds) |
*MD   1 completed successfully ...        0 min,  1.400 sec
 Appending file crest_rotamers_1.xyz with new structures
 Optimizing all 105 structures from file "crest_rotamers_1.xyz" ...
 ----------------------------------
 optimization with tight thresholds
 ----------------------------------
 Optimization engine: ANCOPT
 Hessian update type: BFGS
 E/G convergence criteria:  0.100E-05 Eh, 0.800E-03 Eh/a0
 maximum optimization steps: 200
 |>1.0% |>10.5% |>20.0% |>30.5% |>40.0% |>50.5% |>60.0% |>70.5% |>80.0% |>90.5% |>100.0%
 done.
> 105 of 105 structures successfully optimized (100.0% success)
> Total runtime for 105 optimizations:
 * wall-time:     0 d,  0 h,  0 min,  3.490 sec
 *  cpu-time:     0 d,  0 h,  0 min,  6.980 sec
 * ratio c/w:     2.000 speedup
> Corresponding to approximately 0.033 sec per processed structure

CREGEN> running RMSDs ... done.
CREGEN> E lowest :   -11.39434
 9 structures remain within     6.00 kcal/mol window

     ========================================
     |        Structure Crossing (GC)       |
     ========================================

 =============================
  # threads =           1
 =============================
input  file name : crest_rotamers_2.xyz
number of atoms                :       9
number of points on xyz files  :       9
conformer energy window  /kcal :    6.00
CN per atom difference cut-off :  0.3000
RMSD threshold (Ang, Bohr)     :  0.2500  0.4724
max. # of generated structures :      250
 # in E window           9
  16.7 % done
  41.7 % done
  77.8 % done
 100.0 % done
 finished.
 average rmsd w.r.t input     :     1.60993
 number of clash discarded    :           0
 removed identical structures :          22

 14 structures written to confcross.xyz


 ======================================
 |  Multilevel Ensemble Optimization  |
 ======================================
 Optimizing all 14 structures from file "confcross.xyz" ...
 ----------------------
 crude pre-optimization
 ----------------------
 Optimization engine: ANCOPT
 Hessian update type: BFGS
 E/G convergence criteria:  0.500E-03 Eh, 0.100E-01 Eh/a0
 maximum optimization steps: 200
 |>7.1% |>14.3% |>21.4% |>35.7% |>42.9% |>50.0% |>64.3% |>71.4% |>85.7% |>92.9% |>100.0%
 done.
> 14 of 14 structures successfully optimized (100.0% success)
> Total runtime for 14 optimizations:
 * wall-time:     0 d,  0 h,  0 min,  0.145 sec
 *  cpu-time:     0 d,  0 h,  0 min,  0.285 sec
 * ratio c/w:     1.968 speedup
> Corresponding to approximately 0.010 sec per processed structure

CREGEN> running RMSDs ... done.
CREGEN> E lowest :   -11.39434
 12 structures remain within    12.00 kcal/mol window
 ----------------------------------
 optimization with tight thresholds
 ----------------------------------
 Optimization engine: ANCOPT
 Hessian update type: BFGS
 E/G convergence criteria:  0.100E-05 Eh, 0.800E-03 Eh/a0
 maximum optimization steps: 200
 |>8.3% |>16.7% |>25.0% |>33.3% |>41.7% |>50.0% |>66.7% |>75.0% |>83.3% |>91.7% |>100.0%
 done.
> 12 of 12 structures successfully optimized (100.0% success)
> Total runtime for 12 optimizations:
 * wall-time:     0 d,  0 h,  0 min,  0.166 sec
 *  cpu-time:     0 d,  0 h,  0 min,  0.336 sec
 * ratio c/w:     2.024 speedup
> Corresponding to approximately 0.014 sec per processed structure

CREGEN> running RMSDs ... done.
CREGEN> E lowest :   -11.39434
 7 structures remain within     6.00 kcal/mol window
appending new structures to crest_rotamers_2.xyz
CREGEN> running RMSDs ... done.
CREGEN> E lowest :   -11.39434


   ================================================
   |           Final Geometry Optimization        |
   ================================================
 Optimizing all 9 structures from file "crest_rotamers_3.xyz" ...
 ---------------------------------------
 optimization with very tight thresholds
 ---------------------------------------
 Optimization engine: ANCOPT
 Hessian update type: BFGS
 E/G convergence criteria:  0.100E-06 Eh, 0.200E-03 Eh/a0
 maximum optimization steps: 200
 |>11.1% |>22.2% |>33.3% |>44.4% |>55.6% |>66.7% |>77.8% |>88.9% |>100.0%
 done.
> 9 of 9 structures successfully optimized (100.0% success)
> Total runtime for 9 optimizations:
 * wall-time:     0 d,  0 h,  0 min,  0.058 sec
 *  cpu-time:     0 d,  0 h,  0 min,  0.118 sec
 * ratio c/w:     2.029 speedup
> Corresponding to approximately 0.006 sec per processed structure

CREGEN> running RMSDs ... done.
CREGEN> E lowest :   -11.39434
 9 structures remain within     6.00 kcal/mol window


 --------------------------
 Final Ensemble Information
 --------------------------
 input  file name : crest_rotamers_3.xyz
 output file name : crest_rotamers_4.xyz
 number of atoms                :   9
 number of points on xyz files  :   9
 RMSD threshold                 :   0.1250
 Bconst threshold               :   0.0100
 population threshold           :   0.0500
 # fragment in coord            :     1
 # bonds in reference structure :     8
 number of reliable points      :     9
 sorting energy window (EWIN)   :    6.0000 / kcal*mol⁻¹
 reference state Etot           :  -11.394339390000001
 number of doubles removed by rot/RMSD         :           0
 total number unique points considered further :           9
       Erel/kcal        Etot weight/tot  conformer     set   degen     origin
       1   0.000   -11.39434    0.16080    0.96473       1       6
       2   0.000   -11.39434    0.16079
       3   0.000   -11.39434    0.16079
       4   0.000   -11.39434    0.16079
       5   0.000   -11.39434    0.16079
       6   0.000   -11.39434    0.16079
       7   1.551   -11.39187    0.01176    0.03527       2       3
       8   1.551   -11.39187    0.01176
       9   1.551   -11.39187    0.01176
T /K                                  :   298.15
E lowest                              :   -11.39434
ensemble average energy (kcal)        :    0.055
ensemble entropy (J/mol K, cal/mol K) :   15.963    3.815
ensemble free energy (kcal/mol)       :   -1.138
population of lowest in %             :   96.473
 number of unique conformers for further calc            2
 list of relative energies saved as "crest.energies"

 -----------------
 Wall Time Summary
 -----------------
 CREST runtime (total)               0 d,  0 h,  2 min, 20.759 sec
 ------------------------------------------------------------------
 Trial metadynamics (MTD)   ...        0 min,  0.722 sec (  0.513%)
 Metadynamics (MTD)         ...        1 min, 27.432 sec ( 62.115%)
 Geometry optimization      ...        0 min, 44.904 sec ( 31.902%)
 Molecular dynamics (MD)    ...        0 min,  7.162 sec (  5.088%)
 Genetic crossing (GC)      ...        0 min,  0.332 sec (  0.236%)
 I/O and setup              ...        0 min,  0.206 sec (  0.147%)
 ------------------------------------------------------------------
 * wall-time:     0 d,  0 h,  2 min, 20.759 sec
 *  cpu-time:     0 d,  0 h,  4 min, 41.688 sec
 * ratio c/w:     2.001 speedup
 ------------------------------------------------------------------
 * Total number of energy+grad calls: 44364

 CREST terminated normally.
CREST concluído, listando arquivos gerados:
-rw-r--r-- 1 igor_fern igor_fern   36 May  6 07:40 ./crest.energies
-rw-r--r-- 1 igor_fern igor_fern 5224 May  6 07:40 ./crest.restart
-rw-r--r-- 1 igor_fern igor_fern  610 May  6 07:40 ./crest_best.xyz
-rw-r--r-- 1 igor_fern igor_fern 1220 May  6 07:40 ./crest_conformers.xyz
-rw-r--r-- 1 igor_fern igor_fern  590 May  6 07:37 ./crest_input_copy.xyz
-rw-r--r-- 1 igor_fern igor_fern 5796 May  6 07:40 ./crest_rotamers.xyz
Nenhum arquivo de resultado encontrado
